#
# There is insufficient memory for the Java Runtime Environment to continue.
# Native memory allocation (malloc) failed to allocate 335856 bytes for Chunk::new
# Possible reasons:
#   The system is out of physical RAM or swap space
#   In 32 bit mode, the process size limit was hit
# Possible solutions:
#   Reduce memory load on the system
#   Increase physical memory or swap space
#   Check if swap backing store is full
#   Use 64 bit Java on a 64 bit OS
#   Decrease Java heap size (-Xmx/-Xms)
#   Decrease number of Java threads
#   Decrease Java thread stack sizes (-Xss)
#   Set larger code cache with -XX:ReservedCodeCacheSize=
# This output file may be truncated or incomplete.
#
#  Out of Memory Error (allocation.cpp:390), pid=6676, tid=180
#
# JRE version: Java(TM) SE Runtime Environment (8.0_73-b02) (build 1.8.0_73-b02)
# Java VM: Java HotSpot(TM) 64-Bit Server VM (25.73-b02 mixed mode windows-amd64 compressed oops)
# Failed to write core dump. Minidumps are not enabled by default on client versions of Windows
#

---------------  T H R E A D  ---------------

Current thread (0x00000000152e9800):  JavaThread "C2 CompilerThread1" daemon [_thread_in_native, id=180, stack(0x0000000016a40000,0x0000000016b40000)]

Stack: [0x0000000016a40000,0x0000000016b40000]
[error occurred during error reporting (printing stack bounds), id 0xc0000005]

Native frames: (J=compiled Java code, j=interpreted, Vv=VM code, C=native code)


Current CompileTask:
C2:   1127  737   !   4       com.android.dx.rop.code.RegisterSpec::intern (70 bytes)


---------------  P R O C E S S  ---------------

Java Threads: ( => current thread )
  0x0000000016ef8000 JavaThread "pool-1-thread-4" [_thread_blocked, id=6136, stack(0x0000000017640000,0x0000000017740000)]
  0x0000000016ef7800 JavaThread "pool-1-thread-3" [_thread_blocked, id=6600, stack(0x0000000017540000,0x0000000017640000)]
  0x0000000016ef6800 JavaThread "pool-1-thread-2" [_thread_blocked, id=5828, stack(0x0000000017440000,0x0000000017540000)]
  0x0000000016ef6000 JavaThread "pool-2-thread-1" [_thread_blocked, id=5588, stack(0x0000000017340000,0x0000000017440000)]
  0x0000000016ef3000 JavaThread "pool-1-thread-1" [_thread_blocked, id=5348, stack(0x0000000017240000,0x0000000017340000)]
  0x0000000016c43800 JavaThread "Service Thread" daemon [_thread_blocked, id=6260, stack(0x0000000017040000,0x0000000017140000)]
  0x00000000152ec800 JavaThread "C1 CompilerThread2" daemon [_thread_in_native, id=5860, stack(0x0000000016b40000,0x0000000016c40000)]
=>0x00000000152e9800 JavaThread "C2 CompilerThread1" daemon [_thread_in_native, id=180, stack(0x0000000016a40000,0x0000000016b40000)]
  0x000000001528a000 JavaThread "C2 CompilerThread0" daemon [_thread_in_native, id=4828, stack(0x0000000016940000,0x0000000016a40000)]
  0x0000000015288800 JavaThread "Attach Listener" daemon [_thread_blocked, id=6340, stack(0x0000000016840000,0x0000000016940000)]
  0x0000000015287000 JavaThread "Signal Dispatcher" daemon [_thread_blocked, id=5992, stack(0x0000000016740000,0x0000000016840000)]
  0x0000000002bb0000 JavaThread "Finalizer" daemon [_thread_blocked, id=6476, stack(0x00000000164f0000,0x00000000165f0000)]
  0x0000000002bad000 JavaThread "Reference Handler" daemon [_thread_blocked, id=4784, stack(0x00000000163f0000,0x00000000164f0000)]
  0x0000000002ac1000 JavaThread "main" [_thread_blocked, id=6708, stack(0x00000000029c0000,0x0000000002ac0000)]

Other Threads:
  0x0000000015257800 VMThread [stack: 0x00000000162f0000,0x00000000163f0000] [id=6560]
  0x0000000016c46800 WatcherThread [stack: 0x0000000017140000,0x0000000017240000] [id=4260]

VM state:not at safepoint (normal execution)

VM Mutex/Monitor currently owned by a thread: None

Heap:
 PSYoungGen      total 38400K, used 15988K [0x00000000eab00000, 0x00000000ed580000, 0x0000000100000000)
  eden space 33280K, 48% used [0x00000000eab00000,0x00000000eba9d3b8,0x00000000ecb80000)
  from space 5120K, 0% used [0x00000000ed080000,0x00000000ed080000,0x00000000ed580000)
  to   space 5120K, 0% used [0x00000000ecb80000,0x00000000ecb80000,0x00000000ed080000)
 ParOldGen       total 87552K, used 0K [0x00000000c0000000, 0x00000000c5580000, 0x00000000eab00000)
  object space 87552K, 0% used [0x00000000c0000000,0x00000000c0000000,0x00000000c5580000)
 Metaspace       used 5714K, capacity 6706K, committed 6784K, reserved 1056768K
  class space    used 597K, capacity 618K, committed 640K, reserved 1048576K

Card table byte_map: [0x0000000011f80000,0x0000000012190000] byte_map_base: 0x0000000011980000

Marking Bits: (ParMarkBitMap*) 0x000000005f7b0600
 Begin Bits: [0x00000000126f0000, 0x00000000136f0000)
 End Bits:   [0x00000000136f0000, 0x00000000146f0000)

Polling page: 0x0000000001140000

CodeCache: size=245760Kb used=3135Kb max_used=3135Kb free=242624Kb
 bounds [0x0000000002bc0000, 0x0000000002ee0000, 0x0000000011bc0000]
 total_blobs=1029 nmethods=761 adapters=182
 compilation: enabled

Compilation events (10 events):
Event: 1.124 Thread 0x00000000152ec800 nmethod 762 0x0000000002ec96d0 code [0x0000000002ec9820, 0x0000000002ec9970]
Event: 1.124 Thread 0x00000000152ec800  763       3       java.util.TreeMap$PrivateEntryIterator::hasNext (13 bytes)
Event: 1.124 Thread 0x00000000152ec800 nmethod 763 0x0000000002ec9a10 code [0x0000000002ec9b60, 0x0000000002ec9d10]
Event: 1.124 Thread 0x00000000152ec800  765       3       com.android.dx.cf.code.BasicBlocker::visitCommon (34 bytes)
Event: 1.125 Thread 0x00000000152ec800 nmethod 765 0x0000000002ec9d90 code [0x0000000002ec9f40, 0x0000000002eca450]
Event: 1.125 Thread 0x00000000152ec800  766       3       com.android.dx.ssa.back.SsaToRop$1::visitBlock (97 bytes)
Event: 1.125 Thread 0x00000000152ec800 nmethod 766 0x0000000002eca850 code [0x0000000002ecaac0, 0x0000000002ecba08]
Event: 1.126 Thread 0x00000000152ec800  767       3       com.android.dx.ssa.back.IdenticalBlockCombiner::combineBlocks (102 bytes)
Event: 1.126 Thread 0x00000000152ec800 nmethod 767 0x0000000002ecc390 code [0x0000000002ecc560, 0x0000000002ecce18]
Event: 1.126 Thread 0x00000000152ec800  770   !   3       com.android.dx.rop.code.LocalVariableInfo::setStarts (40 bytes)

GC Heap History (0 events):
No events

Deoptimization events (5 events):
Event: 1.001 Thread 0x0000000016ef3000 Uncommon trap: reason=unstable_if action=reinterpret pc=0x0000000002dcfa44 method=java.util.HashMap.getNode(ILjava/lang/Object;)Ljava/util/HashMap$Node; @ 129
Event: 1.116 Thread 0x0000000016ef7800 Uncommon trap: reason=class_check action=maybe_recompile pc=0x0000000002ea9db0 method=com.android.dx.rop.type.Type.equals(Ljava/lang/Object;)Z @ 8
Event: 1.116 Thread 0x0000000016ef7800 Uncommon trap: reason=class_check action=maybe_recompile pc=0x0000000002ea9db0 method=com.android.dx.rop.type.Type.equals(Ljava/lang/Object;)Z @ 8
Event: 1.116 Thread 0x0000000016ef7800 Uncommon trap: reason=class_check action=maybe_recompile pc=0x0000000002ea9db0 method=com.android.dx.rop.type.Type.equals(Ljava/lang/Object;)Z @ 8
Event: 1.116 Thread 0x0000000016ef7800 Uncommon trap: reason=class_check action=maybe_recompile pc=0x0000000002ea9db0 method=com.android.dx.rop.type.Type.equals(Ljava/lang/Object;)Z @ 8

Internal exceptions (2 events):
Event: 0.107 Thread 0x0000000002ac1000 Exception <a 'java/lang/NoSuchMethodError': Method sun.misc.Unsafe.defineClass(Ljava/lang/String;[BII)Ljava/lang/Class; name or signature does not match> (0x00000000eab0d7b0) thrown at [D:\re\puppet\workspace\8-2-build-windows-amd64-cygwin\jdk8u73\6086\hotúOÏ‚ól»?
Event: 0.107 Thread 0x0000000002ac1000 Exception <a 'java/lang/NoSuchMethodError': Method sun.misc.Unsafe.prefetchRead(Ljava/lang/Object;J)V name or signature does not match> (0x00000000eab0da98) thrown at [D:\re\puppet\workspace\8-2-build-windows-amd64-cygwin\jdk8u73\6086\hotspot\src\share\vm\

Events (10 events):
Event: 1.116 Thread 0x0000000016ef7800 DEOPT UNPACKING pc=0x0000000002c0582a sp=0x000000001763e218 mode 2
Event: 1.116 Thread 0x0000000016ef7800 Uncommon trap: trap_request=0xffffffde fr.pc=0x0000000002ea9db0
Event: 1.116 Thread 0x0000000016ef7800 DEOPT PACKING pc=0x0000000002ea9db0 sp=0x000000001763e140
Event: 1.116 Thread 0x0000000016ef7800 DEOPT UNPACKING pc=0x0000000002c0582a sp=0x000000001763e078 mode 2
Event: 1.116 Thread 0x0000000016ef7800 Uncommon trap: trap_request=0xffffffde fr.pc=0x0000000002ea9db0
Event: 1.116 Thread 0x0000000016ef7800 DEOPT PACKING pc=0x0000000002ea9db0 sp=0x000000001763e910
Event: 1.116 Thread 0x0000000016ef7800 DEOPT UNPACKING pc=0x0000000002c0582a sp=0x000000001763e848 mode 2
Event: 1.116 Thread 0x0000000016ef7800 Uncommon trap: trap_request=0xffffffde fr.pc=0x0000000002ea9db0
Event: 1.116 Thread 0x0000000016ef7800 DEOPT PACKING pc=0x0000000002ea9db0 sp=0x000000001763e7f0
Event: 1.116 Thread 0x0000000016ef7800 DEOPT UNPACKING pc=0x0000000002c0582a sp=0x000000001763e728 mode 2


Dynamic libraries:
0x00007ff7089c0000 - 0x00007ff7089f7000 	C:\Program Files\Java\jdk1.8.0_73\bin\java.exe
0x00007ffd2a170000 - 0x00007ffd2a31a000 	C:\Windows\SYSTEM32\ntdll.dll
0x00007ffd27ac0000 - 0x00007ffd27bfa000 	C:\Windows\system32\KERNEL32.DLL
0x00007ffd27660000 - 0x00007ffd2776f000 	C:\Windows\system32\KERNELBASE.dll
0x00007ffd26110000 - 0x00007ffd26198000 	C:\Windows\system32\apphelp.dll
0x00007ffd10c20000 - 0x00007ffd10c6f000 	C:\Windows\AppPatch\AppPatch64\AcGenral.DLL
0x00007ffd29e40000 - 0x00007ffd29ee7000 	C:\Windows\system32\msvcrt.dll
0x00007ffd272c0000 - 0x00007ffd272eb000 	C:\Windows\SYSTEM32\SspiCli.dll
0x00007ffd29de0000 - 0x00007ffd29e31000 	C:\Windows\system32\SHLWAPI.dll
0x00007ffd29720000 - 0x00007ffd29891000 	C:\Windows\system32\USER32.dll
0x00007ffd29ab0000 - 0x00007ffd29c28000 	C:\Windows\system32\ole32.dll
0x00007ffd28040000 - 0x00007ffd29457000 	C:\Windows\system32\SHELL32.dll
0x00007ffd26af0000 - 0x00007ffd26b0e000 	C:\Windows\SYSTEM32\USERENV.dll
0x00007ffd27e80000 - 0x00007ffd27f25000 	C:\Windows\system32\ADVAPI32.dll
0x00007ffd206f0000 - 0x00007ffd2070b000 	C:\Windows\SYSTEM32\MPR.dll
0x00007ffd27c00000 - 0x00007ffd27d36000 	C:\Windows\system32\RPCRT4.dll
0x00007ffd29d80000 - 0x00007ffd29dd7000 	C:\Windows\SYSTEM32\sechost.dll
0x00007ffd298d0000 - 0x00007ffd29aa6000 	C:\Windows\SYSTEM32\combase.dll
0x00007ffd29c30000 - 0x00007ffd29d75000 	C:\Windows\system32\GDI32.dll
0x00007ffd27490000 - 0x00007ffd274a4000 	C:\Windows\SYSTEM32\profapi.dll
0x00007ffd25b00000 - 0x00007ffd25b9f000 	C:\Windows\SYSTEM32\SHCORE.dll
0x00007ffd27fa0000 - 0x00007ffd27fd4000 	C:\Windows\system32\IMM32.DLL
0x00007ffd27d40000 - 0x00007ffd27e79000 	C:\Windows\system32\MSCTF.dll
0x00007ffd25190000 - 0x00007ffd253ea000 	C:\Windows\WinSxS\amd64_microsoft.windows.common-controls_6595b64144ccf1df_6.0.9600.17031_none_6242a4b3ecbb55a1\COMCTL32.dll
0x0000000060180000 - 0x0000000060252000 	C:\Program Files\Java\jdk1.8.0_73\jre\bin\msvcr100.dll
0x000000005efa0000 - 0x000000005f830000 	C:\Program Files\Java\jdk1.8.0_73\jre\bin\server\jvm.dll
0x00007ffd1de80000 - 0x00007ffd1de89000 	C:\Windows\SYSTEM32\WSOCK32.dll
0x00007ffd24f80000 - 0x00007ffd24f9f000 	C:\Windows\SYSTEM32\WINMM.dll
0x00007ffd24fa0000 - 0x00007ffd24faa000 	C:\Windows\SYSTEM32\VERSION.dll
0x00007ffd298a0000 - 0x00007ffd298a7000 	C:\Windows\system32\PSAPI.DLL
0x00007ffd27f30000 - 0x00007ffd27f88000 	C:\Windows\system32\WS2_32.dll
0x00007ffd24b30000 - 0x00007ffd24b5a000 	C:\Windows\SYSTEM32\WINMMBASE.dll
0x00007ffd27aa0000 - 0x00007ffd27aa9000 	C:\Windows\system32\NSI.dll
0x00007ffd27770000 - 0x00007ffd277ba000 	C:\Windows\SYSTEM32\cfgmgr32.dll
0x00007ffd26360000 - 0x00007ffd26386000 	C:\Windows\SYSTEM32\DEVOBJ.dll
0x00000000617a0000 - 0x00000000617af000 	C:\Program Files\Java\jdk1.8.0_73\jre\bin\verify.dll
0x0000000060ae0000 - 0x0000000060b09000 	C:\Program Files\Java\jdk1.8.0_73\jre\bin\java.dll
0x0000000061780000 - 0x0000000061796000 	C:\Program Files\Java\jdk1.8.0_73\jre\bin\zip.dll

VM Arguments:
jvm_args: -Djava.awt.headless=true -Xmx1024M -Dfile.encoding=windows-1252 -Duser.country=US -Duser.language=en -Duser.variant 
java_command: com.android.dx.command.Main --dex --force-jumbo --num-threads=4 --output C:\Users\Robertus Pamungkas\Desktop\ProjectPam16v1\app\build\intermediates\pre-dexed\debug\twitter-text-1.13.0_0b94764b490e9f5497afe6979162be536140fb58.jar C:\Users\Robertus Pamungkas\.gradle\caches\modules-2\files-2.1\com.twitter\twitter-text\1.13.0\78415b95ae3184c5926d593feab64bfc0b73b2dd\twitter-text-1.13.0.jar
java_class_path (initial): H:\Kuliah\Semester 5\PAM 2016\sdk\build-tools\25.0.0\lib\dx.jar
Launcher Type: SUN_STANDARD

Environment Variables:
PATH=C:\ProgramData\Oracle\Java\javapath;C:\Windows\system32;C:\Windows;C:\Windows\System32\Wbem;C:\Windows\System32\WindowsPowerShell\v1.0\;C:\Program Files (x86)\AMD\ATI.ACE\Core-Static;C:\Program Files\Microsoft\Web Platform Installer\;C:\Program Files (x86)\Microsoft ASP.NET\ASP.NET Web Pages\v1.0\;C:\Program Files (x86)\Windows Kits\8.0\Windows Performance Toolkit\;C:\Program Files\Microsoft SQL Server\110\Tools\Binn\;C:\Program Files\Microsoft SQL Server\110\DTS\Binn\;C:\Program Files (x86)\Microsoft SQL Server\110\Tools\Binn\ManagementStudio\;C:\Program Files (x86)\Microsoft SQL Server\110\Tools\Binn\;C:\Program Files (x86)\Microsoft Visual Studio 10.0\Common7\IDE\PrivateAssemblies\;C:\Program Files (x86)\Microsoft SQL Server\110\DTS\Binn\
USERNAME=Robertus Pamungkas
OS=Windows_NT
PROCESSOR_IDENTIFIER=AMD64 Family 16 Model 4 Stepping 3, AuthenticAMD



---------------  S Y S T E M  ---------------

OS: Windows 8.1 , 64 bit Build 9600 (6.3.9600.17056)

CPU:total 4 (4 cores per cpu, 1 threads per core) family 16 model 4 stepping 3, cmov, cx8, fxsr, mmx, sse, sse2, sse3, popcnt, mmxext, 3dnowpref, lzcnt, sse4a, tsc, tscinvbit, tscinv

Memory: 4k page, physical 8387700k(2827668k free), swap 8387700k(5324k free)

vm_info: Java HotSpot(TM) 64-Bit Server VM (25.73-b02) for windows-amd64 JRE (1.8.0_73-b02), built on Jan 29 2016 17:38:49 by "java_re" with MS VC++ 10.0 (VS2010)

time: Wed Nov 30 22:41:52 2016
elapsed time: 1 seconds (0d 0h 0m 1s)

