#
# There is insufficient memory for the Java Runtime Environment to continue.
# Native memory allocation (malloc) failed to allocate 32744 bytes for ChunkPool::allocate
# Possible reasons:
#   The system is out of physical RAM or swap space
#   In 32 bit mode, the process size limit was hit
# Possible solutions:
#   Reduce memory load on the system
#   Increase physical memory or swap space
#   Check if swap backing store is full
#   Use 64 bit Java on a 64 bit OS
#   Decrease Java heap size (-Xmx/-Xms)
#   Decrease number of Java threads
#   Decrease Java thread stack sizes (-Xss)
#   Set larger code cache with -XX:ReservedCodeCacheSize=
# This output file may be truncated or incomplete.
#
#  Out of Memory Error (allocation.cpp:273), pid=7660, tid=7996
#
# JRE version: Java(TM) SE Runtime Environment (8.0_73-b02) (build 1.8.0_73-b02)
# Java VM: Java HotSpot(TM) 64-Bit Server VM (25.73-b02 mixed mode windows-amd64 compressed oops)
# Failed to write core dump. Minidumps are not enabled by default on client versions of Windows
#

---------------  T H R E A D  ---------------

Current thread (0x000000001478a800):  JavaThread "C2 CompilerThread0" daemon [_thread_in_vm, id=7996, stack(0x0000000015e50000,0x0000000015f50000)]

Stack: [0x0000000015e50000,0x0000000015f50000]
[error occurred during error reporting (printing stack bounds), id 0xc0000005]

Native frames: (J=compiled Java code, j=interpreted, Vv=VM code, C=native code)


Current CompileTask:
C2:   1804  550       4       java.lang.Long::bitCount (61 bytes)


---------------  P R O C E S S  ---------------

Java Threads: ( => current thread )
  0x00000000163e6000 JavaThread "pool-1-thread-4" [_thread_blocked, id=4624, stack(0x0000000016b50000,0x0000000016c50000)]
  0x00000000163e4800 JavaThread "pool-1-thread-3" [_thread_blocked, id=5172, stack(0x0000000016a50000,0x0000000016b50000)]
  0x00000000163e1800 JavaThread "pool-1-thread-2" [_thread_blocked, id=1392, stack(0x0000000016950000,0x0000000016a50000)]
  0x00000000163e0000 JavaThread "pool-2-thread-1" [_thread_blocked, id=7172, stack(0x0000000016850000,0x0000000016950000)]
  0x00000000163d9800 JavaThread "pool-1-thread-1" [_thread_in_vm, id=7384, stack(0x0000000016750000,0x0000000016850000)]
  0x0000000016154000 JavaThread "Service Thread" daemon [_thread_blocked, id=7880, stack(0x0000000016550000,0x0000000016650000)]
  0x00000000147ec800 JavaThread "C1 CompilerThread2" daemon [_thread_in_native, id=7940, stack(0x0000000016050000,0x0000000016150000)]
  0x00000000147e6800 JavaThread "C2 CompilerThread1" daemon [_thread_in_native, id=8000, stack(0x0000000015f50000,0x0000000016050000)]
=>0x000000001478a800 JavaThread "C2 CompilerThread0" daemon [_thread_in_vm, id=7996, stack(0x0000000015e50000,0x0000000015f50000)]
  0x0000000014789000 JavaThread "Attach Listener" daemon [_thread_blocked, id=7992, stack(0x0000000015d50000,0x0000000015e50000)]
  0x0000000014788000 JavaThread "Signal Dispatcher" daemon [_thread_blocked, id=7988, stack(0x0000000015c50000,0x0000000015d50000)]
  0x0000000001ff7000 JavaThread "Finalizer" daemon [_thread_blocked, id=7860, stack(0x0000000015a00000,0x0000000015b00000)]
  0x0000000001fed000 JavaThread "Reference Handler" daemon [_thread_blocked, id=7932, stack(0x0000000015900000,0x0000000015a00000)]
  0x0000000001f01000 JavaThread "main" [_thread_in_vm, id=8120, stack(0x00000000006d0000,0x00000000007d0000)]

Other Threads:
  0x0000000014757800 VMThread [stack: 0x0000000015800000,0x0000000015900000] [id=7956]
  0x000000001615a000 WatcherThread [stack: 0x0000000016650000,0x0000000016750000] [id=1992]

VM state:not at safepoint (normal execution)

VM Mutex/Monitor currently owned by a thread:  ([mutex/lock_event])
[0x000000000205e680] MethodData_lock - owner thread: 0x00000000163d9800

Heap:
 PSYoungGen      total 38400K, used 13603K [0x00000000eab00000, 0x00000000ed580000, 0x0000000100000000)
  eden space 33280K, 40% used [0x00000000eab00000,0x00000000eb848cc8,0x00000000ecb80000)
  from space 5120K, 0% used [0x00000000ed080000,0x00000000ed080000,0x00000000ed580000)
  to   space 5120K, 0% used [0x00000000ecb80000,0x00000000ecb80000,0x00000000ed080000)
 ParOldGen       total 87552K, used 0K [0x00000000c0000000, 0x00000000c5580000, 0x00000000eab00000)
  object space 87552K, 0% used [0x00000000c0000000,0x00000000c0000000,0x00000000c5580000)
 Metaspace       used 5473K, capacity 6448K, committed 6528K, reserved 1056768K
  class space    used 591K, capacity 616K, committed 640K, reserved 1048576K

Card table byte_map: [0x0000000011480000,0x0000000011690000] byte_map_base: 0x0000000010e80000

Marking Bits: (ParMarkBitMap*) 0x0000000050910600
 Begin Bits: [0x0000000011bf0000, 0x0000000012bf0000)
 End Bits:   [0x0000000012bf0000, 0x0000000013bf0000)

Polling page: 0x00000000005a0000

CodeCache: size=245760Kb used=2165Kb max_used=2176Kb free=243594Kb
 bounds [0x00000000020c0000, 0x0000000002330000, 0x00000000110c0000]
 total_blobs=796 nmethods=528 adapters=182
 compilation: enabled

Compilation events (10 events):
Event: 1.783 Thread 0x000000001478a800  539   !   4       com.android.dx.util.IntList::get (36 bytes)
Event: 1.783 Thread 0x00000000147ec800 nmethod 531 0x00000000022d9b50 code [0x00000000022d9d60, 0x00000000022dac28]
Event: 1.783 Thread 0x00000000147ec800  528   !   3       com.android.dx.cf.code.BytecodeArray::parseInstruction (2764 bytes)
Event: 1.784 Thread 0x000000001478a800 nmethod 539 0x00000000022e0bd0 code [0x00000000022e0d00, 0x00000000022e0db8]
Event: 1.785 Thread 0x00000000147e6800  545       4       com.android.dx.util.Bits::set (19 bytes)
Event: 1.785 Thread 0x000000001478a800  546       4       java.util.ArrayList::ensureCapacityInternal (23 bytes)
Event: 1.785 Thread 0x00000000147e6800 nmethod 545 0x00000000022e0e90 code [0x00000000022e0fc0, 0x00000000022e1058]
Event: 1.787 Thread 0x000000001478a800 nmethod 546 0x00000000022df190 code [0x00000000022df2e0, 0x00000000022df538]
Event: 1.787 Thread 0x00000000147e6800  549       4       java.util.ArrayList::add (29 bytes)
Event: 1.787 Thread 0x000000001478a800  550       4       java.lang.Long::bitCount (61 bytes)

GC Heap History (0 events):
No events

Deoptimization events (0 events):
No events

Internal exceptions (2 events):
Event: 0.252 Thread 0x0000000001f01000 Exception <a 'java/lang/NoSuchMethodError': Method sun.misc.Unsafe.defineClass(Ljava/lang/String;[BII)Ljava/lang/Class; name or signature does not match> (0x00000000eab0d5a8) thrown at [D:\re\puppet\workspace\8-2-build-windows-amd64-cygwin\jdk8u73\6086\hotL$$Ö Ð?
Event: 0.252 Thread 0x0000000001f01000 Exception <a 'java/lang/NoSuchMethodError': Method sun.misc.Unsafe.prefetchRead(Ljava/lang/Object;J)V name or signature does not match> (0x00000000eab0d890) thrown at [D:\re\puppet\workspace\8-2-build-windows-amd64-cygwin\jdk8u73\6086\hotspot\src\share\vm\

Events (10 events):
Event: 1.759 loading class com/android/dx/rop/annotation/AnnotationsList
Event: 1.759 loading class com/android/dx/rop/annotation/AnnotationsList done
Event: 1.767 loading class com/android/dx/ssa/PhiInsn$Operand
Event: 1.767 loading class com/android/dx/ssa/PhiInsn$Operand done
Event: 1.769 loading class com/android/dx/ssa/back/FirstFitLocalCombiningAllocator$Multiset
Event: 1.769 loading class com/android/dx/ssa/back/FirstFitLocalCombiningAllocator$Multiset done
Event: 1.785 loading class java/util/TreeMap$EntrySet
Event: 1.785 loading class java/util/TreeMap$EntrySet done
Event: 1.785 loading class java/util/TreeMap$EntryIterator
Event: 1.785 loading class java/util/TreeMap$EntryIterator done


Dynamic libraries:
0x00007ff659380000 - 0x00007ff6593b7000 	C:\Program Files\Java\jdk1.8.0_73\bin\java.exe
0x00007fff36470000 - 0x00007fff3661a000 	C:\Windows\SYSTEM32\ntdll.dll
0x00007fff34190000 - 0x00007fff342ca000 	C:\Windows\system32\KERNEL32.DLL
0x00007fff338b0000 - 0x00007fff339bf000 	C:\Windows\system32\KERNELBASE.dll
0x00007fff32410000 - 0x00007fff32498000 	C:\Windows\system32\apphelp.dll
0x00007fff11c30000 - 0x00007fff11c7f000 	C:\Windows\AppPatch\AppPatch64\AcGenral.DLL
0x00007fff34310000 - 0x00007fff343b7000 	C:\Windows\system32\msvcrt.dll
0x00007fff335c0000 - 0x00007fff335eb000 	C:\Windows\SYSTEM32\SspiCli.dll
0x00007fff34420000 - 0x00007fff34471000 	C:\Windows\system32\SHLWAPI.dll
0x00007fff34c30000 - 0x00007fff34da1000 	C:\Windows\system32\USER32.dll
0x00007fff33e00000 - 0x00007fff33f78000 	C:\Windows\system32\ole32.dll
0x00007fff34db0000 - 0x00007fff361c7000 	C:\Windows\system32\SHELL32.dll
0x00007fff32df0000 - 0x00007fff32e0e000 	C:\Windows\SYSTEM32\USERENV.dll
0x00007fff34a50000 - 0x00007fff34af5000 	C:\Windows\system32\ADVAPI32.dll
0x00007fff2cb20000 - 0x00007fff2cb3b000 	C:\Windows\SYSTEM32\MPR.dll
0x00007fff361d0000 - 0x00007fff36306000 	C:\Windows\system32\RPCRT4.dll
0x00007fff34b00000 - 0x00007fff34b57000 	C:\Windows\SYSTEM32\sechost.dll
0x00007fff34690000 - 0x00007fff34866000 	C:\Windows\SYSTEM32\combase.dll
0x00007fff34040000 - 0x00007fff34185000 	C:\Windows\system32\GDI32.dll
0x00007fff337e0000 - 0x00007fff337f4000 	C:\Windows\SYSTEM32\profapi.dll
0x00007fff320b0000 - 0x00007fff3214f000 	C:\Windows\SYSTEM32\SHCORE.dll
0x00007fff342d0000 - 0x00007fff34304000 	C:\Windows\system32\IMM32.DLL
0x00007fff36310000 - 0x00007fff36449000 	C:\Windows\system32\MSCTF.dll
0x00007fff31850000 - 0x00007fff31aaa000 	C:\Windows\WinSxS\amd64_microsoft.windows.common-controls_6595b64144ccf1df_6.0.9600.17031_none_6242a4b3ecbb55a1\COMCTL32.dll
0x0000000077d80000 - 0x0000000077e52000 	C:\Program Files\Java\jdk1.8.0_73\jre\bin\msvcr100.dll
0x0000000050100000 - 0x0000000050990000 	C:\Program Files\Java\jdk1.8.0_73\jre\bin\server\jvm.dll
0x00007fff2cc80000 - 0x00007fff2cc89000 	C:\Windows\SYSTEM32\WSOCK32.dll
0x00007fff30fa0000 - 0x00007fff30fbf000 	C:\Windows\SYSTEM32\WINMM.dll
0x00007fff30fc0000 - 0x00007fff30fca000 	C:\Windows\SYSTEM32\VERSION.dll
0x00007fff34b70000 - 0x00007fff34b77000 	C:\Windows\system32\PSAPI.DLL
0x00007fff343c0000 - 0x00007fff34418000 	C:\Windows\system32\WS2_32.dll
0x00007fff30f00000 - 0x00007fff30f2a000 	C:\Windows\SYSTEM32\WINMMBASE.dll
0x00007fff34b60000 - 0x00007fff34b69000 	C:\Windows\system32\NSI.dll
0x00007fff33ba0000 - 0x00007fff33bea000 	C:\Windows\SYSTEM32\cfgmgr32.dll
0x00007fff32660000 - 0x00007fff32686000 	C:\Windows\SYSTEM32\DEVOBJ.dll
0x00000000514c0000 - 0x00000000514cf000 	C:\Program Files\Java\jdk1.8.0_73\jre\bin\verify.dll
0x0000000051490000 - 0x00000000514b9000 	C:\Program Files\Java\jdk1.8.0_73\jre\bin\java.dll
0x0000000051470000 - 0x0000000051486000 	C:\Program Files\Java\jdk1.8.0_73\jre\bin\zip.dll

VM Arguments:
jvm_args: -Djava.awt.headless=true -Xmx1024M -Dfile.encoding=windows-1252 -Duser.country=US -Duser.language=en -Duser.variant 
java_command: com.android.dx.command.Main --dex --num-threads=4 --output C:\Users\Robertus Pamungkas\Desktop\ProjectPam16v1\app\build\intermediates\pre-dexed\debug\com.twitter.sdk.android-tweet-composer-2.0.0_0331d61897a8172e20d0e6fe8a88e6ab9bf38d95.jar C:\Users\Robertus Pamungkas\Desktop\ProjectPam16v1\app\build\intermediates\exploded-aar\com.twitter.sdk.android\tweet-composer\2.0.0\jars\classes.jar
java_class_path (initial): H:\Kuliah\Semester 5\PAM 2016\sdk\build-tools\25.0.0\lib\dx.jar
Launcher Type: SUN_STANDARD

Environment Variables:
PATH=C:\ProgramData\Oracle\Java\javapath;C:\Windows\system32;C:\Windows;C:\Windows\System32\Wbem;C:\Windows\System32\WindowsPowerShell\v1.0\;C:\Program Files (x86)\AMD\ATI.ACE\Core-Static;C:\Program Files\Microsoft\Web Platform Installer\;C:\Program Files (x86)\Microsoft ASP.NET\ASP.NET Web Pages\v1.0\;C:\Program Files (x86)\Windows Kits\8.0\Windows Performance Toolkit\;C:\Program Files\Microsoft SQL Server\110\Tools\Binn\;C:\Program Files\Microsoft SQL Server\110\DTS\Binn\;C:\Program Files (x86)\Microsoft SQL Server\110\Tools\Binn\ManagementStudio\;C:\Program Files (x86)\Microsoft SQL Server\110\Tools\Binn\;C:\Program Files (x86)\Microsoft Visual Studio 10.0\Common7\IDE\PrivateAssemblies\;C:\Program Files (x86)\Microsoft SQL Server\110\DTS\Binn\
USERNAME=Robertus Pamungkas
OS=Windows_NT
PROCESSOR_IDENTIFIER=AMD64 Family 16 Model 4 Stepping 3, AuthenticAMD



---------------  S Y S T E M  ---------------

OS: Windows 8.1 , 64 bit Build 9600 (6.3.9600.17056)

CPU:total 4 (4 cores per cpu, 1 threads per core) family 16 model 4 stepping 3, cmov, cx8, fxsr, mmx, sse, sse2, sse3, popcnt, mmxext, 3dnowpref, lzcnt, sse4a, tsc, tscinvbit, tscinv

Memory: 4k page, physical 8387700k(1979184k free), swap 8387700k(9004k free)

vm_info: Java HotSpot(TM) 64-Bit Server VM (25.73-b02) for windows-amd64 JRE (1.8.0_73-b02), built on Jan 29 2016 17:38:49 by "java_re" with MS VC++ 10.0 (VS2010)

time: Thu Dec 01 02:32:45 2016
elapsed time: 1 seconds (0d 0h 0m 1s)

