#
# There is insufficient memory for the Java Runtime Environment to continue.
# Native memory allocation (malloc) failed to allocate 512096 bytes for Chunk::new
# Possible reasons:
#   The system is out of physical RAM or swap space
#   In 32 bit mode, the process size limit was hit
# Possible solutions:
#   Reduce memory load on the system
#   Increase physical memory or swap space
#   Check if swap backing store is full
#   Use 64 bit Java on a 64 bit OS
#   Decrease Java heap size (-Xmx/-Xms)
#   Decrease number of Java threads
#   Decrease Java thread stack sizes (-Xss)
#   Set larger code cache with -XX:ReservedCodeCacheSize=
# This output file may be truncated or incomplete.
#
#  Out of Memory Error (allocation.cpp:390), pid=7740, tid=7588
#
# JRE version: Java(TM) SE Runtime Environment (8.0_73-b02) (build 1.8.0_73-b02)
# Java VM: Java HotSpot(TM) 64-Bit Server VM (25.73-b02 mixed mode windows-amd64 compressed oops)
# Failed to write core dump. Minidumps are not enabled by default on client versions of Windows
#

---------------  T H R E A D  ---------------

Current thread (0x0000000014aea000):  JavaThread "C2 CompilerThread0" daemon [_thread_in_native, id=7588, stack(0x0000000016190000,0x0000000016290000)]

Stack: [0x0000000016190000,0x0000000016290000]
[error occurred during error reporting (printing stack bounds), id 0xc0000005]

Native frames: (J=compiled Java code, j=interpreted, Vv=VM code, C=native code)


Current CompileTask:
C2:   2679 1541       4       com.android.dx.dex.code.OutputFinisher::addConstants (68 bytes)


---------------  P R O C E S S  ---------------

Java Threads: ( => current thread )
  0x00000000163a5800 JavaThread "Service Thread" daemon [_thread_blocked, id=7668, stack(0x0000000016890000,0x0000000016990000)]
  0x0000000016398800 JavaThread "C1 CompilerThread2" daemon [_thread_blocked, id=7628, stack(0x0000000016790000,0x0000000016890000)]
  0x0000000014b46800 JavaThread "C2 CompilerThread1" daemon [_thread_in_native, id=7612, stack(0x0000000016290000,0x0000000016390000)]
=>0x0000000014aea000 JavaThread "C2 CompilerThread0" daemon [_thread_in_native, id=7588, stack(0x0000000016190000,0x0000000016290000)]
  0x0000000014ae8800 JavaThread "Attach Listener" daemon [_thread_blocked, id=7584, stack(0x0000000016090000,0x0000000016190000)]
  0x0000000014ae7000 JavaThread "Signal Dispatcher" daemon [_thread_blocked, id=7580, stack(0x0000000015f90000,0x0000000016090000)]
  0x0000000002416000 JavaThread "Finalizer" daemon [_thread_blocked, id=7248, stack(0x0000000015d40000,0x0000000015e40000)]
  0x000000000240d000 JavaThread "Reference Handler" daemon [_thread_blocked, id=7768, stack(0x0000000015c40000,0x0000000015d40000)]
  0x0000000002321000 JavaThread "main" [_thread_in_Java, id=7708, stack(0x00000000021e0000,0x00000000022e0000)]

Other Threads:
  0x0000000014ab7800 VMThread [stack: 0x0000000015b40000,0x0000000015c40000] [id=7288]
  0x00000000163a8800 WatcherThread [stack: 0x0000000016990000,0x0000000016a90000] [id=7672]

VM state:not at safepoint (normal execution)

VM Mutex/Monitor currently owned by a thread: None

Heap:
 PSYoungGen      total 38400K, used 21329K [0x00000000eab00000, 0x00000000ed580000, 0x0000000100000000)
  eden space 33280K, 48% used [0x00000000eab00000,0x00000000ebad84f8,0x00000000ecb80000)
  from space 5120K, 99% used [0x00000000ecb80000,0x00000000ed07c038,0x00000000ed080000)
  to   space 5120K, 0% used [0x00000000ed080000,0x00000000ed080000,0x00000000ed580000)
 ParOldGen       total 87552K, used 1972K [0x00000000c0000000, 0x00000000c5580000, 0x00000000eab00000)
  object space 87552K, 2% used [0x00000000c0000000,0x00000000c01ed3a8,0x00000000c5580000)
 Metaspace       used 6305K, capacity 7160K, committed 7296K, reserved 1056768K
  class space    used 617K, capacity 624K, committed 640K, reserved 1048576K

Card table byte_map: [0x00000000117e0000,0x00000000119f0000] byte_map_base: 0x00000000111e0000

Marking Bits: (ParMarkBitMap*) 0x0000000050910600
 Begin Bits: [0x0000000011f50000, 0x0000000012f50000)
 End Bits:   [0x0000000012f50000, 0x0000000013f50000)

Polling page: 0x00000000008a0000

CodeCache: size=245760Kb used=6406Kb max_used=6416Kb free=239354Kb
 bounds [0x0000000002420000, 0x0000000002a70000, 0x0000000011420000]
 total_blobs=1846 nmethods=1578 adapters=182
 compilation: enabled

Compilation events (10 events):
Event: 2.659 Thread 0x0000000016398800 1581       3       com.android.dx.dex.file.IndexedItem::getIndex (22 bytes)
Event: 2.659 Thread 0x0000000016398800 nmethod 1581 0x0000000002a655d0 code [0x0000000002a65740, 0x0000000002a65988]
Event: 2.662 Thread 0x0000000014aea000 nmethod 1532 0x0000000002a68d90 code [0x0000000002a68f40, 0x0000000002a69638]
Event: 2.662 Thread 0x0000000014aea000 1542       4       java.util.TreeMap::getEntry (84 bytes)
Event: 2.663 Thread 0x0000000014aea000 nmethod 1542 0x0000000002a65c10 code [0x0000000002a65d60, 0x0000000002a65eb8]
Event: 2.663 Thread 0x0000000014aea000 1541       4       com.android.dx.dex.code.OutputFinisher::addConstants (68 bytes)
Event: 2.678 Thread 0x0000000016398800 1582       1       com.android.dx.dex.code.DalvInsn::getOpcode (5 bytes)
Event: 2.678 Thread 0x0000000016398800 nmethod 1582 0x0000000002a68ad0 code [0x0000000002a68c20, 0x0000000002a68d30]
Event: 2.679 Thread 0x0000000016398800 1583       1       com.android.dx.dex.code.DalvInsn::getRegisters (5 bytes)
Event: 2.679 Thread 0x0000000016398800 nmethod 1583 0x0000000002a68810 code [0x0000000002a68960, 0x0000000002a68a70]

GC Heap History (2 events):
Event: 2.149 GC heap before
{Heap before GC invocations=1 (full 0):
 PSYoungGen      total 38400K, used 33280K [0x00000000eab00000, 0x00000000ed580000, 0x0000000100000000)
  eden space 33280K, 100% used [0x00000000eab00000,0x00000000ecb80000,0x00000000ecb80000)
  from space 5120K, 0% used [0x00000000ed080000,0x00000000ed080000,0x00000000ed580000)
  to   space 5120K, 0% used [0x00000000ecb80000,0x00000000ecb80000,0x00000000ed080000)
 ParOldGen       total 87552K, used 0K [0x00000000c0000000, 0x00000000c5580000, 0x00000000eab00000)
  object space 87552K, 0% used [0x00000000c0000000,0x00000000c0000000,0x00000000c5580000)
 Metaspace       used 6075K, capacity 6962K, committed 7040K, reserved 1056768K
  class space    used 600K, capacity 618K, committed 640K, reserved 1048576K
Event: 2.194 GC heap after
Heap after GC invocations=1 (full 0):
 PSYoungGen      total 38400K, used 5104K [0x00000000eab00000, 0x00000000ed580000, 0x0000000100000000)
  eden space 33280K, 0% used [0x00000000eab00000,0x00000000eab00000,0x00000000ecb80000)
  from space 5120K, 99% used [0x00000000ecb80000,0x00000000ed07c038,0x00000000ed080000)
  to   space 5120K, 0% used [0x00000000ed080000,0x00000000ed080000,0x00000000ed580000)
 ParOldGen       total 87552K, used 1972K [0x00000000c0000000, 0x00000000c5580000, 0x00000000eab00000)
  object space 87552K, 2% used [0x00000000c0000000,0x00000000c01ed3a8,0x00000000c5580000)
 Metaspace       used 6075K, capacity 6962K, committed 7040K, reserved 1056768K
  class space    used 600K, capacity 618K, committed 640K, reserved 1048576K
}

Deoptimization events (10 events):
Event: 2.629 Thread 0x0000000002321000 Uncommon trap: reason=bimorphic action=maybe_recompile pc=0x00000000026998f8 method=java.util.HashMap.getNode(ILjava/lang/Object;)Ljava/util/HashMap$Node; @ 126
Event: 2.629 Thread 0x0000000002321000 Uncommon trap: reason=bimorphic action=maybe_recompile pc=0x00000000026998f8 method=java.util.HashMap.getNode(ILjava/lang/Object;)Ljava/util/HashMap$Node; @ 126
Event: 2.629 Thread 0x0000000002321000 Uncommon trap: reason=bimorphic action=maybe_recompile pc=0x00000000026998f8 method=java.util.HashMap.getNode(ILjava/lang/Object;)Ljava/util/HashMap$Node; @ 126
Event: 2.629 Thread 0x0000000002321000 Uncommon trap: reason=bimorphic action=maybe_recompile pc=0x00000000026998f8 method=java.util.HashMap.getNode(ILjava/lang/Object;)Ljava/util/HashMap$Node; @ 126
Event: 2.629 Thread 0x0000000002321000 Uncommon trap: reason=bimorphic action=maybe_recompile pc=0x00000000026f2dc4 method=java.util.HashMap.getNode(ILjava/lang/Object;)Ljava/util/HashMap$Node; @ 126
Event: 2.631 Thread 0x0000000002321000 Uncommon trap: reason=class_check action=maybe_recompile pc=0x0000000002932760 method=java.util.HashMap.putVal(ILjava/lang/Object;Ljava/lang/Object;ZZ)Ljava/lang/Object; @ 203
Event: 2.631 Thread 0x0000000002321000 Uncommon trap: reason=class_check action=maybe_recompile pc=0x0000000002932760 method=java.util.HashMap.putVal(ILjava/lang/Object;Ljava/lang/Object;ZZ)Ljava/lang/Object; @ 203
Event: 2.631 Thread 0x0000000002321000 Uncommon trap: reason=class_check action=maybe_recompile pc=0x0000000002932760 method=java.util.HashMap.putVal(ILjava/lang/Object;Ljava/lang/Object;ZZ)Ljava/lang/Object; @ 203
Event: 2.631 Thread 0x0000000002321000 Uncommon trap: reason=class_check action=maybe_recompile pc=0x0000000002932760 method=java.util.HashMap.putVal(ILjava/lang/Object;Ljava/lang/Object;ZZ)Ljava/lang/Object; @ 203
Event: 2.636 Thread 0x0000000002321000 Uncommon trap: reason=class_check action=maybe_recompile pc=0x00000000028b66d4 method=java.util.HashMap.putVal(ILjava/lang/Object;Ljava/lang/Object;ZZ)Ljava/lang/Object; @ 203

Internal exceptions (5 events):
Event: 0.106 Thread 0x0000000002321000 Exception <a 'java/lang/NoSuchMethodError': Method sun.misc.Unsafe.defineClass(Ljava/lang/String;[BII)Ljava/lang/Class; name or signature does not match> (0x00000000eab0d790) thrown at [D:\re\puppet\workspace\8-2-build-windows-amd64-cygwin\jdk8u73\6086\hotºyo;:»?
Event: 0.106 Thread 0x0000000002321000 Exception <a 'java/lang/NoSuchMethodError': Method sun.misc.Unsafe.prefetchRead(Ljava/lang/Object;J)V name or signature does not match> (0x00000000eab0da78) thrown at [D:\re\puppet\workspace\8-2-build-windows-amd64-cygwin\jdk8u73\6086\hotspot\src\share\vm\Å¤L»¬3õ?
Event: 1.325 Thread 0x0000000016535000 Implicit null exception at 0x000000000270d301 to 0x000000000270ea11
Event: 1.326 Thread 0x0000000016535000 Implicit null exception at 0x0000000002718946 to 0x000000000271a595
Event: 2.444 Thread 0x0000000016534800 Implicit null exception at 0x00000000029a84bc to 0x00000000029a9909

Events (10 events):
Event: 2.673 loading class com/android/dx/dex/code/LocalList$MakeState
Event: 2.673 loading class com/android/dx/dex/code/LocalList$MakeState done
Event: 2.676 loading class com/android/dx/dex/code/CatchHandlerList
Event: 2.676 loading class com/android/dx/dex/code/CatchHandlerList done
Event: 2.676 loading class com/android/dx/dex/code/CatchTable
Event: 2.676 loading class com/android/dx/dex/code/CatchTable done
Event: 2.677 loading class com/android/dx/dex/code/LocalList$Disposition
Event: 2.677 loading class com/android/dx/dex/code/LocalList$Disposition done
Event: 2.677 loading class com/android/dx/dex/code/LocalList$Entry
Event: 2.677 loading class com/android/dx/dex/code/LocalList$Entry done


Dynamic libraries:
0x00007ff659380000 - 0x00007ff6593b7000 	C:\Program Files\Java\jdk1.8.0_73\bin\java.exe
0x00007fff36470000 - 0x00007fff3661a000 	C:\Windows\SYSTEM32\ntdll.dll
0x00007fff34190000 - 0x00007fff342ca000 	C:\Windows\system32\KERNEL32.DLL
0x00007fff338b0000 - 0x00007fff339bf000 	C:\Windows\system32\KERNELBASE.dll
0x00007fff32410000 - 0x00007fff32498000 	C:\Windows\system32\apphelp.dll
0x00007fff11c30000 - 0x00007fff11c7f000 	C:\Windows\AppPatch\AppPatch64\AcGenral.DLL
0x00007fff34310000 - 0x00007fff343b7000 	C:\Windows\system32\msvcrt.dll
0x00007fff335c0000 - 0x00007fff335eb000 	C:\Windows\SYSTEM32\SspiCli.dll
0x00007fff34420000 - 0x00007fff34471000 	C:\Windows\system32\SHLWAPI.dll
0x00007fff34c30000 - 0x00007fff34da1000 	C:\Windows\system32\USER32.dll
0x00007fff33e00000 - 0x00007fff33f78000 	C:\Windows\system32\ole32.dll
0x00007fff34db0000 - 0x00007fff361c7000 	C:\Windows\system32\SHELL32.dll
0x00007fff32df0000 - 0x00007fff32e0e000 	C:\Windows\SYSTEM32\USERENV.dll
0x00007fff34a50000 - 0x00007fff34af5000 	C:\Windows\system32\ADVAPI32.dll
0x00007fff2cb20000 - 0x00007fff2cb3b000 	C:\Windows\SYSTEM32\MPR.dll
0x00007fff361d0000 - 0x00007fff36306000 	C:\Windows\system32\RPCRT4.dll
0x00007fff34b00000 - 0x00007fff34b57000 	C:\Windows\SYSTEM32\sechost.dll
0x00007fff34690000 - 0x00007fff34866000 	C:\Windows\SYSTEM32\combase.dll
0x00007fff34040000 - 0x00007fff34185000 	C:\Windows\system32\GDI32.dll
0x00007fff337e0000 - 0x00007fff337f4000 	C:\Windows\SYSTEM32\profapi.dll
0x00007fff320b0000 - 0x00007fff3214f000 	C:\Windows\SYSTEM32\SHCORE.dll
0x00007fff342d0000 - 0x00007fff34304000 	C:\Windows\system32\IMM32.DLL
0x00007fff36310000 - 0x00007fff36449000 	C:\Windows\system32\MSCTF.dll
0x00007fff31850000 - 0x00007fff31aaa000 	C:\Windows\WinSxS\amd64_microsoft.windows.common-controls_6595b64144ccf1df_6.0.9600.17031_none_6242a4b3ecbb55a1\COMCTL32.dll
0x0000000077d80000 - 0x0000000077e52000 	C:\Program Files\Java\jdk1.8.0_73\jre\bin\msvcr100.dll
0x0000000050100000 - 0x0000000050990000 	C:\Program Files\Java\jdk1.8.0_73\jre\bin\server\jvm.dll
0x00007fff2cc80000 - 0x00007fff2cc89000 	C:\Windows\SYSTEM32\WSOCK32.dll
0x00007fff30fa0000 - 0x00007fff30fbf000 	C:\Windows\SYSTEM32\WINMM.dll
0x00007fff30fc0000 - 0x00007fff30fca000 	C:\Windows\SYSTEM32\VERSION.dll
0x00007fff34b70000 - 0x00007fff34b77000 	C:\Windows\system32\PSAPI.DLL
0x00007fff343c0000 - 0x00007fff34418000 	C:\Windows\system32\WS2_32.dll
0x00007fff30f00000 - 0x00007fff30f2a000 	C:\Windows\SYSTEM32\WINMMBASE.dll
0x00007fff34b60000 - 0x00007fff34b69000 	C:\Windows\system32\NSI.dll
0x00007fff33ba0000 - 0x00007fff33bea000 	C:\Windows\SYSTEM32\cfgmgr32.dll
0x00007fff32660000 - 0x00007fff32686000 	C:\Windows\SYSTEM32\DEVOBJ.dll
0x00000000514c0000 - 0x00000000514cf000 	C:\Program Files\Java\jdk1.8.0_73\jre\bin\verify.dll
0x0000000051490000 - 0x00000000514b9000 	C:\Program Files\Java\jdk1.8.0_73\jre\bin\java.dll
0x0000000051470000 - 0x0000000051486000 	C:\Program Files\Java\jdk1.8.0_73\jre\bin\zip.dll

VM Arguments:
jvm_args: -Djava.awt.headless=true -Xmx1024M -Dfile.encoding=windows-1252 -Duser.country=US -Duser.language=en -Duser.variant 
java_command: com.android.dx.command.Main --dex --num-threads=4 --output C:\Users\Robertus Pamungkas\Desktop\ProjectPam16v1\app\build\intermediates\pre-dexed\debug\retrofit-2.0.2_7c0fb938e778d4d7fba93befafbae211dbc17d85.jar C:\Users\Robertus Pamungkas\.gradle\caches\modules-2\files-2.1\com.squareup.retrofit2\retrofit\2.0.2\43eeae0b9fb087bb3194ba59ab63a38a32fbf3e\retrofit-2.0.2.jar
java_class_path (initial): H:\Kuliah\Semester 5\PAM 2016\sdk\build-tools\25.0.0\lib\dx.jar
Launcher Type: SUN_STANDARD

Environment Variables:
PATH=C:\ProgramData\Oracle\Java\javapath;C:\Windows\system32;C:\Windows;C:\Windows\System32\Wbem;C:\Windows\System32\WindowsPowerShell\v1.0\;C:\Program Files (x86)\AMD\ATI.ACE\Core-Static;C:\Program Files\Microsoft\Web Platform Installer\;C:\Program Files (x86)\Microsoft ASP.NET\ASP.NET Web Pages\v1.0\;C:\Program Files (x86)\Windows Kits\8.0\Windows Performance Toolkit\;C:\Program Files\Microsoft SQL Server\110\Tools\Binn\;C:\Program Files\Microsoft SQL Server\110\DTS\Binn\;C:\Program Files (x86)\Microsoft SQL Server\110\Tools\Binn\ManagementStudio\;C:\Program Files (x86)\Microsoft SQL Server\110\Tools\Binn\;C:\Program Files (x86)\Microsoft Visual Studio 10.0\Common7\IDE\PrivateAssemblies\;C:\Program Files (x86)\Microsoft SQL Server\110\DTS\Binn\
USERNAME=Robertus Pamungkas
OS=Windows_NT
PROCESSOR_IDENTIFIER=AMD64 Family 16 Model 4 Stepping 3, AuthenticAMD



---------------  S Y S T E M  ---------------

OS: Windows 8.1 , 64 bit Build 9600 (6.3.9600.17056)

CPU:total 4 (4 cores per cpu, 1 threads per core) family 16 model 4 stepping 3, cmov, cx8, fxsr, mmx, sse, sse2, sse3, popcnt, mmxext, 3dnowpref, lzcnt, sse4a, tsc, tscinvbit, tscinv

Memory: 4k page, physical 8387700k(2017164k free), swap 8387700k(5688k free)

vm_info: Java HotSpot(TM) 64-Bit Server VM (25.73-b02) for windows-amd64 JRE (1.8.0_73-b02), built on Jan 29 2016 17:38:49 by "java_re" with MS VC++ 10.0 (VS2010)

time: Thu Dec 01 02:32:43 2016
elapsed time: 2 seconds (0d 0h 0m 2s)

