#
# There is insufficient memory for the Java Runtime Environment to continue.
# Native memory allocation (malloc) failed to allocate 1043136 bytes for Chunk::new
# Possible reasons:
#   The system is out of physical RAM or swap space
#   In 32 bit mode, the process size limit was hit
# Possible solutions:
#   Reduce memory load on the system
#   Increase physical memory or swap space
#   Check if swap backing store is full
#   Use 64 bit Java on a 64 bit OS
#   Decrease Java heap size (-Xmx/-Xms)
#   Decrease number of Java threads
#   Decrease Java thread stack sizes (-Xss)
#   Set larger code cache with -XX:ReservedCodeCacheSize=
# This output file may be truncated or incomplete.
#
#  Out of Memory Error (allocation.cpp:390), pid=7188, tid=4644
#
# JRE version: Java(TM) SE Runtime Environment (8.0_73-b02) (build 1.8.0_73-b02)
# Java VM: Java HotSpot(TM) 64-Bit Server VM (25.73-b02 mixed mode windows-amd64 compressed oops)
# Failed to write core dump. Minidumps are not enabled by default on client versions of Windows
#

---------------  T H R E A D  ---------------

Current thread (0x0000000015486800):  JavaThread "C2 CompilerThread1" daemon [_thread_in_native, id=4644, stack(0x0000000016be0000,0x0000000016ce0000)]

Stack: [0x0000000016be0000,0x0000000016ce0000]
[error occurred during error reporting (printing stack bounds), id 0xc0000005]

Native frames: (J=compiled Java code, j=interpreted, Vv=VM code, C=native code)


Current CompileTask:
C2:   2190 1288       4       com.android.dx.ssa.SCCP::simulateBranch (666 bytes)


---------------  P R O C E S S  ---------------

Java Threads: ( => current thread )
  0x00000000170a9000 JavaThread "pool-1-thread-4" [_thread_in_Java, id=7904, stack(0x00000000177e0000,0x00000000178e0000)]
  0x000000001704e800 JavaThread "pool-1-thread-3" [_thread_in_Java, id=7924, stack(0x00000000176e0000,0x00000000177e0000)]
  0x000000001704d800 JavaThread "pool-1-thread-2" [_thread_in_Java, id=8132, stack(0x00000000175e0000,0x00000000176e0000)]
  0x0000000017054800 JavaThread "pool-2-thread-1" [_thread_blocked, id=7480, stack(0x00000000174e0000,0x00000000175e0000)]
  0x000000001702e800 JavaThread "pool-1-thread-1" [_thread_in_Java, id=5084, stack(0x00000000173e0000,0x00000000174e0000)]
  0x0000000016de3800 JavaThread "Service Thread" daemon [_thread_blocked, id=6936, stack(0x00000000171e0000,0x00000000172e0000)]
  0x000000001548c800 JavaThread "C1 CompilerThread2" daemon [_thread_in_vm, id=4876, stack(0x0000000016ce0000,0x0000000016de0000)]
=>0x0000000015486800 JavaThread "C2 CompilerThread1" daemon [_thread_in_native, id=4644, stack(0x0000000016be0000,0x0000000016ce0000)]
  0x000000001542a000 JavaThread "C2 CompilerThread0" daemon [_thread_in_native, id=1220, stack(0x0000000016ae0000,0x0000000016be0000)]
  0x0000000015428800 JavaThread "Attach Listener" daemon [_thread_blocked, id=7088, stack(0x00000000169e0000,0x0000000016ae0000)]
  0x0000000015427000 JavaThread "Signal Dispatcher" daemon [_thread_blocked, id=6088, stack(0x00000000168e0000,0x00000000169e0000)]
  0x0000000002d56000 JavaThread "Finalizer" daemon [_thread_blocked, id=7428, stack(0x0000000016690000,0x0000000016790000)]
  0x0000000002d4d000 JavaThread "Reference Handler" daemon [_thread_blocked, id=7636, stack(0x0000000016590000,0x0000000016690000)]
  0x0000000002c61000 JavaThread "main" [_thread_in_vm, id=1048, stack(0x0000000002b60000,0x0000000002c60000)]

Other Threads:
  0x00000000153f7800 VMThread [stack: 0x0000000016490000,0x0000000016590000] [id=8056]
  0x0000000016de7000 WatcherThread [stack: 0x00000000172e0000,0x00000000173e0000] [id=6884]

VM state:not at safepoint (normal execution)

VM Mutex/Monitor currently owned by a thread: None

Heap:
 PSYoungGen      total 38400K, used 12038K [0x00000000eab00000, 0x00000000ef600000, 0x0000000100000000)
  eden space 33280K, 20% used [0x00000000eab00000,0x00000000eb1c94a0,0x00000000ecb80000)
  from space 5120K, 99% used [0x00000000ecb80000,0x00000000ed078460,0x00000000ed080000)
  to   space 5120K, 0% used [0x00000000ef100000,0x00000000ef100000,0x00000000ef600000)
 ParOldGen       total 87552K, used 1187K [0x00000000c0000000, 0x00000000c5580000, 0x00000000eab00000)
  object space 87552K, 1% used [0x00000000c0000000,0x00000000c0128c08,0x00000000c5580000)
 Metaspace       used 5957K, capacity 7024K, committed 7296K, reserved 1056768K
  class space    used 588K, capacity 616K, committed 640K, reserved 1048576K

Card table byte_map: [0x0000000012120000,0x0000000012330000] byte_map_base: 0x0000000011b20000

Marking Bits: (ParMarkBitMap*) 0x0000000050910600
 Begin Bits: [0x0000000012890000, 0x0000000013890000)
 End Bits:   [0x0000000013890000, 0x0000000014890000)

Polling page: 0x0000000001370000

CodeCache: size=245760Kb used=5865Kb max_used=5865Kb free=239894Kb
 bounds [0x0000000002d60000, 0x0000000003320000, 0x0000000011d60000]
 total_blobs=1624 nmethods=1362 adapters=176
 compilation: enabled

Compilation events (10 events):
Event: 2.187 Thread 0x000000001548c800 1367       3       com.android.dx.ssa.SsaRenamer::getLocalForNewReg (25 bytes)
Event: 2.187 Thread 0x000000001548c800 nmethod 1367 0x0000000003312b90 code [0x0000000003312d40, 0x0000000003313278]
Event: 2.187 Thread 0x000000001548c800 1360       3       com.android.dx.dex.file.EncodedMethod::<init> (68 bytes)
Event: 2.188 Thread 0x000000001548c800 nmethod 1360 0x0000000003316590 code [0x0000000003316720, 0x0000000003316bd8]
Event: 2.188 Thread 0x000000001548c800 1359       3       com.android.dx.rop.code.AccessFlags::isSynchronized (13 bytes)
Event: 2.188 Thread 0x000000001548c800 nmethod 1359 0x0000000003316210 code [0x0000000003316360, 0x00000000033164f0]
Event: 2.188 Thread 0x000000001548c800 1370       3       com.android.dx.rop.annotation.Annotations::add (75 bytes)
Event: 2.189 Thread 0x000000001548c800 nmethod 1370 0x0000000003314990 code [0x0000000003314c00, 0x0000000003315b28]
Event: 2.189 Thread 0x000000001548c800 1366       1       com.android.dx.rop.annotation.NameValuePair::getValue (5 bytes)
Event: 2.189 Thread 0x000000001548c800 nmethod 1366 0x000000000331f050 code [0x000000000331f1a0, 0x000000000331f2b0]

GC Heap History (2 events):
Event: 2.029 GC heap before
{Heap before GC invocations=1 (full 0):
 PSYoungGen      total 38400K, used 33280K [0x00000000eab00000, 0x00000000ed580000, 0x0000000100000000)
  eden space 33280K, 100% used [0x00000000eab00000,0x00000000ecb80000,0x00000000ecb80000)
  from space 5120K, 0% used [0x00000000ed080000,0x00000000ed080000,0x00000000ed580000)
  to   space 5120K, 0% used [0x00000000ecb80000,0x00000000ecb80000,0x00000000ed080000)
 ParOldGen       total 87552K, used 0K [0x00000000c0000000, 0x00000000c5580000, 0x00000000eab00000)
  object space 87552K, 0% used [0x00000000c0000000,0x00000000c0000000,0x00000000c5580000)
 Metaspace       used 5909K, capacity 6960K, committed 7040K, reserved 1056768K
  class space    used 588K, capacity 616K, committed 640K, reserved 1048576K
Event: 2.068 GC heap after
Heap after GC invocations=1 (full 0):
 PSYoungGen      total 38400K, used 5089K [0x00000000eab00000, 0x00000000ef600000, 0x0000000100000000)
  eden space 33280K, 0% used [0x00000000eab00000,0x00000000eab00000,0x00000000ecb80000)
  from space 5120K, 99% used [0x00000000ecb80000,0x00000000ed078460,0x00000000ed080000)
  to   space 5120K, 0% used [0x00000000ef100000,0x00000000ef100000,0x00000000ef600000)
 ParOldGen       total 87552K, used 1187K [0x00000000c0000000, 0x00000000c5580000, 0x00000000eab00000)
  object space 87552K, 1% used [0x00000000c0000000,0x00000000c0128c08,0x00000000c5580000)
 Metaspace       used 5909K, capacity 6960K, committed 7040K, reserved 1056768K
  class space    used 588K, capacity 616K, committed 640K, reserved 1048576K
}

Deoptimization events (10 events):
Event: 1.293 Thread 0x00000000170a9000 Uncommon trap: reason=unstable_if action=reinterpret pc=0x0000000002f91d70 method=java.util.BitSet.ensureCapacity(I)V @ 6
Event: 1.652 Thread 0x000000001704e800 Uncommon trap: reason=unstable_if action=reinterpret pc=0x0000000003024e40 method=com.android.dx.rop.code.RegisterSpec.equals(ILcom/android/dx/rop/type/TypeBearer;Lcom/android/dx/rop/code/LocalItem;)Z @ 16
Event: 1.679 Thread 0x0000000002c61000 Uncommon trap: reason=unstable_if action=reinterpret pc=0x000000000322c424 method=com.android.dx.ssa.SCCP.simulateStmt(Lcom/android/dx/ssa/SsaInsn;)V @ 53
Event: 1.706 Thread 0x0000000002c61000 Uncommon trap: reason=unstable_if action=reinterpret pc=0x00000000031d5da8 method=com.android.dx.rop.code.RegisterSpec.equals(ILcom/android/dx/rop/type/TypeBearer;Lcom/android/dx/rop/code/LocalItem;)Z @ 16
Event: 1.706 Thread 0x0000000002c61000 Uncommon trap: reason=unstable_if action=reinterpret pc=0x000000000306bca0 method=com.android.dx.rop.code.RegisterSpec.equals(ILcom/android/dx/rop/type/TypeBearer;Lcom/android/dx/rop/code/LocalItem;)Z @ 16
Event: 1.707 Thread 0x0000000002c61000 Uncommon trap: reason=unstable_if action=reinterpret pc=0x00000000031a50f0 method=com.android.dx.rop.code.RegisterSpec.equals(ILcom/android/dx/rop/type/TypeBearer;Lcom/android/dx/rop/code/LocalItem;)Z @ 16
Event: 1.939 Thread 0x000000001704d800 Uncommon trap: reason=uninitialized action=reinterpret pc=0x0000000003287c28 method=com.android.dx.cf.code.BytecodeArray.parseInstruction(ILcom/android/dx/cf/code/BytecodeArray$Visitor;)I @ 1031
Event: 2.089 Thread 0x00000000170a9000 Uncommon trap: reason=unstable_if action=reinterpret pc=0x00000000031521a4 method=com.android.dx.rop.code.RegisterSpec.equals(ILcom/android/dx/rop/type/TypeBearer;Lcom/android/dx/rop/code/LocalItem;)Z @ 16
Event: 2.133 Thread 0x00000000170a9000 Uncommon trap: reason=null_check action=make_not_entrant pc=0x0000000002fbd094 method=com.android.dx.ssa.SsaRenamer.getLocalForNewReg(I)Lcom/android/dx/rop/code/LocalItem; @ 19
Event: 2.164 Thread 0x0000000002c61000 Uncommon trap: reason=unloaded action=reinterpret pc=0x00000000032cf8c4 method=com.android.dx.cf.cst.ConstantPoolParser.parse0(ILjava/util/BitSet;)Lcom/android/dx/rop/cst/Constant; @ 198

Internal exceptions (3 events):
Event: 0.128 Thread 0x0000000002c61000 Exception <a 'java/lang/NoSuchMethodError': Method sun.misc.Unsafe.defineClass(Ljava/lang/String;[BII)Ljava/lang/Class; name or signature does not match> (0x00000000eab0d788) thrown at [D:\re\puppet\workspace\8-2-build-windows-amd64-cygwin\jdk8u73\6086\hoth;èi¿?
Event: 0.128 Thread 0x0000000002c61000 Exception <a 'java/lang/NoSuchMethodError': Method sun.misc.Unsafe.prefetchRead(Ljava/lang/Object;J)V name or signature does not match> (0x00000000eab0da70) thrown at [D:\re\puppet\workspace\8-2-build-windows-amd64-cygwin\jdk8u73\6086\hotspot\src\share\vm\÷èÌ‹M@
Event: 2.133 Thread 0x00000000170a9000 Implicit null exception at 0x0000000002fbb5a8 to 0x0000000002fbd071

Events (10 events):
Event: 2.089 Thread 0x00000000170a9000 DEOPT PACKING pc=0x00000000031521a4 sp=0x00000000178de940
Event: 2.089 Thread 0x00000000170a9000 DEOPT UNPACKING pc=0x0000000002da582a sp=0x00000000178de780 mode 2
Event: 2.133 Thread 0x00000000170a9000 Uncommon trap: trap_request=0xfffffff4 fr.pc=0x0000000002fbd094
Event: 2.133 Thread 0x00000000170a9000 DEOPT PACKING pc=0x0000000002fbd094 sp=0x00000000178deb70
Event: 2.134 Thread 0x00000000170a9000 DEOPT UNPACKING pc=0x0000000002da582a sp=0x00000000178dea08 mode 2
Event: 2.164 Thread 0x0000000002c61000 Uncommon trap: trap_request=0x000000d2 fr.pc=0x00000000032cf8c4
Event: 2.164 Thread 0x0000000002c61000 DEOPT PACKING pc=0x00000000032cf8c4 sp=0x0000000002c5ec00
Event: 2.165 Thread 0x0000000002c61000 DEOPT UNPACKING pc=0x0000000002da582a sp=0x0000000002c5ebc8 mode 2
Event: 2.180 Thread 0x00000000170a9000 DEOPT PACKING pc=0x0000000003049581 sp=0x00000000178decd0
Event: 2.180 Thread 0x00000000170a9000 DEOPT UNPACKING pc=0x0000000002da747f sp=0x00000000178dea98 mode 0


Dynamic libraries:
0x00007ff659380000 - 0x00007ff6593b7000 	C:\Program Files\Java\jdk1.8.0_73\bin\java.exe
0x00007fff36470000 - 0x00007fff3661a000 	C:\Windows\SYSTEM32\ntdll.dll
0x00007fff34190000 - 0x00007fff342ca000 	C:\Windows\system32\KERNEL32.DLL
0x00007fff338b0000 - 0x00007fff339bf000 	C:\Windows\system32\KERNELBASE.dll
0x00007fff32410000 - 0x00007fff32498000 	C:\Windows\system32\apphelp.dll
0x00007fff11c30000 - 0x00007fff11c7f000 	C:\Windows\AppPatch\AppPatch64\AcGenral.DLL
0x00007fff34310000 - 0x00007fff343b7000 	C:\Windows\system32\msvcrt.dll
0x00007fff335c0000 - 0x00007fff335eb000 	C:\Windows\SYSTEM32\SspiCli.dll
0x00007fff34420000 - 0x00007fff34471000 	C:\Windows\system32\SHLWAPI.dll
0x00007fff34c30000 - 0x00007fff34da1000 	C:\Windows\system32\USER32.dll
0x00007fff33e00000 - 0x00007fff33f78000 	C:\Windows\system32\ole32.dll
0x00007fff34db0000 - 0x00007fff361c7000 	C:\Windows\system32\SHELL32.dll
0x00007fff32df0000 - 0x00007fff32e0e000 	C:\Windows\SYSTEM32\USERENV.dll
0x00007fff34a50000 - 0x00007fff34af5000 	C:\Windows\system32\ADVAPI32.dll
0x00007fff2cb20000 - 0x00007fff2cb3b000 	C:\Windows\SYSTEM32\MPR.dll
0x00007fff361d0000 - 0x00007fff36306000 	C:\Windows\system32\RPCRT4.dll
0x00007fff34b00000 - 0x00007fff34b57000 	C:\Windows\SYSTEM32\sechost.dll
0x00007fff34690000 - 0x00007fff34866000 	C:\Windows\SYSTEM32\combase.dll
0x00007fff34040000 - 0x00007fff34185000 	C:\Windows\system32\GDI32.dll
0x00007fff337e0000 - 0x00007fff337f4000 	C:\Windows\SYSTEM32\profapi.dll
0x00007fff320b0000 - 0x00007fff3214f000 	C:\Windows\SYSTEM32\SHCORE.dll
0x00007fff342d0000 - 0x00007fff34304000 	C:\Windows\system32\IMM32.DLL
0x00007fff36310000 - 0x00007fff36449000 	C:\Windows\system32\MSCTF.dll
0x00007fff31850000 - 0x00007fff31aaa000 	C:\Windows\WinSxS\amd64_microsoft.windows.common-controls_6595b64144ccf1df_6.0.9600.17031_none_6242a4b3ecbb55a1\COMCTL32.dll
0x0000000077d80000 - 0x0000000077e52000 	C:\Program Files\Java\jdk1.8.0_73\jre\bin\msvcr100.dll
0x0000000050100000 - 0x0000000050990000 	C:\Program Files\Java\jdk1.8.0_73\jre\bin\server\jvm.dll
0x00007fff2cc80000 - 0x00007fff2cc89000 	C:\Windows\SYSTEM32\WSOCK32.dll
0x00007fff30fa0000 - 0x00007fff30fbf000 	C:\Windows\SYSTEM32\WINMM.dll
0x00007fff30fc0000 - 0x00007fff30fca000 	C:\Windows\SYSTEM32\VERSION.dll
0x00007fff34b70000 - 0x00007fff34b77000 	C:\Windows\system32\PSAPI.DLL
0x00007fff343c0000 - 0x00007fff34418000 	C:\Windows\system32\WS2_32.dll
0x00007fff30f00000 - 0x00007fff30f2a000 	C:\Windows\SYSTEM32\WINMMBASE.dll
0x00007fff34b60000 - 0x00007fff34b69000 	C:\Windows\system32\NSI.dll
0x00007fff33ba0000 - 0x00007fff33bea000 	C:\Windows\SYSTEM32\cfgmgr32.dll
0x00007fff32660000 - 0x00007fff32686000 	C:\Windows\SYSTEM32\DEVOBJ.dll
0x00000000514c0000 - 0x00000000514cf000 	C:\Program Files\Java\jdk1.8.0_73\jre\bin\verify.dll
0x0000000051490000 - 0x00000000514b9000 	C:\Program Files\Java\jdk1.8.0_73\jre\bin\java.dll
0x0000000051470000 - 0x0000000051486000 	C:\Program Files\Java\jdk1.8.0_73\jre\bin\zip.dll

VM Arguments:
jvm_args: -Djava.awt.headless=true -Xmx1024M -Dfile.encoding=windows-1252 -Duser.country=US -Duser.language=en -Duser.variant 
java_command: com.android.dx.command.Main --dex --num-threads=4 --output C:\Users\Robertus Pamungkas\Desktop\ProjectPam16v1\app\build\intermediates\pre-dexed\debug\com.android.support-design-24.2.1_6074d71d60e0b7ca70333d967114052a6d4c1a9a.jar C:\Users\Robertus Pamungkas\Desktop\ProjectPam16v1\app\build\intermediates\exploded-aar\com.android.support\design\24.2.1\jars\classes.jar
java_class_path (initial): H:\Kuliah\Semester 5\PAM 2016\sdk\build-tools\25.0.0\lib\dx.jar
Launcher Type: SUN_STANDARD

Environment Variables:
PATH=C:\ProgramData\Oracle\Java\javapath;C:\Windows\system32;C:\Windows;C:\Windows\System32\Wbem;C:\Windows\System32\WindowsPowerShell\v1.0\;C:\Program Files (x86)\AMD\ATI.ACE\Core-Static;C:\Program Files\Microsoft\Web Platform Installer\;C:\Program Files (x86)\Microsoft ASP.NET\ASP.NET Web Pages\v1.0\;C:\Program Files (x86)\Windows Kits\8.0\Windows Performance Toolkit\;C:\Program Files\Microsoft SQL Server\110\Tools\Binn\;C:\Program Files\Microsoft SQL Server\110\DTS\Binn\;C:\Program Files (x86)\Microsoft SQL Server\110\Tools\Binn\ManagementStudio\;C:\Program Files (x86)\Microsoft SQL Server\110\Tools\Binn\;C:\Program Files (x86)\Microsoft Visual Studio 10.0\Common7\IDE\PrivateAssemblies\;C:\Program Files (x86)\Microsoft SQL Server\110\DTS\Binn\
USERNAME=Robertus Pamungkas
OS=Windows_NT
PROCESSOR_IDENTIFIER=AMD64 Family 16 Model 4 Stepping 3, AuthenticAMD



---------------  S Y S T E M  ---------------

OS: Windows 8.1 , 64 bit Build 9600 (6.3.9600.17056)

CPU:total 4 (4 cores per cpu, 1 threads per core) family 16 model 4 stepping 3, cmov, cx8, fxsr, mmx, sse, sse2, sse3, popcnt, mmxext, 3dnowpref, lzcnt, sse4a, tsc, tscinvbit, tscinv

Memory: 4k page, physical 8387700k(2052252k free), swap 8387700k(5596k free)

vm_info: Java HotSpot(TM) 64-Bit Server VM (25.73-b02) for windows-amd64 JRE (1.8.0_73-b02), built on Jan 29 2016 17:38:49 by "java_re" with MS VC++ 10.0 (VS2010)

time: Thu Dec 01 02:32:49 2016
elapsed time: 2 seconds (0d 0h 0m 2s)

