#
# There is insufficient memory for the Java Runtime Environment to continue.
# Native memory allocation (malloc) failed to allocate 946576 bytes for Chunk::new
# Possible reasons:
#   The system is out of physical RAM or swap space
#   In 32 bit mode, the process size limit was hit
# Possible solutions:
#   Reduce memory load on the system
#   Increase physical memory or swap space
#   Check if swap backing store is full
#   Use 64 bit Java on a 64 bit OS
#   Decrease Java heap size (-Xmx/-Xms)
#   Decrease number of Java threads
#   Decrease Java thread stack sizes (-Xss)
#   Set larger code cache with -XX:ReservedCodeCacheSize=
# This output file may be truncated or incomplete.
#
#  Out of Memory Error (allocation.cpp:390), pid=7220, tid=3744
#
# JRE version: Java(TM) SE Runtime Environment (8.0_73-b02) (build 1.8.0_73-b02)
# Java VM: Java HotSpot(TM) 64-Bit Server VM (25.73-b02 mixed mode windows-amd64 compressed oops)
# Failed to write core dump. Minidumps are not enabled by default on client versions of Windows
#

---------------  T H R E A D  ---------------

Current thread (0x00000000151bb800):  JavaThread "C2 CompilerThread0" daemon [_thread_in_native, id=3744, stack(0x0000000016860000,0x0000000016960000)]

Stack: [0x0000000016860000,0x0000000016960000]
[error occurred during error reporting (printing stack bounds), id 0xc0000005]

Native frames: (J=compiled Java code, j=interpreted, Vv=VM code, C=native code)


Current CompileTask:
C2:   5110 1461       4       com.android.dx.dex.code.OutputFinisher::addConstants (93 bytes)


---------------  P R O C E S S  ---------------

Java Threads: ( => current thread )
  0x0000000016b6d800 JavaThread "Service Thread" daemon [_thread_blocked, id=6696, stack(0x0000000016f60000,0x0000000017060000)]
  0x000000001521d000 JavaThread "C1 CompilerThread2" daemon [_thread_blocked, id=4524, stack(0x0000000016a60000,0x0000000016b60000)]
  0x0000000015217000 JavaThread "C2 CompilerThread1" daemon [_thread_blocked, id=4908, stack(0x0000000016960000,0x0000000016a60000)]
=>0x00000000151bb800 JavaThread "C2 CompilerThread0" daemon [_thread_in_native, id=3744, stack(0x0000000016860000,0x0000000016960000)]
  0x00000000151ba000 JavaThread "Attach Listener" daemon [_thread_blocked, id=7544, stack(0x0000000016760000,0x0000000016860000)]
  0x00000000151b9000 JavaThread "Signal Dispatcher" daemon [_thread_blocked, id=6116, stack(0x0000000016660000,0x0000000016760000)]
  0x0000000002a06000 JavaThread "Finalizer" daemon [_thread_blocked, id=1220, stack(0x0000000016410000,0x0000000016510000)]
  0x00000000029fd000 JavaThread "Reference Handler" daemon [_thread_blocked, id=4672, stack(0x0000000016310000,0x0000000016410000)]
  0x0000000002911000 JavaThread "main" [_thread_in_vm, id=7872, stack(0x0000000002770000,0x0000000002870000)]

Other Threads:
  0x0000000015187800 VMThread [stack: 0x0000000016210000,0x0000000016310000] [id=5140]
  0x0000000016b67000 WatcherThread [stack: 0x0000000017060000,0x0000000017160000] [id=7452]

VM state:not at safepoint (normal execution)

VM Mutex/Monitor currently owned by a thread: None

Heap:
 PSYoungGen      total 38400K, used 20228K [0x00000000eab00000, 0x00000000ed580000, 0x0000000100000000)
  eden space 33280K, 45% used [0x00000000eab00000,0x00000000eb9c3570,0x00000000ecb80000)
  from space 5120K, 99% used [0x00000000ecb80000,0x00000000ed07dca8,0x00000000ed080000)
  to   space 5120K, 0% used [0x00000000ed080000,0x00000000ed080000,0x00000000ed580000)
 ParOldGen       total 87552K, used 1810K [0x00000000c0000000, 0x00000000c5580000, 0x00000000eab00000)
  object space 87552K, 2% used [0x00000000c0000000,0x00000000c01c4828,0x00000000c5580000)
 Metaspace       used 6308K, capacity 7312K, committed 7680K, reserved 1056768K
  class space    used 610K, capacity 648K, committed 768K, reserved 1048576K

Card table byte_map: [0x0000000011eb0000,0x00000000120c0000] byte_map_base: 0x00000000118b0000

Marking Bits: (ParMarkBitMap*) 0x0000000050910600
 Begin Bits: [0x0000000012620000, 0x0000000013620000)
 End Bits:   [0x0000000013620000, 0x0000000014620000)

Polling page: 0x0000000000f70000

CodeCache: size=245760Kb used=6842Kb max_used=6842Kb free=238917Kb
 bounds [0x0000000002af0000, 0x00000000031b0000, 0x0000000011af0000]
 total_blobs=1956 nmethods=1692 adapters=177
 compilation: enabled

Compilation events (10 events):
Event: 4.962 Thread 0x000000001521d000 nmethod 1691 0x0000000003195650 code [0x00000000031957c0, 0x0000000003195a68]
Event: 4.963 Thread 0x0000000015217000 nmethod 1692 0x000000000319c090 code [0x000000000319c1e0, 0x000000000319c2d8]
Event: 4.963 Thread 0x000000001521d000 1693       3       com.android.dx.dex.file.DebugInfoEncoder::emitHeader (530 bytes)
Event: 4.967 Thread 0x000000001521d000 nmethod 1693 0x000000000319c410 code [0x000000000319ca40, 0x00000000031a1328]
Event: 4.967 Thread 0x000000001521d000 1694       3       com.android.dx.dex.file.DebugInfoEncoder::extractMethodArguments (132 bytes)
Event: 4.968 Thread 0x000000001521d000 nmethod 1694 0x000000000319a050 code [0x000000000319a2e0, 0x000000000319b5f8]
Event: 4.968 Thread 0x000000001521d000 1695       3       com.android.dx.dex.file.DebugInfoEncoder::emitUnsignedLeb128 (41 bytes)
Event: 4.969 Thread 0x000000001521d000 nmethod 1695 0x00000000031a4050 code [0x00000000031a4260, 0x00000000031a4c38]
Event: 4.969 Thread 0x000000001521d000 1696       3       com.android.dx.util.ByteArrayAnnotatedOutput::<init> (8 bytes)
Event: 4.969 Thread 0x000000001521d000 nmethod 1696 0x0000000003199b50 code [0x0000000003199cc0, 0x0000000003199f48]

GC Heap History (2 events):
Event: 4.038 GC heap before
{Heap before GC invocations=1 (full 0):
 PSYoungGen      total 38400K, used 33280K [0x00000000eab00000, 0x00000000ed580000, 0x0000000100000000)
  eden space 33280K, 100% used [0x00000000eab00000,0x00000000ecb80000,0x00000000ecb80000)
  from space 5120K, 0% used [0x00000000ed080000,0x00000000ed080000,0x00000000ed580000)
  to   space 5120K, 0% used [0x00000000ecb80000,0x00000000ecb80000,0x00000000ed080000)
 ParOldGen       total 87552K, used 0K [0x00000000c0000000, 0x00000000c5580000, 0x00000000eab00000)
  object space 87552K, 0% used [0x00000000c0000000,0x00000000c0000000,0x00000000c5580000)
 Metaspace       used 5926K, capacity 7024K, committed 7296K, reserved 1056768K
  class space    used 589K, capacity 616K, committed 640K, reserved 1048576K
Event: 4.071 GC heap after
Heap after GC invocations=1 (full 0):
 PSYoungGen      total 38400K, used 5111K [0x00000000eab00000, 0x00000000ed580000, 0x0000000100000000)
  eden space 33280K, 0% used [0x00000000eab00000,0x00000000eab00000,0x00000000ecb80000)
  from space 5120K, 99% used [0x00000000ecb80000,0x00000000ed07dca8,0x00000000ed080000)
  to   space 5120K, 0% used [0x00000000ed080000,0x00000000ed080000,0x00000000ed580000)
 ParOldGen       total 87552K, used 1810K [0x00000000c0000000, 0x00000000c5580000, 0x00000000eab00000)
  object space 87552K, 2% used [0x00000000c0000000,0x00000000c01c4828,0x00000000c5580000)
 Metaspace       used 5926K, capacity 7024K, committed 7296K, reserved 1056768K
  class space    used 589K, capacity 616K, committed 640K, reserved 1048576K
}

Deoptimization events (10 events):
Event: 4.581 Thread 0x0000000002911000 Uncommon trap: reason=bimorphic action=maybe_recompile pc=0x0000000002dd37fc method=java.util.HashMap.getNode(ILjava/lang/Object;)Ljava/util/HashMap$Node; @ 126
Event: 4.583 Thread 0x0000000002911000 Uncommon trap: reason=class_check action=maybe_recompile pc=0x0000000002f9f95c method=java.util.HashMap.putVal(ILjava/lang/Object;Ljava/lang/Object;ZZ)Ljava/lang/Object; @ 203
Event: 4.589 Thread 0x0000000002911000 Uncommon trap: reason=class_check action=maybe_recompile pc=0x0000000002f9f95c method=java.util.HashMap.putVal(ILjava/lang/Object;Ljava/lang/Object;ZZ)Ljava/lang/Object; @ 203
Event: 4.589 Thread 0x0000000002911000 Uncommon trap: reason=class_check action=maybe_recompile pc=0x0000000002f9f95c method=java.util.HashMap.putVal(ILjava/lang/Object;Ljava/lang/Object;ZZ)Ljava/lang/Object; @ 203
Event: 4.589 Thread 0x0000000002911000 Uncommon trap: reason=class_check action=maybe_recompile pc=0x0000000002f9e9e8 method=java.util.HashMap.putVal(ILjava/lang/Object;Ljava/lang/Object;ZZ)Ljava/lang/Object; @ 203
Event: 4.665 Thread 0x0000000002911000 Uncommon trap: reason=speculate_class_check action=maybe_recompile pc=0x0000000002ec36e8 method=com.android.dx.util.FixedSizeList.equals(Ljava/lang/Object;)Z @ 25
Event: 4.665 Thread 0x0000000002911000 Uncommon trap: reason=speculate_class_check action=maybe_recompile pc=0x0000000002ec36e8 method=com.android.dx.util.FixedSizeList.equals(Ljava/lang/Object;)Z @ 25
Event: 4.665 Thread 0x0000000002911000 Uncommon trap: reason=speculate_class_check action=maybe_recompile pc=0x0000000002ec36e8 method=com.android.dx.util.FixedSizeList.equals(Ljava/lang/Object;)Z @ 25
Event: 4.665 Thread 0x0000000002911000 Uncommon trap: reason=speculate_class_check action=maybe_recompile pc=0x0000000002ec36e8 method=com.android.dx.util.FixedSizeList.equals(Ljava/lang/Object;)Z @ 25
Event: 4.907 Thread 0x0000000002911000 Uncommon trap: reason=unstable_if action=reinterpret pc=0x000000000315294c method=com.android.dx.dex.code.OutputFinisher.findOpcodeForInsn(Lcom/android/dx/dex/code/DalvInsn;Lcom/android/dx/dex/code/Dop;)Lcom/android/dx/dex/code/Dop; @ 1

Internal exceptions (3 events):
Event: 0.239 Thread 0x0000000002911000 Exception <a 'java/lang/NoSuchMethodError': Method sun.misc.Unsafe.defineClass(Ljava/lang/String;[BII)Ljava/lang/Class; name or signature does not match> (0x00000000eab0d958) thrown at [D:\re\puppet\workspace\8-2-build-windows-amd64-cygwin\jdk8u73\6086\hotð®®‰“Î?
Event: 0.239 Thread 0x0000000002911000 Exception <a 'java/lang/NoSuchMethodError': Method sun.misc.Unsafe.prefetchRead(Ljava/lang/Object;J)V name or signature does not match> (0x00000000eab0dc40) thrown at [D:\re\puppet\workspace\8-2-build-windows-amd64-cygwin\jdk8u73\6086\hotspot\src\share\vm\Îq%¬”]@
Event: 4.091 Thread 0x0000000016db0800 Implicit null exception at 0x0000000002fbbea2 to 0x0000000002fbbf41

Events (10 events):
Event: 4.908 loading class com/android/dx/rop/code/RegisterSpecList$Expander
Event: 4.908 loading class com/android/dx/rop/code/RegisterSpecList$Expander done
Event: 4.950 loading class com/android/dx/dex/file/DebugInfoEncoder
Event: 4.950 loading class com/android/dx/dex/file/DebugInfoEncoder done
Event: 4.951 loading class com/android/dx/dex/file/DebugInfoEncoder$1
Event: 4.951 loading class com/android/dx/dex/file/DebugInfoEncoder$1 done
Event: 4.952 loading class com/android/dx/dex/file/DebugInfoEncoder$2
Event: 4.952 loading class com/android/dx/dex/file/DebugInfoEncoder$2 done
Event: 4.964 loading class com/android/dex/EncodedValueCodec
Event: 4.964 loading class com/android/dex/EncodedValueCodec done


Dynamic libraries:
0x00007ff659380000 - 0x00007ff6593b7000 	C:\Program Files\Java\jdk1.8.0_73\bin\java.exe
0x00007fff36470000 - 0x00007fff3661a000 	C:\Windows\SYSTEM32\ntdll.dll
0x00007fff34190000 - 0x00007fff342ca000 	C:\Windows\system32\KERNEL32.DLL
0x00007fff338b0000 - 0x00007fff339bf000 	C:\Windows\system32\KERNELBASE.dll
0x00007fff32410000 - 0x00007fff32498000 	C:\Windows\system32\apphelp.dll
0x00007fff11c80000 - 0x00007fff11ccf000 	C:\Windows\AppPatch\AppPatch64\AcGenral.DLL
0x00007fff34310000 - 0x00007fff343b7000 	C:\Windows\system32\msvcrt.dll
0x00007fff335c0000 - 0x00007fff335eb000 	C:\Windows\SYSTEM32\SspiCli.dll
0x00007fff34420000 - 0x00007fff34471000 	C:\Windows\system32\SHLWAPI.dll
0x00007fff34c30000 - 0x00007fff34da1000 	C:\Windows\system32\USER32.dll
0x00007fff33e00000 - 0x00007fff33f78000 	C:\Windows\system32\ole32.dll
0x00007fff34db0000 - 0x00007fff361c7000 	C:\Windows\system32\SHELL32.dll
0x00007fff32df0000 - 0x00007fff32e0e000 	C:\Windows\SYSTEM32\USERENV.dll
0x00007fff34a50000 - 0x00007fff34af5000 	C:\Windows\system32\ADVAPI32.dll
0x00007fff2cb20000 - 0x00007fff2cb3b000 	C:\Windows\SYSTEM32\MPR.dll
0x00007fff361d0000 - 0x00007fff36306000 	C:\Windows\system32\RPCRT4.dll
0x00007fff34b00000 - 0x00007fff34b57000 	C:\Windows\SYSTEM32\sechost.dll
0x00007fff34690000 - 0x00007fff34866000 	C:\Windows\SYSTEM32\combase.dll
0x00007fff34040000 - 0x00007fff34185000 	C:\Windows\system32\GDI32.dll
0x00007fff337e0000 - 0x00007fff337f4000 	C:\Windows\SYSTEM32\profapi.dll
0x00007fff320b0000 - 0x00007fff3214f000 	C:\Windows\SYSTEM32\SHCORE.dll
0x00007fff342d0000 - 0x00007fff34304000 	C:\Windows\system32\IMM32.DLL
0x00007fff36310000 - 0x00007fff36449000 	C:\Windows\system32\MSCTF.dll
0x00007fff31850000 - 0x00007fff31aaa000 	C:\Windows\WinSxS\amd64_microsoft.windows.common-controls_6595b64144ccf1df_6.0.9600.17031_none_6242a4b3ecbb55a1\COMCTL32.dll
0x0000000077d80000 - 0x0000000077e52000 	C:\Program Files\Java\jdk1.8.0_73\jre\bin\msvcr100.dll
0x0000000050100000 - 0x0000000050990000 	C:\Program Files\Java\jdk1.8.0_73\jre\bin\server\jvm.dll
0x00007fff2cc80000 - 0x00007fff2cc89000 	C:\Windows\SYSTEM32\WSOCK32.dll
0x00007fff30fa0000 - 0x00007fff30fbf000 	C:\Windows\SYSTEM32\WINMM.dll
0x00007fff30fc0000 - 0x00007fff30fca000 	C:\Windows\SYSTEM32\VERSION.dll
0x00007fff34b70000 - 0x00007fff34b77000 	C:\Windows\system32\PSAPI.DLL
0x00007fff343c0000 - 0x00007fff34418000 	C:\Windows\system32\WS2_32.dll
0x00007fff30f00000 - 0x00007fff30f2a000 	C:\Windows\SYSTEM32\WINMMBASE.dll
0x00007fff34b60000 - 0x00007fff34b69000 	C:\Windows\system32\NSI.dll
0x00007fff33ba0000 - 0x00007fff33bea000 	C:\Windows\SYSTEM32\cfgmgr32.dll
0x00007fff32660000 - 0x00007fff32686000 	C:\Windows\SYSTEM32\DEVOBJ.dll
0x00000000514c0000 - 0x00000000514cf000 	C:\Program Files\Java\jdk1.8.0_73\jre\bin\verify.dll
0x0000000051490000 - 0x00000000514b9000 	C:\Program Files\Java\jdk1.8.0_73\jre\bin\java.dll
0x0000000051470000 - 0x0000000051486000 	C:\Program Files\Java\jdk1.8.0_73\jre\bin\zip.dll

VM Arguments:
jvm_args: -Djava.awt.headless=true -Xmx1024M -Dfile.encoding=windows-1252 -Duser.country=US -Duser.language=en -Duser.variant 
java_command: com.android.dx.command.Main --dex --force-jumbo --num-threads=4 --output C:\Users\Robertus Pamungkas\Desktop\ProjectPam16v1\app\build\intermediates\pre-dexed\debug\com.android.support-support-core-utils-24.2.1_d1b9392eb92c701f5aec24f386d94f450d71a649.jar C:\Users\Robertus Pamungkas\Desktop\ProjectPam16v1\app\build\intermediates\exploded-aar\com.android.support\support-core-utils\24.2.1\jars\classes.jar
java_class_path (initial): H:\Kuliah\Semester 5\PAM 2016\sdk\build-tools\25.0.0\lib\dx.jar
Launcher Type: SUN_STANDARD

Environment Variables:
PATH=C:\ProgramData\Oracle\Java\javapath;C:\Windows\system32;C:\Windows;C:\Windows\System32\Wbem;C:\Windows\System32\WindowsPowerShell\v1.0\;C:\Program Files (x86)\AMD\ATI.ACE\Core-Static;C:\Program Files\Microsoft\Web Platform Installer\;C:\Program Files (x86)\Microsoft ASP.NET\ASP.NET Web Pages\v1.0\;C:\Program Files (x86)\Windows Kits\8.0\Windows Performance Toolkit\;C:\Program Files\Microsoft SQL Server\110\Tools\Binn\;C:\Program Files\Microsoft SQL Server\110\DTS\Binn\;C:\Program Files (x86)\Microsoft SQL Server\110\Tools\Binn\ManagementStudio\;C:\Program Files (x86)\Microsoft SQL Server\110\Tools\Binn\;C:\Program Files (x86)\Microsoft Visual Studio 10.0\Common7\IDE\PrivateAssemblies\;C:\Program Files (x86)\Microsoft SQL Server\110\DTS\Binn\
USERNAME=Robertus Pamungkas
OS=Windows_NT
PROCESSOR_IDENTIFIER=AMD64 Family 16 Model 4 Stepping 3, AuthenticAMD



---------------  S Y S T E M  ---------------

OS: Windows 8.1 , 64 bit Build 9600 (6.3.9600.17056)

CPU:total 4 (4 cores per cpu, 1 threads per core) family 16 model 4 stepping 3, cmov, cx8, fxsr, mmx, sse, sse2, sse3, popcnt, mmxext, 3dnowpref, lzcnt, sse4a, tsc, tscinvbit, tscinv

Memory: 4k page, physical 8387700k(2035808k free), swap 8387700k(5872k free)

vm_info: Java HotSpot(TM) 64-Bit Server VM (25.73-b02) for windows-amd64 JRE (1.8.0_73-b02), built on Jan 29 2016 17:38:49 by "java_re" with MS VC++ 10.0 (VS2010)

time: Thu Dec 01 03:12:15 2016
elapsed time: 5 seconds (0d 0h 0m 5s)

