#
# There is insufficient memory for the Java Runtime Environment to continue.
# Native memory allocation (malloc) failed to allocate 399696 bytes for Chunk::new
# Possible reasons:
#   The system is out of physical RAM or swap space
#   In 32 bit mode, the process size limit was hit
# Possible solutions:
#   Reduce memory load on the system
#   Increase physical memory or swap space
#   Check if swap backing store is full
#   Use 64 bit Java on a 64 bit OS
#   Decrease Java heap size (-Xmx/-Xms)
#   Decrease number of Java threads
#   Decrease Java thread stack sizes (-Xss)
#   Set larger code cache with -XX:ReservedCodeCacheSize=
# This output file may be truncated or incomplete.
#
#  Out of Memory Error (allocation.cpp:390), pid=7048, tid=2380
#
# JRE version: Java(TM) SE Runtime Environment (8.0_73-b02) (build 1.8.0_73-b02)
# Java VM: Java HotSpot(TM) 64-Bit Server VM (25.73-b02 mixed mode windows-amd64 compressed oops)
# Failed to write core dump. Minidumps are not enabled by default on client versions of Windows
#

---------------  T H R E A D  ---------------

Current thread (0x00000000155d5800):  JavaThread "C2 CompilerThread1" daemon [_thread_in_native, id=2380, stack(0x0000000016d20000,0x0000000016e20000)]

Stack: [0x0000000016d20000,0x0000000016e20000]
[error occurred during error reporting (printing stack bounds), id 0xc0000005]

Native frames: (J=compiled Java code, j=interpreted, Vv=VM code, C=native code)


Current CompileTask:
C2:   4606 1424       4       com.android.dx.ssa.SCCP::simulatePhiBlock (50 bytes)


---------------  P R O C E S S  ---------------

Java Threads: ( => current thread )
  0x0000000017171000 JavaThread "pool-1-thread-4" [_thread_blocked, id=5300, stack(0x0000000017920000,0x0000000017a20000)]
  0x000000001716f800 JavaThread "pool-1-thread-3" [_thread_blocked, id=5552, stack(0x0000000017820000,0x0000000017920000)]
  0x000000001716f000 JavaThread "pool-1-thread-2" [_thread_in_Java, id=4340, stack(0x0000000017720000,0x0000000017820000)]
  0x0000000017218800 JavaThread "pool-2-thread-1" [_thread_blocked, id=5800, stack(0x0000000017620000,0x0000000017720000)]
  0x0000000017216000 JavaThread "pool-1-thread-1" [_thread_blocked, id=3600, stack(0x0000000017520000,0x0000000017620000)]
  0x00000000155de800 JavaThread "Service Thread" daemon [_thread_blocked, id=6912, stack(0x0000000017320000,0x0000000017420000)]
  0x00000000155dc000 JavaThread "C1 CompilerThread2" daemon [_thread_blocked, id=3716, stack(0x0000000016e20000,0x0000000016f20000)]
=>0x00000000155d5800 JavaThread "C2 CompilerThread1" daemon [_thread_in_native, id=2380, stack(0x0000000016d20000,0x0000000016e20000)]
  0x000000001557a800 JavaThread "C2 CompilerThread0" daemon [_thread_in_native, id=3668, stack(0x0000000016c20000,0x0000000016d20000)]
  0x0000000015579000 JavaThread "Attach Listener" daemon [_thread_blocked, id=1868, stack(0x0000000016b20000,0x0000000016c20000)]
  0x0000000015578000 JavaThread "Signal Dispatcher" daemon [_thread_blocked, id=7104, stack(0x0000000016a20000,0x0000000016b20000)]
  0x0000000002da6000 JavaThread "Finalizer" daemon [_thread_blocked, id=4396, stack(0x00000000167d0000,0x00000000168d0000)]
  0x0000000002d9d000 JavaThread "Reference Handler" daemon [_thread_blocked, id=2508, stack(0x00000000166d0000,0x00000000167d0000)]
  0x0000000002cb1000 JavaThread "main" [_thread_blocked, id=480, stack(0x0000000002af0000,0x0000000002bf0000)]

Other Threads:
  0x0000000015547800 VMThread [stack: 0x00000000165d0000,0x00000000166d0000] [id=4236]
  0x0000000016f26800 WatcherThread [stack: 0x0000000017420000,0x0000000017520000] [id=6116]

VM state:not at safepoint (normal execution)

VM Mutex/Monitor currently owned by a thread: None

Heap:
 PSYoungGen      total 38400K, used 24758K [0x00000000eab00000, 0x00000000ef600000, 0x0000000100000000)
  eden space 33280K, 59% used [0x00000000eab00000,0x00000000ebe32ec8,0x00000000ecb80000)
  from space 5120K, 99% used [0x00000000ecb80000,0x00000000ed07aaa0,0x00000000ed080000)
  to   space 5120K, 0% used [0x00000000ef100000,0x00000000ef100000,0x00000000ef600000)
 ParOldGen       total 87552K, used 2313K [0x00000000c0000000, 0x00000000c5580000, 0x00000000eab00000)
  object space 87552K, 2% used [0x00000000c0000000,0x00000000c0242588,0x00000000c5580000)
 Metaspace       used 6065K, capacity 6960K, committed 7040K, reserved 1056768K
  class space    used 596K, capacity 616K, committed 640K, reserved 1048576K

Card table byte_map: [0x0000000012270000,0x0000000012480000] byte_map_base: 0x0000000011c70000

Marking Bits: (ParMarkBitMap*) 0x000000005f7b0600
 Begin Bits: [0x00000000129e0000, 0x00000000139e0000)
 End Bits:   [0x00000000139e0000, 0x00000000149e0000)

Polling page: 0x0000000001530000

CodeCache: size=245760Kb used=5980Kb max_used=5980Kb free=239779Kb
 bounds [0x0000000002eb0000, 0x0000000003490000, 0x0000000011eb0000]
 total_blobs=1712 nmethods=1443 adapters=182
 compilation: enabled

Compilation events (10 events):
Event: 4.601 Thread 0x00000000155dc000 1448       3       com.android.dx.rop.cst.CstType::<init> (46 bytes)
Event: 4.601 Thread 0x00000000155dc000 nmethod 1448 0x0000000003486810 code [0x00000000034869c0, 0x0000000003486e58]
Event: 4.601 Thread 0x00000000155dc000 1449       3       com.android.dx.cf.direct.StdAttributeFactory::localVariableTable (98 bytes)
Event: 4.602 Thread 0x00000000155dc000 nmethod 1449 0x0000000003487050 code [0x0000000003487300, 0x0000000003488458]
Event: 4.602 Thread 0x00000000155dc000 1450       3       com.android.dx.cf.code.OneLocalsArray::merge (22 bytes)
Event: 4.602 Thread 0x00000000155dc000 nmethod 1450 0x0000000003489010 code [0x00000000034891e0, 0x0000000003489918]
Event: 4.602 Thread 0x00000000155dc000 1452       3       com.android.dx.ssa.PhiInsn::mapSourceRegisters (78 bytes)
Event: 4.603 Thread 0x00000000155dc000 nmethod 1452 0x0000000003489b50 code [0x0000000003489d40, 0x000000000348a6e8]
Event: 4.603 Thread 0x00000000155dc000 1451   !   3       com.android.dx.cf.code.OneLocalsArray::merge (31 bytes)
Event: 4.603 Thread 0x00000000155dc000 nmethod 1451 0x000000000348ab10 code [0x000000000348acc0, 0x000000000348b088]

GC Heap History (2 events):
Event: 3.544 GC heap before
{Heap before GC invocations=1 (full 0):
 PSYoungGen      total 38400K, used 33280K [0x00000000eab00000, 0x00000000ed580000, 0x0000000100000000)
  eden space 33280K, 100% used [0x00000000eab00000,0x00000000ecb80000,0x00000000ecb80000)
  from space 5120K, 0% used [0x00000000ed080000,0x00000000ed080000,0x00000000ed580000)
  to   space 5120K, 0% used [0x00000000ecb80000,0x00000000ecb80000,0x00000000ed080000)
 ParOldGen       total 87552K, used 0K [0x00000000c0000000, 0x00000000c5580000, 0x00000000eab00000)
  object space 87552K, 0% used [0x00000000c0000000,0x00000000c0000000,0x00000000c5580000)
 Metaspace       used 6010K, capacity 6960K, committed 7040K, reserved 1056768K
  class space    used 596K, capacity 616K, committed 640K, reserved 1048576K
Event: 3.844 GC heap after
Heap after GC invocations=1 (full 0):
 PSYoungGen      total 38400K, used 5098K [0x00000000eab00000, 0x00000000ef600000, 0x0000000100000000)
  eden space 33280K, 0% used [0x00000000eab00000,0x00000000eab00000,0x00000000ecb80000)
  from space 5120K, 99% used [0x00000000ecb80000,0x00000000ed07aaa0,0x00000000ed080000)
  to   space 5120K, 0% used [0x00000000ef100000,0x00000000ef100000,0x00000000ef600000)
 ParOldGen       total 87552K, used 2313K [0x00000000c0000000, 0x00000000c5580000, 0x00000000eab00000)
  object space 87552K, 2% used [0x00000000c0000000,0x00000000c0242588,0x00000000c5580000)
 Metaspace       used 6010K, capacity 6960K, committed 7040K, reserved 1056768K
  class space    used 596K, capacity 616K, committed 640K, reserved 1048576K
}

Deoptimization events (10 events):
Event: 4.238 Thread 0x000000001716f000 Uncommon trap: reason=unstable_if action=reinterpret pc=0x00000000033d41f4 method=com.android.dx.ssa.SCCP.simulateStmt(Lcom/android/dx/ssa/SsaInsn;)V @ 53
Event: 4.249 Thread 0x0000000017216000 Uncommon trap: reason=bimorphic action=maybe_recompile pc=0x00000000031d2070 method=java.util.HashMap.getNode(ILjava/lang/Object;)Ljava/util/HashMap$Node; @ 126
Event: 4.249 Thread 0x0000000017216000 Uncommon trap: reason=class_check action=maybe_recompile pc=0x0000000003323d28 method=java.util.HashMap.putVal(ILjava/lang/Object;Ljava/lang/Object;ZZ)Ljava/lang/Object; @ 203
Event: 4.250 Thread 0x0000000017216000 Uncommon trap: reason=unstable_if action=reinterpret pc=0x000000000340c138 method=com.android.dx.util.BitIntSet.has(I)Z @ 8
Event: 4.276 Thread 0x0000000017216000 Uncommon trap: reason=bimorphic action=maybe_recompile pc=0x00000000031d2070 method=java.util.HashMap.getNode(ILjava/lang/Object;)Ljava/util/HashMap$Node; @ 126
Event: 4.276 Thread 0x0000000017216000 Uncommon trap: reason=class_check action=maybe_recompile pc=0x0000000003323d28 method=java.util.HashMap.putVal(ILjava/lang/Object;Ljava/lang/Object;ZZ)Ljava/lang/Object; @ 203
Event: 4.595 Thread 0x0000000017216000 Uncommon trap: reason=bimorphic action=maybe_recompile pc=0x00000000031d2070 method=java.util.HashMap.getNode(ILjava/lang/Object;)Ljava/util/HashMap$Node; @ 126
Event: 4.595 Thread 0x0000000017216000 Uncommon trap: reason=class_check action=maybe_recompile pc=0x0000000003323d28 method=java.util.HashMap.putVal(ILjava/lang/Object;Ljava/lang/Object;ZZ)Ljava/lang/Object; @ 203
Event: 4.595 Thread 0x0000000017216000 Uncommon trap: reason=bimorphic action=maybe_recompile pc=0x00000000031d2070 method=java.util.HashMap.getNode(ILjava/lang/Object;)Ljava/util/HashMap$Node; @ 126
Event: 4.595 Thread 0x0000000017216000 Uncommon trap: reason=class_check action=maybe_recompile pc=0x0000000003323d28 method=java.util.HashMap.putVal(ILjava/lang/Object;Ljava/lang/Object;ZZ)Ljava/lang/Object; @ 203

Internal exceptions (3 events):
Event: 0.100 Thread 0x0000000002cb1000 Exception <a 'java/lang/NoSuchMethodError': Method sun.misc.Unsafe.defineClass(Ljava/lang/String;[BII)Ljava/lang/Class; name or signature does not match> (0x00000000eab0d798) thrown at [D:\re\puppet\workspace\8-2-build-windows-amd64-cygwin\jdk8u73\6086\hotK©ýr²¹?
Event: 0.100 Thread 0x0000000002cb1000 Exception <a 'java/lang/NoSuchMethodError': Method sun.misc.Unsafe.prefetchRead(Ljava/lang/Object;J)V name or signature does not match> (0x00000000eab0da80) thrown at [D:\re\puppet\workspace\8-2-build-windows-amd64-cygwin\jdk8u73\6086\hotspot\src\share\vm\E?Jèž¾û?
Event: 1.734 Thread 0x0000000017171000 Implicit null exception at 0x0000000003224010 to 0x0000000003225795

Events (10 events):
Event: 4.595 Thread 0x0000000017216000 DEOPT UNPACKING pc=0x0000000002ef582a sp=0x000000001761eb30 mode 2
Event: 4.595 Thread 0x0000000017216000 Uncommon trap: trap_request=0xffffffde fr.pc=0x0000000003323d28
Event: 4.595 Thread 0x0000000017216000 DEOPT PACKING pc=0x0000000003323d28 sp=0x000000001761eb90
Event: 4.595 Thread 0x0000000017216000 DEOPT UNPACKING pc=0x0000000002ef582a sp=0x000000001761eb08 mode 2
Event: 4.595 Thread 0x0000000017216000 Uncommon trap: trap_request=0xffffffc6 fr.pc=0x00000000031d2070
Event: 4.595 Thread 0x0000000017216000 DEOPT PACKING pc=0x00000000031d2070 sp=0x000000001761ebb0
Event: 4.595 Thread 0x0000000017216000 DEOPT UNPACKING pc=0x0000000002ef582a sp=0x000000001761eb30 mode 2
Event: 4.595 Thread 0x0000000017216000 Uncommon trap: trap_request=0xffffffde fr.pc=0x0000000003323d28
Event: 4.595 Thread 0x0000000017216000 DEOPT PACKING pc=0x0000000003323d28 sp=0x000000001761eb90
Event: 4.595 Thread 0x0000000017216000 DEOPT UNPACKING pc=0x0000000002ef582a sp=0x000000001761eb08 mode 2


Dynamic libraries:
0x00007ff7089c0000 - 0x00007ff7089f7000 	C:\Program Files\Java\jdk1.8.0_73\bin\java.exe
0x00007ffd2a170000 - 0x00007ffd2a31a000 	C:\Windows\SYSTEM32\ntdll.dll
0x00007ffd27ac0000 - 0x00007ffd27bfa000 	C:\Windows\system32\KERNEL32.DLL
0x00007ffd27660000 - 0x00007ffd2776f000 	C:\Windows\system32\KERNELBASE.dll
0x00007ffd26110000 - 0x00007ffd26198000 	C:\Windows\system32\apphelp.dll
0x00007ffd10c20000 - 0x00007ffd10c6f000 	C:\Windows\AppPatch\AppPatch64\AcGenral.DLL
0x00007ffd29e40000 - 0x00007ffd29ee7000 	C:\Windows\system32\msvcrt.dll
0x00007ffd272c0000 - 0x00007ffd272eb000 	C:\Windows\SYSTEM32\SspiCli.dll
0x00007ffd29de0000 - 0x00007ffd29e31000 	C:\Windows\system32\SHLWAPI.dll
0x00007ffd29720000 - 0x00007ffd29891000 	C:\Windows\system32\USER32.dll
0x00007ffd29ab0000 - 0x00007ffd29c28000 	C:\Windows\system32\ole32.dll
0x00007ffd28040000 - 0x00007ffd29457000 	C:\Windows\system32\SHELL32.dll
0x00007ffd26af0000 - 0x00007ffd26b0e000 	C:\Windows\SYSTEM32\USERENV.dll
0x00007ffd27e80000 - 0x00007ffd27f25000 	C:\Windows\system32\ADVAPI32.dll
0x00007ffd206f0000 - 0x00007ffd2070b000 	C:\Windows\SYSTEM32\MPR.dll
0x00007ffd27c00000 - 0x00007ffd27d36000 	C:\Windows\system32\RPCRT4.dll
0x00007ffd29d80000 - 0x00007ffd29dd7000 	C:\Windows\SYSTEM32\sechost.dll
0x00007ffd298d0000 - 0x00007ffd29aa6000 	C:\Windows\SYSTEM32\combase.dll
0x00007ffd29c30000 - 0x00007ffd29d75000 	C:\Windows\system32\GDI32.dll
0x00007ffd27490000 - 0x00007ffd274a4000 	C:\Windows\SYSTEM32\profapi.dll
0x00007ffd25b00000 - 0x00007ffd25b9f000 	C:\Windows\SYSTEM32\SHCORE.dll
0x00007ffd27fa0000 - 0x00007ffd27fd4000 	C:\Windows\system32\IMM32.DLL
0x00007ffd27d40000 - 0x00007ffd27e79000 	C:\Windows\system32\MSCTF.dll
0x00007ffd25190000 - 0x00007ffd253ea000 	C:\Windows\WinSxS\amd64_microsoft.windows.common-controls_6595b64144ccf1df_6.0.9600.17031_none_6242a4b3ecbb55a1\COMCTL32.dll
0x0000000060180000 - 0x0000000060252000 	C:\Program Files\Java\jdk1.8.0_73\jre\bin\msvcr100.dll
0x000000005efa0000 - 0x000000005f830000 	C:\Program Files\Java\jdk1.8.0_73\jre\bin\server\jvm.dll
0x00007ffd1de80000 - 0x00007ffd1de89000 	C:\Windows\SYSTEM32\WSOCK32.dll
0x00007ffd24f80000 - 0x00007ffd24f9f000 	C:\Windows\SYSTEM32\WINMM.dll
0x00007ffd24fa0000 - 0x00007ffd24faa000 	C:\Windows\SYSTEM32\VERSION.dll
0x00007ffd298a0000 - 0x00007ffd298a7000 	C:\Windows\system32\PSAPI.DLL
0x00007ffd27f30000 - 0x00007ffd27f88000 	C:\Windows\system32\WS2_32.dll
0x00007ffd24b30000 - 0x00007ffd24b5a000 	C:\Windows\SYSTEM32\WINMMBASE.dll
0x00007ffd27aa0000 - 0x00007ffd27aa9000 	C:\Windows\system32\NSI.dll
0x00007ffd27770000 - 0x00007ffd277ba000 	C:\Windows\SYSTEM32\cfgmgr32.dll
0x00007ffd26360000 - 0x00007ffd26386000 	C:\Windows\SYSTEM32\DEVOBJ.dll
0x00000000617a0000 - 0x00000000617af000 	C:\Program Files\Java\jdk1.8.0_73\jre\bin\verify.dll
0x0000000060ae0000 - 0x0000000060b09000 	C:\Program Files\Java\jdk1.8.0_73\jre\bin\java.dll
0x0000000061780000 - 0x0000000061796000 	C:\Program Files\Java\jdk1.8.0_73\jre\bin\zip.dll

VM Arguments:
jvm_args: -Djava.awt.headless=true -Xmx1024M -Dfile.encoding=windows-1252 -Duser.country=US -Duser.language=en -Duser.variant 
java_command: com.android.dx.command.Main --dex --force-jumbo --num-threads=4 --output C:\Users\Robertus Pamungkas\Desktop\ProjectPam16v1\app\build\intermediates\pre-dexed\debug\okhttp-3.2.0_5acab3ef1fcdf583dfcc050d665c1e60559841e3.jar C:\Users\Robertus Pamungkas\.gradle\caches\modules-2\files-2.1\com.squareup.okhttp3\okhttp\3.2.0\f7873a2ebde246a45c2a8d6f3247108b4c88a879\okhttp-3.2.0.jar
java_class_path (initial): H:\Kuliah\Semester 5\PAM 2016\sdk\build-tools\25.0.0\lib\dx.jar
Launcher Type: SUN_STANDARD

Environment Variables:
PATH=C:\ProgramData\Oracle\Java\javapath;C:\Windows\system32;C:\Windows;C:\Windows\System32\Wbem;C:\Windows\System32\WindowsPowerShell\v1.0\;C:\Program Files (x86)\AMD\ATI.ACE\Core-Static;C:\Program Files\Microsoft\Web Platform Installer\;C:\Program Files (x86)\Microsoft ASP.NET\ASP.NET Web Pages\v1.0\;C:\Program Files (x86)\Windows Kits\8.0\Windows Performance Toolkit\;C:\Program Files\Microsoft SQL Server\110\Tools\Binn\;C:\Program Files\Microsoft SQL Server\110\DTS\Binn\;C:\Program Files (x86)\Microsoft SQL Server\110\Tools\Binn\ManagementStudio\;C:\Program Files (x86)\Microsoft SQL Server\110\Tools\Binn\;C:\Program Files (x86)\Microsoft Visual Studio 10.0\Common7\IDE\PrivateAssemblies\;C:\Program Files (x86)\Microsoft SQL Server\110\DTS\Binn\
USERNAME=Robertus Pamungkas
OS=Windows_NT
PROCESSOR_IDENTIFIER=AMD64 Family 16 Model 4 Stepping 3, AuthenticAMD



---------------  S Y S T E M  ---------------

OS: Windows 8.1 , 64 bit Build 9600 (6.3.9600.17056)

CPU:total 4 (4 cores per cpu, 1 threads per core) family 16 model 4 stepping 3, cmov, cx8, fxsr, mmx, sse, sse2, sse3, popcnt, mmxext, 3dnowpref, lzcnt, sse4a, tsc, tscinvbit, tscinv

Memory: 4k page, physical 8387700k(2702804k free), swap 8387700k(5116k free)

vm_info: Java HotSpot(TM) 64-Bit Server VM (25.73-b02) for windows-amd64 JRE (1.8.0_73-b02), built on Jan 29 2016 17:38:49 by "java_re" with MS VC++ 10.0 (VS2010)

time: Wed Nov 30 23:36:05 2016
elapsed time: 4 seconds (0d 0h 0m 4s)

