#
# There is insufficient memory for the Java Runtime Environment to continue.
# Native memory allocation (malloc) failed to allocate 1121936 bytes for Chunk::new
# Possible reasons:
#   The system is out of physical RAM or swap space
#   In 32 bit mode, the process size limit was hit
# Possible solutions:
#   Reduce memory load on the system
#   Increase physical memory or swap space
#   Check if swap backing store is full
#   Use 64 bit Java on a 64 bit OS
#   Decrease Java heap size (-Xmx/-Xms)
#   Decrease number of Java threads
#   Decrease Java thread stack sizes (-Xss)
#   Set larger code cache with -XX:ReservedCodeCacheSize=
# This output file may be truncated or incomplete.
#
#  Out of Memory Error (allocation.cpp:390), pid=8000, tid=7404
#
# JRE version: Java(TM) SE Runtime Environment (8.0_73-b02) (build 1.8.0_73-b02)
# Java VM: Java HotSpot(TM) 64-Bit Server VM (25.73-b02 mixed mode windows-amd64 compressed oops)
# Failed to write core dump. Minidumps are not enabled by default on client versions of Windows
#

---------------  T H R E A D  ---------------

Current thread (0x0000000014cfc800):  JavaThread "C2 CompilerThread0" daemon [_thread_in_native, id=7404, stack(0x00000000163a0000,0x00000000164a0000)]

Stack: [0x00000000163a0000,0x00000000164a0000]
[error occurred during error reporting (printing stack bounds), id 0xc0000005]

Native frames: (J=compiled Java code, j=interpreted, Vv=VM code, C=native code)


Current CompileTask:
C2:   1628 1089   !   4       com.android.dx.cf.code.BytecodeArray::parseInstruction (2764 bytes)


---------------  P R O C E S S  ---------------

Java Threads: ( => current thread )
  0x000000001690a800 JavaThread "pool-1-thread-4" [_thread_in_Java, id=8128, stack(0x00000000170a0000,0x00000000171a0000)]
  0x0000000016909000 JavaThread "pool-1-thread-3" [_thread_in_Java, id=548, stack(0x0000000016fa0000,0x00000000170a0000)]
  0x000000001682c800 JavaThread "pool-1-thread-2" [_thread_in_Java, id=6668, stack(0x0000000016ea0000,0x0000000016fa0000)]
  0x0000000016829000 JavaThread "pool-2-thread-1" [_thread_blocked, id=7448, stack(0x0000000016da0000,0x0000000016ea0000)]
  0x0000000016826800 JavaThread "pool-1-thread-1" [_thread_blocked, id=1852, stack(0x0000000016ca0000,0x0000000016da0000)]
  0x00000000166ab800 JavaThread "Service Thread" daemon [_thread_blocked, id=4440, stack(0x0000000016aa0000,0x0000000016ba0000)]
  0x0000000014d5a800 JavaThread "C1 CompilerThread2" daemon [_thread_in_native, id=5996, stack(0x00000000165a0000,0x00000000166a0000)]
  0x0000000014d57800 JavaThread "C2 CompilerThread1" daemon [_thread_blocked, id=7288, stack(0x00000000164a0000,0x00000000165a0000)]
=>0x0000000014cfc800 JavaThread "C2 CompilerThread0" daemon [_thread_in_native, id=7404, stack(0x00000000163a0000,0x00000000164a0000)]
  0x0000000014cfb800 JavaThread "Attach Listener" daemon [_thread_blocked, id=6640, stack(0x00000000162a0000,0x00000000163a0000)]
  0x0000000014cfa800 JavaThread "Signal Dispatcher" daemon [_thread_blocked, id=6956, stack(0x00000000161a0000,0x00000000162a0000)]
  0x0000000002629000 JavaThread "Finalizer" daemon [_thread_blocked, id=7428, stack(0x0000000015f50000,0x0000000016050000)]
  0x0000000002620000 JavaThread "Reference Handler" daemon [_thread_blocked, id=4876, stack(0x0000000015e50000,0x0000000015f50000)]
  0x0000000002531000 JavaThread "main" [_thread_in_Java, id=7192, stack(0x0000000002430000,0x0000000002530000)]

Other Threads:
  0x000000000261c000 VMThread [stack: 0x0000000015d50000,0x0000000015e50000] [id=1748]
  0x00000000166be800 WatcherThread [stack: 0x0000000016ba0000,0x0000000016ca0000] [id=7352]

VM state:not at safepoint (normal execution)

VM Mutex/Monitor currently owned by a thread: None

Heap:
 PSYoungGen      total 38400K, used 24025K [0x00000000eab00000, 0x00000000ed580000, 0x0000000100000000)
  eden space 33280K, 72% used [0x00000000eab00000,0x00000000ec2767c0,0x00000000ecb80000)
  from space 5120K, 0% used [0x00000000ed080000,0x00000000ed080000,0x00000000ed580000)
  to   space 5120K, 0% used [0x00000000ecb80000,0x00000000ecb80000,0x00000000ed080000)
 ParOldGen       total 87552K, used 0K [0x00000000c0000000, 0x00000000c5580000, 0x00000000eab00000)
  object space 87552K, 0% used [0x00000000c0000000,0x00000000c0000000,0x00000000c5580000)
 Metaspace       used 5903K, capacity 6832K, committed 7040K, reserved 1056768K
  class space    used 598K, capacity 616K, committed 640K, reserved 1048576K

Card table byte_map: [0x00000000119f0000,0x0000000011c00000] byte_map_base: 0x00000000113f0000

Marking Bits: (ParMarkBitMap*) 0x0000000050910600
 Begin Bits: [0x0000000012160000, 0x0000000013160000)
 End Bits:   [0x0000000013160000, 0x0000000014160000)

Polling page: 0x0000000000bd0000

CodeCache: size=245760Kb used=4448Kb max_used=4459Kb free=241311Kb
 bounds [0x0000000002630000, 0x0000000002a90000, 0x0000000011630000]
 total_blobs=1367 nmethods=1099 adapters=182
 compilation: enabled

Compilation events (10 events):
Event: 1.601 Thread 0x0000000014d5a800 1095       3       java.util.TreeMap$Values::iterator (19 bytes)
Event: 1.601 Thread 0x0000000014d5a800 nmethod 1095 0x0000000002a80110 code [0x0000000002a802a0, 0x0000000002a807b0]
Event: 1.601 Thread 0x0000000014d5a800 1096       3       com.android.dx.cf.code.BasicBlocker::visitNoArgs (298 bytes)
Event: 1.602 Thread 0x0000000014d5a800 nmethod 1096 0x0000000002a85e90 code [0x0000000002a86100, 0x0000000002a86eb8]
Event: 1.603 Thread 0x0000000014d5a800 1097       3       com.android.dx.rop.code.RegisterSpecList::make (17 bytes)
Event: 1.604 Thread 0x0000000014d5a800 nmethod 1097 0x0000000002a87a90 code [0x0000000002a87c60, 0x0000000002a88528]
Event: 1.604 Thread 0x0000000014d57800 1098       4       com.android.dx.ssa.SsaMethod$2::visitNonMoveInsn (6 bytes)
Event: 1.607 Thread 0x0000000014d5a800 1099       3       com.android.dx.ssa.SsaMethod::buildUseList (112 bytes)
Event: 1.609 Thread 0x0000000014d5a800 nmethod 1099 0x0000000002a88b50 code [0x0000000002a88de0, 0x0000000002a8a0d8]
Event: 1.612 Thread 0x0000000014d57800 nmethod 1098 0x0000000002a8dcd0 code [0x0000000002a8de40, 0x0000000002a8e3b8]

GC Heap History (0 events):
No events

Deoptimization events (10 events):
Event: 1.014 Thread 0x0000000002531000 Uncommon trap: reason=class_check action=maybe_recompile pc=0x00000000028aba30 method=com.android.dx.ssa.NormalSsaInsn.accept(Lcom/android/dx/ssa/SsaInsn$Visitor;)V @ 9
Event: 1.025 Thread 0x0000000002531000 Uncommon trap: reason=unstable_if action=reinterpret pc=0x0000000002897974 method=java.util.BitSet.ensureCapacity(I)V @ 6
Event: 1.031 Thread 0x0000000002531000 Uncommon trap: reason=bimorphic action=maybe_recompile pc=0x000000000284ee7c method=java.util.HashMap.getNode(ILjava/lang/Object;)Ljava/util/HashMap$Node; @ 126
Event: 1.031 Thread 0x0000000002531000 Uncommon trap: reason=bimorphic action=maybe_recompile pc=0x000000000284ee7c method=java.util.HashMap.getNode(ILjava/lang/Object;)Ljava/util/HashMap$Node; @ 126
Event: 1.031 Thread 0x0000000002531000 Uncommon trap: reason=bimorphic action=maybe_recompile pc=0x000000000284ee7c method=java.util.HashMap.getNode(ILjava/lang/Object;)Ljava/util/HashMap$Node; @ 126
Event: 1.031 Thread 0x0000000002531000 Uncommon trap: reason=bimorphic action=maybe_recompile pc=0x000000000284ee7c method=java.util.HashMap.getNode(ILjava/lang/Object;)Ljava/util/HashMap$Node; @ 126
Event: 1.031 Thread 0x0000000002531000 Uncommon trap: reason=bimorphic action=maybe_recompile pc=0x00000000028440a8 method=java.util.HashMap.getNode(ILjava/lang/Object;)Ljava/util/HashMap$Node; @ 126
Event: 1.038 Thread 0x0000000002531000 Uncommon trap: reason=class_check action=maybe_recompile pc=0x00000000028e03ac method=com.android.dx.ssa.NormalSsaInsn.accept(Lcom/android/dx/ssa/SsaInsn$Visitor;)V @ 9
Event: 1.038 Thread 0x0000000002531000 Uncommon trap: reason=class_check action=maybe_recompile pc=0x00000000028e03ac method=com.android.dx.ssa.NormalSsaInsn.accept(Lcom/android/dx/ssa/SsaInsn$Visitor;)V @ 9
Event: 1.038 Thread 0x0000000002531000 Uncommon trap: reason=class_check action=maybe_recompile pc=0x00000000028aba30 method=com.android.dx.ssa.NormalSsaInsn.accept(Lcom/android/dx/ssa/SsaInsn$Visitor;)V @ 9

Internal exceptions (2 events):
Event: 0.050 Thread 0x0000000002531000 Exception <a 'java/lang/NoSuchMethodError': Method sun.misc.Unsafe.defineClass(Ljava/lang/String;[BII)Ljava/lang/Class; name or signature does not match> (0x00000000eab0d770) thrown at [D:\re\puppet\workspace\8-2-build-windows-amd64-cygwin\jdk8u73\6086\hotæcí<^d©?
Event: 0.050 Thread 0x0000000002531000 Exception <a 'java/lang/NoSuchMethodError': Method sun.misc.Unsafe.prefetchRead(Ljava/lang/Object;J)V name or signature does not match> (0x00000000eab0da58) thrown at [D:\re\puppet\workspace\8-2-build-windows-amd64-cygwin\jdk8u73\6086\hotspot\src\share\vm\

Events (10 events):
Event: 1.038 Thread 0x0000000002531000 Uncommon trap: trap_request=0xffffffde fr.pc=0x00000000028e03ac
Event: 1.038 Thread 0x0000000002531000 DEOPT PACKING pc=0x00000000028e03ac sp=0x000000000252e0d0
Event: 1.038 Thread 0x0000000002531000 DEOPT UNPACKING pc=0x000000000267582a sp=0x000000000252e020 mode 2
Event: 1.038 Thread 0x0000000002531000 Uncommon trap: trap_request=0xffffffde fr.pc=0x00000000028aba30
Event: 1.038 Thread 0x0000000002531000 DEOPT PACKING pc=0x00000000028aba30 sp=0x000000000252e080
Event: 1.038 Thread 0x0000000002531000 DEOPT UNPACKING pc=0x000000000267582a sp=0x000000000252e020 mode 2
Event: 1.044 loading class com/android/dx/cf/code/SwitchList
Event: 1.044 loading class com/android/dx/cf/code/SwitchList done
Event: 1.385 Executing VM operation: ForceSafepoint
Event: 1.542 Executing VM operation: ForceSafepoint done


Dynamic libraries:
0x00007ff659380000 - 0x00007ff6593b7000 	C:\Program Files\Java\jdk1.8.0_73\bin\java.exe
0x00007fff36470000 - 0x00007fff3661a000 	C:\Windows\SYSTEM32\ntdll.dll
0x00007fff34190000 - 0x00007fff342ca000 	C:\Windows\system32\KERNEL32.DLL
0x00007fff338b0000 - 0x00007fff339bf000 	C:\Windows\system32\KERNELBASE.dll
0x00007fff32410000 - 0x00007fff32498000 	C:\Windows\system32\apphelp.dll
0x00007fff11c30000 - 0x00007fff11c7f000 	C:\Windows\AppPatch\AppPatch64\AcGenral.DLL
0x00007fff34310000 - 0x00007fff343b7000 	C:\Windows\system32\msvcrt.dll
0x00007fff335c0000 - 0x00007fff335eb000 	C:\Windows\SYSTEM32\SspiCli.dll
0x00007fff34420000 - 0x00007fff34471000 	C:\Windows\system32\SHLWAPI.dll
0x00007fff34c30000 - 0x00007fff34da1000 	C:\Windows\system32\USER32.dll
0x00007fff33e00000 - 0x00007fff33f78000 	C:\Windows\system32\ole32.dll
0x00007fff34db0000 - 0x00007fff361c7000 	C:\Windows\system32\SHELL32.dll
0x00007fff32df0000 - 0x00007fff32e0e000 	C:\Windows\SYSTEM32\USERENV.dll
0x00007fff34a50000 - 0x00007fff34af5000 	C:\Windows\system32\ADVAPI32.dll
0x00007fff2cb20000 - 0x00007fff2cb3b000 	C:\Windows\SYSTEM32\MPR.dll
0x00007fff361d0000 - 0x00007fff36306000 	C:\Windows\system32\RPCRT4.dll
0x00007fff34b00000 - 0x00007fff34b57000 	C:\Windows\SYSTEM32\sechost.dll
0x00007fff34690000 - 0x00007fff34866000 	C:\Windows\SYSTEM32\combase.dll
0x00007fff34040000 - 0x00007fff34185000 	C:\Windows\system32\GDI32.dll
0x00007fff337e0000 - 0x00007fff337f4000 	C:\Windows\SYSTEM32\profapi.dll
0x00007fff320b0000 - 0x00007fff3214f000 	C:\Windows\SYSTEM32\SHCORE.dll
0x00007fff342d0000 - 0x00007fff34304000 	C:\Windows\system32\IMM32.DLL
0x00007fff36310000 - 0x00007fff36449000 	C:\Windows\system32\MSCTF.dll
0x00007fff31850000 - 0x00007fff31aaa000 	C:\Windows\WinSxS\amd64_microsoft.windows.common-controls_6595b64144ccf1df_6.0.9600.17031_none_6242a4b3ecbb55a1\COMCTL32.dll
0x0000000077d80000 - 0x0000000077e52000 	C:\Program Files\Java\jdk1.8.0_73\jre\bin\msvcr100.dll
0x0000000050100000 - 0x0000000050990000 	C:\Program Files\Java\jdk1.8.0_73\jre\bin\server\jvm.dll
0x00007fff2cc80000 - 0x00007fff2cc89000 	C:\Windows\SYSTEM32\WSOCK32.dll
0x00007fff30fa0000 - 0x00007fff30fbf000 	C:\Windows\SYSTEM32\WINMM.dll
0x00007fff30fc0000 - 0x00007fff30fca000 	C:\Windows\SYSTEM32\VERSION.dll
0x00007fff34b70000 - 0x00007fff34b77000 	C:\Windows\system32\PSAPI.DLL
0x00007fff343c0000 - 0x00007fff34418000 	C:\Windows\system32\WS2_32.dll
0x00007fff30f00000 - 0x00007fff30f2a000 	C:\Windows\SYSTEM32\WINMMBASE.dll
0x00007fff34b60000 - 0x00007fff34b69000 	C:\Windows\system32\NSI.dll
0x00007fff33ba0000 - 0x00007fff33bea000 	C:\Windows\SYSTEM32\cfgmgr32.dll
0x00007fff32660000 - 0x00007fff32686000 	C:\Windows\SYSTEM32\DEVOBJ.dll
0x00000000514c0000 - 0x00000000514cf000 	C:\Program Files\Java\jdk1.8.0_73\jre\bin\verify.dll
0x0000000051490000 - 0x00000000514b9000 	C:\Program Files\Java\jdk1.8.0_73\jre\bin\java.dll
0x0000000051470000 - 0x0000000051486000 	C:\Program Files\Java\jdk1.8.0_73\jre\bin\zip.dll

VM Arguments:
jvm_args: -Djava.awt.headless=true -Xmx1024M -Dfile.encoding=windows-1252 -Duser.country=US -Duser.language=en -Duser.variant 
java_command: com.android.dx.command.Main --dex --num-threads=4 --output C:\Users\Robertus Pamungkas\Desktop\ProjectPam16v1\app\build\intermediates\pre-dexed\debug\okio-1.6.0_98d555c496dcc156f52cc88854ded679f9fc498f.jar C:\Users\Robertus Pamungkas\.gradle\caches\modules-2\files-2.1\com.squareup.okio\okio\1.6.0\98476622f10715998eacf9240d6b479f12c66143\okio-1.6.0.jar
java_class_path (initial): H:\Kuliah\Semester 5\PAM 2016\sdk\build-tools\25.0.0\lib\dx.jar
Launcher Type: SUN_STANDARD

Environment Variables:
PATH=C:\ProgramData\Oracle\Java\javapath;C:\Windows\system32;C:\Windows;C:\Windows\System32\Wbem;C:\Windows\System32\WindowsPowerShell\v1.0\;C:\Program Files (x86)\AMD\ATI.ACE\Core-Static;C:\Program Files\Microsoft\Web Platform Installer\;C:\Program Files (x86)\Microsoft ASP.NET\ASP.NET Web Pages\v1.0\;C:\Program Files (x86)\Windows Kits\8.0\Windows Performance Toolkit\;C:\Program Files\Microsoft SQL Server\110\Tools\Binn\;C:\Program Files\Microsoft SQL Server\110\DTS\Binn\;C:\Program Files (x86)\Microsoft SQL Server\110\Tools\Binn\ManagementStudio\;C:\Program Files (x86)\Microsoft SQL Server\110\Tools\Binn\;C:\Program Files (x86)\Microsoft Visual Studio 10.0\Common7\IDE\PrivateAssemblies\;C:\Program Files (x86)\Microsoft SQL Server\110\DTS\Binn\
USERNAME=Robertus Pamungkas
OS=Windows_NT
PROCESSOR_IDENTIFIER=AMD64 Family 16 Model 4 Stepping 3, AuthenticAMD



---------------  S Y S T E M  ---------------

OS: Windows 8.1 , 64 bit Build 9600 (6.3.9600.17056)

CPU:total 4 (4 cores per cpu, 1 threads per core) family 16 model 4 stepping 3, cmov, cx8, fxsr, mmx, sse, sse2, sse3, popcnt, mmxext, 3dnowpref, lzcnt, sse4a, tsc, tscinvbit, tscinv

Memory: 4k page, physical 8387700k(2027956k free), swap 8387700k(5764k free)

vm_info: Java HotSpot(TM) 64-Bit Server VM (25.73-b02) for windows-amd64 JRE (1.8.0_73-b02), built on Jan 29 2016 17:38:49 by "java_re" with MS VC++ 10.0 (VS2010)

time: Thu Dec 01 02:33:25 2016
elapsed time: 1 seconds (0d 0h 0m 1s)

