#
# There is insufficient memory for the Java Runtime Environment to continue.
# Native memory allocation (malloc) failed to allocate 1378416 bytes for Chunk::new
# Possible reasons:
#   The system is out of physical RAM or swap space
#   In 32 bit mode, the process size limit was hit
# Possible solutions:
#   Reduce memory load on the system
#   Increase physical memory or swap space
#   Check if swap backing store is full
#   Use 64 bit Java on a 64 bit OS
#   Decrease Java heap size (-Xmx/-Xms)
#   Decrease number of Java threads
#   Decrease Java thread stack sizes (-Xss)
#   Set larger code cache with -XX:ReservedCodeCacheSize=
# This output file may be truncated or incomplete.
#
#  Out of Memory Error (allocation.cpp:390), pid=7032, tid=4784
#
# JRE version: Java(TM) SE Runtime Environment (8.0_73-b02) (build 1.8.0_73-b02)
# Java VM: Java HotSpot(TM) 64-Bit Server VM (25.73-b02 mixed mode windows-amd64 compressed oops)
# Failed to write core dump. Minidumps are not enabled by default on client versions of Windows
#

---------------  T H R E A D  ---------------

Current thread (0x00000000144e8800):  JavaThread "C2 CompilerThread0" daemon [_thread_in_native, id=4784, stack(0x0000000015ba0000,0x0000000015ca0000)]

Stack: [0x0000000015ba0000,0x0000000015ca0000]
[error occurred during error reporting (printing stack bounds), id 0xc0000005]

Native frames: (J=compiled Java code, j=interpreted, Vv=VM code, C=native code)


Current CompileTask:
C2:   1604 1125       4       com.android.dx.dex.code.OutputFinisher::addConstants (93 bytes)


---------------  P R O C E S S  ---------------

Java Threads: ( => current thread )
  0x0000000015ea3800 JavaThread "Service Thread" daemon [_thread_blocked, id=6776, stack(0x00000000162a0000,0x00000000163a0000)]
  0x000000001454c000 JavaThread "C1 CompilerThread2" daemon [_thread_blocked, id=6600, stack(0x0000000015da0000,0x0000000015ea0000)]
  0x00000000144ed000 JavaThread "C2 CompilerThread1" daemon [_thread_blocked, id=5860, stack(0x0000000015ca0000,0x0000000015da0000)]
=>0x00000000144e8800 JavaThread "C2 CompilerThread0" daemon [_thread_in_native, id=4784, stack(0x0000000015ba0000,0x0000000015ca0000)]
  0x00000000144e7800 JavaThread "Attach Listener" daemon [_thread_blocked, id=6560, stack(0x0000000015aa0000,0x0000000015ba0000)]
  0x00000000144fc000 JavaThread "Signal Dispatcher" daemon [_thread_blocked, id=6420, stack(0x00000000159a0000,0x0000000015aa0000)]
  0x0000000001e16000 JavaThread "Finalizer" daemon [_thread_blocked, id=3752, stack(0x0000000015750000,0x0000000015850000)]
  0x0000000001e0d000 JavaThread "Reference Handler" daemon [_thread_blocked, id=6380, stack(0x0000000015650000,0x0000000015750000)]
  0x0000000001d21000 JavaThread "main" [_thread_in_vm, id=2720, stack(0x0000000001bb0000,0x0000000001cb0000)]

Other Threads:
  0x00000000144b7800 VMThread [stack: 0x0000000015550000,0x0000000015650000] [id=3436]
  0x0000000015ea9000 WatcherThread [stack: 0x00000000163a0000,0x00000000164a0000] [id=1752]

VM state:not at safepoint (normal execution)

VM Mutex/Monitor currently owned by a thread: None

Heap:
 PSYoungGen      total 38400K, used 24650K [0x00000000eab00000, 0x00000000ed580000, 0x0000000100000000)
  eden space 33280K, 74% used [0x00000000eab00000,0x00000000ec312900,0x00000000ecb80000)
  from space 5120K, 0% used [0x00000000ed080000,0x00000000ed080000,0x00000000ed580000)
  to   space 5120K, 0% used [0x00000000ecb80000,0x00000000ecb80000,0x00000000ed080000)
 ParOldGen       total 87552K, used 0K [0x00000000c0000000, 0x00000000c5580000, 0x00000000eab00000)
  object space 87552K, 0% used [0x00000000c0000000,0x00000000c0000000,0x00000000c5580000)
 Metaspace       used 6078K, capacity 6968K, committed 7040K, reserved 1056768K
  class space    used 615K, capacity 624K, committed 640K, reserved 1048576K

Card table byte_map: [0x00000000111e0000,0x00000000113f0000] byte_map_base: 0x0000000010be0000

Marking Bits: (ParMarkBitMap*) 0x000000005f7b0600
 Begin Bits: [0x0000000011950000, 0x0000000012950000)
 End Bits:   [0x0000000012950000, 0x0000000013950000)

Polling page: 0x0000000000360000

CodeCache: size=245760Kb used=4665Kb max_used=4665Kb free=241094Kb
 bounds [0x0000000001e20000, 0x00000000022c0000, 0x0000000010e20000]
 total_blobs=1457 nmethods=1189 adapters=182
 compilation: enabled

Compilation events (10 events):
Event: 1.557 Thread 0x000000001454c000 1186       3       com.android.dx.dex.file.Section::throwIfNotPrepared (18 bytes)
Event: 1.557 Thread 0x000000001454c000 nmethod 1186 0x00000000022aab50 code [0x00000000022aacc0, 0x00000000022aaf08]
Event: 1.557 Thread 0x000000001454c000 1188       3       com.android.dx.dex.file.DexFile::findItemOrNull (66 bytes)
Event: 1.557 Thread 0x000000001454c000 nmethod 1188 0x00000000022aed90 code [0x00000000022aef60, 0x00000000022af858]
Event: 1.557 Thread 0x000000001454c000 1187       3       com.android.dx.dex.code.OutputFinisher::assignIndices (61 bytes)
Event: 1.558 Thread 0x000000001454c000 nmethod 1187 0x00000000022af9d0 code [0x00000000022afbe0, 0x00000000022b0958]
Event: 1.558 Thread 0x000000001454c000 1189       3       com.android.dx.dex.code.CstInsn::getIndex (42 bytes)
Event: 1.558 Thread 0x000000001454c000 nmethod 1189 0x00000000022b0f10 code [0x00000000022b1120, 0x00000000022b1ba8]
Event: 1.558 Thread 0x000000001454c000 1190       1       com.android.dx.dex.code.form.Form22c::codeSize (2 bytes)
Event: 1.558 Thread 0x000000001454c000 nmethod 1190 0x00000000022b2050 code [0x00000000022b21a0, 0x00000000022b22b0]

GC Heap History (0 events):
No events

Deoptimization events (10 events):
Event: 1.540 Thread 0x0000000001d21000 Uncommon trap: reason=bimorphic action=maybe_recompile pc=0x00000000020f066c method=java.util.HashMap.getNode(ILjava/lang/Object;)Ljava/util/HashMap$Node; @ 126
Event: 1.540 Thread 0x0000000001d21000 Uncommon trap: reason=bimorphic action=maybe_recompile pc=0x00000000020f066c method=java.util.HashMap.getNode(ILjava/lang/Object;)Ljava/util/HashMap$Node; @ 126
Event: 1.550 Thread 0x0000000001d21000 Uncommon trap: reason=speculate_class_check action=maybe_recompile pc=0x000000000219f164 method=com.android.dx.util.FixedSizeList.equals(Ljava/lang/Object;)Z @ 25
Event: 1.550 Thread 0x0000000001d21000 Uncommon trap: reason=class_check action=maybe_recompile pc=0x00000000021a4434 method=java.util.Arrays.equals([Ljava/lang/Object;[Ljava/lang/Object;)Z @ 62
Event: 1.550 Thread 0x0000000001d21000 Uncommon trap: reason=speculate_class_check action=maybe_recompile pc=0x000000000219f164 method=com.android.dx.util.FixedSizeList.equals(Ljava/lang/Object;)Z @ 25
Event: 1.550 Thread 0x0000000001d21000 Uncommon trap: reason=class_check action=maybe_recompile pc=0x00000000021a4434 method=java.util.Arrays.equals([Ljava/lang/Object;[Ljava/lang/Object;)Z @ 62
Event: 1.550 Thread 0x0000000001d21000 Uncommon trap: reason=speculate_class_check action=maybe_recompile pc=0x000000000219f164 method=com.android.dx.util.FixedSizeList.equals(Ljava/lang/Object;)Z @ 25
Event: 1.550 Thread 0x0000000001d21000 Uncommon trap: reason=class_check action=maybe_recompile pc=0x00000000021a4434 method=java.util.Arrays.equals([Ljava/lang/Object;[Ljava/lang/Object;)Z @ 62
Event: 1.550 Thread 0x0000000001d21000 Uncommon trap: reason=speculate_class_check action=maybe_recompile pc=0x000000000219f164 method=com.android.dx.util.FixedSizeList.equals(Ljava/lang/Object;)Z @ 25
Event: 1.550 Thread 0x0000000001d21000 Uncommon trap: reason=unstable_if action=reinterpret pc=0x00000000021a4480 method=java.util.Arrays.equals([Ljava/lang/Object;[Ljava/lang/Object;)Z @ 23

Internal exceptions (2 events):
Event: 0.049 Thread 0x0000000001d21000 Exception <a 'java/lang/NoSuchMethodError': Method sun.misc.Unsafe.defineClass(Ljava/lang/String;[BII)Ljava/lang/Class; name or signature does not match> (0x00000000eab0d770) thrown at [D:\re\puppet\workspace\8-2-build-windows-amd64-cygwin\jdk8u73\6086\hot]²ï‰\©?
Event: 0.049 Thread 0x0000000001d21000 Exception <a 'java/lang/NoSuchMethodError': Method sun.misc.Unsafe.prefetchRead(Ljava/lang/Object;J)V name or signature does not match> (0x00000000eab0da58) thrown at [D:\re\puppet\workspace\8-2-build-windows-amd64-cygwin\jdk8u73\6086\hotspot\src\share\vm\

Events (10 events):
Event: 1.550 Thread 0x0000000001d21000 Uncommon trap: trap_request=0xffffff76 fr.pc=0x000000000219f164
Event: 1.550 Thread 0x0000000001d21000 DEOPT PACKING pc=0x000000000219f164 sp=0x0000000001caec00
Event: 1.550 Thread 0x0000000001d21000 DEOPT UNPACKING pc=0x0000000001e6582a sp=0x0000000001caebc0 mode 2
Event: 1.550 Thread 0x0000000001d21000 Uncommon trap: trap_request=0xffffff65 fr.pc=0x00000000021a4480
Event: 1.550 Thread 0x0000000001d21000 DEOPT PACKING pc=0x00000000021a4480 sp=0x0000000001caeb90
Event: 1.550 Thread 0x0000000001d21000 DEOPT UNPACKING pc=0x0000000001e6582a sp=0x0000000001caeb30 mode 2
Event: 1.550 loading class com/android/dx/dex/code/CatchTable$Entry
Event: 1.550 loading class com/android/dx/dex/code/CatchTable$Entry done
Event: 1.551 loading class com/android/dx/util/ByteArrayAnnotatedOutput
Event: 1.551 loading class com/android/dx/util/ByteArrayAnnotatedOutput done


Dynamic libraries:
0x00007ff7089c0000 - 0x00007ff7089f7000 	C:\Program Files\Java\jdk1.8.0_73\bin\java.exe
0x00007ffd2a170000 - 0x00007ffd2a31a000 	C:\Windows\SYSTEM32\ntdll.dll
0x00007ffd27ac0000 - 0x00007ffd27bfa000 	C:\Windows\system32\KERNEL32.DLL
0x00007ffd27660000 - 0x00007ffd2776f000 	C:\Windows\system32\KERNELBASE.dll
0x00007ffd26110000 - 0x00007ffd26198000 	C:\Windows\system32\apphelp.dll
0x00007ffd10c20000 - 0x00007ffd10c6f000 	C:\Windows\AppPatch\AppPatch64\AcGenral.DLL
0x00007ffd29e40000 - 0x00007ffd29ee7000 	C:\Windows\system32\msvcrt.dll
0x00007ffd272c0000 - 0x00007ffd272eb000 	C:\Windows\SYSTEM32\SspiCli.dll
0x00007ffd29de0000 - 0x00007ffd29e31000 	C:\Windows\system32\SHLWAPI.dll
0x00007ffd29720000 - 0x00007ffd29891000 	C:\Windows\system32\USER32.dll
0x00007ffd29ab0000 - 0x00007ffd29c28000 	C:\Windows\system32\ole32.dll
0x00007ffd28040000 - 0x00007ffd29457000 	C:\Windows\system32\SHELL32.dll
0x00007ffd26af0000 - 0x00007ffd26b0e000 	C:\Windows\SYSTEM32\USERENV.dll
0x00007ffd27e80000 - 0x00007ffd27f25000 	C:\Windows\system32\ADVAPI32.dll
0x00007ffd206f0000 - 0x00007ffd2070b000 	C:\Windows\SYSTEM32\MPR.dll
0x00007ffd27c00000 - 0x00007ffd27d36000 	C:\Windows\system32\RPCRT4.dll
0x00007ffd29d80000 - 0x00007ffd29dd7000 	C:\Windows\SYSTEM32\sechost.dll
0x00007ffd298d0000 - 0x00007ffd29aa6000 	C:\Windows\SYSTEM32\combase.dll
0x00007ffd29c30000 - 0x00007ffd29d75000 	C:\Windows\system32\GDI32.dll
0x00007ffd27490000 - 0x00007ffd274a4000 	C:\Windows\SYSTEM32\profapi.dll
0x00007ffd25b00000 - 0x00007ffd25b9f000 	C:\Windows\SYSTEM32\SHCORE.dll
0x00007ffd27fa0000 - 0x00007ffd27fd4000 	C:\Windows\system32\IMM32.DLL
0x00007ffd27d40000 - 0x00007ffd27e79000 	C:\Windows\system32\MSCTF.dll
0x00007ffd25190000 - 0x00007ffd253ea000 	C:\Windows\WinSxS\amd64_microsoft.windows.common-controls_6595b64144ccf1df_6.0.9600.17031_none_6242a4b3ecbb55a1\COMCTL32.dll
0x0000000060180000 - 0x0000000060252000 	C:\Program Files\Java\jdk1.8.0_73\jre\bin\msvcr100.dll
0x000000005efa0000 - 0x000000005f830000 	C:\Program Files\Java\jdk1.8.0_73\jre\bin\server\jvm.dll
0x00007ffd1de80000 - 0x00007ffd1de89000 	C:\Windows\SYSTEM32\WSOCK32.dll
0x00007ffd24f80000 - 0x00007ffd24f9f000 	C:\Windows\SYSTEM32\WINMM.dll
0x00007ffd24fa0000 - 0x00007ffd24faa000 	C:\Windows\SYSTEM32\VERSION.dll
0x00007ffd298a0000 - 0x00007ffd298a7000 	C:\Windows\system32\PSAPI.DLL
0x00007ffd27f30000 - 0x00007ffd27f88000 	C:\Windows\system32\WS2_32.dll
0x00007ffd24b30000 - 0x00007ffd24b5a000 	C:\Windows\SYSTEM32\WINMMBASE.dll
0x00007ffd27aa0000 - 0x00007ffd27aa9000 	C:\Windows\system32\NSI.dll
0x00007ffd27770000 - 0x00007ffd277ba000 	C:\Windows\SYSTEM32\cfgmgr32.dll
0x00007ffd26360000 - 0x00007ffd26386000 	C:\Windows\SYSTEM32\DEVOBJ.dll
0x00000000617a0000 - 0x00000000617af000 	C:\Program Files\Java\jdk1.8.0_73\jre\bin\verify.dll
0x0000000060ae0000 - 0x0000000060b09000 	C:\Program Files\Java\jdk1.8.0_73\jre\bin\java.dll
0x0000000061780000 - 0x0000000061796000 	C:\Program Files\Java\jdk1.8.0_73\jre\bin\zip.dll

VM Arguments:
jvm_args: -Djava.awt.headless=true -Xmx1024M -Dfile.encoding=windows-1252 -Duser.country=US -Duser.language=en -Duser.variant 
java_command: com.android.dx.command.Main --dex --force-jumbo --num-threads=4 --output C:\Users\Robertus Pamungkas\Desktop\ProjectPam16v1\app\build\intermediates\pre-dexed\debug\com.github.jorgecastilloprz-fillableloaders-1.02_890030cc195cfbd9098375771c4647134543001a.jar C:\Users\Robertus Pamungkas\Desktop\ProjectPam16v1\app\build\intermediates\exploded-aar\com.github.jorgecastilloprz\fillableloaders\1.02\jars\classes.jar
java_class_path (initial): H:\Kuliah\Semester 5\PAM 2016\sdk\build-tools\25.0.0\lib\dx.jar
Launcher Type: SUN_STANDARD

Environment Variables:
PATH=C:\ProgramData\Oracle\Java\javapath;C:\Windows\system32;C:\Windows;C:\Windows\System32\Wbem;C:\Windows\System32\WindowsPowerShell\v1.0\;C:\Program Files (x86)\AMD\ATI.ACE\Core-Static;C:\Program Files\Microsoft\Web Platform Installer\;C:\Program Files (x86)\Microsoft ASP.NET\ASP.NET Web Pages\v1.0\;C:\Program Files (x86)\Windows Kits\8.0\Windows Performance Toolkit\;C:\Program Files\Microsoft SQL Server\110\Tools\Binn\;C:\Program Files\Microsoft SQL Server\110\DTS\Binn\;C:\Program Files (x86)\Microsoft SQL Server\110\Tools\Binn\ManagementStudio\;C:\Program Files (x86)\Microsoft SQL Server\110\Tools\Binn\;C:\Program Files (x86)\Microsoft Visual Studio 10.0\Common7\IDE\PrivateAssemblies\;C:\Program Files (x86)\Microsoft SQL Server\110\DTS\Binn\
USERNAME=Robertus Pamungkas
OS=Windows_NT
PROCESSOR_IDENTIFIER=AMD64 Family 16 Model 4 Stepping 3, AuthenticAMD



---------------  S Y S T E M  ---------------

OS: Windows 8.1 , 64 bit Build 9600 (6.3.9600.17056)

CPU:total 4 (4 cores per cpu, 1 threads per core) family 16 model 4 stepping 3, cmov, cx8, fxsr, mmx, sse, sse2, sse3, popcnt, mmxext, 3dnowpref, lzcnt, sse4a, tsc, tscinvbit, tscinv

Memory: 4k page, physical 8387700k(2807400k free), swap 8387700k(5488k free)

vm_info: Java HotSpot(TM) 64-Bit Server VM (25.73-b02) for windows-amd64 JRE (1.8.0_73-b02), built on Jan 29 2016 17:38:49 by "java_re" with MS VC++ 10.0 (VS2010)

time: Wed Nov 30 22:42:02 2016
elapsed time: 1 seconds (0d 0h 0m 1s)

