#
# There is insufficient memory for the Java Runtime Environment to continue.
# Native memory allocation (malloc) failed to allocate 32744 bytes for ChunkPool::allocate
# Possible reasons:
#   The system is out of physical RAM or swap space
#   In 32 bit mode, the process size limit was hit
# Possible solutions:
#   Reduce memory load on the system
#   Increase physical memory or swap space
#   Check if swap backing store is full
#   Use 64 bit Java on a 64 bit OS
#   Decrease Java heap size (-Xmx/-Xms)
#   Decrease number of Java threads
#   Decrease Java thread stack sizes (-Xss)
#   Set larger code cache with -XX:ReservedCodeCacheSize=
# This output file may be truncated or incomplete.
#
#  Out of Memory Error (allocation.cpp:273), pid=4452, tid=5668
#
# JRE version: Java(TM) SE Runtime Environment (8.0_73-b02) (build 1.8.0_73-b02)
# Java VM: Java HotSpot(TM) 64-Bit Server VM (25.73-b02 mixed mode windows-amd64 compressed oops)
# Failed to write core dump. Minidumps are not enabled by default on client versions of Windows
#

---------------  T H R E A D  ---------------

Current thread (0x000000001505b000):  JavaThread "C2 CompilerThread0" daemon [_thread_in_native, id=5668, stack(0x0000000016710000,0x0000000016810000)]

Stack: [0x0000000016710000,0x0000000016810000]
[error occurred during error reporting (printing stack bounds), id 0xc0000005]

Native frames: (J=compiled Java code, j=interpreted, Vv=VM code, C=native code)


Current CompileTask:
C2:   4588 1659   !   4       com.android.dx.cf.code.BytecodeArray::parseInstruction (2764 bytes)


---------------  P R O C E S S  ---------------

Java Threads: ( => current thread )
  0x0000000016c88800 JavaThread "pool-1-thread-4" [_thread_blocked, id=240, stack(0x0000000017410000,0x0000000017510000)]
  0x0000000016c88000 JavaThread "pool-1-thread-3" [_thread_blocked, id=5100, stack(0x0000000017310000,0x0000000017410000)]
  0x0000000016c85000 JavaThread "pool-1-thread-2" [_thread_blocked, id=5304, stack(0x0000000017210000,0x0000000017310000)]
  0x0000000016c83800 JavaThread "pool-2-thread-1" [_thread_blocked, id=6688, stack(0x0000000017110000,0x0000000017210000)]
  0x0000000016c7f000 JavaThread "pool-1-thread-1" [_thread_in_Java, id=1032, stack(0x0000000017010000,0x0000000017110000)]
  0x0000000016a13800 JavaThread "Service Thread" daemon [_thread_blocked, id=5788, stack(0x0000000016e10000,0x0000000016f10000)]
  0x00000000150bd800 JavaThread "C1 CompilerThread2" daemon [_thread_blocked, id=2272, stack(0x0000000016910000,0x0000000016a10000)]
  0x00000000150ad000 JavaThread "C2 CompilerThread1" daemon [_thread_in_native, id=5736, stack(0x0000000016810000,0x0000000016910000)]
=>0x000000001505b000 JavaThread "C2 CompilerThread0" daemon [_thread_in_native, id=5668, stack(0x0000000016710000,0x0000000016810000)]
  0x000000001505a000 JavaThread "Attach Listener" daemon [_thread_blocked, id=6424, stack(0x0000000016610000,0x0000000016710000)]
  0x0000000015058800 JavaThread "Signal Dispatcher" daemon [_thread_blocked, id=6236, stack(0x0000000016510000,0x0000000016610000)]
  0x0000000002987000 JavaThread "Finalizer" daemon [_thread_blocked, id=5700, stack(0x00000000162c0000,0x00000000163c0000)]
  0x000000000297d000 JavaThread "Reference Handler" daemon [_thread_blocked, id=2152, stack(0x00000000161c0000,0x00000000162c0000)]
  0x0000000002891000 JavaThread "main" [_thread_in_Java, id=5280, stack(0x0000000002730000,0x0000000002830000)]

Other Threads:
  0x0000000015027800 VMThread [stack: 0x00000000160c0000,0x00000000161c0000] [id=6176]
  0x0000000016a17000 WatcherThread [stack: 0x0000000016f10000,0x0000000017010000] [id=7044]

VM state:not at safepoint (normal execution)

VM Mutex/Monitor currently owned by a thread: None

Heap:
 PSYoungGen      total 71680K, used 38446K [0x00000000eab00000, 0x00000000ef600000, 0x0000000100000000)
  eden space 66560K, 50% used [0x00000000eab00000,0x00000000ecb905f8,0x00000000eec00000)
  from space 5120K, 99% used [0x00000000ef100000,0x00000000ef5fb240,0x00000000ef600000)
  to   space 5120K, 0% used [0x00000000eec00000,0x00000000eec00000,0x00000000ef100000)
 ParOldGen       total 87552K, used 6390K [0x00000000c0000000, 0x00000000c5580000, 0x00000000eab00000)
  object space 87552K, 7% used [0x00000000c0000000,0x00000000c063d990,0x00000000c5580000)
 Metaspace       used 6244K, capacity 7088K, committed 7296K, reserved 1056768K
  class space    used 600K, capacity 616K, committed 640K, reserved 1048576K

Card table byte_map: [0x0000000011d50000,0x0000000011f60000] byte_map_base: 0x0000000011750000

Marking Bits: (ParMarkBitMap*) 0x000000005f7b0600
 Begin Bits: [0x00000000124c0000, 0x00000000134c0000)
 End Bits:   [0x00000000134c0000, 0x00000000144c0000)

Polling page: 0x00000000026b0000

CodeCache: size=245760Kb used=7412Kb max_used=7412Kb free=238347Kb
 bounds [0x0000000002990000, 0x00000000030e0000, 0x0000000011990000]
 total_blobs=1954 nmethods=1686 adapters=182
 compilation: enabled

Compilation events (10 events):
Event: 4.304 Thread 0x00000000150bd800 1705       2       java.util.HashMap::putVal (300 bytes)
Event: 4.304 Thread 0x00000000150bd800 nmethod 1705 0x00000000030cb010 code [0x00000000030cb220, 0x00000000030cb938]
Event: 4.310 Thread 0x00000000150bd800 1706       1       java.util.HashMap::afterNodeAccess (1 bytes)
Event: 4.310 Thread 0x00000000150bd800 nmethod 1706 0x00000000030c6210 code [0x00000000030c6360, 0x00000000030c6470]
Event: 4.311 Thread 0x00000000150bd800 1708       2       com.android.dx.ssa.SsaBasicBlock::scheduleMovesFromPhis (108 bytes)
Event: 4.312 Thread 0x00000000150bd800 nmethod 1708 0x00000000030ca2d0 code [0x00000000030ca4c0, 0x00000000030caab8]
Event: 4.356 Thread 0x00000000150bd800 1710       2       com.android.dx.rop.cst.CstLiteral64::hashCode (15 bytes)
Event: 4.357 Thread 0x00000000150bd800 nmethod 1710 0x00000000030ccd90 code [0x00000000030ccee0, 0x00000000030cd050]
Event: 4.358 Thread 0x00000000150bd800 1711   !   2       com.android.dx.rop.cst.CstType::intern (48 bytes)
Event: 4.358 Thread 0x00000000150bd800 nmethod 1711 0x00000000030d3790 code [0x00000000030d3940, 0x00000000030d3e48]

GC Heap History (4 events):
Event: 1.955 GC heap before
{Heap before GC invocations=1 (full 0):
 PSYoungGen      total 38400K, used 33280K [0x00000000eab00000, 0x00000000ed580000, 0x0000000100000000)
  eden space 33280K, 100% used [0x00000000eab00000,0x00000000ecb80000,0x00000000ecb80000)
  from space 5120K, 0% used [0x00000000ed080000,0x00000000ed080000,0x00000000ed580000)
  to   space 5120K, 0% used [0x00000000ecb80000,0x00000000ecb80000,0x00000000ed080000)
 ParOldGen       total 87552K, used 0K [0x00000000c0000000, 0x00000000c5580000, 0x00000000eab00000)
  object space 87552K, 0% used [0x00000000c0000000,0x00000000c0000000,0x00000000c5580000)
 Metaspace       used 6035K, capacity 6960K, committed 7040K, reserved 1056768K
  class space    used 598K, capacity 616K, committed 640K, reserved 1048576K
Event: 2.240 GC heap after
Heap after GC invocations=1 (full 0):
 PSYoungGen      total 38400K, used 5096K [0x00000000eab00000, 0x00000000ef600000, 0x0000000100000000)
  eden space 33280K, 0% used [0x00000000eab00000,0x00000000eab00000,0x00000000ecb80000)
  from space 5120K, 99% used [0x00000000ecb80000,0x00000000ed07a090,0x00000000ed080000)
  to   space 5120K, 0% used [0x00000000ef100000,0x00000000ef100000,0x00000000ef600000)
 ParOldGen       total 87552K, used 1461K [0x00000000c0000000, 0x00000000c5580000, 0x00000000eab00000)
  object space 87552K, 1% used [0x00000000c0000000,0x00000000c016d720,0x00000000c5580000)
 Metaspace       used 6035K, capacity 6960K, committed 7040K, reserved 1056768K
  class space    used 598K, capacity 616K, committed 640K, reserved 1048576K
}
Event: 3.618 GC heap before
{Heap before GC invocations=2 (full 0):
 PSYoungGen      total 38400K, used 38376K [0x00000000eab00000, 0x00000000ef600000, 0x0000000100000000)
  eden space 33280K, 100% used [0x00000000eab00000,0x00000000ecb80000,0x00000000ecb80000)
  from space 5120K, 99% used [0x00000000ecb80000,0x00000000ed07a090,0x00000000ed080000)
  to   space 5120K, 0% used [0x00000000ef100000,0x00000000ef100000,0x00000000ef600000)
 ParOldGen       total 87552K, used 1461K [0x00000000c0000000, 0x00000000c5580000, 0x00000000eab00000)
  object space 87552K, 1% used [0x00000000c0000000,0x00000000c016d720,0x00000000c5580000)
 Metaspace       used 6204K, capacity 7088K, committed 7296K, reserved 1056768K
  class space    used 600K, capacity 616K, committed 640K, reserved 1048576K
Event: 3.950 GC heap after
Heap after GC invocations=2 (full 0):
 PSYoungGen      total 71680K, used 5100K [0x00000000eab00000, 0x00000000ef600000, 0x0000000100000000)
  eden space 66560K, 0% used [0x00000000eab00000,0x00000000eab00000,0x00000000eec00000)
  from space 5120K, 99% used [0x00000000ef100000,0x00000000ef5fb240,0x00000000ef600000)
  to   space 5120K, 0% used [0x00000000eec00000,0x00000000eec00000,0x00000000ef100000)
 ParOldGen       total 87552K, used 6390K [0x00000000c0000000, 0x00000000c5580000, 0x00000000eab00000)
  object space 87552K, 7% used [0x00000000c0000000,0x00000000c063d990,0x00000000c5580000)
 Metaspace       used 6204K, capacity 7088K, committed 7296K, reserved 1056768K
  class space    used 600K, capacity 616K, committed 640K, reserved 1048576K
}

Deoptimization events (10 events):
Event: 2.451 Thread 0x0000000016c7f000 Uncommon trap: reason=bimorphic action=maybe_recompile pc=0x0000000002f337b8 method=com.android.dx.cf.code.BytecodeArray.parseInstruction(ILcom/android/dx/cf/code/BytecodeArray$Visitor;)I @ 1130
Event: 3.159 Thread 0x0000000016c88800 Uncommon trap: reason=unstable_if action=reinterpret pc=0x0000000002f736f0 method=com.android.dx.ssa.SCCP.simulateStmt(Lcom/android/dx/ssa/SsaInsn;)V @ 53
Event: 3.164 Thread 0x0000000016c88000 Uncommon trap: reason=bimorphic action=maybe_recompile pc=0x0000000002ff235c method=com.android.dx.cf.code.BytecodeArray.parseInstruction(ILcom/android/dx/cf/code/BytecodeArray$Visitor;)I @ 2281
Event: 3.165 Thread 0x0000000016c88000 Uncommon trap: reason=bimorphic action=maybe_recompile pc=0x0000000002ff235c method=com.android.dx.cf.code.BytecodeArray.parseInstruction(ILcom/android/dx/cf/code/BytecodeArray$Visitor;)I @ 2281
Event: 4.017 Thread 0x0000000016c88000 Uncommon trap: reason=class_check action=maybe_recompile pc=0x000000000307fa5c method=com.android.dx.cf.code.BytecodeArray.parseInstruction(ILcom/android/dx/cf/code/BytecodeArray$Visitor;)I @ 2002
Event: 4.017 Thread 0x0000000016c88000 Uncommon trap: reason=class_check action=maybe_recompile pc=0x000000000307fa5c method=com.android.dx.cf.code.BytecodeArray.parseInstruction(ILcom/android/dx/cf/code/BytecodeArray$Visitor;)I @ 2002
Event: 4.017 Thread 0x0000000016c88000 Uncommon trap: reason=class_check action=maybe_recompile pc=0x000000000307fa5c method=com.android.dx.cf.code.BytecodeArray.parseInstruction(ILcom/android/dx/cf/code/BytecodeArray$Visitor;)I @ 2002
Event: 4.017 Thread 0x0000000016c88000 Uncommon trap: reason=class_check action=maybe_recompile pc=0x000000000307fa5c method=com.android.dx.cf.code.BytecodeArray.parseInstruction(ILcom/android/dx/cf/code/BytecodeArray$Visitor;)I @ 2002
Event: 4.303 Thread 0x0000000016c85000 Uncommon trap: reason=unstable_if action=reinterpret pc=0x0000000002ea13b8 method=java.util.HashMap.putVal(ILjava/lang/Object;Ljava/lang/Object;ZZ)Ljava/lang/Object; @ 94
Event: 4.311 Thread 0x0000000016c85000 Uncommon trap: reason=unstable_if action=reinterpret pc=0x0000000002fcbb34 method=com.android.dx.ssa.SsaBasicBlock.scheduleMovesFromPhis()V @ 63

Internal exceptions (3 events):
Event: 0.055 Thread 0x0000000002891000 Exception <a 'java/lang/NoSuchMethodError': Method sun.misc.Unsafe.defineClass(Ljava/lang/String;[BII)Ljava/lang/Class; name or signature does not match> (0x00000000eab0d7b0) thrown at [D:\re\puppet\workspace\8-2-build-windows-amd64-cygwin\jdk8u73\6086\hotœAtØL¬?
Event: 0.055 Thread 0x0000000002891000 Exception <a 'java/lang/NoSuchMethodError': Method sun.misc.Unsafe.prefetchRead(Ljava/lang/Object;J)V name or signature does not match> (0x00000000eab0da98) thrown at [D:\re\puppet\workspace\8-2-build-windows-amd64-cygwin\jdk8u73\6086\hotspot\src\share\vm\ƒm¾uÛTû?
Event: 1.708 Thread 0x0000000016c88800 Implicit null exception at 0x0000000002d735dc to 0x0000000002d74de5

Events (10 events):
Event: 4.017 Thread 0x0000000016c88000 DEOPT PACKING pc=0x000000000307fa5c sp=0x000000001740e890
Event: 4.017 Thread 0x0000000016c88000 DEOPT UNPACKING pc=0x00000000029d582a sp=0x000000001740e838 mode 2
Event: 4.194 Executing VM operation: EnableBiasedLocking
Event: 4.286 Executing VM operation: EnableBiasedLocking done
Event: 4.303 Thread 0x0000000016c85000 Uncommon trap: trap_request=0xffffff65 fr.pc=0x0000000002ea13b8
Event: 4.303 Thread 0x0000000016c85000 DEOPT PACKING pc=0x0000000002ea13b8 sp=0x000000001730e7b0
Event: 4.303 Thread 0x0000000016c85000 DEOPT UNPACKING pc=0x00000000029d582a sp=0x000000001730e730 mode 2
Event: 4.311 Thread 0x0000000016c85000 Uncommon trap: trap_request=0xffffff65 fr.pc=0x0000000002fcbb34
Event: 4.311 Thread 0x0000000016c85000 DEOPT PACKING pc=0x0000000002fcbb34 sp=0x000000001730ea80
Event: 4.311 Thread 0x0000000016c85000 DEOPT UNPACKING pc=0x00000000029d582a sp=0x000000001730ea08 mode 2


Dynamic libraries:
0x00007ff7089c0000 - 0x00007ff7089f7000 	C:\Program Files\Java\jdk1.8.0_73\bin\java.exe
0x00007ffd2a170000 - 0x00007ffd2a31a000 	C:\Windows\SYSTEM32\ntdll.dll
0x00007ffd27ac0000 - 0x00007ffd27bfa000 	C:\Windows\system32\KERNEL32.DLL
0x00007ffd27660000 - 0x00007ffd2776f000 	C:\Windows\system32\KERNELBASE.dll
0x00007ffd26110000 - 0x00007ffd26198000 	C:\Windows\system32\apphelp.dll
0x00007ffd10c20000 - 0x00007ffd10c6f000 	C:\Windows\AppPatch\AppPatch64\AcGenral.DLL
0x00007ffd29e40000 - 0x00007ffd29ee7000 	C:\Windows\system32\msvcrt.dll
0x00007ffd272c0000 - 0x00007ffd272eb000 	C:\Windows\SYSTEM32\SspiCli.dll
0x00007ffd29de0000 - 0x00007ffd29e31000 	C:\Windows\system32\SHLWAPI.dll
0x00007ffd29720000 - 0x00007ffd29891000 	C:\Windows\system32\USER32.dll
0x00007ffd29ab0000 - 0x00007ffd29c28000 	C:\Windows\system32\ole32.dll
0x00007ffd28040000 - 0x00007ffd29457000 	C:\Windows\system32\SHELL32.dll
0x00007ffd26af0000 - 0x00007ffd26b0e000 	C:\Windows\SYSTEM32\USERENV.dll
0x00007ffd27e80000 - 0x00007ffd27f25000 	C:\Windows\system32\ADVAPI32.dll
0x00007ffd206f0000 - 0x00007ffd2070b000 	C:\Windows\SYSTEM32\MPR.dll
0x00007ffd27c00000 - 0x00007ffd27d36000 	C:\Windows\system32\RPCRT4.dll
0x00007ffd29d80000 - 0x00007ffd29dd7000 	C:\Windows\SYSTEM32\sechost.dll
0x00007ffd298d0000 - 0x00007ffd29aa6000 	C:\Windows\SYSTEM32\combase.dll
0x00007ffd29c30000 - 0x00007ffd29d75000 	C:\Windows\system32\GDI32.dll
0x00007ffd27490000 - 0x00007ffd274a4000 	C:\Windows\SYSTEM32\profapi.dll
0x00007ffd25b00000 - 0x00007ffd25b9f000 	C:\Windows\SYSTEM32\SHCORE.dll
0x00007ffd27fa0000 - 0x00007ffd27fd4000 	C:\Windows\system32\IMM32.DLL
0x00007ffd27d40000 - 0x00007ffd27e79000 	C:\Windows\system32\MSCTF.dll
0x00007ffd25190000 - 0x00007ffd253ea000 	C:\Windows\WinSxS\amd64_microsoft.windows.common-controls_6595b64144ccf1df_6.0.9600.17031_none_6242a4b3ecbb55a1\COMCTL32.dll
0x0000000060180000 - 0x0000000060252000 	C:\Program Files\Java\jdk1.8.0_73\jre\bin\msvcr100.dll
0x000000005efa0000 - 0x000000005f830000 	C:\Program Files\Java\jdk1.8.0_73\jre\bin\server\jvm.dll
0x00007ffd1de80000 - 0x00007ffd1de89000 	C:\Windows\SYSTEM32\WSOCK32.dll
0x00007ffd24f80000 - 0x00007ffd24f9f000 	C:\Windows\SYSTEM32\WINMM.dll
0x00007ffd24fa0000 - 0x00007ffd24faa000 	C:\Windows\SYSTEM32\VERSION.dll
0x00007ffd298a0000 - 0x00007ffd298a7000 	C:\Windows\system32\PSAPI.DLL
0x00007ffd27f30000 - 0x00007ffd27f88000 	C:\Windows\system32\WS2_32.dll
0x00007ffd24b30000 - 0x00007ffd24b5a000 	C:\Windows\SYSTEM32\WINMMBASE.dll
0x00007ffd27aa0000 - 0x00007ffd27aa9000 	C:\Windows\system32\NSI.dll
0x00007ffd27770000 - 0x00007ffd277ba000 	C:\Windows\SYSTEM32\cfgmgr32.dll
0x00007ffd26360000 - 0x00007ffd26386000 	C:\Windows\SYSTEM32\DEVOBJ.dll
0x00000000617a0000 - 0x00000000617af000 	C:\Program Files\Java\jdk1.8.0_73\jre\bin\verify.dll
0x0000000060ae0000 - 0x0000000060b09000 	C:\Program Files\Java\jdk1.8.0_73\jre\bin\java.dll
0x0000000061780000 - 0x0000000061796000 	C:\Program Files\Java\jdk1.8.0_73\jre\bin\zip.dll

VM Arguments:
jvm_args: -Djava.awt.headless=true -Xmx1024M -Dfile.encoding=windows-1252 -Duser.country=US -Duser.language=en -Duser.variant 
java_command: com.android.dx.command.Main --dex --force-jumbo --num-threads=4 --output C:\Users\Robertus Pamungkas\Desktop\ProjectPam16v1\app\build\intermediates\pre-dexed\debug\io.fabric.sdk.android-fabric-1.3.13_102c74592b3228840e4d3d4c6cc19c957f331c7e.jar C:\Users\Robertus Pamungkas\Desktop\ProjectPam16v1\app\build\intermediates\exploded-aar\io.fabric.sdk.android\fabric\1.3.13\jars\classes.jar
java_class_path (initial): H:\Kuliah\Semester 5\PAM 2016\sdk\build-tools\25.0.0\lib\dx.jar
Launcher Type: SUN_STANDARD

Environment Variables:
PATH=C:\ProgramData\Oracle\Java\javapath;C:\Windows\system32;C:\Windows;C:\Windows\System32\Wbem;C:\Windows\System32\WindowsPowerShell\v1.0\;C:\Program Files (x86)\AMD\ATI.ACE\Core-Static;C:\Program Files\Microsoft\Web Platform Installer\;C:\Program Files (x86)\Microsoft ASP.NET\ASP.NET Web Pages\v1.0\;C:\Program Files (x86)\Windows Kits\8.0\Windows Performance Toolkit\;C:\Program Files\Microsoft SQL Server\110\Tools\Binn\;C:\Program Files\Microsoft SQL Server\110\DTS\Binn\;C:\Program Files (x86)\Microsoft SQL Server\110\Tools\Binn\ManagementStudio\;C:\Program Files (x86)\Microsoft SQL Server\110\Tools\Binn\;C:\Program Files (x86)\Microsoft Visual Studio 10.0\Common7\IDE\PrivateAssemblies\;C:\Program Files (x86)\Microsoft SQL Server\110\DTS\Binn\
USERNAME=Robertus Pamungkas
OS=Windows_NT
PROCESSOR_IDENTIFIER=AMD64 Family 16 Model 4 Stepping 3, AuthenticAMD



---------------  S Y S T E M  ---------------

OS: Windows 8.1 , 64 bit Build 9600 (6.3.9600.17056)

CPU:total 4 (4 cores per cpu, 1 threads per core) family 16 model 4 stepping 3, cmov, cx8, fxsr, mmx, sse, sse2, sse3, popcnt, mmxext, 3dnowpref, lzcnt, sse4a, tsc, tscinvbit, tscinv

Memory: 4k page, physical 8387700k(2703960k free), swap 8387700k(5128k free)

vm_info: Java HotSpot(TM) 64-Bit Server VM (25.73-b02) for windows-amd64 JRE (1.8.0_73-b02), built on Jan 29 2016 17:38:49 by "java_re" with MS VC++ 10.0 (VS2010)

time: Wed Nov 30 23:36:05 2016
elapsed time: 4 seconds (0d 0h 0m 4s)

