#
# There is insufficient memory for the Java Runtime Environment to continue.
# Native memory allocation (malloc) failed to allocate 885776 bytes for Chunk::new
# Possible reasons:
#   The system is out of physical RAM or swap space
#   In 32 bit mode, the process size limit was hit
# Possible solutions:
#   Reduce memory load on the system
#   Increase physical memory or swap space
#   Check if swap backing store is full
#   Use 64 bit Java on a 64 bit OS
#   Decrease Java heap size (-Xmx/-Xms)
#   Decrease number of Java threads
#   Decrease Java thread stack sizes (-Xss)
#   Set larger code cache with -XX:ReservedCodeCacheSize=
# This output file may be truncated or incomplete.
#
#  Out of Memory Error (allocation.cpp:390), pid=5156, tid=5288
#
# JRE version: Java(TM) SE Runtime Environment (8.0_73-b02) (build 1.8.0_73-b02)
# Java VM: Java HotSpot(TM) 64-Bit Server VM (25.73-b02 mixed mode windows-amd64 compressed oops)
# Failed to write core dump. Minidumps are not enabled by default on client versions of Windows
#

---------------  T H R E A D  ---------------

Current thread (0x000000001529a000):  JavaThread "C2 CompilerThread0" daemon [_thread_in_native, id=5288, stack(0x0000000016970000,0x0000000016a70000)]

Stack: [0x0000000016970000,0x0000000016a70000]
[error occurred during error reporting (printing stack bounds), id 0xc0000005]

Native frames: (J=compiled Java code, j=interpreted, Vv=VM code, C=native code)


Current CompileTask:
C2:   1507 1178       4       com.android.dx.ssa.SCCP::simulateStmt (481 bytes)


---------------  P R O C E S S  ---------------

Java Threads: ( => current thread )
  0x0000000016ec0000 JavaThread "pool-1-thread-4" [_thread_in_Java, id=4100, stack(0x0000000017670000,0x0000000017770000)]
  0x0000000016ebb000 JavaThread "pool-1-thread-3" [_thread_in_Java, id=2752, stack(0x0000000017570000,0x0000000017670000)]
  0x0000000016eba000 JavaThread "pool-1-thread-2" [_thread_in_Java, id=7680, stack(0x0000000017470000,0x0000000017570000)]
  0x0000000016dc5000 JavaThread "pool-2-thread-1" [_thread_blocked, id=7380, stack(0x0000000017370000,0x0000000017470000)]
  0x0000000016dc4800 JavaThread "pool-1-thread-1" [_thread_in_Java, id=2272, stack(0x0000000017270000,0x0000000017370000)]
  0x0000000016c73800 JavaThread "Service Thread" daemon [_thread_blocked, id=4812, stack(0x0000000017070000,0x0000000017170000)]
  0x00000000152fc800 JavaThread "C1 CompilerThread2" daemon [_thread_blocked, id=4920, stack(0x0000000016b70000,0x0000000016c70000)]
  0x00000000152f6800 JavaThread "C2 CompilerThread1" daemon [_thread_in_native, id=6872, stack(0x0000000016a70000,0x0000000016b70000)]
=>0x000000001529a000 JavaThread "C2 CompilerThread0" daemon [_thread_in_native, id=5288, stack(0x0000000016970000,0x0000000016a70000)]
  0x0000000015298800 JavaThread "Attach Listener" daemon [_thread_blocked, id=3016, stack(0x0000000016870000,0x0000000016970000)]
  0x0000000015297000 JavaThread "Signal Dispatcher" daemon [_thread_blocked, id=6812, stack(0x0000000016770000,0x0000000016870000)]
  0x0000000002ac6000 JavaThread "Finalizer" daemon [_thread_blocked, id=7344, stack(0x0000000016520000,0x0000000016620000)]
  0x0000000002abd000 JavaThread "Reference Handler" daemon [_thread_blocked, id=6896, stack(0x0000000016420000,0x0000000016520000)]
  0x00000000029d1000 JavaThread "main" [_thread_in_vm, id=3084, stack(0x00000000027d0000,0x00000000028d0000)]

Other Threads:
  0x0000000015267800 VMThread [stack: 0x0000000016320000,0x0000000016420000] [id=3700]
  0x0000000016c76000 WatcherThread [stack: 0x0000000017170000,0x0000000017270000] [id=7912]

VM state:not at safepoint (normal execution)

VM Mutex/Monitor currently owned by a thread: None

Heap:
 PSYoungGen      total 38400K, used 28231K [0x00000000eab00000, 0x00000000ed580000, 0x0000000100000000)
  eden space 33280K, 84% used [0x00000000eab00000,0x00000000ec691d58,0x00000000ecb80000)
  from space 5120K, 0% used [0x00000000ed080000,0x00000000ed080000,0x00000000ed580000)
  to   space 5120K, 0% used [0x00000000ecb80000,0x00000000ecb80000,0x00000000ed080000)
 ParOldGen       total 87552K, used 0K [0x00000000c0000000, 0x00000000c5580000, 0x00000000eab00000)
  object space 87552K, 0% used [0x00000000c0000000,0x00000000c0000000,0x00000000c5580000)
 Metaspace       used 5841K, capacity 6896K, committed 7040K, reserved 1056768K
  class space    used 590K, capacity 616K, committed 640K, reserved 1048576K

Card table byte_map: [0x0000000011f90000,0x00000000121a0000] byte_map_base: 0x0000000011990000

Marking Bits: (ParMarkBitMap*) 0x0000000050910600
 Begin Bits: [0x0000000012700000, 0x0000000013700000)
 End Bits:   [0x0000000013700000, 0x0000000014700000)

Polling page: 0x0000000000fb0000

CodeCache: size=245760Kb used=4888Kb max_used=4888Kb free=240871Kb
 bounds [0x0000000002bd0000, 0x00000000030a0000, 0x0000000011bd0000]
 total_blobs=1447 nmethods=1185 adapters=176
 compilation: enabled

Compilation events (10 events):
Event: 1.443 Thread 0x00000000152fc800 1184       3       com.android.dx.ssa.SsaConverter::edgeSplitSuccessors (98 bytes)
Event: 1.444 Thread 0x00000000152fc800 nmethod 1184 0x000000000307d350 code [0x000000000307d5c0, 0x000000000307e3e8]
Event: 1.444 Thread 0x00000000152fc800 1185       3       java.util.ArrayList::add (54 bytes)
Event: 1.445 Thread 0x00000000152fc800 nmethod 1185 0x0000000003089610 code [0x00000000030897e0, 0x0000000003089fb8]
Event: 1.447 Thread 0x00000000152fc800 1188       3       com.android.dx.rop.code.Rops::opConst (85 bytes)
Event: 1.448 Thread 0x00000000152fc800 nmethod 1188 0x0000000003096fd0 code [0x0000000003097220, 0x0000000003097f28]
Event: 1.449 Thread 0x00000000152fc800 1189       3       com.android.dx.cf.code.Ropper::getRopMethod (64 bytes)
Event: 1.450 Thread 0x00000000152fc800 nmethod 1189 0x00000000030984d0 code [0x0000000003098720, 0x00000000030994b8]
Event: 1.450 Thread 0x00000000152fc800 1190       3       com.android.dx.ssa.SsaMethod::convertRopToSsaBlocks (103 bytes)
Event: 1.451 Thread 0x00000000152fc800 nmethod 1190 0x0000000003099d90 code [0x000000000309a000, 0x000000000309b1c8]

GC Heap History (0 events):
No events

Deoptimization events (2 events):
Event: 0.921 Thread 0x0000000016ec0000 Uncommon trap: reason=unstable_if action=reinterpret pc=0x0000000002df248c method=java.util.HashMap.getNode(ILjava/lang/Object;)Ljava/util/HashMap$Node; @ 129
Event: 1.105 Thread 0x0000000016eba000 Uncommon trap: reason=unstable_if action=reinterpret pc=0x0000000002ed3d04 method=java.util.HashMap.getNode(ILjava/lang/Object;)Ljava/util/HashMap$Node; @ 62

Internal exceptions (2 events):
Event: 0.107 Thread 0x00000000029d1000 Exception <a 'java/lang/NoSuchMethodError': Method sun.misc.Unsafe.defineClass(Ljava/lang/String;[BII)Ljava/lang/Class; name or signature does not match> (0x00000000eab0d7d0) thrown at [D:\re\puppet\workspace\8-2-build-windows-amd64-cygwin\jdk8u73\6086\hoto
ðPJ»?
Event: 0.107 Thread 0x00000000029d1000 Exception <a 'java/lang/NoSuchMethodError': Method sun.misc.Unsafe.prefetchRead(Ljava/lang/Object;J)V name or signature does not match> (0x00000000eab0dab8) thrown at [D:\re\puppet\workspace\8-2-build-windows-amd64-cygwin\jdk8u73\6086\hotspot\src\share\vm\

Events (10 events):
Event: 1.105 Thread 0x0000000016eba000 DEOPT PACKING pc=0x0000000002ed3d04 sp=0x000000001756e620
Event: 1.105 Thread 0x0000000016eba000 DEOPT UNPACKING pc=0x0000000002c1582a sp=0x000000001756e5a8 mode 2
Event: 1.119 loading class com/android/dx/cf/code/Ropper$ExceptionHandlerSetup
Event: 1.119 loading class com/android/dx/cf/code/Ropper$ExceptionHandlerSetup done
Event: 1.124 loading class java/util/HashMap$Values
Event: 1.124 loading class java/util/HashMap$Values done
Event: 1.124 loading class java/util/HashMap$ValueIterator
Event: 1.124 loading class java/util/HashMap$ValueIterator done
Event: 1.349 Executing VM operation: ForceSafepoint
Event: 1.376 Executing VM operation: ForceSafepoint done


Dynamic libraries:
0x00007ff659380000 - 0x00007ff6593b7000 	C:\Program Files\Java\jdk1.8.0_73\bin\java.exe
0x00007fff36470000 - 0x00007fff3661a000 	C:\Windows\SYSTEM32\ntdll.dll
0x00007fff34190000 - 0x00007fff342ca000 	C:\Windows\system32\KERNEL32.DLL
0x00007fff338b0000 - 0x00007fff339bf000 	C:\Windows\system32\KERNELBASE.dll
0x00007fff32410000 - 0x00007fff32498000 	C:\Windows\system32\apphelp.dll
0x00007fff11c80000 - 0x00007fff11ccf000 	C:\Windows\AppPatch\AppPatch64\AcGenral.DLL
0x00007fff34310000 - 0x00007fff343b7000 	C:\Windows\system32\msvcrt.dll
0x00007fff335c0000 - 0x00007fff335eb000 	C:\Windows\SYSTEM32\SspiCli.dll
0x00007fff34420000 - 0x00007fff34471000 	C:\Windows\system32\SHLWAPI.dll
0x00007fff34c30000 - 0x00007fff34da1000 	C:\Windows\system32\USER32.dll
0x00007fff33e00000 - 0x00007fff33f78000 	C:\Windows\system32\ole32.dll
0x00007fff34db0000 - 0x00007fff361c7000 	C:\Windows\system32\SHELL32.dll
0x00007fff32df0000 - 0x00007fff32e0e000 	C:\Windows\SYSTEM32\USERENV.dll
0x00007fff34a50000 - 0x00007fff34af5000 	C:\Windows\system32\ADVAPI32.dll
0x00007fff2cb20000 - 0x00007fff2cb3b000 	C:\Windows\SYSTEM32\MPR.dll
0x00007fff361d0000 - 0x00007fff36306000 	C:\Windows\system32\RPCRT4.dll
0x00007fff34b00000 - 0x00007fff34b57000 	C:\Windows\SYSTEM32\sechost.dll
0x00007fff34690000 - 0x00007fff34866000 	C:\Windows\SYSTEM32\combase.dll
0x00007fff34040000 - 0x00007fff34185000 	C:\Windows\system32\GDI32.dll
0x00007fff337e0000 - 0x00007fff337f4000 	C:\Windows\SYSTEM32\profapi.dll
0x00007fff320b0000 - 0x00007fff3214f000 	C:\Windows\SYSTEM32\SHCORE.dll
0x00007fff342d0000 - 0x00007fff34304000 	C:\Windows\system32\IMM32.DLL
0x00007fff36310000 - 0x00007fff36449000 	C:\Windows\system32\MSCTF.dll
0x00007fff31850000 - 0x00007fff31aaa000 	C:\Windows\WinSxS\amd64_microsoft.windows.common-controls_6595b64144ccf1df_6.0.9600.17031_none_6242a4b3ecbb55a1\COMCTL32.dll
0x0000000077d80000 - 0x0000000077e52000 	C:\Program Files\Java\jdk1.8.0_73\jre\bin\msvcr100.dll
0x0000000050100000 - 0x0000000050990000 	C:\Program Files\Java\jdk1.8.0_73\jre\bin\server\jvm.dll
0x00007fff2cc80000 - 0x00007fff2cc89000 	C:\Windows\SYSTEM32\WSOCK32.dll
0x00007fff30fa0000 - 0x00007fff30fbf000 	C:\Windows\SYSTEM32\WINMM.dll
0x00007fff30fc0000 - 0x00007fff30fca000 	C:\Windows\SYSTEM32\VERSION.dll
0x00007fff34b70000 - 0x00007fff34b77000 	C:\Windows\system32\PSAPI.DLL
0x00007fff343c0000 - 0x00007fff34418000 	C:\Windows\system32\WS2_32.dll
0x00007fff30f00000 - 0x00007fff30f2a000 	C:\Windows\SYSTEM32\WINMMBASE.dll
0x00007fff34b60000 - 0x00007fff34b69000 	C:\Windows\system32\NSI.dll
0x00007fff33ba0000 - 0x00007fff33bea000 	C:\Windows\SYSTEM32\cfgmgr32.dll
0x00007fff32660000 - 0x00007fff32686000 	C:\Windows\SYSTEM32\DEVOBJ.dll
0x00000000514c0000 - 0x00000000514cf000 	C:\Program Files\Java\jdk1.8.0_73\jre\bin\verify.dll
0x0000000051490000 - 0x00000000514b9000 	C:\Program Files\Java\jdk1.8.0_73\jre\bin\java.dll
0x0000000051470000 - 0x0000000051486000 	C:\Program Files\Java\jdk1.8.0_73\jre\bin\zip.dll

VM Arguments:
jvm_args: -Djava.awt.headless=true -Xmx1024M -Dfile.encoding=windows-1252 -Duser.country=US -Duser.language=en -Duser.variant 
java_command: com.android.dx.command.Main --dex --force-jumbo --num-threads=4 --output C:\Users\Robertus Pamungkas\Desktop\ProjectPam16v1\app\build\intermediates\pre-dexed\debug\com.android.support-support-fragment-24.2.1_4d5d51aa72e313fdcf2ec5259a2c1150dae4bea2.jar C:\Users\Robertus Pamungkas\Desktop\ProjectPam16v1\app\build\intermediates\exploded-aar\com.android.support\support-fragment\24.2.1\jars\classes.jar
java_class_path (initial): H:\Kuliah\Semester 5\PAM 2016\sdk\build-tools\25.0.0\lib\dx.jar
Launcher Type: SUN_STANDARD

Environment Variables:
PATH=C:\ProgramData\Oracle\Java\javapath;C:\Windows\system32;C:\Windows;C:\Windows\System32\Wbem;C:\Windows\System32\WindowsPowerShell\v1.0\;C:\Program Files (x86)\AMD\ATI.ACE\Core-Static;C:\Program Files\Microsoft\Web Platform Installer\;C:\Program Files (x86)\Microsoft ASP.NET\ASP.NET Web Pages\v1.0\;C:\Program Files (x86)\Windows Kits\8.0\Windows Performance Toolkit\;C:\Program Files\Microsoft SQL Server\110\Tools\Binn\;C:\Program Files\Microsoft SQL Server\110\DTS\Binn\;C:\Program Files (x86)\Microsoft SQL Server\110\Tools\Binn\ManagementStudio\;C:\Program Files (x86)\Microsoft SQL Server\110\Tools\Binn\;C:\Program Files (x86)\Microsoft Visual Studio 10.0\Common7\IDE\PrivateAssemblies\;C:\Program Files (x86)\Microsoft SQL Server\110\DTS\Binn\
USERNAME=Robertus Pamungkas
OS=Windows_NT
PROCESSOR_IDENTIFIER=AMD64 Family 16 Model 4 Stepping 3, AuthenticAMD



---------------  S Y S T E M  ---------------

OS: Windows 8.1 , 64 bit Build 9600 (6.3.9600.17056)

CPU:total 4 (4 cores per cpu, 1 threads per core) family 16 model 4 stepping 3, cmov, cx8, fxsr, mmx, sse, sse2, sse3, popcnt, mmxext, 3dnowpref, lzcnt, sse4a, tsc, tscinvbit, tscinv

Memory: 4k page, physical 8387700k(2236092k free), swap 8387700k(5568k free)

vm_info: Java HotSpot(TM) 64-Bit Server VM (25.73-b02) for windows-amd64 JRE (1.8.0_73-b02), built on Jan 29 2016 17:38:49 by "java_re" with MS VC++ 10.0 (VS2010)

time: Thu Dec 01 03:11:55 2016
elapsed time: 1 seconds (0d 0h 0m 1s)

