#
# There is insufficient memory for the Java Runtime Environment to continue.
# Native memory allocation (malloc) failed to allocate 797296 bytes for Chunk::new
# Possible reasons:
#   The system is out of physical RAM or swap space
#   In 32 bit mode, the process size limit was hit
# Possible solutions:
#   Reduce memory load on the system
#   Increase physical memory or swap space
#   Check if swap backing store is full
#   Use 64 bit Java on a 64 bit OS
#   Decrease Java heap size (-Xmx/-Xms)
#   Decrease number of Java threads
#   Decrease Java thread stack sizes (-Xss)
#   Set larger code cache with -XX:ReservedCodeCacheSize=
# This output file may be truncated or incomplete.
#
#  Out of Memory Error (allocation.cpp:390), pid=1400, tid=2936
#
# JRE version: Java(TM) SE Runtime Environment (8.0_73-b02) (build 1.8.0_73-b02)
# Java VM: Java HotSpot(TM) 64-Bit Server VM (25.73-b02 mixed mode windows-amd64 compressed oops)
# Failed to write core dump. Minidumps are not enabled by default on client versions of Windows
#

---------------  T H R E A D  ---------------

Current thread (0x000000001505a000):  JavaThread "C2 CompilerThread0" daemon [_thread_in_native, id=2936, stack(0x0000000016730000,0x0000000016830000)]

Stack: [0x0000000016730000,0x0000000016830000]
[error occurred during error reporting (printing stack bounds), id 0xc0000005]

Native frames: (J=compiled Java code, j=interpreted, Vv=VM code, C=native code)


Current CompileTask:
C2:    917 1263       4       com.android.dx.ssa.SCCP::simulateBranch (666 bytes)


---------------  P R O C E S S  ---------------

Java Threads: ( => current thread )
  0x0000000016ce9800 JavaThread "pool-1-thread-4" [_thread_blocked, id=5044, stack(0x0000000017430000,0x0000000017530000)]
  0x0000000016ce9000 JavaThread "pool-1-thread-3" [_thread_in_Java, id=3532, stack(0x0000000017330000,0x0000000017430000)]
  0x0000000016cfc800 JavaThread "pool-1-thread-2" [_thread_in_Java, id=840, stack(0x0000000017230000,0x0000000017330000)]
  0x0000000016cfe000 JavaThread "pool-2-thread-1" [_thread_blocked, id=5968, stack(0x0000000017130000,0x0000000017230000)]
  0x0000000016cf9800 JavaThread "pool-1-thread-1" [_thread_blocked, id=6648, stack(0x0000000017030000,0x0000000017130000)]
  0x00000000150bd000 JavaThread "Service Thread" daemon [_thread_blocked, id=6212, stack(0x0000000016e30000,0x0000000016f30000)]
  0x0000000015067000 JavaThread "C1 CompilerThread2" daemon [_thread_blocked, id=5920, stack(0x0000000016930000,0x0000000016a30000)]
  0x0000000015060000 JavaThread "C2 CompilerThread1" daemon [_thread_in_native, id=2440, stack(0x0000000016830000,0x0000000016930000)]
=>0x000000001505a000 JavaThread "C2 CompilerThread0" daemon [_thread_in_native, id=2936, stack(0x0000000016730000,0x0000000016830000)]
  0x0000000015058800 JavaThread "Attach Listener" daemon [_thread_blocked, id=7044, stack(0x0000000016630000,0x0000000016730000)]
  0x0000000015057000 JavaThread "Signal Dispatcher" daemon [_thread_blocked, id=2464, stack(0x0000000016530000,0x0000000016630000)]
  0x0000000002986000 JavaThread "Finalizer" daemon [_thread_blocked, id=6680, stack(0x00000000162e0000,0x00000000163e0000)]
  0x000000000297d000 JavaThread "Reference Handler" daemon [_thread_blocked, id=2960, stack(0x00000000161e0000,0x00000000162e0000)]
  0x0000000002891000 JavaThread "main" [_thread_blocked, id=5392, stack(0x00000000026d0000,0x00000000027d0000)]

Other Threads:
  0x0000000015027800 VMThread [stack: 0x00000000160e0000,0x00000000161e0000] [id=5296]
  0x0000000016a6a000 WatcherThread [stack: 0x0000000016f30000,0x0000000017030000] [id=3268]

VM state:not at safepoint (normal execution)

VM Mutex/Monitor currently owned by a thread: None

Heap:
 PSYoungGen      total 38400K, used 9490K [0x00000000eab00000, 0x00000000ef600000, 0x0000000100000000)
  eden space 33280K, 13% used [0x00000000eab00000,0x00000000eaf4a4e8,0x00000000ecb80000)
  from space 5120K, 99% used [0x00000000ecb80000,0x00000000ed07a460,0x00000000ed080000)
  to   space 5120K, 0% used [0x00000000ef100000,0x00000000ef100000,0x00000000ef600000)
 ParOldGen       total 87552K, used 1317K [0x00000000c0000000, 0x00000000c5580000, 0x00000000eab00000)
  object space 87552K, 1% used [0x00000000c0000000,0x00000000c01496c8,0x00000000c5580000)
 Metaspace       used 5875K, capacity 6896K, committed 7040K, reserved 1056768K
  class space    used 586K, capacity 616K, committed 640K, reserved 1048576K

Card table byte_map: [0x0000000011d50000,0x0000000011f60000] byte_map_base: 0x0000000011750000

Marking Bits: (ParMarkBitMap*) 0x000000005f7b0600
 Begin Bits: [0x00000000124c0000, 0x00000000134c0000)
 End Bits:   [0x00000000134c0000, 0x00000000144c0000)

Polling page: 0x0000000000ef0000

CodeCache: size=245760Kb used=5045Kb max_used=5057Kb free=240714Kb
 bounds [0x0000000002990000, 0x0000000002e90000, 0x0000000011990000]
 total_blobs=1510 nmethods=1248 adapters=176
 compilation: enabled

Compilation events (10 events):
Event: 0.890 Thread 0x0000000015060000 nmethod 1260 0x0000000002e7cd50 code [0x0000000002e7cea0, 0x0000000002e7cfa8]
Event: 0.891 Thread 0x0000000015060000 1262       4       com.android.dx.ssa.SsaMethod$2::addToUses (48 bytes)
Event: 0.897 Thread 0x000000001505a000 nmethod 1261 0x0000000002e7bf90 code [0x0000000002e7c100, 0x0000000002e7c678]
Event: 0.897 Thread 0x000000001505a000 1263       4       com.android.dx.ssa.SCCP::simulateBranch (666 bytes)
Event: 0.906 Thread 0x0000000015060000 nmethod 1262 0x0000000002e77c90 code [0x0000000002e77e40, 0x0000000002e78838]
Event: 0.906 Thread 0x0000000015060000 1265       4       java.util.Arrays::hashCode (56 bytes)
Event: 0.909 Thread 0x0000000015060000 nmethod 1265 0x0000000002e79450 code [0x0000000002e795a0, 0x0000000002e797d8]
Event: 0.909 Thread 0x0000000015060000 1271       4       com.android.dx.ssa.SsaMethod::forEachInsn (36 bytes)
Event: 0.912 Thread 0x0000000015060000 nmethod 1271 0x0000000002e83090 code [0x0000000002e831e0, 0x0000000002e83408]
Event: 0.912 Thread 0x0000000015060000 1269       4       com.android.dx.ssa.back.InterferenceGraph::ensureCapacity (42 bytes)

GC Heap History (2 events):
Event: 0.864 GC heap before
{Heap before GC invocations=1 (full 0):
 PSYoungGen      total 38400K, used 33280K [0x00000000eab00000, 0x00000000ed580000, 0x0000000100000000)
  eden space 33280K, 100% used [0x00000000eab00000,0x00000000ecb80000,0x00000000ecb80000)
  from space 5120K, 0% used [0x00000000ed080000,0x00000000ed080000,0x00000000ed580000)
  to   space 5120K, 0% used [0x00000000ecb80000,0x00000000ecb80000,0x00000000ed080000)
 ParOldGen       total 87552K, used 0K [0x00000000c0000000, 0x00000000c5580000, 0x00000000eab00000)
  object space 87552K, 0% used [0x00000000c0000000,0x00000000c0000000,0x00000000c5580000)
 Metaspace       used 5868K, capacity 6896K, committed 7040K, reserved 1056768K
  class space    used 586K, capacity 616K, committed 640K, reserved 1048576K
Event: 0.880 GC heap after
Heap after GC invocations=1 (full 0):
 PSYoungGen      total 38400K, used 5097K [0x00000000eab00000, 0x00000000ef600000, 0x0000000100000000)
  eden space 33280K, 0% used [0x00000000eab00000,0x00000000eab00000,0x00000000ecb80000)
  from space 5120K, 99% used [0x00000000ecb80000,0x00000000ed07a460,0x00000000ed080000)
  to   space 5120K, 0% used [0x00000000ef100000,0x00000000ef100000,0x00000000ef600000)
 ParOldGen       total 87552K, used 1317K [0x00000000c0000000, 0x00000000c5580000, 0x00000000eab00000)
  object space 87552K, 1% used [0x00000000c0000000,0x00000000c01496c8,0x00000000c5580000)
 Metaspace       used 5868K, capacity 6896K, committed 7040K, reserved 1056768K
  class space    used 586K, capacity 616K, committed 640K, reserved 1048576K
}

Deoptimization events (10 events):
Event: 0.792 Thread 0x0000000016cf9800 Uncommon trap: reason=class_check action=maybe_recompile pc=0x0000000002dba1ec method=com.android.dx.rop.type.Type.equals(Ljava/lang/Object;)Z @ 8
Event: 0.792 Thread 0x0000000016cf9800 Uncommon trap: reason=class_check action=maybe_recompile pc=0x0000000002dba1ec method=com.android.dx.rop.type.Type.equals(Ljava/lang/Object;)Z @ 8
Event: 0.792 Thread 0x0000000016cf9800 Uncommon trap: reason=class_check action=maybe_recompile pc=0x0000000002dba1ec method=com.android.dx.rop.type.Type.equals(Ljava/lang/Object;)Z @ 8
Event: 0.792 Thread 0x0000000016cf9800 Uncommon trap: reason=class_check action=maybe_recompile pc=0x0000000002dba1ec method=com.android.dx.rop.type.Type.equals(Ljava/lang/Object;)Z @ 8
Event: 0.792 Thread 0x0000000016cf9800 Uncommon trap: reason=class_check action=maybe_recompile pc=0x0000000002d7b30c method=com.android.dx.rop.type.Type.equals(Ljava/lang/Object;)Z @ 8
Event: 0.793 Thread 0x0000000016cf9800 Uncommon trap: reason=unstable_if action=reinterpret pc=0x0000000002db6c78 method=com.android.dx.cf.code.Ropper.labelToResultIndex(I)I @ 34
Event: 0.797 Thread 0x0000000016cf9800 Uncommon trap: reason=class_check action=maybe_recompile pc=0x0000000002df710c method=com.android.dx.rop.type.Type.equals(Ljava/lang/Object;)Z @ 8
Event: 0.797 Thread 0x0000000016cf9800 Uncommon trap: reason=class_check action=maybe_recompile pc=0x0000000002dcee1c method=com.android.dx.rop.type.Type.equals(Ljava/lang/Object;)Z @ 8
Event: 0.799 Thread 0x0000000016cf9800 Uncommon trap: reason=class_check action=maybe_recompile pc=0x0000000002c00498 method=com.android.dx.rop.type.Type.equals(Ljava/lang/Object;)Z @ 8
Event: 0.800 Thread 0x0000000016cf9800 Uncommon trap: reason=null_check action=make_not_entrant pc=0x0000000002cb2994 method=com.android.dx.ssa.SsaRenamer.getLocalForNewReg(I)Lcom/android/dx/rop/code/LocalItem; @ 19

Internal exceptions (3 events):
Event: 0.162 Thread 0x0000000002891000 Exception <a 'java/lang/NoSuchMethodError': Method sun.misc.Unsafe.defineClass(Ljava/lang/String;[BII)Ljava/lang/Class; name or signature does not match> (0x00000000eab0d7c8) thrown at [D:\re\puppet\workspace\8-2-build-windows-amd64-cygwin\jdk8u73\6086\hotW‚QÀæƒ?
Event: 0.162 Thread 0x0000000002891000 Exception <a 'java/lang/NoSuchMethodError': Method sun.misc.Unsafe.prefetchRead(Ljava/lang/Object;J)V name or signature does not match> (0x00000000eab0dab0) thrown at [D:\re\puppet\workspace\8-2-build-windows-amd64-cygwin\jdk8u73\6086\hotspot\src\share\vm\Åø yïÈ?
Event: 0.799 Thread 0x0000000016cf9800 Implicit null exception at 0x0000000002cb1313 to 0x0000000002cb296d

Events (10 events):
Event: 0.799 Thread 0x0000000016cf9800 DEOPT UNPACKING pc=0x00000000029d582a sp=0x000000001712d818 mode 2
Event: 0.800 Thread 0x0000000016cf9800 Uncommon trap: trap_request=0xfffffff4 fr.pc=0x0000000002cb2994
Event: 0.800 Thread 0x0000000016cf9800 DEOPT PACKING pc=0x0000000002cb2994 sp=0x000000001712e7f0
Event: 0.800 Thread 0x0000000016cf9800 DEOPT UNPACKING pc=0x00000000029d582a sp=0x000000001712e628 mode 2
Event: 0.842 loading class com/android/dx/cf/attrib/AttRuntimeInvisibleParameterAnnotations
Event: 0.842 loading class com/android/dx/cf/attrib/AttRuntimeInvisibleParameterAnnotations done
Event: 0.842 loading class com/android/dx/cf/attrib/BaseParameterAnnotations
Event: 0.842 loading class com/android/dx/cf/attrib/BaseParameterAnnotations done
Event: 0.862 Executing VM operation: ParallelGCFailedAllocation
Event: 0.880 Executing VM operation: ParallelGCFailedAllocation done


Dynamic libraries:
0x00007ff7089c0000 - 0x00007ff7089f7000 	C:\Program Files\Java\jdk1.8.0_73\bin\java.exe
0x00007ffd2a170000 - 0x00007ffd2a31a000 	C:\Windows\SYSTEM32\ntdll.dll
0x00007ffd27ac0000 - 0x00007ffd27bfa000 	C:\Windows\system32\KERNEL32.DLL
0x00007ffd27660000 - 0x00007ffd2776f000 	C:\Windows\system32\KERNELBASE.dll
0x00007ffd26110000 - 0x00007ffd26198000 	C:\Windows\system32\apphelp.dll
0x00007ffd27e80000 - 0x00007ffd27f25000 	C:\Windows\system32\ADVAPI32.dll
0x00007ffd29720000 - 0x00007ffd29891000 	C:\Windows\system32\USER32.dll
0x00007ffd25190000 - 0x00007ffd253ea000 	C:\Windows\WinSxS\amd64_microsoft.windows.common-controls_6595b64144ccf1df_6.0.9600.17031_none_6242a4b3ecbb55a1\COMCTL32.dll
0x00007ffd29e40000 - 0x00007ffd29ee7000 	C:\Windows\system32\msvcrt.dll
0x00007ffd29d80000 - 0x00007ffd29dd7000 	C:\Windows\SYSTEM32\sechost.dll
0x00007ffd27c00000 - 0x00007ffd27d36000 	C:\Windows\system32\RPCRT4.dll
0x00007ffd29c30000 - 0x00007ffd29d75000 	C:\Windows\system32\GDI32.dll
0x00007ffd27fa0000 - 0x00007ffd27fd4000 	C:\Windows\system32\IMM32.DLL
0x00007ffd27d40000 - 0x00007ffd27e79000 	C:\Windows\system32\MSCTF.dll
0x0000000060180000 - 0x0000000060252000 	C:\Program Files\Java\jdk1.8.0_73\jre\bin\msvcr100.dll
0x000000005efa0000 - 0x000000005f830000 	C:\Program Files\Java\jdk1.8.0_73\jre\bin\server\jvm.dll
0x00007ffd1de80000 - 0x00007ffd1de89000 	C:\Windows\SYSTEM32\WSOCK32.dll
0x00007ffd24f80000 - 0x00007ffd24f9f000 	C:\Windows\SYSTEM32\WINMM.dll
0x00007ffd24fa0000 - 0x00007ffd24faa000 	C:\Windows\SYSTEM32\VERSION.dll
0x00007ffd298a0000 - 0x00007ffd298a7000 	C:\Windows\system32\PSAPI.DLL
0x00007ffd27f30000 - 0x00007ffd27f88000 	C:\Windows\system32\WS2_32.dll
0x00007ffd24b30000 - 0x00007ffd24b5a000 	C:\Windows\SYSTEM32\WINMMBASE.dll
0x00007ffd27aa0000 - 0x00007ffd27aa9000 	C:\Windows\system32\NSI.dll
0x00007ffd27770000 - 0x00007ffd277ba000 	C:\Windows\SYSTEM32\cfgmgr32.dll
0x00007ffd26360000 - 0x00007ffd26386000 	C:\Windows\SYSTEM32\DEVOBJ.dll
0x00000000617a0000 - 0x00000000617af000 	C:\Program Files\Java\jdk1.8.0_73\jre\bin\verify.dll
0x0000000060ae0000 - 0x0000000060b09000 	C:\Program Files\Java\jdk1.8.0_73\jre\bin\java.dll
0x0000000061780000 - 0x0000000061796000 	C:\Program Files\Java\jdk1.8.0_73\jre\bin\zip.dll
0x00007ffd28040000 - 0x00007ffd29457000 	C:\Windows\system32\SHELL32.dll
0x00007ffd298d0000 - 0x00007ffd29aa6000 	C:\Windows\SYSTEM32\combase.dll
0x00007ffd29de0000 - 0x00007ffd29e31000 	C:\Windows\system32\SHLWAPI.dll
0x00007ffd25b00000 - 0x00007ffd25b9f000 	C:\Windows\SYSTEM32\SHCORE.dll
0x00007ffd27490000 - 0x00007ffd274a4000 	C:\Windows\SYSTEM32\profapi.dll

VM Arguments:
jvm_args: -Djava.awt.headless=true -Xmx1024M -Dfile.encoding=windows-1252 -Duser.country=US -Duser.language=en -Duser.variant 
java_command: com.android.dx.command.Main --dex --force-jumbo --num-threads=4 --output C:\Users\Robertus Pamungkas\Desktop\ProjectPam16v1\app\build\intermediates\pre-dexed\debug\com.android.support-recyclerview-v7-24.2.1_781994dd8f7c05d1bc1849c5903c473a9da572d1.jar C:\Users\Robertus Pamungkas\Desktop\ProjectPam16v1\app\build\intermediates\exploded-aar\com.android.support\recyclerview-v7\24.2.1\jars\classes.jar
java_class_path (initial): H:\Kuliah\Semester 5\PAM 2016\sdk\build-tools\25.0.0\lib\dx.jar
Launcher Type: SUN_STANDARD

Environment Variables:
PATH=C:\ProgramData\Oracle\Java\javapath;C:\Windows\system32;C:\Windows;C:\Windows\System32\Wbem;C:\Windows\System32\WindowsPowerShell\v1.0\;C:\Program Files (x86)\AMD\ATI.ACE\Core-Static;C:\Program Files\Microsoft\Web Platform Installer\;C:\Program Files (x86)\Microsoft ASP.NET\ASP.NET Web Pages\v1.0\;C:\Program Files (x86)\Windows Kits\8.0\Windows Performance Toolkit\;C:\Program Files\Microsoft SQL Server\110\Tools\Binn\;C:\Program Files\Microsoft SQL Server\110\DTS\Binn\;C:\Program Files (x86)\Microsoft SQL Server\110\Tools\Binn\ManagementStudio\;C:\Program Files (x86)\Microsoft SQL Server\110\Tools\Binn\;C:\Program Files (x86)\Microsoft Visual Studio 10.0\Common7\IDE\PrivateAssemblies\;C:\Program Files (x86)\Microsoft SQL Server\110\DTS\Binn\
USERNAME=Robertus Pamungkas
OS=Windows_NT
PROCESSOR_IDENTIFIER=AMD64 Family 16 Model 4 Stepping 3, AuthenticAMD



---------------  S Y S T E M  ---------------

OS: Windows 8.1 , 64 bit Build 9600 (6.3.9600.17056)

CPU:total 4 (4 cores per cpu, 1 threads per core) family 16 model 4 stepping 3, cmov, cx8, fxsr, mmx, sse, sse2, sse3, popcnt, mmxext, 3dnowpref, lzcnt, sse4a, tsc, tscinvbit, tscinv

Memory: 4k page, physical 8387700k(2860100k free), swap 8387700k(5796k free)

vm_info: Java HotSpot(TM) 64-Bit Server VM (25.73-b02) for windows-amd64 JRE (1.8.0_73-b02), built on Jan 29 2016 17:38:49 by "java_re" with MS VC++ 10.0 (VS2010)

time: Wed Nov 30 22:42:03 2016
elapsed time: 0 seconds (0d 0h 0m 0s)

