#
# There is insufficient memory for the Java Runtime Environment to continue.
# Native memory allocation (malloc) failed to allocate 467296 bytes for Chunk::new
# Possible reasons:
#   The system is out of physical RAM or swap space
#   In 32 bit mode, the process size limit was hit
# Possible solutions:
#   Reduce memory load on the system
#   Increase physical memory or swap space
#   Check if swap backing store is full
#   Use 64 bit Java on a 64 bit OS
#   Decrease Java heap size (-Xmx/-Xms)
#   Decrease number of Java threads
#   Decrease Java thread stack sizes (-Xss)
#   Set larger code cache with -XX:ReservedCodeCacheSize=
# This output file may be truncated or incomplete.
#
#  Out of Memory Error (allocation.cpp:390), pid=1500, tid=5920
#
# JRE version: Java(TM) SE Runtime Environment (8.0_73-b02) (build 1.8.0_73-b02)
# Java VM: Java HotSpot(TM) 64-Bit Server VM (25.73-b02 mixed mode windows-amd64 compressed oops)
# Failed to write core dump. Minidumps are not enabled by default on client versions of Windows
#

---------------  T H R E A D  ---------------

Current thread (0x00000000148f0000):  JavaThread "C2 CompilerThread1" daemon [_thread_in_native, id=5920, stack(0x00000000160a0000,0x00000000161a0000)]

Stack: [0x00000000160a0000,0x00000000161a0000]
[error occurred during error reporting (printing stack bounds), id 0xc0000005]

Native frames: (J=compiled Java code, j=interpreted, Vv=VM code, C=native code)


Current CompileTask:
C2:    779  651       4       com.android.dx.ssa.SsaBasicBlock::forEachInsn (37 bytes)


---------------  P R O C E S S  ---------------

Java Threads: ( => current thread )
  0x0000000016499000 JavaThread "pool-1-thread-4" [_thread_in_Java, id=3532, stack(0x0000000016ca0000,0x0000000016da0000)]
  0x0000000016498000 JavaThread "pool-1-thread-3" [_thread_in_Java, id=840, stack(0x0000000016ba0000,0x0000000016ca0000)]
  0x0000000016487800 JavaThread "pool-1-thread-2" [_thread_in_vm, id=3936, stack(0x0000000016aa0000,0x0000000016ba0000)]
  0x0000000016486800 JavaThread "pool-2-thread-1" [_thread_blocked, id=5968, stack(0x00000000169a0000,0x0000000016aa0000)]
  0x0000000016482000 JavaThread "pool-1-thread-1" [_thread_in_Java, id=6648, stack(0x00000000168a0000,0x00000000169a0000)]
  0x00000000162ba800 JavaThread "Service Thread" daemon [_thread_blocked, id=3268, stack(0x00000000166a0000,0x00000000167a0000)]
  0x0000000014943800 JavaThread "C1 CompilerThread2" daemon [_thread_in_native, id=6212, stack(0x00000000161a0000,0x00000000162a0000)]
=>0x00000000148f0000 JavaThread "C2 CompilerThread1" daemon [_thread_in_native, id=5920, stack(0x00000000160a0000,0x00000000161a0000)]
  0x00000000148ea000 JavaThread "C2 CompilerThread0" daemon [_thread_blocked, id=2440, stack(0x0000000015fa0000,0x00000000160a0000)]
  0x00000000148e8800 JavaThread "Attach Listener" daemon [_thread_blocked, id=2936, stack(0x0000000015ea0000,0x0000000015fa0000)]
  0x00000000148e7000 JavaThread "Signal Dispatcher" daemon [_thread_blocked, id=7044, stack(0x0000000015da0000,0x0000000015ea0000)]
  0x0000000002160000 JavaThread "Finalizer" daemon [_thread_blocked, id=2464, stack(0x0000000015b50000,0x0000000015c50000)]
  0x000000000215d000 JavaThread "Reference Handler" daemon [_thread_blocked, id=6680, stack(0x0000000015a50000,0x0000000015b50000)]
  0x0000000002071000 JavaThread "main" [_thread_in_Java, id=6024, stack(0x0000000000800000,0x0000000000900000)]

Other Threads:
  0x00000000148b7800 VMThread [stack: 0x0000000015950000,0x0000000015a50000] [id=2960]
  0x00000000162be800 WatcherThread [stack: 0x00000000167a0000,0x00000000168a0000] [id=2124]

VM state:not at safepoint (normal execution)

VM Mutex/Monitor currently owned by a thread: None

Heap:
 PSYoungGen      total 38400K, used 16239K [0x00000000eab00000, 0x00000000ed580000, 0x0000000100000000)
  eden space 33280K, 48% used [0x00000000eab00000,0x00000000ebadbe88,0x00000000ecb80000)
  from space 5120K, 0% used [0x00000000ed080000,0x00000000ed080000,0x00000000ed580000)
  to   space 5120K, 0% used [0x00000000ecb80000,0x00000000ecb80000,0x00000000ed080000)
 ParOldGen       total 87552K, used 0K [0x00000000c0000000, 0x00000000c5580000, 0x00000000eab00000)
  object space 87552K, 0% used [0x00000000c0000000,0x00000000c0000000,0x00000000c5580000)
 Metaspace       used 5622K, capacity 6576K, committed 6784K, reserved 1056768K
  class space    used 594K, capacity 616K, committed 640K, reserved 1048576K

Card table byte_map: [0x00000000115e0000,0x00000000117f0000] byte_map_base: 0x0000000010fe0000

Marking Bits: (ParMarkBitMap*) 0x000000005f7b0600
 Begin Bits: [0x0000000011d50000, 0x0000000012d50000)
 End Bits:   [0x0000000012d50000, 0x0000000013d50000)

Polling page: 0x0000000000660000

CodeCache: size=245760Kb used=2501Kb max_used=2512Kb free=243258Kb
 bounds [0x0000000002220000, 0x00000000024a0000, 0x0000000011220000]
 total_blobs=905 nmethods=637 adapters=182
 compilation: enabled

Compilation events (10 events):
Event: 0.769 Thread 0x00000000148ea000 nmethod 659 0x0000000002492f10 code [0x0000000002493040, 0x00000000024930b8]
Event: 0.769 Thread 0x00000000148ea000  660       4       com.android.dx.rop.code.RegisterSpec::hashCodeOf (30 bytes)
Event: 0.774 Thread 0x00000000148ea000 nmethod 660 0x0000000002492850 code [0x00000000024929c0, 0x0000000002492c38]
Event: 0.774 Thread 0x00000000148ea000  663       4       java.util.AbstractList::<init> (10 bytes)
Event: 0.774 Thread 0x00000000148ea000 nmethod 663 0x0000000002474e10 code [0x0000000002474f40, 0x0000000002474f98]
Event: 0.775 Thread 0x00000000148ea000  664   !   4       com.android.dx.util.IntList::<init> (37 bytes)
Event: 0.776 Thread 0x00000000148ea000 nmethod 664 0x0000000002492510 code [0x0000000002492660, 0x0000000002492798]
Event: 0.776 Thread 0x00000000148ea000  665       4       com.android.dx.ssa.SsaMethod::getExitBlock (26 bytes)
Event: 0.777 Thread 0x00000000148ea000 nmethod 665 0x0000000002494fd0 code [0x0000000002495120, 0x0000000002495238]
Event: 0.777 Thread 0x00000000148ea000  666       4       java.util.BitSet::<init> (56 bytes)

GC Heap History (0 events):
No events

Deoptimization events (2 events):
Event: 0.741 Thread 0x0000000016499000 Uncommon trap: reason=unstable_if action=reinterpret pc=0x000000000243bd70 method=java.util.BitSet.nextSetBit(I)I @ 87
Event: 0.760 Thread 0x0000000016498000 Uncommon trap: reason=unstable_if action=reinterpret pc=0x000000000243c634 method=java.util.BitSet.ensureCapacity(I)V @ 6

Internal exceptions (2 events):
Event: 0.048 Thread 0x0000000002071000 Exception <a 'java/lang/NoSuchMethodError': Method sun.misc.Unsafe.defineClass(Ljava/lang/String;[BII)Ljava/lang/Class; name or signature does not match> (0x00000000eab0d7a0) thrown at [D:\re\puppet\workspace\8-2-build-windows-amd64-cygwin\jdk8u73\6086\hotV&Åd®?
Event: 0.048 Thread 0x0000000002071000 Exception <a 'java/lang/NoSuchMethodError': Method sun.misc.Unsafe.prefetchRead(Ljava/lang/Object;J)V name or signature does not match> (0x00000000eab0da88) thrown at [D:\re\puppet\workspace\8-2-build-windows-amd64-cygwin\jdk8u73\6086\hotspot\src\share\vm\

Events (10 events):
Event: 0.757 loading class com/android/dx/cf/code/Ropper$ExceptionHandlerSetup done
Event: 0.758 loading class java/util/HashMap$Values
Event: 0.759 loading class java/util/HashMap$Values done
Event: 0.759 loading class java/util/HashMap$ValueIterator
Event: 0.759 loading class java/util/HashMap$ValueIterator done
Event: 0.760 Thread 0x0000000016498000 Uncommon trap: trap_request=0xffffff65 fr.pc=0x000000000243c634
Event: 0.760 Thread 0x0000000016498000 DEOPT PACKING pc=0x000000000243c634 sp=0x0000000016c9e640
Event: 0.760 Thread 0x0000000016498000 DEOPT UNPACKING pc=0x000000000226582a sp=0x0000000016c9e528 mode 2
Event: 0.762 loading class java/util/ArrayList$1
Event: 0.763 loading class java/util/ArrayList$1 done


Dynamic libraries:
0x00007ff7089c0000 - 0x00007ff7089f7000 	C:\Program Files\Java\jdk1.8.0_73\bin\java.exe
0x00007ffd2a170000 - 0x00007ffd2a31a000 	C:\Windows\SYSTEM32\ntdll.dll
0x00007ffd27ac0000 - 0x00007ffd27bfa000 	C:\Windows\system32\KERNEL32.DLL
0x00007ffd27660000 - 0x00007ffd2776f000 	C:\Windows\system32\KERNELBASE.dll
0x00007ffd26110000 - 0x00007ffd26198000 	C:\Windows\system32\apphelp.dll
0x00007ffd10c20000 - 0x00007ffd10c6f000 	C:\Windows\AppPatch\AppPatch64\AcGenral.DLL
0x00007ffd29e40000 - 0x00007ffd29ee7000 	C:\Windows\system32\msvcrt.dll
0x00007ffd272c0000 - 0x00007ffd272eb000 	C:\Windows\SYSTEM32\SspiCli.dll
0x00007ffd29de0000 - 0x00007ffd29e31000 	C:\Windows\system32\SHLWAPI.dll
0x00007ffd29720000 - 0x00007ffd29891000 	C:\Windows\system32\USER32.dll
0x00007ffd29ab0000 - 0x00007ffd29c28000 	C:\Windows\system32\ole32.dll
0x00007ffd28040000 - 0x00007ffd29457000 	C:\Windows\system32\SHELL32.dll
0x00007ffd26af0000 - 0x00007ffd26b0e000 	C:\Windows\SYSTEM32\USERENV.dll
0x00007ffd27e80000 - 0x00007ffd27f25000 	C:\Windows\system32\ADVAPI32.dll
0x00007ffd206f0000 - 0x00007ffd2070b000 	C:\Windows\SYSTEM32\MPR.dll
0x00007ffd27c00000 - 0x00007ffd27d36000 	C:\Windows\system32\RPCRT4.dll
0x00007ffd29d80000 - 0x00007ffd29dd7000 	C:\Windows\SYSTEM32\sechost.dll
0x00007ffd298d0000 - 0x00007ffd29aa6000 	C:\Windows\SYSTEM32\combase.dll
0x00007ffd29c30000 - 0x00007ffd29d75000 	C:\Windows\system32\GDI32.dll
0x00007ffd27490000 - 0x00007ffd274a4000 	C:\Windows\SYSTEM32\profapi.dll
0x00007ffd25b00000 - 0x00007ffd25b9f000 	C:\Windows\SYSTEM32\SHCORE.dll
0x00007ffd27fa0000 - 0x00007ffd27fd4000 	C:\Windows\system32\IMM32.DLL
0x00007ffd27d40000 - 0x00007ffd27e79000 	C:\Windows\system32\MSCTF.dll
0x00007ffd25190000 - 0x00007ffd253ea000 	C:\Windows\WinSxS\amd64_microsoft.windows.common-controls_6595b64144ccf1df_6.0.9600.17031_none_6242a4b3ecbb55a1\COMCTL32.dll
0x0000000060180000 - 0x0000000060252000 	C:\Program Files\Java\jdk1.8.0_73\jre\bin\msvcr100.dll
0x000000005efa0000 - 0x000000005f830000 	C:\Program Files\Java\jdk1.8.0_73\jre\bin\server\jvm.dll
0x00007ffd1de80000 - 0x00007ffd1de89000 	C:\Windows\SYSTEM32\WSOCK32.dll
0x00007ffd24f80000 - 0x00007ffd24f9f000 	C:\Windows\SYSTEM32\WINMM.dll
0x00007ffd24fa0000 - 0x00007ffd24faa000 	C:\Windows\SYSTEM32\VERSION.dll
0x00007ffd298a0000 - 0x00007ffd298a7000 	C:\Windows\system32\PSAPI.DLL
0x00007ffd27f30000 - 0x00007ffd27f88000 	C:\Windows\system32\WS2_32.dll
0x00007ffd24b30000 - 0x00007ffd24b5a000 	C:\Windows\SYSTEM32\WINMMBASE.dll
0x00007ffd27aa0000 - 0x00007ffd27aa9000 	C:\Windows\system32\NSI.dll
0x00007ffd27770000 - 0x00007ffd277ba000 	C:\Windows\SYSTEM32\cfgmgr32.dll
0x00007ffd26360000 - 0x00007ffd26386000 	C:\Windows\SYSTEM32\DEVOBJ.dll
0x00000000617a0000 - 0x00000000617af000 	C:\Program Files\Java\jdk1.8.0_73\jre\bin\verify.dll
0x0000000060ae0000 - 0x0000000060b09000 	C:\Program Files\Java\jdk1.8.0_73\jre\bin\java.dll
0x0000000061780000 - 0x0000000061796000 	C:\Program Files\Java\jdk1.8.0_73\jre\bin\zip.dll

VM Arguments:
jvm_args: -Djava.awt.headless=true -Xmx1024M -Dfile.encoding=windows-1252 -Duser.country=US -Duser.language=en -Duser.variant 
java_command: com.android.dx.command.Main --dex --force-jumbo --num-threads=4 --output C:\Users\Robertus Pamungkas\Desktop\ProjectPam16v1\app\build\intermediates\pre-dexed\debug\library-2.4.0_e4cff9af1f9fa972c25c893dc23b5f5af5378fb5.jar C:\Users\Robertus Pamungkas\.gradle\caches\modules-2\files-2.1\com.nineoldandroids\library\2.4.0\e9b63380f3a242dbdbf103a2355ad7e43bad17cb\library-2.4.0.jar
java_class_path (initial): H:\Kuliah\Semester 5\PAM 2016\sdk\build-tools\25.0.0\lib\dx.jar
Launcher Type: SUN_STANDARD

Environment Variables:
PATH=C:\ProgramData\Oracle\Java\javapath;C:\Windows\system32;C:\Windows;C:\Windows\System32\Wbem;C:\Windows\System32\WindowsPowerShell\v1.0\;C:\Program Files (x86)\AMD\ATI.ACE\Core-Static;C:\Program Files\Microsoft\Web Platform Installer\;C:\Program Files (x86)\Microsoft ASP.NET\ASP.NET Web Pages\v1.0\;C:\Program Files (x86)\Windows Kits\8.0\Windows Performance Toolkit\;C:\Program Files\Microsoft SQL Server\110\Tools\Binn\;C:\Program Files\Microsoft SQL Server\110\DTS\Binn\;C:\Program Files (x86)\Microsoft SQL Server\110\Tools\Binn\ManagementStudio\;C:\Program Files (x86)\Microsoft SQL Server\110\Tools\Binn\;C:\Program Files (x86)\Microsoft Visual Studio 10.0\Common7\IDE\PrivateAssemblies\;C:\Program Files (x86)\Microsoft SQL Server\110\DTS\Binn\
USERNAME=Robertus Pamungkas
OS=Windows_NT
PROCESSOR_IDENTIFIER=AMD64 Family 16 Model 4 Stepping 3, AuthenticAMD



---------------  S Y S T E M  ---------------

OS: Windows 8.1 , 64 bit Build 9600 (6.3.9600.17056)

CPU:total 4 (4 cores per cpu, 1 threads per core) family 16 model 4 stepping 3, cmov, cx8, fxsr, mmx, sse, sse2, sse3, popcnt, mmxext, 3dnowpref, lzcnt, sse4a, tsc, tscinvbit, tscinv

Memory: 4k page, physical 8387700k(2828740k free), swap 8387700k(5340k free)

vm_info: Java HotSpot(TM) 64-Bit Server VM (25.73-b02) for windows-amd64 JRE (1.8.0_73-b02), built on Jan 29 2016 17:38:49 by "java_re" with MS VC++ 10.0 (VS2010)

time: Wed Nov 30 22:41:53 2016
elapsed time: 0 seconds (0d 0h 0m 0s)

