#
# There is insufficient memory for the Java Runtime Environment to continue.
# Native memory allocation (malloc) failed to allocate 552048 bytes for Chunk::new
# Possible reasons:
#   The system is out of physical RAM or swap space
#   In 32 bit mode, the process size limit was hit
# Possible solutions:
#   Reduce memory load on the system
#   Increase physical memory or swap space
#   Check if swap backing store is full
#   Use 64 bit Java on a 64 bit OS
#   Decrease Java heap size (-Xmx/-Xms)
#   Decrease number of Java threads
#   Decrease Java thread stack sizes (-Xss)
#   Set larger code cache with -XX:ReservedCodeCacheSize=
# This output file may be truncated or incomplete.
#
#  Out of Memory Error (allocation.cpp:390), pid=6236, tid=6544
#
# JRE version: Java(TM) SE Runtime Environment (8.0_73-b02) (build 1.8.0_73-b02)
# Java VM: Java HotSpot(TM) 64-Bit Server VM (25.73-b02 mixed mode windows-amd64 compressed oops)
# Failed to write core dump. Minidumps are not enabled by default on client versions of Windows
#

---------------  T H R E A D  ---------------

Current thread (0x00000000145dd800):  JavaThread "C2 CompilerThread0" daemon [_thread_in_native, id=6544, stack(0x0000000015cb0000,0x0000000015db0000)]

Stack: [0x0000000015cb0000,0x0000000015db0000]
[error occurred during error reporting (printing stack bounds), id 0xc0000005]

Native frames: (J=compiled Java code, j=interpreted, Vv=VM code, C=native code)


Current CompileTask:
C2:   2332 1159   !   4       com.android.dx.cf.code.BytecodeArray::parseInstruction (2764 bytes)


---------------  P R O C E S S  ---------------

Java Threads: ( => current thread )
  0x000000001620f000 JavaThread "pool-1-thread-4" [_thread_in_Java, id=3852, stack(0x00000000169b0000,0x0000000016ab0000)]
  0x00000000161fb000 JavaThread "pool-1-thread-3" [_thread_in_vm, id=2464, stack(0x00000000168b0000,0x00000000169b0000)]
  0x00000000161f9000 JavaThread "pool-1-thread-2" [_thread_blocked, id=2304, stack(0x00000000167b0000,0x00000000168b0000)]
  0x00000000160fc800 JavaThread "pool-2-thread-1" [_thread_blocked, id=2144, stack(0x00000000166b0000,0x00000000167b0000)]
  0x00000000160fb800 JavaThread "pool-1-thread-1" [_thread_in_Java, id=7144, stack(0x00000000165b0000,0x00000000166b0000)]
  0x0000000015fe6000 JavaThread "Service Thread" daemon [_thread_blocked, id=6188, stack(0x00000000163b0000,0x00000000164b0000)]
  0x00000000145e7000 JavaThread "C1 CompilerThread2" daemon [_thread_blocked, id=6752, stack(0x0000000015eb0000,0x0000000015fb0000)]
  0x00000000145e3800 JavaThread "C2 CompilerThread1" daemon [_thread_in_native, id=4512, stack(0x0000000015db0000,0x0000000015eb0000)]
=>0x00000000145dd800 JavaThread "C2 CompilerThread0" daemon [_thread_in_native, id=6544, stack(0x0000000015cb0000,0x0000000015db0000)]
  0x00000000145dc000 JavaThread "Attach Listener" daemon [_thread_blocked, id=4068, stack(0x0000000015bb0000,0x0000000015cb0000)]
  0x00000000145da800 JavaThread "Signal Dispatcher" daemon [_thread_blocked, id=5996, stack(0x0000000015ab0000,0x0000000015bb0000)]
  0x0000000001f08000 JavaThread "Finalizer" daemon [_thread_blocked, id=3436, stack(0x0000000015860000,0x0000000015960000)]
  0x0000000001eff800 JavaThread "Reference Handler" daemon [_thread_blocked, id=740, stack(0x0000000015760000,0x0000000015860000)]
  0x0000000001e11000 JavaThread "main" [_thread_in_Java, id=7016, stack(0x0000000001d00000,0x0000000001e00000)]

Other Threads:
  0x00000000145a6800 VMThread [stack: 0x0000000015660000,0x0000000015760000] [id=6480]
  0x0000000015feb000 WatcherThread [stack: 0x00000000164b0000,0x00000000165b0000] [id=5612]

VM state:not at safepoint (normal execution)

VM Mutex/Monitor currently owned by a thread: None

Heap:
 PSYoungGen      total 38400K, used 28094K [0x00000000eab00000, 0x00000000ed580000, 0x0000000100000000)
  eden space 33280K, 84% used [0x00000000eab00000,0x00000000ec66f980,0x00000000ecb80000)
  from space 5120K, 0% used [0x00000000ed080000,0x00000000ed080000,0x00000000ed580000)
  to   space 5120K, 0% used [0x00000000ecb80000,0x00000000ecb80000,0x00000000ed080000)
 ParOldGen       total 87552K, used 0K [0x00000000c0000000, 0x00000000c5580000, 0x00000000eab00000)
  object space 87552K, 0% used [0x00000000c0000000,0x00000000c0000000,0x00000000c5580000)
 Metaspace       used 5839K, capacity 6896K, committed 7040K, reserved 1056768K
  class space    used 589K, capacity 616K, committed 640K, reserved 1048576K

Card table byte_map: [0x00000000112d0000,0x00000000114e0000] byte_map_base: 0x0000000010cd0000

Marking Bits: (ParMarkBitMap*) 0x000000005f7b0600
 Begin Bits: [0x0000000011a40000, 0x0000000012a40000)
 End Bits:   [0x0000000012a40000, 0x0000000013a40000)

Polling page: 0x00000000004c0000

CodeCache: size=245760Kb used=4831Kb max_used=4841Kb free=240928Kb
 bounds [0x0000000001f10000, 0x00000000023d0000, 0x0000000010f10000]
 total_blobs=1436 nmethods=1174 adapters=176
 compilation: enabled

Compilation events (10 events):
Event: 2.300 Thread 0x00000000145e7000 nmethod 1170 0x00000000023a6190 code [0x00000000023a62e0, 0x00000000023a63f0]
Event: 2.311 Thread 0x00000000145e7000 1172       3       com.android.dx.dex.code.RopTranslator::pickOrder (400 bytes)
Event: 2.314 Thread 0x00000000145e7000 nmethod 1172 0x00000000023c92d0 code [0x00000000023c9600, 0x00000000023cb718]
Event: 2.323 Thread 0x00000000145e7000 1173       3       com.android.dx.rop.cst.TypedConstant::getFrameType (2 bytes)
Event: 2.323 Thread 0x00000000145e7000 nmethod 1173 0x00000000023a5e50 code [0x00000000023a5fa0, 0x00000000023a60f0]
Event: 2.325 Thread 0x00000000145e3800 1174       4       com.android.dx.rop.code.BasicBlockList$RegCountVisitor::visitPlainInsn (6 bytes)
Event: 2.329 Thread 0x00000000145e3800 nmethod 1174 0x00000000023ce410 code [0x00000000023ce580, 0x00000000023ce858]
Event: 2.329 Thread 0x00000000145e7000 1175       3       com.android.dx.ssa.LocalVariableExtractor::doit (59 bytes)
Event: 2.330 Thread 0x00000000145e7000 nmethod 1175 0x00000000023cdb10 code [0x00000000023cdcc0, 0x00000000023ce208]
Event: 2.330 Thread 0x00000000145e3800 1176       4       com.android.dx.ssa.Dominators::eval (29 bytes)

GC Heap History (0 events):
No events

Deoptimization events (4 events):
Event: 1.814 Thread 0x00000000161f9000 Uncommon trap: reason=unstable_if action=reinterpret pc=0x000000000216e0b4 method=java.util.BitSet.ensureCapacity(I)V @ 6
Event: 1.857 Thread 0x00000000161f9000 Uncommon trap: reason=unstable_if action=reinterpret pc=0x00000000021265a0 method=java.util.HashMap.getNode(ILjava/lang/Object;)Ljava/util/HashMap$Node; @ 62
Event: 1.979 Thread 0x00000000160fb800 Uncommon trap: reason=unstable_if action=reinterpret pc=0x0000000002272914 method=com.android.dx.rop.code.RegisterSpec.equals(ILcom/android/dx/rop/type/TypeBearer;Lcom/android/dx/rop/code/LocalItem;)Z @ 16
Event: 2.285 Thread 0x0000000001e11000 Uncommon trap: reason=unloaded action=reinterpret pc=0x00000000021a6b64 method=com.android.dx.cf.cst.ConstantPoolParser.parse0(ILjava/util/BitSet;)Lcom/android/dx/rop/cst/Constant; @ 176

Internal exceptions (2 events):
Event: 0.043 Thread 0x0000000001e11000 Exception <a 'java/lang/NoSuchMethodError': Method sun.misc.Unsafe.defineClass(Ljava/lang/String;[BII)Ljava/lang/Class; name or signature does not match> (0x00000000eab0d630) thrown at [D:\re\puppet\workspace\8-2-build-windows-amd64-cygwin\jdk8u73\6086\hotù7*J¶?
Event: 0.044 Thread 0x0000000001e11000 Exception <a 'java/lang/NoSuchMethodError': Method sun.misc.Unsafe.prefetchRead(Ljava/lang/Object;J)V name or signature does not match> (0x00000000eab0d918) thrown at [D:\re\puppet\workspace\8-2-build-windows-amd64-cygwin\jdk8u73\6086\hotspot\src\share\vm\

Events (10 events):
Event: 2.009 loading class java/util/ArrayList$1 done
Event: 2.025 Executing VM operation: ForceSafepoint
Event: 2.036 Executing VM operation: ForceSafepoint done
Event: 2.039 loading class java/util/DualPivotQuicksort
Event: 2.039 loading class java/util/DualPivotQuicksort done
Event: 2.077 Thread 0x00000000161fb000 DEOPT PACKING pc=0x0000000002160d42 sp=0x00000000169aeda0
Event: 2.077 Thread 0x00000000161fb000 DEOPT UNPACKING pc=0x0000000001f5747f sp=0x00000000169aeb18 mode 0
Event: 2.285 Thread 0x0000000001e11000 Uncommon trap: trap_request=0x000000cf fr.pc=0x00000000021a6b64
Event: 2.285 Thread 0x0000000001e11000 DEOPT PACKING pc=0x00000000021a6b64 sp=0x0000000001dfe9d0
Event: 2.285 Thread 0x0000000001e11000 DEOPT UNPACKING pc=0x0000000001f5582a sp=0x0000000001dfe9a0 mode 2


Dynamic libraries:
0x00007ff7089c0000 - 0x00007ff7089f7000 	C:\Program Files\Java\jdk1.8.0_73\bin\java.exe
0x00007ffd2a170000 - 0x00007ffd2a31a000 	C:\Windows\SYSTEM32\ntdll.dll
0x00007ffd27ac0000 - 0x00007ffd27bfa000 	C:\Windows\system32\KERNEL32.DLL
0x00007ffd27660000 - 0x00007ffd2776f000 	C:\Windows\system32\KERNELBASE.dll
0x00007ffd26110000 - 0x00007ffd26198000 	C:\Windows\system32\apphelp.dll
0x00007ffd1cca0000 - 0x00007ffd1ccef000 	C:\Windows\AppPatch\AppPatch64\AcGenral.DLL
0x00007ffd29e40000 - 0x00007ffd29ee7000 	C:\Windows\system32\msvcrt.dll
0x00007ffd272c0000 - 0x00007ffd272eb000 	C:\Windows\SYSTEM32\SspiCli.dll
0x00007ffd29de0000 - 0x00007ffd29e31000 	C:\Windows\system32\SHLWAPI.dll
0x00007ffd29720000 - 0x00007ffd29891000 	C:\Windows\system32\USER32.dll
0x00007ffd29ab0000 - 0x00007ffd29c28000 	C:\Windows\system32\ole32.dll
0x00007ffd28040000 - 0x00007ffd29457000 	C:\Windows\system32\SHELL32.dll
0x00007ffd26af0000 - 0x00007ffd26b0e000 	C:\Windows\SYSTEM32\USERENV.dll
0x00007ffd27e80000 - 0x00007ffd27f25000 	C:\Windows\system32\ADVAPI32.dll
0x00007ffd206f0000 - 0x00007ffd2070b000 	C:\Windows\SYSTEM32\MPR.dll
0x00007ffd27c00000 - 0x00007ffd27d36000 	C:\Windows\system32\RPCRT4.dll
0x00007ffd29d80000 - 0x00007ffd29dd7000 	C:\Windows\SYSTEM32\sechost.dll
0x00007ffd298d0000 - 0x00007ffd29aa6000 	C:\Windows\SYSTEM32\combase.dll
0x00007ffd29c30000 - 0x00007ffd29d75000 	C:\Windows\system32\GDI32.dll
0x00007ffd27490000 - 0x00007ffd274a4000 	C:\Windows\SYSTEM32\profapi.dll
0x00007ffd25b00000 - 0x00007ffd25b9f000 	C:\Windows\SYSTEM32\SHCORE.dll
0x00007ffd27fa0000 - 0x00007ffd27fd4000 	C:\Windows\system32\IMM32.DLL
0x00007ffd27d40000 - 0x00007ffd27e79000 	C:\Windows\system32\MSCTF.dll
0x00007ffd25190000 - 0x00007ffd253ea000 	C:\Windows\WinSxS\amd64_microsoft.windows.common-controls_6595b64144ccf1df_6.0.9600.17031_none_6242a4b3ecbb55a1\COMCTL32.dll
0x000000005ecc0000 - 0x000000005ed92000 	C:\Program Files\Java\jdk1.8.0_73\jre\bin\msvcr100.dll
0x000000005efa0000 - 0x000000005f830000 	C:\Program Files\Java\jdk1.8.0_73\jre\bin\server\jvm.dll
0x00007ffd1de80000 - 0x00007ffd1de89000 	C:\Windows\SYSTEM32\WSOCK32.dll
0x00007ffd24f80000 - 0x00007ffd24f9f000 	C:\Windows\SYSTEM32\WINMM.dll
0x00007ffd24fa0000 - 0x00007ffd24faa000 	C:\Windows\SYSTEM32\VERSION.dll
0x00007ffd298a0000 - 0x00007ffd298a7000 	C:\Windows\system32\PSAPI.DLL
0x00007ffd27f30000 - 0x00007ffd27f88000 	C:\Windows\system32\WS2_32.dll
0x00007ffd24b30000 - 0x00007ffd24b5a000 	C:\Windows\SYSTEM32\WINMMBASE.dll
0x00007ffd27aa0000 - 0x00007ffd27aa9000 	C:\Windows\system32\NSI.dll
0x00007ffd27770000 - 0x00007ffd277ba000 	C:\Windows\SYSTEM32\cfgmgr32.dll
0x00007ffd26360000 - 0x00007ffd26386000 	C:\Windows\SYSTEM32\DEVOBJ.dll
0x0000000060340000 - 0x000000006034f000 	C:\Program Files\Java\jdk1.8.0_73\jre\bin\verify.dll
0x0000000060310000 - 0x0000000060339000 	C:\Program Files\Java\jdk1.8.0_73\jre\bin\java.dll
0x00000000602f0000 - 0x0000000060306000 	C:\Program Files\Java\jdk1.8.0_73\jre\bin\zip.dll

VM Arguments:
jvm_args: -Djava.awt.headless=true -Xmx1024M -Dfile.encoding=windows-1252 -Duser.country=US -Duser.language=en -Duser.variant 
java_command: com.android.dx.command.Main --dex --force-jumbo --num-threads=4 --output C:\Users\Robertus Pamungkas\Desktop\ProjectPam16v1\app\build\intermediates\pre-dexed\debug\com.android.support-support-fragment-24.2.1_4d5d51aa72e313fdcf2ec5259a2c1150dae4bea2.jar C:\Users\Robertus Pamungkas\Desktop\ProjectPam16v1\app\build\intermediates\exploded-aar\com.android.support\support-fragment\24.2.1\jars\classes.jar
java_class_path (initial): H:\Kuliah\Semester 5\PAM 2016\sdk\build-tools\25.0.0\lib\dx.jar
Launcher Type: SUN_STANDARD

Environment Variables:
PATH=C:\ProgramData\Oracle\Java\javapath;C:\Windows\system32;C:\Windows;C:\Windows\System32\Wbem;C:\Windows\System32\WindowsPowerShell\v1.0\;C:\Program Files (x86)\AMD\ATI.ACE\Core-Static;C:\Program Files\Microsoft\Web Platform Installer\;C:\Program Files (x86)\Microsoft ASP.NET\ASP.NET Web Pages\v1.0\;C:\Program Files (x86)\Windows Kits\8.0\Windows Performance Toolkit\;C:\Program Files\Microsoft SQL Server\110\Tools\Binn\;C:\Program Files\Microsoft SQL Server\110\DTS\Binn\;C:\Program Files (x86)\Microsoft SQL Server\110\Tools\Binn\ManagementStudio\;C:\Program Files (x86)\Microsoft SQL Server\110\Tools\Binn\;C:\Program Files (x86)\Microsoft Visual Studio 10.0\Common7\IDE\PrivateAssemblies\;C:\Program Files (x86)\Microsoft SQL Server\110\DTS\Binn\
USERNAME=Robertus Pamungkas
OS=Windows_NT
PROCESSOR_IDENTIFIER=AMD64 Family 16 Model 4 Stepping 3, AuthenticAMD



---------------  S Y S T E M  ---------------

OS: Windows 8.1 , 64 bit Build 9600 (6.3.9600.17056)

CPU:total 4 (4 cores per cpu, 1 threads per core) family 16 model 4 stepping 3, cmov, cx8, fxsr, mmx, sse, sse2, sse3, popcnt, mmxext, 3dnowpref, lzcnt, sse4a, tsc, tscinvbit, tscinv

Memory: 4k page, physical 8387700k(2283704k free), swap 8387700k(5272k free)

vm_info: Java HotSpot(TM) 64-Bit Server VM (25.73-b02) for windows-amd64 JRE (1.8.0_73-b02), built on Jan 29 2016 17:38:49 by "java_re" with MS VC++ 10.0 (VS2010)

time: Wed Nov 30 22:32:35 2016
elapsed time: 2 seconds (0d 0h 0m 2s)

