#
# There is insufficient memory for the Java Runtime Environment to continue.
# Native memory allocation (malloc) failed to allocate 32744 bytes for ChunkPool::allocate
# Possible reasons:
#   The system is out of physical RAM or swap space
#   In 32 bit mode, the process size limit was hit
# Possible solutions:
#   Reduce memory load on the system
#   Increase physical memory or swap space
#   Check if swap backing store is full
#   Use 64 bit Java on a 64 bit OS
#   Decrease Java heap size (-Xmx/-Xms)
#   Decrease number of Java threads
#   Decrease Java thread stack sizes (-Xss)
#   Set larger code cache with -XX:ReservedCodeCacheSize=
# This output file may be truncated or incomplete.
#
#  Out of Memory Error (allocation.cpp:273), pid=4200, tid=6936
#
# JRE version: Java(TM) SE Runtime Environment (8.0_73-b02) (build 1.8.0_73-b02)
# Java VM: Java HotSpot(TM) 64-Bit Server VM (25.73-b02 mixed mode windows-amd64 compressed oops)
# Failed to write core dump. Minidumps are not enabled by default on client versions of Windows
#

---------------  T H R E A D  ---------------

Current thread (0x00000000145e6800):  JavaThread "C1 CompilerThread2" daemon [_thread_in_native, id=6936, stack(0x0000000015e90000,0x0000000015f90000)]

Stack: [0x0000000015e90000,0x0000000015f90000]
[error occurred during error reporting (printing stack bounds), id 0xc0000005]

Native frames: (J=compiled Java code, j=interpreted, Vv=VM code, C=native code)


Current CompileTask:
C1:    331   86       3       sun.nio.cs.UTF_8$Decoder::decode (779 bytes)


---------------  P R O C E S S  ---------------

Java Threads: ( => current thread )
  0x000000001463c800 JavaThread "Service Thread" daemon [_thread_blocked, id=6808, stack(0x0000000016390000,0x0000000016490000)]
=>0x00000000145e6800 JavaThread "C1 CompilerThread2" daemon [_thread_in_native, id=6936, stack(0x0000000015e90000,0x0000000015f90000)]
  0x00000000145e3800 JavaThread "C2 CompilerThread1" daemon [_thread_blocked, id=2164, stack(0x0000000015d90000,0x0000000015e90000)]
  0x00000000145dc000 JavaThread "C2 CompilerThread0" daemon [_thread_blocked, id=6076, stack(0x0000000015c90000,0x0000000015d90000)]
  0x00000000145da800 JavaThread "Attach Listener" daemon [_thread_blocked, id=7008, stack(0x0000000015b90000,0x0000000015c90000)]
  0x00000000145d9800 JavaThread "Signal Dispatcher" daemon [_thread_blocked, id=5764, stack(0x0000000015a90000,0x0000000015b90000)]
  0x0000000001f06000 JavaThread "Finalizer" daemon [_thread_blocked, id=2348, stack(0x0000000015840000,0x0000000015940000)]
  0x0000000001efd000 JavaThread "Reference Handler" daemon [_thread_blocked, id=1936, stack(0x0000000015740000,0x0000000015840000)]
  0x0000000001e11000 JavaThread "main" [_thread_in_native, id=504, stack(0x0000000001c60000,0x0000000001d60000)]

Other Threads:
  0x00000000145a7800 VMThread [stack: 0x0000000015640000,0x0000000015740000] [id=6180]
  0x0000000015fc6000 WatcherThread [stack: 0x0000000016490000,0x0000000016590000] [id=5172]

VM state:not at safepoint (normal execution)

VM Mutex/Monitor currently owned by a thread: None

Heap:
 PSYoungGen      total 38400K, used 3330K [0x00000000eab00000, 0x00000000ed580000, 0x0000000100000000)
  eden space 33280K, 10% used [0x00000000eab00000,0x00000000eae408d8,0x00000000ecb80000)
  from space 5120K, 0% used [0x00000000ed080000,0x00000000ed080000,0x00000000ed580000)
  to   space 5120K, 0% used [0x00000000ecb80000,0x00000000ecb80000,0x00000000ed080000)
 ParOldGen       total 87552K, used 0K [0x00000000c0000000, 0x00000000c5580000, 0x00000000eab00000)
  object space 87552K, 0% used [0x00000000c0000000,0x00000000c0000000,0x00000000c5580000)
 Metaspace       used 3284K, capacity 4720K, committed 4864K, reserved 1056768K
  class space    used 364K, capacity 424K, committed 512K, reserved 1048576K

Card table byte_map: [0x00000000112d0000,0x00000000114e0000] byte_map_base: 0x0000000010cd0000

Marking Bits: (ParMarkBitMap*) 0x0000000050910600
 Begin Bits: [0x0000000011a40000, 0x0000000012a40000)
 End Bits:   [0x0000000012a40000, 0x0000000013a40000)

Polling page: 0x0000000000470000

CodeCache: size=245760Kb used=1215Kb max_used=1215Kb free=244544Kb
 bounds [0x0000000001f10000, 0x0000000002180000, 0x0000000010f10000]
 total_blobs=333 nmethods=91 adapters=156
 compilation: enabled

Compilation events (10 events):
Event: 0.258 Thread 0x00000000145e6800 nmethod 78 0x000000000203c510 code [0x000000000203c6c0, 0x000000000203cb58]
Event: 0.261 Thread 0x00000000145e6800   80       3       java.util.zip.ZipFile::access$400 (5 bytes)
Event: 0.261 Thread 0x00000000145e6800 nmethod 80 0x000000000203d150 code [0x000000000203d2a0, 0x000000000203d3d0]
Event: 0.262 Thread 0x00000000145e6800   82       1       java.util.zip.ZipFile::access$300 (5 bytes)
Event: 0.262 Thread 0x00000000145e6800 nmethod 82 0x000000000203d850 code [0x000000000203d9a0, 0x000000000203da90]
Event: 0.262 Thread 0x00000000145e6800   83       3       java.util.zip.ZipFile::ensureOpen (37 bytes)
Event: 0.263 Thread 0x00000000145e6800 nmethod 83 0x000000000203db10 code [0x000000000203dca0, 0x000000000203df78]
Event: 0.263 Thread 0x00000000145e6800   84       1       java.util.zip.ZipCoder::isUTF8 (5 bytes)
Event: 0.263 Thread 0x00000000145e6800 nmethod 84 0x000000000203e090 code [0x000000000203e1e0, 0x000000000203e2f0]
Event: 0.265 Thread 0x00000000145e6800   86       3       sun.nio.cs.UTF_8$Decoder::decode (779 bytes)

GC Heap History (0 events):
No events

Deoptimization events (0 events):
No events

Internal exceptions (2 events):
Event: 0.092 Thread 0x0000000001e11000 Exception <a 'java/lang/NoSuchMethodError': Method sun.misc.Unsafe.defineClass(Ljava/lang/String;[BII)Ljava/lang/Class; name or signature does not match> (0x00000000eab0d630) thrown at [D:\re\puppet\workspace\8-2-build-windows-amd64-cygwin\jdk8u73\6086\hot¶E8GR©·?
Event: 0.092 Thread 0x0000000001e11000 Exception <a 'java/lang/NoSuchMethodError': Method sun.misc.Unsafe.prefetchRead(Ljava/lang/Object;J)V name or signature does not match> (0x00000000eab0d918) thrown at [D:\re\puppet\workspace\8-2-build-windows-amd64-cygwin\jdk8u73\6086\hotspot\src\share\vm\

Events (10 events):
Event: 0.257 loading class com/android/dx/cf/direct/ClassPathOpener done
Event: 0.258 loading class com/android/dx/cf/direct/ClassPathOpener$1
Event: 0.258 loading class com/android/dx/cf/direct/ClassPathOpener$1 done
Event: 0.259 loading class com/android/dx/command/dexer/Main$FileBytesConsumer
Event: 0.259 loading class com/android/dx/command/dexer/Main$FileBytesConsumer done
Event: 0.260 loading class java/util/zip/ZipFile$ZipEntryIterator
Event: 0.260 loading class java/util/zip/ZipFile$ZipEntryIterator done
Event: 0.279 loading class com/android/dx/cf/direct/ClassPathOpener$3
Event: 0.279 loading class com/android/dx/cf/direct/ClassPathOpener$3 done
Event: 0.280 loading class java/util/TimSort


Dynamic libraries:
0x00007ff659380000 - 0x00007ff6593b7000 	C:\Program Files\Java\jdk1.8.0_73\bin\java.exe
0x00007fff36470000 - 0x00007fff3661a000 	C:\Windows\SYSTEM32\ntdll.dll
0x00007fff34190000 - 0x00007fff342ca000 	C:\Windows\system32\KERNEL32.DLL
0x00007fff338b0000 - 0x00007fff339bf000 	C:\Windows\system32\KERNELBASE.dll
0x00007fff32410000 - 0x00007fff32498000 	C:\Windows\system32\apphelp.dll
0x00007fff11c30000 - 0x00007fff11c7f000 	C:\Windows\AppPatch\AppPatch64\AcGenral.DLL
0x00007fff34310000 - 0x00007fff343b7000 	C:\Windows\system32\msvcrt.dll
0x00007fff335c0000 - 0x00007fff335eb000 	C:\Windows\SYSTEM32\SspiCli.dll
0x00007fff34420000 - 0x00007fff34471000 	C:\Windows\system32\SHLWAPI.dll
0x00007fff34c30000 - 0x00007fff34da1000 	C:\Windows\system32\USER32.dll
0x00007fff33e00000 - 0x00007fff33f78000 	C:\Windows\system32\ole32.dll
0x00007fff34db0000 - 0x00007fff361c7000 	C:\Windows\system32\SHELL32.dll
0x00007fff32df0000 - 0x00007fff32e0e000 	C:\Windows\SYSTEM32\USERENV.dll
0x00007fff34a50000 - 0x00007fff34af5000 	C:\Windows\system32\ADVAPI32.dll
0x00007fff2cb20000 - 0x00007fff2cb3b000 	C:\Windows\SYSTEM32\MPR.dll
0x00007fff361d0000 - 0x00007fff36306000 	C:\Windows\system32\RPCRT4.dll
0x00007fff34b00000 - 0x00007fff34b57000 	C:\Windows\SYSTEM32\sechost.dll
0x00007fff34690000 - 0x00007fff34866000 	C:\Windows\SYSTEM32\combase.dll
0x00007fff34040000 - 0x00007fff34185000 	C:\Windows\system32\GDI32.dll
0x00007fff337e0000 - 0x00007fff337f4000 	C:\Windows\SYSTEM32\profapi.dll
0x00007fff320b0000 - 0x00007fff3214f000 	C:\Windows\SYSTEM32\SHCORE.dll
0x00007fff342d0000 - 0x00007fff34304000 	C:\Windows\system32\IMM32.DLL
0x00007fff36310000 - 0x00007fff36449000 	C:\Windows\system32\MSCTF.dll
0x00007fff31850000 - 0x00007fff31aaa000 	C:\Windows\WinSxS\amd64_microsoft.windows.common-controls_6595b64144ccf1df_6.0.9600.17031_none_6242a4b3ecbb55a1\COMCTL32.dll
0x0000000077d80000 - 0x0000000077e52000 	C:\Program Files\Java\jdk1.8.0_73\jre\bin\msvcr100.dll
0x0000000050100000 - 0x0000000050990000 	C:\Program Files\Java\jdk1.8.0_73\jre\bin\server\jvm.dll
0x00007fff2cc80000 - 0x00007fff2cc89000 	C:\Windows\SYSTEM32\WSOCK32.dll
0x00007fff30fa0000 - 0x00007fff30fbf000 	C:\Windows\SYSTEM32\WINMM.dll
0x00007fff30fc0000 - 0x00007fff30fca000 	C:\Windows\SYSTEM32\VERSION.dll
0x00007fff34b70000 - 0x00007fff34b77000 	C:\Windows\system32\PSAPI.DLL
0x00007fff343c0000 - 0x00007fff34418000 	C:\Windows\system32\WS2_32.dll
0x00007fff30f00000 - 0x00007fff30f2a000 	C:\Windows\SYSTEM32\WINMMBASE.dll
0x00007fff34b60000 - 0x00007fff34b69000 	C:\Windows\system32\NSI.dll
0x00007fff33ba0000 - 0x00007fff33bea000 	C:\Windows\SYSTEM32\cfgmgr32.dll
0x00007fff32660000 - 0x00007fff32686000 	C:\Windows\SYSTEM32\DEVOBJ.dll
0x00000000514c0000 - 0x00000000514cf000 	C:\Program Files\Java\jdk1.8.0_73\jre\bin\verify.dll
0x0000000051490000 - 0x00000000514b9000 	C:\Program Files\Java\jdk1.8.0_73\jre\bin\java.dll
0x0000000051470000 - 0x0000000051486000 	C:\Program Files\Java\jdk1.8.0_73\jre\bin\zip.dll

VM Arguments:
jvm_args: -Djava.awt.headless=true -Xmx1024M -Dfile.encoding=windows-1252 -Duser.country=US -Duser.language=en -Duser.variant 
java_command: com.android.dx.command.Main --dex --num-threads=4 --output C:\Users\Robertus Pamungkas\Desktop\ProjectPam16v1\app\build\intermediates\pre-dexed\debug\com.google.android.gms-play-services-basement-9.8.0_fc6bf5372b083d2cf1159f8c7d52a1da4dce2cb1.jar C:\Users\Robertus Pamungkas\Desktop\ProjectPam16v1\app\build\intermediates\exploded-aar\com.google.android.gms\play-services-basement\9.8.0\jars\classes.jar
java_class_path (initial): H:\Kuliah\Semester 5\PAM 2016\sdk\build-tools\25.0.0\lib\dx.jar
Launcher Type: SUN_STANDARD

Environment Variables:
PATH=C:\ProgramData\Oracle\Java\javapath;C:\Windows\system32;C:\Windows;C:\Windows\System32\Wbem;C:\Windows\System32\WindowsPowerShell\v1.0\;C:\Program Files (x86)\AMD\ATI.ACE\Core-Static;C:\Program Files\Microsoft\Web Platform Installer\;C:\Program Files (x86)\Microsoft ASP.NET\ASP.NET Web Pages\v1.0\;C:\Program Files (x86)\Windows Kits\8.0\Windows Performance Toolkit\;C:\Program Files\Microsoft SQL Server\110\Tools\Binn\;C:\Program Files\Microsoft SQL Server\110\DTS\Binn\;C:\Program Files (x86)\Microsoft SQL Server\110\Tools\Binn\ManagementStudio\;C:\Program Files (x86)\Microsoft SQL Server\110\Tools\Binn\;C:\Program Files (x86)\Microsoft Visual Studio 10.0\Common7\IDE\PrivateAssemblies\;C:\Program Files (x86)\Microsoft SQL Server\110\DTS\Binn\
USERNAME=Robertus Pamungkas
OS=Windows_NT
PROCESSOR_IDENTIFIER=AMD64 Family 16 Model 4 Stepping 3, AuthenticAMD



---------------  S Y S T E M  ---------------

OS: Windows 8.1 , 64 bit Build 9600 (6.3.9600.17056)

CPU:total 4 (4 cores per cpu, 1 threads per core) family 16 model 4 stepping 3, cmov, cx8, fxsr, mmx, sse, sse2, sse3, popcnt, mmxext, 3dnowpref, lzcnt, sse4a, tsc, tscinvbit, tscinv

Memory: 4k page, physical 8387700k(2001880k free), swap 8387700k(3752k free)

vm_info: Java HotSpot(TM) 64-Bit Server VM (25.73-b02) for windows-amd64 JRE (1.8.0_73-b02), built on Jan 29 2016 17:38:49 by "java_re" with MS VC++ 10.0 (VS2010)

time: Thu Dec 01 02:32:17 2016
elapsed time: 0 seconds (0d 0h 0m 0s)

