#
# There is insufficient memory for the Java Runtime Environment to continue.
# Native memory allocation (malloc) failed to allocate 123536 bytes for Chunk::new
# Possible reasons:
#   The system is out of physical RAM or swap space
#   In 32 bit mode, the process size limit was hit
# Possible solutions:
#   Reduce memory load on the system
#   Increase physical memory or swap space
#   Check if swap backing store is full
#   Use 64 bit Java on a 64 bit OS
#   Decrease Java heap size (-Xmx/-Xms)
#   Decrease number of Java threads
#   Decrease Java thread stack sizes (-Xss)
#   Set larger code cache with -XX:ReservedCodeCacheSize=
# This output file may be truncated or incomplete.
#
#  Out of Memory Error (allocation.cpp:390), pid=5280, tid=7388
#
# JRE version: Java(TM) SE Runtime Environment (8.0_73-b02) (build 1.8.0_73-b02)
# Java VM: Java HotSpot(TM) 64-Bit Server VM (25.73-b02 mixed mode windows-amd64 compressed oops)
# Failed to write core dump. Minidumps are not enabled by default on client versions of Windows
#

---------------  T H R E A D  ---------------

Current thread (0x0000000014865000):  JavaThread "C2 CompilerThread1" daemon [_thread_in_native, id=7388, stack(0x0000000016000000,0x0000000016100000)]

Stack: [0x0000000016000000,0x0000000016100000]
[error occurred during error reporting (printing stack bounds), id 0xc0000005]

Native frames: (J=compiled Java code, j=interpreted, Vv=VM code, C=native code)


Current CompileTask:
C2:   3208 1471 %     4       sun.security.provider.SHA::implCompress @ 12 (491 bytes)


---------------  P R O C E S S  ---------------

Java Threads: ( => current thread )
  0x000000001620e000 JavaThread "Service Thread" daemon [_thread_blocked, id=7280, stack(0x0000000016600000,0x0000000016700000)]
  0x00000000148b9800 JavaThread "C1 CompilerThread2" daemon [_thread_in_native, id=7360, stack(0x0000000016100000,0x0000000016200000)]
=>0x0000000014865000 JavaThread "C2 CompilerThread1" daemon [_thread_in_native, id=7388, stack(0x0000000016000000,0x0000000016100000)]
  0x0000000014868800 JavaThread "C2 CompilerThread0" daemon [_thread_blocked, id=7536, stack(0x0000000015f00000,0x0000000016000000)]
  0x0000000014867800 JavaThread "Attach Listener" daemon [_thread_blocked, id=7756, stack(0x0000000015e00000,0x0000000015f00000)]
  0x0000000014866000 JavaThread "Signal Dispatcher" daemon [_thread_blocked, id=8188, stack(0x0000000015d00000,0x0000000015e00000)]
  0x0000000002186000 JavaThread "Finalizer" daemon [_thread_blocked, id=4524, stack(0x0000000015ab0000,0x0000000015bb0000)]
  0x000000000217d000 JavaThread "Reference Handler" daemon [_thread_blocked, id=2836, stack(0x00000000159b0000,0x0000000015ab0000)]
  0x0000000002091000 JavaThread "main" [_thread_in_native, id=6640, stack(0x0000000001f30000,0x0000000002030000)]

Other Threads:
  0x0000000014827800 VMThread [stack: 0x00000000158b0000,0x00000000159b0000] [id=7252]
  0x0000000016205800 WatcherThread [stack: 0x0000000016700000,0x0000000016800000] [id=3640]

VM state:not at safepoint (normal execution)

VM Mutex/Monitor currently owned by a thread: None

Heap:
 PSYoungGen      total 38400K, used 6830K [0x00000000eab00000, 0x00000000ed580000, 0x0000000100000000)
  eden space 33280K, 5% used [0x00000000eab00000,0x00000000eacac370,0x00000000ecb80000)
  from space 5120K, 99% used [0x00000000ecb80000,0x00000000ed07f618,0x00000000ed080000)
  to   space 5120K, 0% used [0x00000000ed080000,0x00000000ed080000,0x00000000ed580000)
 ParOldGen       total 87552K, used 1064K [0x00000000c0000000, 0x00000000c5580000, 0x00000000eab00000)
  object space 87552K, 1% used [0x00000000c0000000,0x00000000c010a1f0,0x00000000c5580000)
 Metaspace       used 6507K, capacity 7192K, committed 7424K, reserved 1056768K
  class space    used 648K, capacity 656K, committed 768K, reserved 1048576K

Card table byte_map: [0x0000000011550000,0x0000000011760000] byte_map_base: 0x0000000010f50000

Marking Bits: (ParMarkBitMap*) 0x0000000050910600
 Begin Bits: [0x0000000011cc0000, 0x0000000012cc0000)
 End Bits:   [0x0000000012cc0000, 0x0000000013cc0000)

Polling page: 0x0000000001ef0000

CodeCache: size=245760Kb used=5744Kb max_used=5757Kb free=240015Kb
 bounds [0x0000000002190000, 0x0000000002740000, 0x0000000011190000]
 total_blobs=1743 nmethods=1470 adapters=187
 compilation: enabled

Compilation events (10 events):
Event: 3.201 Thread 0x0000000014865000 nmethod 1457 0x000000000272e750 code [0x000000000272e920, 0x000000000272f170]
Event: 3.201 Thread 0x0000000014865000 1463       4       java.lang.CharacterDataLatin1::toLowerCase (39 bytes)
Event: 3.202 Thread 0x0000000014865000 nmethod 1463 0x000000000272b7d0 code [0x000000000272b900, 0x000000000272b9d8]
Event: 3.202 Thread 0x0000000014865000 1468       4       java.lang.Integer::reverseBytes (26 bytes)
Event: 3.202 Thread 0x0000000014865000 nmethod 1468 0x000000000272b5d0 code [0x000000000272b700, 0x000000000272b778]
Event: 3.203 Thread 0x00000000148b9800 1469       3       sun.security.provider.SHA::implCompress (491 bytes)
Event: 3.203 Thread 0x00000000148b9800 nmethod 1469 0x000000000272d410 code [0x000000000272d600, 0x000000000272dee8]
Event: 3.204 Thread 0x00000000148b9800 1470       3       sun.security.provider.ByteArrayAccess::b2iBig64 (614 bytes)
Event: 3.204 Thread 0x0000000014865000 1471 %     4       sun.security.provider.SHA::implCompress @ 12 (491 bytes)
Event: 3.205 Thread 0x00000000148b9800 nmethod 1470 0x000000000272bdd0 code [0x000000000272bfe0, 0x000000000272cda8]

GC Heap History (2 events):
Event: 2.754 GC heap before
{Heap before GC invocations=1 (full 0):
 PSYoungGen      total 38400K, used 33280K [0x00000000eab00000, 0x00000000ed580000, 0x0000000100000000)
  eden space 33280K, 100% used [0x00000000eab00000,0x00000000ecb80000,0x00000000ecb80000)
  from space 5120K, 0% used [0x00000000ed080000,0x00000000ed080000,0x00000000ed580000)
  to   space 5120K, 0% used [0x00000000ecb80000,0x00000000ecb80000,0x00000000ed080000)
 ParOldGen       total 87552K, used 0K [0x00000000c0000000, 0x00000000c5580000, 0x00000000eab00000)
  object space 87552K, 0% used [0x00000000c0000000,0x00000000c0000000,0x00000000c5580000)
 Metaspace       used 6038K, capacity 6966K, committed 7040K, reserved 1056768K
  class space    used 606K, capacity 622K, committed 640K, reserved 1048576K
Event: 2.817 GC heap after
Heap after GC invocations=1 (full 0):
 PSYoungGen      total 38400K, used 5117K [0x00000000eab00000, 0x00000000ed580000, 0x0000000100000000)
  eden space 33280K, 0% used [0x00000000eab00000,0x00000000eab00000,0x00000000ecb80000)
  from space 5120K, 99% used [0x00000000ecb80000,0x00000000ed07f618,0x00000000ed080000)
  to   space 5120K, 0% used [0x00000000ed080000,0x00000000ed080000,0x00000000ed580000)
 ParOldGen       total 87552K, used 1064K [0x00000000c0000000, 0x00000000c5580000, 0x00000000eab00000)
  object space 87552K, 1% used [0x00000000c0000000,0x00000000c010a1f0,0x00000000c5580000)
 Metaspace       used 6038K, capacity 6966K, committed 7040K, reserved 1056768K
  class space    used 606K, capacity 622K, committed 640K, reserved 1048576K
}

Deoptimization events (10 events):
Event: 3.190 Thread 0x0000000002091000 Uncommon trap: reason=unstable_if action=reinterpret pc=0x00000000026bc468 method=java.lang.String.indexOf([CII[CIII)I @ 3
Event: 3.190 Thread 0x0000000002091000 Uncommon trap: reason=unstable_if action=reinterpret pc=0x000000000243e81c method=java.util.Arrays.copyOf([Ljava/lang/Object;ILjava/lang/Class;)[Ljava/lang/Object; @ 3
Event: 3.192 Thread 0x0000000002091000 Uncommon trap: reason=speculate_class_check action=maybe_recompile pc=0x00000000025c4164 method=java.util.HashMap.putVal(ILjava/lang/Object;Ljava/lang/Object;ZZ)Ljava/lang/Object; @ 56
Event: 3.192 Thread 0x0000000002091000 Uncommon trap: reason=speculate_class_check action=maybe_recompile pc=0x00000000025c41d4 method=java.util.HashMap.putVal(ILjava/lang/Object;Ljava/lang/Object;ZZ)Ljava/lang/Object; @ 152
Event: 3.192 Thread 0x0000000002091000 Uncommon trap: reason=speculate_class_check action=maybe_recompile pc=0x00000000025c4164 method=java.util.HashMap.putVal(ILjava/lang/Object;Ljava/lang/Object;ZZ)Ljava/lang/Object; @ 56
Event: 3.192 Thread 0x0000000002091000 Uncommon trap: reason=speculate_class_check action=maybe_recompile pc=0x00000000025c4164 method=java.util.HashMap.putVal(ILjava/lang/Object;Ljava/lang/Object;ZZ)Ljava/lang/Object; @ 56
Event: 3.192 Thread 0x0000000002091000 Uncommon trap: reason=class_check action=maybe_recompile pc=0x00000000025c6720 method=java.util.HashMap.putVal(ILjava/lang/Object;Ljava/lang/Object;ZZ)Ljava/lang/Object; @ 56
Event: 3.192 Thread 0x0000000002091000 Uncommon trap: reason=class_check action=maybe_recompile pc=0x00000000025c6720 method=java.util.HashMap.putVal(ILjava/lang/Object;Ljava/lang/Object;ZZ)Ljava/lang/Object; @ 56
Event: 3.192 Thread 0x0000000002091000 Uncommon trap: reason=class_check action=maybe_recompile pc=0x00000000025c6720 method=java.util.HashMap.putVal(ILjava/lang/Object;Ljava/lang/Object;ZZ)Ljava/lang/Object; @ 56
Event: 3.192 Thread 0x0000000002091000 Uncommon trap: reason=class_check action=maybe_recompile pc=0x00000000025c6720 method=java.util.HashMap.putVal(ILjava/lang/Object;Ljava/lang/Object;ZZ)Ljava/lang/Object; @ 56

Internal exceptions (2 events):
Event: 0.100 Thread 0x0000000002091000 Exception <a 'java/lang/NoSuchMethodError': Method sun.misc.Unsafe.defineClass(Ljava/lang/String;[BII)Ljava/lang/Class; name or signature does not match> (0x00000000eab0d7a0) thrown at [D:\re\puppet\workspace\8-2-build-windows-amd64-cygwin\jdk8u73\6086\hot∆è%ˇRªπ?
Event: 0.101 Thread 0x0000000002091000 Exception <a 'java/lang/NoSuchMethodError': Method sun.misc.Unsafe.prefetchRead(Ljava/lang/Object;J)V name or signature does not match> (0x00000000eab0da88) thrown at [D:\re\puppet\workspace\8-2-build-windows-amd64-cygwin\jdk8u73\6086\hotspot\src\share\vm\

Events (10 events):
Event: 3.200 loading class java/security/MessageDigest$Delegate
Event: 3.200 loading class java/security/MessageDigest$Delegate done
Event: 3.200 loading class sun/security/provider/ByteArrayAccess
Event: 3.200 loading class sun/security/provider/ByteArrayAccess done
Event: 3.205 loading class java/util/zip/Adler32
Event: 3.205 loading class java/util/zip/Adler32 done
Event: 3.205 loading class com/android/dex/Dex
Event: 3.205 loading class com/android/dex/Dex done
Event: 3.207 loading class com/android/dex/TableOfContents
Event: 3.207 loading class com/android/dex/TableOfContents done


Dynamic libraries:
0x00007ff659380000 - 0x00007ff6593b7000 	C:\Program Files\Java\jdk1.8.0_73\bin\java.exe
0x00007fff36470000 - 0x00007fff3661a000 	C:\Windows\SYSTEM32\ntdll.dll
0x00007fff34190000 - 0x00007fff342ca000 	C:\Windows\system32\KERNEL32.DLL
0x00007fff338b0000 - 0x00007fff339bf000 	C:\Windows\system32\KERNELBASE.dll
0x00007fff32410000 - 0x00007fff32498000 	C:\Windows\system32\apphelp.dll
0x00007fff11c30000 - 0x00007fff11c7f000 	C:\Windows\AppPatch\AppPatch64\AcGenral.DLL
0x00007fff34310000 - 0x00007fff343b7000 	C:\Windows\system32\msvcrt.dll
0x00007fff335c0000 - 0x00007fff335eb000 	C:\Windows\SYSTEM32\SspiCli.dll
0x00007fff34420000 - 0x00007fff34471000 	C:\Windows\system32\SHLWAPI.dll
0x00007fff34c30000 - 0x00007fff34da1000 	C:\Windows\system32\USER32.dll
0x00007fff33e00000 - 0x00007fff33f78000 	C:\Windows\system32\ole32.dll
0x00007fff34db0000 - 0x00007fff361c7000 	C:\Windows\system32\SHELL32.dll
0x00007fff32df0000 - 0x00007fff32e0e000 	C:\Windows\SYSTEM32\USERENV.dll
0x00007fff34a50000 - 0x00007fff34af5000 	C:\Windows\system32\ADVAPI32.dll
0x00007fff2cb20000 - 0x00007fff2cb3b000 	C:\Windows\SYSTEM32\MPR.dll
0x00007fff361d0000 - 0x00007fff36306000 	C:\Windows\system32\RPCRT4.dll
0x00007fff34b00000 - 0x00007fff34b57000 	C:\Windows\SYSTEM32\sechost.dll
0x00007fff34690000 - 0x00007fff34866000 	C:\Windows\SYSTEM32\combase.dll
0x00007fff34040000 - 0x00007fff34185000 	C:\Windows\system32\GDI32.dll
0x00007fff337e0000 - 0x00007fff337f4000 	C:\Windows\SYSTEM32\profapi.dll
0x00007fff320b0000 - 0x00007fff3214f000 	C:\Windows\SYSTEM32\SHCORE.dll
0x00007fff342d0000 - 0x00007fff34304000 	C:\Windows\system32\IMM32.DLL
0x00007fff36310000 - 0x00007fff36449000 	C:\Windows\system32\MSCTF.dll
0x00007fff31850000 - 0x00007fff31aaa000 	C:\Windows\WinSxS\amd64_microsoft.windows.common-controls_6595b64144ccf1df_6.0.9600.17031_none_6242a4b3ecbb55a1\COMCTL32.dll
0x0000000077d80000 - 0x0000000077e52000 	C:\Program Files\Java\jdk1.8.0_73\jre\bin\msvcr100.dll
0x0000000050100000 - 0x0000000050990000 	C:\Program Files\Java\jdk1.8.0_73\jre\bin\server\jvm.dll
0x00007fff2cc80000 - 0x00007fff2cc89000 	C:\Windows\SYSTEM32\WSOCK32.dll
0x00007fff30fa0000 - 0x00007fff30fbf000 	C:\Windows\SYSTEM32\WINMM.dll
0x00007fff30fc0000 - 0x00007fff30fca000 	C:\Windows\SYSTEM32\VERSION.dll
0x00007fff34b70000 - 0x00007fff34b77000 	C:\Windows\system32\PSAPI.DLL
0x00007fff343c0000 - 0x00007fff34418000 	C:\Windows\system32\WS2_32.dll
0x00007fff30f00000 - 0x00007fff30f2a000 	C:\Windows\SYSTEM32\WINMMBASE.dll
0x00007fff34b60000 - 0x00007fff34b69000 	C:\Windows\system32\NSI.dll
0x00007fff33ba0000 - 0x00007fff33bea000 	C:\Windows\SYSTEM32\cfgmgr32.dll
0x00007fff32660000 - 0x00007fff32686000 	C:\Windows\SYSTEM32\DEVOBJ.dll
0x00000000514c0000 - 0x00000000514cf000 	C:\Program Files\Java\jdk1.8.0_73\jre\bin\verify.dll
0x0000000051490000 - 0x00000000514b9000 	C:\Program Files\Java\jdk1.8.0_73\jre\bin\java.dll
0x0000000051470000 - 0x0000000051486000 	C:\Program Files\Java\jdk1.8.0_73\jre\bin\zip.dll

VM Arguments:
jvm_args: -Djava.awt.headless=true -Xmx1024M -Dfile.encoding=windows-1252 -Duser.country=US -Duser.language=en -Duser.variant 
java_command: com.android.dx.command.Main --dex --num-threads=4 --output C:\Users\Robertus Pamungkas\Desktop\ProjectPam16v1\app\build\intermediates\pre-dexed\debug\com.google.firebase-firebase-iid-9.8.0_445c7f6b627104bc878ffeecb71b8fdd7d7a78ac.jar C:\Users\Robertus Pamungkas\Desktop\ProjectPam16v1\app\build\intermediates\exploded-aar\com.google.firebase\firebase-iid\9.8.0\jars\classes.jar
java_class_path (initial): H:\Kuliah\Semester 5\PAM 2016\sdk\build-tools\25.0.0\lib\dx.jar
Launcher Type: SUN_STANDARD

Environment Variables:
PATH=C:\ProgramData\Oracle\Java\javapath;C:\Windows\system32;C:\Windows;C:\Windows\System32\Wbem;C:\Windows\System32\WindowsPowerShell\v1.0\;C:\Program Files (x86)\AMD\ATI.ACE\Core-Static;C:\Program Files\Microsoft\Web Platform Installer\;C:\Program Files (x86)\Microsoft ASP.NET\ASP.NET Web Pages\v1.0\;C:\Program Files (x86)\Windows Kits\8.0\Windows Performance Toolkit\;C:\Program Files\Microsoft SQL Server\110\Tools\Binn\;C:\Program Files\Microsoft SQL Server\110\DTS\Binn\;C:\Program Files (x86)\Microsoft SQL Server\110\Tools\Binn\ManagementStudio\;C:\Program Files (x86)\Microsoft SQL Server\110\Tools\Binn\;C:\Program Files (x86)\Microsoft Visual Studio 10.0\Common7\IDE\PrivateAssemblies\;C:\Program Files (x86)\Microsoft SQL Server\110\DTS\Binn\
USERNAME=Robertus Pamungkas
OS=Windows_NT
PROCESSOR_IDENTIFIER=AMD64 Family 16 Model 4 Stepping 3, AuthenticAMD



---------------  S Y S T E M  ---------------

OS: Windows 8.1 , 64 bit Build 9600 (6.3.9600.17056)

CPU:total 4 (4 cores per cpu, 1 threads per core) family 16 model 4 stepping 3, cmov, cx8, fxsr, mmx, sse, sse2, sse3, popcnt, mmxext, 3dnowpref, lzcnt, sse4a, tsc, tscinvbit, tscinv

Memory: 4k page, physical 8387700k(1981732k free), swap 8387700k(5096k free)

vm_info: Java HotSpot(TM) 64-Bit Server VM (25.73-b02) for windows-amd64 JRE (1.8.0_73-b02), built on Jan 29 2016 17:38:49 by "java_re" with MS VC++ 10.0 (VS2010)

time: Thu Dec 01 02:33:08 2016
elapsed time: 3 seconds (0d 0h 0m 3s)

