#
# There is insufficient memory for the Java Runtime Environment to continue.
# Native memory allocation (malloc) failed to allocate 500096 bytes for Chunk::new
# Possible reasons:
#   The system is out of physical RAM or swap space
#   In 32 bit mode, the process size limit was hit
# Possible solutions:
#   Reduce memory load on the system
#   Increase physical memory or swap space
#   Check if swap backing store is full
#   Use 64 bit Java on a 64 bit OS
#   Decrease Java heap size (-Xmx/-Xms)
#   Decrease number of Java threads
#   Decrease Java thread stack sizes (-Xss)
#   Set larger code cache with -XX:ReservedCodeCacheSize=
# This output file may be truncated or incomplete.
#
#  Out of Memory Error (allocation.cpp:390), pid=6808, tid=5944
#
# JRE version: Java(TM) SE Runtime Environment (8.0_73-b02) (build 1.8.0_73-b02)
# Java VM: Java HotSpot(TM) 64-Bit Server VM (25.73-b02 mixed mode windows-amd64 compressed oops)
# Failed to write core dump. Minidumps are not enabled by default on client versions of Windows
#

---------------  T H R E A D  ---------------

Current thread (0x00000000146ab800):  JavaThread "C2 CompilerThread0" daemon [_thread_in_native, id=5944, stack(0x0000000015d50000,0x0000000015e50000)]

Stack: [0x0000000015d50000,0x0000000015e50000]
[error occurred during error reporting (printing stack bounds), id 0xc0000005]

Native frames: (J=compiled Java code, j=interpreted, Vv=VM code, C=native code)


Current CompileTask:
C2:   4337 1278       4       com.android.dx.ssa.back.FirstFitLocalCombiningAllocator$1::visitNonMoveInsn (6 bytes)


---------------  P R O C E S S  ---------------

Java Threads: ( => current thread )
  0x00000000162f6000 JavaThread "pool-1-thread-4" [_thread_in_Java, id=3876, stack(0x0000000016a50000,0x0000000016b50000)]
  0x00000000162f4800 JavaThread "pool-1-thread-3" [_thread_in_Java, id=2444, stack(0x0000000016950000,0x0000000016a50000)]
  0x00000000162f4000 JavaThread "pool-1-thread-2" [_thread_in_Java, id=5732, stack(0x0000000016850000,0x0000000016950000)]
  0x00000000162f1000 JavaThread "pool-2-thread-1" [_thread_blocked, id=4256, stack(0x0000000016750000,0x0000000016850000)]
  0x00000000161f9000 JavaThread "pool-1-thread-1" [_thread_in_Java, id=2700, stack(0x0000000016650000,0x0000000016750000)]
  0x000000001605e800 JavaThread "Service Thread" daemon [_thread_blocked, id=6688, stack(0x0000000016450000,0x0000000016550000)]
  0x0000000014709800 JavaThread "C1 CompilerThread2" daemon [_thread_blocked, id=5900, stack(0x0000000015f50000,0x0000000016050000)]
  0x0000000014706800 JavaThread "C2 CompilerThread1" daemon [_thread_in_native, id=6416, stack(0x0000000015e50000,0x0000000015f50000)]
=>0x00000000146ab800 JavaThread "C2 CompilerThread0" daemon [_thread_in_native, id=5944, stack(0x0000000015d50000,0x0000000015e50000)]
  0x00000000146aa800 JavaThread "Attach Listener" daemon [_thread_blocked, id=2052, stack(0x0000000015c50000,0x0000000015d50000)]
  0x00000000146a9800 JavaThread "Signal Dispatcher" daemon [_thread_blocked, id=1816, stack(0x0000000015b50000,0x0000000015c50000)]
  0x0000000001fd6000 JavaThread "Finalizer" daemon [_thread_blocked, id=5816, stack(0x0000000015900000,0x0000000015a00000)]
  0x0000000001fcd000 JavaThread "Reference Handler" daemon [_thread_blocked, id=4420, stack(0x0000000015800000,0x0000000015900000)]
  0x0000000001ee1000 JavaThread "main" [_thread_in_Java, id=5452, stack(0x0000000001de0000,0x0000000001ee0000)]

Other Threads:
  0x0000000014677800 VMThread [stack: 0x0000000015700000,0x0000000015800000] [id=7016]
  0x0000000016058000 WatcherThread [stack: 0x0000000016550000,0x0000000016650000] [id=5608]

VM state:not at safepoint (normal execution)

VM Mutex/Monitor currently owned by a thread: None

Heap:
 PSYoungGen      total 38400K, used 33280K [0x00000000eab00000, 0x00000000ed580000, 0x0000000100000000)
  eden space 33280K, 100% used [0x00000000eab00000,0x00000000ecb80000,0x00000000ecb80000)
  from space 5120K, 0% used [0x00000000ed080000,0x00000000ed080000,0x00000000ed580000)
  to   space 5120K, 0% used [0x00000000ecb80000,0x00000000ecb80000,0x00000000ed080000)
 ParOldGen       total 87552K, used 0K [0x00000000c0000000, 0x00000000c5580000, 0x00000000eab00000)
  object space 87552K, 0% used [0x00000000c0000000,0x00000000c0000000,0x00000000c5580000)
 Metaspace       used 5930K, capacity 6960K, committed 7040K, reserved 1056768K
  class space    used 589K, capacity 616K, committed 640K, reserved 1048576K

Card table byte_map: [0x00000000113a0000,0x00000000115b0000] byte_map_base: 0x0000000010da0000

Marking Bits: (ParMarkBitMap*) 0x000000005f7b0600
 Begin Bits: [0x0000000011b10000, 0x0000000012b10000)
 End Bits:   [0x0000000012b10000, 0x0000000013b10000)

Polling page: 0x0000000001cc0000

CodeCache: size=245760Kb used=5381Kb max_used=5393Kb free=240378Kb
 bounds [0x0000000001fe0000, 0x0000000002530000, 0x0000000010fe0000]
 total_blobs=1543 nmethods=1281 adapters=176
 compilation: enabled

Compilation events (10 events):
Event: 4.327 Thread 0x0000000014709800 1281       3       com.android.dx.rop.cst.TypedConstant::getBasicType (8 bytes)
Event: 4.328 Thread 0x0000000014709800 nmethod 1281 0x0000000002520e50 code [0x0000000002520fc0, 0x0000000002521268]
Event: 4.328 Thread 0x0000000014709800 1282       3       com.android.dx.cf.code.LocalVariableList::concat (97 bytes)
Event: 4.330 Thread 0x0000000014709800 nmethod 1282 0x0000000002523cd0 code [0x0000000002524000, 0x0000000002525d48]
Event: 4.331 Thread 0x0000000014709800 1284       3       com.android.dx.rop.code.AccessFlags::isNative (14 bytes)
Event: 4.331 Thread 0x0000000014709800 nmethod 1284 0x0000000002520ad0 code [0x0000000002520c20, 0x0000000002520db0]
Event: 4.331 Thread 0x0000000014709800 1285       3       com.android.dx.rop.code.AccessFlags::isAbstract (14 bytes)
Event: 4.331 Thread 0x0000000014709800 nmethod 1285 0x0000000002520750 code [0x00000000025208a0, 0x0000000002520a30]
Event: 4.333 Thread 0x0000000014706800 nmethod 1271 0x0000000002528f90 code [0x0000000002529120, 0x0000000002529768]
Event: 4.333 Thread 0x0000000014706800 1279       4       com.android.dx.ssa.SCCP::addBlockToWorklist (47 bytes)

GC Heap History (0 events):
No events

Deoptimization events (8 events):
Event: 2.170 Thread 0x00000000162f6000 Uncommon trap: reason=unstable_if action=reinterpret pc=0x00000000021ea6f4 method=java.util.HashMap.getNode(ILjava/lang/Object;)Ljava/util/HashMap$Node; @ 62
Event: 2.742 Thread 0x00000000161f9000 Uncommon trap: reason=unstable_if action=reinterpret pc=0x000000000232a1cc method=java.util.HashMap.getNode(ILjava/lang/Object;)Ljava/util/HashMap$Node; @ 129
Event: 2.743 Thread 0x00000000161f9000 Uncommon trap: reason=unstable_if action=reinterpret pc=0x000000000220e600 method=java.util.HashMap.getNode(ILjava/lang/Object;)Ljava/util/HashMap$Node; @ 129
Event: 3.108 Thread 0x00000000161f9000 Uncommon trap: reason=class_check action=maybe_recompile pc=0x00000000022d0710 method=com.android.dx.ssa.NormalSsaInsn.accept(Lcom/android/dx/ssa/SsaInsn$Visitor;)V @ 9
Event: 3.108 Thread 0x00000000161f9000 Uncommon trap: reason=class_check action=maybe_recompile pc=0x00000000022259f0 method=com.android.dx.ssa.NormalSsaInsn.accept(Lcom/android/dx/ssa/SsaInsn$Visitor;)V @ 9
Event: 3.108 Thread 0x00000000161f9000 Uncommon trap: reason=class_check action=maybe_recompile pc=0x00000000022259f0 method=com.android.dx.ssa.NormalSsaInsn.accept(Lcom/android/dx/ssa/SsaInsn$Visitor;)V @ 9
Event: 3.108 Thread 0x00000000161f9000 Uncommon trap: reason=class_check action=maybe_recompile pc=0x00000000022259f0 method=com.android.dx.ssa.NormalSsaInsn.accept(Lcom/android/dx/ssa/SsaInsn$Visitor;)V @ 9
Event: 3.109 Thread 0x00000000161f9000 Uncommon trap: reason=class_check action=maybe_recompile pc=0x00000000022d0710 method=com.android.dx.ssa.NormalSsaInsn.accept(Lcom/android/dx/ssa/SsaInsn$Visitor;)V @ 9

Internal exceptions (2 events):
Event: 0.206 Thread 0x0000000001ee1000 Exception <a 'java/lang/NoSuchMethodError': Method sun.misc.Unsafe.defineClass(Ljava/lang/String;[BII)Ljava/lang/Class; name or signature does not match> (0x00000000eab0d618) thrown at [D:\re\puppet\workspace\8-2-build-windows-amd64-cygwin\jdk8u73\6086\hotu†aøWÊ?
Event: 0.206 Thread 0x0000000001ee1000 Exception <a 'java/lang/NoSuchMethodError': Method sun.misc.Unsafe.prefetchRead(Ljava/lang/Object;J)V name or signature does not match> (0x00000000eab0d900) thrown at [D:\re\puppet\workspace\8-2-build-windows-amd64-cygwin\jdk8u73\6086\hotspot\src\share\vm\

Events (10 events):
Event: 3.108 Thread 0x00000000161f9000 DEOPT UNPACKING pc=0x000000000202582a sp=0x000000001674ea10 mode 2
Event: 3.108 Thread 0x00000000161f9000 Uncommon trap: trap_request=0xffffffde fr.pc=0x00000000022259f0
Event: 3.108 Thread 0x00000000161f9000 DEOPT PACKING pc=0x00000000022259f0 sp=0x000000001674ea70
Event: 3.108 Thread 0x00000000161f9000 DEOPT UNPACKING pc=0x000000000202582a sp=0x000000001674ea10 mode 2
Event: 3.108 Thread 0x00000000161f9000 Uncommon trap: trap_request=0xffffffde fr.pc=0x00000000022259f0
Event: 3.108 Thread 0x00000000161f9000 DEOPT PACKING pc=0x00000000022259f0 sp=0x000000001674ea70
Event: 3.108 Thread 0x00000000161f9000 DEOPT UNPACKING pc=0x000000000202582a sp=0x000000001674ea10 mode 2
Event: 3.109 Thread 0x00000000161f9000 Uncommon trap: trap_request=0xffffffde fr.pc=0x00000000022d0710
Event: 3.109 Thread 0x00000000161f9000 DEOPT PACKING pc=0x00000000022d0710 sp=0x000000001674ea60
Event: 3.109 Thread 0x00000000161f9000 DEOPT UNPACKING pc=0x000000000202582a sp=0x000000001674ea20 mode 2


Dynamic libraries:
0x00007ff7089c0000 - 0x00007ff7089f7000 	C:\Program Files\Java\jdk1.8.0_73\bin\java.exe
0x00007ffd2a170000 - 0x00007ffd2a31a000 	C:\Windows\SYSTEM32\ntdll.dll
0x00007ffd27ac0000 - 0x00007ffd27bfa000 	C:\Windows\system32\KERNEL32.DLL
0x00007ffd27660000 - 0x00007ffd2776f000 	C:\Windows\system32\KERNELBASE.dll
0x00007ffd26110000 - 0x00007ffd26198000 	C:\Windows\system32\apphelp.dll
0x00007ffd10c20000 - 0x00007ffd10c6f000 	C:\Windows\AppPatch\AppPatch64\AcGenral.DLL
0x00007ffd29e40000 - 0x00007ffd29ee7000 	C:\Windows\system32\msvcrt.dll
0x00007ffd272c0000 - 0x00007ffd272eb000 	C:\Windows\SYSTEM32\SspiCli.dll
0x00007ffd29de0000 - 0x00007ffd29e31000 	C:\Windows\system32\SHLWAPI.dll
0x00007ffd29720000 - 0x00007ffd29891000 	C:\Windows\system32\USER32.dll
0x00007ffd29ab0000 - 0x00007ffd29c28000 	C:\Windows\system32\ole32.dll
0x00007ffd28040000 - 0x00007ffd29457000 	C:\Windows\system32\SHELL32.dll
0x00007ffd26af0000 - 0x00007ffd26b0e000 	C:\Windows\SYSTEM32\USERENV.dll
0x00007ffd27e80000 - 0x00007ffd27f25000 	C:\Windows\system32\ADVAPI32.dll
0x00007ffd206f0000 - 0x00007ffd2070b000 	C:\Windows\SYSTEM32\MPR.dll
0x00007ffd27c00000 - 0x00007ffd27d36000 	C:\Windows\system32\RPCRT4.dll
0x00007ffd29d80000 - 0x00007ffd29dd7000 	C:\Windows\SYSTEM32\sechost.dll
0x00007ffd298d0000 - 0x00007ffd29aa6000 	C:\Windows\SYSTEM32\combase.dll
0x00007ffd29c30000 - 0x00007ffd29d75000 	C:\Windows\system32\GDI32.dll
0x00007ffd27490000 - 0x00007ffd274a4000 	C:\Windows\SYSTEM32\profapi.dll
0x00007ffd25b00000 - 0x00007ffd25b9f000 	C:\Windows\SYSTEM32\SHCORE.dll
0x00007ffd27fa0000 - 0x00007ffd27fd4000 	C:\Windows\system32\IMM32.DLL
0x00007ffd27d40000 - 0x00007ffd27e79000 	C:\Windows\system32\MSCTF.dll
0x00007ffd25190000 - 0x00007ffd253ea000 	C:\Windows\WinSxS\amd64_microsoft.windows.common-controls_6595b64144ccf1df_6.0.9600.17031_none_6242a4b3ecbb55a1\COMCTL32.dll
0x0000000060180000 - 0x0000000060252000 	C:\Program Files\Java\jdk1.8.0_73\jre\bin\msvcr100.dll
0x000000005efa0000 - 0x000000005f830000 	C:\Program Files\Java\jdk1.8.0_73\jre\bin\server\jvm.dll
0x00007ffd1de80000 - 0x00007ffd1de89000 	C:\Windows\SYSTEM32\WSOCK32.dll
0x00007ffd24f80000 - 0x00007ffd24f9f000 	C:\Windows\SYSTEM32\WINMM.dll
0x00007ffd24fa0000 - 0x00007ffd24faa000 	C:\Windows\SYSTEM32\VERSION.dll
0x00007ffd298a0000 - 0x00007ffd298a7000 	C:\Windows\system32\PSAPI.DLL
0x00007ffd27f30000 - 0x00007ffd27f88000 	C:\Windows\system32\WS2_32.dll
0x00007ffd24b30000 - 0x00007ffd24b5a000 	C:\Windows\SYSTEM32\WINMMBASE.dll
0x00007ffd27aa0000 - 0x00007ffd27aa9000 	C:\Windows\system32\NSI.dll
0x00007ffd27770000 - 0x00007ffd277ba000 	C:\Windows\SYSTEM32\cfgmgr32.dll
0x00007ffd26360000 - 0x00007ffd26386000 	C:\Windows\SYSTEM32\DEVOBJ.dll
0x00000000617a0000 - 0x00000000617af000 	C:\Program Files\Java\jdk1.8.0_73\jre\bin\verify.dll
0x0000000060ae0000 - 0x0000000060b09000 	C:\Program Files\Java\jdk1.8.0_73\jre\bin\java.dll
0x0000000061780000 - 0x0000000061796000 	C:\Program Files\Java\jdk1.8.0_73\jre\bin\zip.dll

VM Arguments:
jvm_args: -Djava.awt.headless=true -Xmx1024M -Dfile.encoding=windows-1252 -Duser.country=US -Duser.language=en -Duser.variant 
java_command: com.android.dx.command.Main --dex --force-jumbo --num-threads=4 --output C:\Users\Robertus Pamungkas\Desktop\ProjectPam16v1\app\build\intermediates\pre-dexed\debug\com.firebaseui-firebase-ui-auth-1.0.0_5b1abad9621addfb689cf6cdb386d99a2bb9e607.jar C:\Users\Robertus Pamungkas\Desktop\ProjectPam16v1\app\build\intermediates\exploded-aar\com.firebaseui\firebase-ui-auth\1.0.0\jars\classes.jar
java_class_path (initial): H:\Kuliah\Semester 5\PAM 2016\sdk\build-tools\25.0.0\lib\dx.jar
Launcher Type: SUN_STANDARD

Environment Variables:
PATH=C:\ProgramData\Oracle\Java\javapath;C:\Windows\system32;C:\Windows;C:\Windows\System32\Wbem;C:\Windows\System32\WindowsPowerShell\v1.0\;C:\Program Files (x86)\AMD\ATI.ACE\Core-Static;C:\Program Files\Microsoft\Web Platform Installer\;C:\Program Files (x86)\Microsoft ASP.NET\ASP.NET Web Pages\v1.0\;C:\Program Files (x86)\Windows Kits\8.0\Windows Performance Toolkit\;C:\Program Files\Microsoft SQL Server\110\Tools\Binn\;C:\Program Files\Microsoft SQL Server\110\DTS\Binn\;C:\Program Files (x86)\Microsoft SQL Server\110\Tools\Binn\ManagementStudio\;C:\Program Files (x86)\Microsoft SQL Server\110\Tools\Binn\;C:\Program Files (x86)\Microsoft Visual Studio 10.0\Common7\IDE\PrivateAssemblies\;C:\Program Files (x86)\Microsoft SQL Server\110\DTS\Binn\
USERNAME=Robertus Pamungkas
OS=Windows_NT
PROCESSOR_IDENTIFIER=AMD64 Family 16 Model 4 Stepping 3, AuthenticAMD



---------------  S Y S T E M  ---------------

OS: Windows 8.1 , 64 bit Build 9600 (6.3.9600.17056)

CPU:total 4 (4 cores per cpu, 1 threads per core) family 16 model 4 stepping 3, cmov, cx8, fxsr, mmx, sse, sse2, sse3, popcnt, mmxext, 3dnowpref, lzcnt, sse4a, tsc, tscinvbit, tscinv

Memory: 4k page, physical 8387700k(2552092k free), swap 8387700k(5184k free)

vm_info: Java HotSpot(TM) 64-Bit Server VM (25.73-b02) for windows-amd64 JRE (1.8.0_73-b02), built on Jan 29 2016 17:38:49 by "java_re" with MS VC++ 10.0 (VS2010)

time: Wed Nov 30 23:36:14 2016
elapsed time: 4 seconds (0d 0h 0m 4s)

