#
# There is insufficient memory for the Java Runtime Environment to continue.
# Native memory allocation (malloc) failed to allocate 175056 bytes for Chunk::new
# Possible reasons:
#   The system is out of physical RAM or swap space
#   In 32 bit mode, the process size limit was hit
# Possible solutions:
#   Reduce memory load on the system
#   Increase physical memory or swap space
#   Check if swap backing store is full
#   Use 64 bit Java on a 64 bit OS
#   Decrease Java heap size (-Xmx/-Xms)
#   Decrease number of Java threads
#   Decrease Java thread stack sizes (-Xss)
#   Set larger code cache with -XX:ReservedCodeCacheSize=
# This output file may be truncated or incomplete.
#
#  Out of Memory Error (allocation.cpp:390), pid=4068, tid=4900
#
# JRE version: Java(TM) SE Runtime Environment (8.0_73-b02) (build 1.8.0_73-b02)
# Java VM: Java HotSpot(TM) 64-Bit Server VM (25.73-b02 mixed mode windows-amd64 compressed oops)
# Failed to write core dump. Minidumps are not enabled by default on client versions of Windows
#

---------------  T H R E A D  ---------------

Current thread (0x0000000014d6a000):  JavaThread "C2 CompilerThread0" daemon [_thread_in_native, id=4900, stack(0x0000000016420000,0x0000000016520000)]

Stack: [0x0000000016420000,0x0000000016520000]
[error occurred during error reporting (printing stack bounds), id 0xc0000005]

Native frames: (J=compiled Java code, j=interpreted, Vv=VM code, C=native code)


Current CompileTask:
C2:    818  614       4       com.android.dx.ssa.SsaBasicBlock::forEachInsn (37 bytes)


---------------  P R O C E S S  ---------------

Java Threads: ( => current thread )
  0x00000000167a6800 JavaThread "pool-1-thread-4" [_thread_in_Java, id=5032, stack(0x0000000017120000,0x0000000017220000)]
  0x00000000167b6800 JavaThread "pool-1-thread-3" [_thread_blocked, id=5228, stack(0x0000000017020000,0x0000000017120000)]
  0x000000001679f800 JavaThread "pool-1-thread-2" [_thread_in_Java, id=5936, stack(0x0000000016f20000,0x0000000017020000)]
  0x000000001679f000 JavaThread "pool-2-thread-1" [_thread_blocked, id=1652, stack(0x0000000016e20000,0x0000000016f20000)]
  0x000000001679c000 JavaThread "pool-1-thread-1" [_thread_in_Java, id=3524, stack(0x0000000016d20000,0x0000000016e20000)]
  0x000000001662d000 JavaThread "Service Thread" daemon [_thread_blocked, id=1560, stack(0x0000000016b20000,0x0000000016c20000)]
  0x0000000016628800 JavaThread "C1 CompilerThread2" daemon [_thread_blocked, id=6864, stack(0x0000000016a20000,0x0000000016b20000)]
  0x0000000014dbe800 JavaThread "C2 CompilerThread1" daemon [_thread_blocked, id=6244, stack(0x0000000016520000,0x0000000016620000)]
=>0x0000000014d6a000 JavaThread "C2 CompilerThread0" daemon [_thread_in_native, id=4900, stack(0x0000000016420000,0x0000000016520000)]
  0x0000000014d68800 JavaThread "Attach Listener" daemon [_thread_blocked, id=6360, stack(0x0000000016320000,0x0000000016420000)]
  0x0000000014d67000 JavaThread "Signal Dispatcher" daemon [_thread_blocked, id=6904, stack(0x0000000016220000,0x0000000016320000)]
  0x0000000002696000 JavaThread "Finalizer" daemon [_thread_blocked, id=5760, stack(0x0000000015fd0000,0x00000000160d0000)]
  0x000000000268d000 JavaThread "Reference Handler" daemon [_thread_blocked, id=3516, stack(0x0000000015ed0000,0x0000000015fd0000)]
  0x00000000025a1000 JavaThread "main" [_thread_in_Java, id=3828, stack(0x00000000023a0000,0x00000000024a0000)]

Other Threads:
  0x0000000014d37800 VMThread [stack: 0x0000000015dd0000,0x0000000015ed0000] [id=4268]
  0x0000000016630000 WatcherThread [stack: 0x0000000016c20000,0x0000000016d20000] [id=4240]

VM state:not at safepoint (normal execution)

VM Mutex/Monitor currently owned by a thread: None

Heap:
 PSYoungGen      total 38400K, used 15570K [0x00000000eab00000, 0x00000000ed580000, 0x0000000100000000)
  eden space 33280K, 46% used [0x00000000eab00000,0x00000000eba34950,0x00000000ecb80000)
  from space 5120K, 0% used [0x00000000ed080000,0x00000000ed080000,0x00000000ed580000)
  to   space 5120K, 0% used [0x00000000ecb80000,0x00000000ecb80000,0x00000000ed080000)
 ParOldGen       total 87552K, used 0K [0x00000000c0000000, 0x00000000c5580000, 0x00000000eab00000)
  object space 87552K, 0% used [0x00000000c0000000,0x00000000c0000000,0x00000000c5580000)
 Metaspace       used 5715K, capacity 6704K, committed 6784K, reserved 1056768K
  class space    used 600K, capacity 616K, committed 640K, reserved 1048576K

Card table byte_map: [0x0000000011a60000,0x0000000011c70000] byte_map_base: 0x0000000011460000

Marking Bits: (ParMarkBitMap*) 0x000000005f7b0600
 Begin Bits: [0x00000000121d0000, 0x00000000131d0000)
 End Bits:   [0x00000000131d0000, 0x00000000141d0000)

Polling page: 0x0000000000b20000

CodeCache: size=245760Kb used=2797Kb max_used=2802Kb free=242963Kb
 bounds [0x00000000026a0000, 0x0000000002960000, 0x00000000116a0000]
 total_blobs=948 nmethods=678 adapters=182
 compilation: disabled (not enough contiguous free space left)

Compilation events (10 events):
Event: 0.812 Thread 0x0000000014dbe800  698   !   4       com.android.dx.util.IntList::<init> (37 bytes)
Event: 0.813 Thread 0x0000000014dbe800 nmethod 698 0x0000000002959bd0 code [0x0000000002959d20, 0x0000000002959e58]
Event: 0.815 Thread 0x0000000016628800 nmethod 689 0x0000000002959f10 code [0x000000000295a3c0, 0x000000000295df78]
Event: 0.815 Thread 0x0000000016628800  697       3       com.android.dx.ssa.LiteralOpUpgrader::access$000 (6 bytes)
Event: 0.815 Thread 0x0000000016628800 nmethod 697 0x0000000002956950 code [0x0000000002956ac0, 0x0000000002956c28]
Event: 0.815 Thread 0x0000000016628800  692       3       com.android.dx.ssa.back.RegisterAllocator::getDefinitionSpecForSsaReg (22 bytes)
Event: 0.816 Thread 0x0000000014dbe800  700       4       java.util.ArrayList::<init> (12 bytes)
Event: 0.816 Thread 0x0000000016628800 nmethod 692 0x00000000029563d0 code [0x0000000002956540, 0x0000000002956848]
Event: 0.816 Thread 0x0000000016628800  690       3       com.android.dx.ssa.LiteralOpUpgrader$1::visitNonMoveInsn (203 bytes)
Event: 0.816 Thread 0x0000000014dbe800 


GC Heap History (0 events):
No events

Deoptimization events (2 events):
Event: 0.539 Thread 0x000000001679c000 Uncommon trap: reason=unstable_if action=reinterpret pc=0x0000000002896300 method=java.util.HashMap.getNode(ILjava/lang/Object;)Ljava/util/HashMap$Node; @ 129
Event: 0.642 Thread 0x000000001679f800 Uncommon trap: reason=class_check action=maybe_recompile pc=0x00000000028e7c30 method=com.android.dx.ssa.NormalSsaInsn.accept(Lcom/android/dx/ssa/SsaInsn$Visitor;)V @ 9

Internal exceptions (2 events):
Event: 0.066 Thread 0x00000000025a1000 Exception <a 'java/lang/NoSuchMethodError': Method sun.misc.Unsafe.defineClass(Ljava/lang/String;[BII)Ljava/lang/Class; name or signature does not match> (0x00000000eab0d6f0) thrown at [D:\re\puppet\workspace\8-2-build-windows-amd64-cygwin\jdk8u73\6086\hot!þ{´HÛ°?
Event: 0.066 Thread 0x00000000025a1000 Exception <a 'java/lang/NoSuchMethodError': Method sun.misc.Unsafe.prefetchRead(Ljava/lang/Object;J)V name or signature does not match> (0x00000000eab0d9d8) thrown at [D:\re\puppet\workspace\8-2-build-windows-amd64-cygwin\jdk8u73\6086\hotspot\src\share\vm\

Events (10 events):
Event: 0.637 loading class java/util/ArrayList$1 done
Event: 0.642 Thread 0x000000001679f800 Uncommon trap: trap_request=0xffffffde fr.pc=0x00000000028e7c30
Event: 0.642 Thread 0x000000001679f800 DEOPT PACKING pc=0x00000000028e7c30 sp=0x000000001701eb80
Event: 0.642 Thread 0x000000001679f800 DEOPT UNPACKING pc=0x00000000026e582a sp=0x000000001701eb10 mode 2
Event: 0.656 loading class com/android/dx/cf/code/SwitchList
Event: 0.656 loading class com/android/dx/cf/code/SwitchList done
Event: 0.680 Executing VM operation: ForceSafepoint
Event: 0.790 Executing VM operation: ForceSafepoint done
Event: 0.809 loading class com/android/dx/rop/code/RegOps
Event: 0.809 loading class com/android/dx/rop/code/RegOps done


Dynamic libraries:
0x00007ff7089c0000 - 0x00007ff7089f7000 	C:\Program Files\Java\jdk1.8.0_73\bin\java.exe
0x00007ffd2a170000 - 0x00007ffd2a31a000 	C:\Windows\SYSTEM32\ntdll.dll
0x00007ffd27ac0000 - 0x00007ffd27bfa000 	C:\Windows\system32\KERNEL32.DLL
0x00007ffd27660000 - 0x00007ffd2776f000 	C:\Windows\system32\KERNELBASE.dll
0x00007ffd26110000 - 0x00007ffd26198000 	C:\Windows\system32\apphelp.dll
0x00007ffd10c20000 - 0x00007ffd10c6f000 	C:\Windows\AppPatch\AppPatch64\AcGenral.DLL
0x00007ffd29e40000 - 0x00007ffd29ee7000 	C:\Windows\system32\msvcrt.dll
0x00007ffd272c0000 - 0x00007ffd272eb000 	C:\Windows\SYSTEM32\SspiCli.dll
0x00007ffd29de0000 - 0x00007ffd29e31000 	C:\Windows\system32\SHLWAPI.dll
0x00007ffd29720000 - 0x00007ffd29891000 	C:\Windows\system32\USER32.dll
0x00007ffd29ab0000 - 0x00007ffd29c28000 	C:\Windows\system32\ole32.dll
0x00007ffd28040000 - 0x00007ffd29457000 	C:\Windows\system32\SHELL32.dll
0x00007ffd26af0000 - 0x00007ffd26b0e000 	C:\Windows\SYSTEM32\USERENV.dll
0x00007ffd27e80000 - 0x00007ffd27f25000 	C:\Windows\system32\ADVAPI32.dll
0x00007ffd206f0000 - 0x00007ffd2070b000 	C:\Windows\SYSTEM32\MPR.dll
0x00007ffd27c00000 - 0x00007ffd27d36000 	C:\Windows\system32\RPCRT4.dll
0x00007ffd29d80000 - 0x00007ffd29dd7000 	C:\Windows\SYSTEM32\sechost.dll
0x00007ffd298d0000 - 0x00007ffd29aa6000 	C:\Windows\SYSTEM32\combase.dll
0x00007ffd29c30000 - 0x00007ffd29d75000 	C:\Windows\system32\GDI32.dll
0x00007ffd27490000 - 0x00007ffd274a4000 	C:\Windows\SYSTEM32\profapi.dll
0x00007ffd25b00000 - 0x00007ffd25b9f000 	C:\Windows\SYSTEM32\SHCORE.dll
0x00007ffd27fa0000 - 0x00007ffd27fd4000 	C:\Windows\system32\IMM32.DLL
0x00007ffd27d40000 - 0x00007ffd27e79000 	C:\Windows\system32\MSCTF.dll
0x00007ffd25190000 - 0x00007ffd253ea000 	C:\Windows\WinSxS\amd64_microsoft.windows.common-controls_6595b64144ccf1df_6.0.9600.17031_none_6242a4b3ecbb55a1\COMCTL32.dll
0x0000000060180000 - 0x0000000060252000 	C:\Program Files\Java\jdk1.8.0_73\jre\bin\msvcr100.dll
0x000000005efa0000 - 0x000000005f830000 	C:\Program Files\Java\jdk1.8.0_73\jre\bin\server\jvm.dll
0x00007ffd1de80000 - 0x00007ffd1de89000 	C:\Windows\SYSTEM32\WSOCK32.dll
0x00007ffd24f80000 - 0x00007ffd24f9f000 	C:\Windows\SYSTEM32\WINMM.dll
0x00007ffd24fa0000 - 0x00007ffd24faa000 	C:\Windows\SYSTEM32\VERSION.dll
0x00007ffd298a0000 - 0x00007ffd298a7000 	C:\Windows\system32\PSAPI.DLL
0x00007ffd27f30000 - 0x00007ffd27f88000 	C:\Windows\system32\WS2_32.dll
0x00007ffd24b30000 - 0x00007ffd24b5a000 	C:\Windows\SYSTEM32\WINMMBASE.dll
0x00007ffd27aa0000 - 0x00007ffd27aa9000 	C:\Windows\system32\NSI.dll
0x00007ffd27770000 - 0x00007ffd277ba000 	C:\Windows\SYSTEM32\cfgmgr32.dll
0x00007ffd26360000 - 0x00007ffd26386000 	C:\Windows\SYSTEM32\DEVOBJ.dll
0x00000000617a0000 - 0x00000000617af000 	C:\Program Files\Java\jdk1.8.0_73\jre\bin\verify.dll
0x0000000060ae0000 - 0x0000000060b09000 	C:\Program Files\Java\jdk1.8.0_73\jre\bin\java.dll
0x0000000061780000 - 0x0000000061796000 	C:\Program Files\Java\jdk1.8.0_73\jre\bin\zip.dll

VM Arguments:
jvm_args: -Djava.awt.headless=true -Xmx1024M -Dfile.encoding=windows-1252 -Duser.country=US -Duser.language=en -Duser.variant 
java_command: com.android.dx.command.Main --dex --force-jumbo --num-threads=4 --output C:\Users\Robertus Pamungkas\Desktop\ProjectPam16v1\app\build\intermediates\pre-dexed\debug\com.android.support-customtabs-23.4.0_dcb5a926b85dd958956ab7aec04607dd790e06db.jar C:\Users\Robertus Pamungkas\Desktop\ProjectPam16v1\app\build\intermediates\exploded-aar\com.android.support\customtabs\23.4.0\jars\classes.jar
java_class_path (initial): H:\Kuliah\Semester 5\PAM 2016\sdk\build-tools\25.0.0\lib\dx.jar
Launcher Type: SUN_STANDARD

Environment Variables:
PATH=C:\ProgramData\Oracle\Java\javapath;C:\Windows\system32;C:\Windows;C:\Windows\System32\Wbem;C:\Windows\System32\WindowsPowerShell\v1.0\;C:\Program Files (x86)\AMD\ATI.ACE\Core-Static;C:\Program Files\Microsoft\Web Platform Installer\;C:\Program Files (x86)\Microsoft ASP.NET\ASP.NET Web Pages\v1.0\;C:\Program Files (x86)\Windows Kits\8.0\Windows Performance Toolkit\;C:\Program Files\Microsoft SQL Server\110\Tools\Binn\;C:\Program Files\Microsoft SQL Server\110\DTS\Binn\;C:\Program Files (x86)\Microsoft SQL Server\110\Tools\Binn\ManagementStudio\;C:\Program Files (x86)\Microsoft SQL Server\110\Tools\Binn\;C:\Program Files (x86)\Microsoft Visual Studio 10.0\Common7\IDE\PrivateAssemblies\;C:\Program Files (x86)\Microsoft SQL Server\110\DTS\Binn\
USERNAME=Robertus Pamungkas
OS=Windows_NT
PROCESSOR_IDENTIFIER=AMD64 Family 16 Model 4 Stepping 3, AuthenticAMD



---------------  S Y S T E M  ---------------

OS: Windows 8.1 , 64 bit Build 9600 (6.3.9600.17056)

CPU:total 4 (4 cores per cpu, 1 threads per core) family 16 model 4 stepping 3, cmov, cx8, fxsr, mmx, sse, sse2, sse3, popcnt, mmxext, 3dnowpref, lzcnt, sse4a, tsc, tscinvbit, tscinv

Memory: 4k page, physical 8387700k(2827680k free), swap 8387700k(5168k free)

vm_info: Java HotSpot(TM) 64-Bit Server VM (25.73-b02) for windows-amd64 JRE (1.8.0_73-b02), built on Jan 29 2016 17:38:49 by "java_re" with MS VC++ 10.0 (VS2010)

time: Wed Nov 30 22:41:53 2016
elapsed time: 0 seconds (0d 0h 0m 0s)

