#
# There is insufficient memory for the Java Runtime Environment to continue.
# Native memory allocation (malloc) failed to allocate 189520 bytes for Chunk::new
# Possible reasons:
#   The system is out of physical RAM or swap space
#   In 32 bit mode, the process size limit was hit
# Possible solutions:
#   Reduce memory load on the system
#   Increase physical memory or swap space
#   Check if swap backing store is full
#   Use 64 bit Java on a 64 bit OS
#   Decrease Java heap size (-Xmx/-Xms)
#   Decrease number of Java threads
#   Decrease Java thread stack sizes (-Xss)
#   Set larger code cache with -XX:ReservedCodeCacheSize=
# This output file may be truncated or incomplete.
#
#  Out of Memory Error (allocation.cpp:390), pid=2128, tid=6528
#
# JRE version: Java(TM) SE Runtime Environment (8.0_73-b02) (build 1.8.0_73-b02)
# Java VM: Java HotSpot(TM) 64-Bit Server VM (25.73-b02 mixed mode windows-amd64 compressed oops)
# Failed to write core dump. Minidumps are not enabled by default on client versions of Windows
#

---------------  T H R E A D  ---------------

Current thread (0x0000000015303800):  JavaThread "C2 CompilerThread1" daemon [_thread_in_native, id=6528, stack(0x0000000016ab0000,0x0000000016bb0000)]

Stack: [0x0000000016ab0000,0x0000000016bb0000]
[error occurred during error reporting (printing stack bounds), id 0xc0000005]

Native frames: (J=compiled Java code, j=interpreted, Vv=VM code, C=native code)


Current CompileTask:
C2:    713 1134       4       com.android.dx.ssa.SCCP::simulateStmt (481 bytes)


---------------  P R O C E S S  ---------------

Java Threads: ( => current thread )
  0x0000000016f2d000 JavaThread "pool-1-thread-4" [_thread_blocked, id=7000, stack(0x0000000017eb0000,0x0000000017fb0000)]
  0x0000000016f20800 JavaThread "pool-1-thread-3" [_thread_blocked, id=6564, stack(0x0000000017db0000,0x0000000017eb0000)]
  0x0000000016f20000 JavaThread "pool-1-thread-2" [_thread_blocked, id=5744, stack(0x0000000017cb0000,0x0000000017db0000)]
  0x0000000016f1b800 JavaThread "pool-2-thread-1" [_thread_blocked, id=5508, stack(0x0000000017bb0000,0x0000000017cb0000)]
  0x0000000016f1a800 JavaThread "pool-1-thread-1" [_thread_blocked, id=7128, stack(0x0000000017ab0000,0x0000000017bb0000)]
  0x0000000016cde000 JavaThread "Service Thread" daemon [_thread_blocked, id=6708, stack(0x00000000170b0000,0x00000000171b0000)]
  0x0000000015307000 JavaThread "C1 CompilerThread2" daemon [_thread_blocked, id=1552, stack(0x0000000016bb0000,0x0000000016cb0000)]
=>0x0000000015303800 JavaThread "C2 CompilerThread1" daemon [_thread_in_native, id=6528, stack(0x0000000016ab0000,0x0000000016bb0000)]
  0x00000000152fd000 JavaThread "C2 CompilerThread0" daemon [_thread_blocked, id=5588, stack(0x00000000169b0000,0x0000000016ab0000)]
  0x00000000152fb800 JavaThread "Attach Listener" daemon [_thread_blocked, id=6096, stack(0x00000000168b0000,0x00000000169b0000)]
  0x00000000152fa800 JavaThread "Signal Dispatcher" daemon [_thread_blocked, id=6152, stack(0x00000000167b0000,0x00000000168b0000)]
  0x0000000002b27800 JavaThread "Finalizer" daemon [_thread_blocked, id=2252, stack(0x0000000016560000,0x0000000016660000)]
  0x0000000002b1f000 JavaThread "Reference Handler" daemon [_thread_blocked, id=4668, stack(0x0000000016460000,0x0000000016560000)]
  0x0000000002a31000 JavaThread "main" [_thread_blocked, id=6484, stack(0x00000000011e0000,0x00000000012e0000)]

Other Threads:
  0x00000000152c7800 VMThread [stack: 0x0000000016360000,0x0000000016460000] [id=3580]
  0x0000000016ce1000 WatcherThread [stack: 0x00000000171b0000,0x00000000172b0000] [id=5988]

VM state:at safepoint (normal execution)

VM Mutex/Monitor currently owned by a thread:  ([mutex/lock_event])
[0x000000000107bda0] OopMapCacheAlloc_lock - owner thread: 0x0000000002a4b800
[0x000000000107bff0] Threads_lock - owner thread: 0x00000000152c7800
[0x000000000107cb70] Heap_lock - owner thread: 0x0000000016f2d000

Heap:
 PSYoungGen      total 38400K, used 33280K [0x00000000eab00000, 0x00000000ed580000, 0x0000000100000000)
  eden space 33280K, 100% used [0x00000000eab00000,0x00000000ecb80000,0x00000000ecb80000)
  from space 5120K, 0% used [0x00000000ed080000,0x00000000ed080000,0x00000000ed580000)
  to   space 5120K, 13% used [0x00000000ecb80000,0x00000000ecc28000,0x00000000ed080000)
 ParOldGen       total 87552K, used 0K [0x00000000c0000000, 0x00000000c5580000, 0x00000000eab00000)
  object space 87552K, 0% used [0x00000000c0000000,0x00000000c0000000,0x00000000c5580000)
 Metaspace       used 5879K, capacity 6896K, committed 7040K, reserved 1056768K
  class space    used 588K, capacity 616K, committed 640K, reserved 1048576K

Card table byte_map: [0x0000000011ff0000,0x0000000012200000] byte_map_base: 0x00000000119f0000

Marking Bits: (ParMarkBitMap*) 0x000000005f7b0600
 Begin Bits: [0x0000000012760000, 0x0000000013760000)
 End Bits:   [0x0000000013760000, 0x0000000014760000)

Polling page: 0x0000000001060000

CodeCache: size=245760Kb used=4852Kb max_used=4852Kb free=240907Kb
 bounds [0x0000000002c30000, 0x0000000003100000, 0x0000000011c30000]
 total_blobs=1451 nmethods=1189 adapters=176
 compilation: enabled

Compilation events (10 events):
Event: 0.700 Thread 0x0000000015307000 1192       3       com.android.dx.ssa.back.InterferenceGraph::<init> (42 bytes)
Event: 0.701 Thread 0x0000000015307000 nmethod 1192 0x00000000030e02d0 code [0x00000000030e04e0, 0x00000000030e0fa8]
Event: 0.701 Thread 0x0000000015307000 1193       3       com.android.dx.ssa.back.LivenessAnalyzer::constructInterferenceGraph (47 bytes)
Event: 0.701 Thread 0x0000000015307000 nmethod 1193 0x00000000030dfb10 code [0x00000000030dfcc0, 0x00000000030e00f8]
Event: 0.701 Thread 0x0000000015307000 1194       3       com.android.dx.ssa.back.FirstFitLocalCombiningAllocator::handleUnassociatedParameters (60 bytes)
Event: 0.701 Thread 0x0000000015307000 nmethod 1194 0x00000000030df010 code [0x00000000030df1c0, 0x00000000030df878]
Event: 0.701 Thread 0x0000000015307000 1190       3       java.util.Vector::<init> (49 bytes)
Event: 0.702 Thread 0x0000000015307000 nmethod 1190 0x00000000030f1410 code [0x00000000030f1600, 0x00000000030f1ff8]
Event: 0.702 Thread 0x0000000015307000 1195       3       com.android.dx.rop.cst.CstMethodRef::<init> (7 bytes)
Event: 0.702 Thread 0x0000000015307000 nmethod 1195 0x00000000030de8d0 code [0x00000000030dea60, 0x00000000030dee78]

GC Heap History (1 events):
Event: 0.712 GC heap before
{Heap before GC invocations=1 (full 0):
 PSYoungGen      total 38400K, used 33280K [0x00000000eab00000, 0x00000000ed580000, 0x0000000100000000)
  eden space 33280K, 100% used [0x00000000eab00000,0x00000000ecb80000,0x00000000ecb80000)
  from space 5120K, 0% used [0x00000000ed080000,0x00000000ed080000,0x00000000ed580000)
  to   space 5120K, 0% used [0x00000000ecb80000,0x00000000ecb80000,0x00000000ed080000)
 ParOldGen       total 87552K, used 0K [0x00000000c0000000, 0x00000000c5580000, 0x00000000eab00000)
  object space 87552K, 0% used [0x00000000c0000000,0x00000000c0000000,0x00000000c5580000)
 Metaspace       used 5879K, capacity 6896K, committed 7040K, reserved 1056768K
  class space    used 588K, capacity 616K, committed 640K, reserved 1048576K

Deoptimization events (9 events):
Event: 0.467 Thread 0x0000000016f20800 Uncommon trap: reason=unstable_if action=reinterpret pc=0x0000000002e62144 method=java.util.HashMap.getNode(ILjava/lang/Object;)Ljava/util/HashMap$Node; @ 129
Event: 0.481 Thread 0x0000000002a31000 Uncommon trap: reason=unstable_if action=reinterpret pc=0x0000000002f43bb4 method=java.util.HashMap.getNode(ILjava/lang/Object;)Ljava/util/HashMap$Node; @ 129
Event: 0.481 Thread 0x0000000002a31000 Uncommon trap: reason=unstable_if action=reinterpret pc=0x0000000002ec01b0 method=java.util.HashMap.getNode(ILjava/lang/Object;)Ljava/util/HashMap$Node; @ 129
Event: 0.534 Thread 0x0000000016f1a800 Uncommon trap: reason=unstable_if action=reinterpret pc=0x0000000002f158d0 method=com.android.dx.rop.code.LocalItem.hashCode()I @ 25
Event: 0.535 Thread 0x0000000016f1a800 Uncommon trap: reason=unstable_if action=reinterpret pc=0x0000000002f3a1a4 method=com.android.dx.rop.code.RegisterSpecSet.put(Lcom/android/dx/rop/code/RegisterSpec;)V @ 77
Event: 0.535 Thread 0x0000000016f1a800 Uncommon trap: reason=unstable_if action=reinterpret pc=0x0000000002fc7820 method=com.android.dx.rop.code.RegisterSpecSet.put(Lcom/android/dx/rop/code/RegisterSpec;)V @ 77
Event: 0.611 Thread 0x0000000016f20000 Uncommon trap: reason=bimorphic action=maybe_recompile pc=0x0000000002ff69ac method=java.util.HashMap.getNode(ILjava/lang/Object;)Ljava/util/HashMap$Node; @ 126
Event: 0.647 Thread 0x0000000016f2d000 Uncommon trap: reason=unstable_if action=reinterpret pc=0x0000000002f17964 method=com.android.dx.rop.code.RegisterSpec.equals(ILcom/android/dx/rop/type/TypeBearer;Lcom/android/dx/rop/code/LocalItem;)Z @ 42
Event: 0.669 Thread 0x0000000016f2d000 Uncommon trap: reason=bimorphic action=maybe_recompile pc=0x0000000002ff69ac method=java.util.HashMap.getNode(ILjava/lang/Object;)Ljava/util/HashMap$Node; @ 126

Internal exceptions (2 events):
Event: 0.040 Thread 0x0000000002a31000 Exception <a 'java/lang/NoSuchMethodError': Method sun.misc.Unsafe.defineClass(Ljava/lang/String;[BII)Ljava/lang/Class; name or signature does not match> (0x00000000eab0d7c0) thrown at [D:\re\puppet\workspace\8-2-build-windows-amd64-cygwin\jdk8u73\6086\hot}6เช`ค?
Event: 0.040 Thread 0x0000000002a31000 Exception <a 'java/lang/NoSuchMethodError': Method sun.misc.Unsafe.prefetchRead(Ljava/lang/Object;J)V name or signature does not match> (0x00000000eab0daa8) thrown at [D:\re\puppet\workspace\8-2-build-windows-amd64-cygwin\jdk8u73\6086\hotspot\src\share\vm\

Events (10 events):
Event: 0.611 Thread 0x0000000016f20000 DEOPT UNPACKING pc=0x0000000002c7582a sp=0x0000000017dae798 mode 2
Event: 0.640 loading class java/util/DualPivotQuicksort
Event: 0.640 loading class java/util/DualPivotQuicksort done
Event: 0.647 Thread 0x0000000016f2d000 Uncommon trap: trap_request=0xffffff65 fr.pc=0x0000000002f17964
Event: 0.647 Thread 0x0000000016f2d000 DEOPT PACKING pc=0x0000000002f17964 sp=0x0000000017fae860
Event: 0.647 Thread 0x0000000016f2d000 DEOPT UNPACKING pc=0x0000000002c7582a sp=0x0000000017fae7e8 mode 2
Event: 0.669 Thread 0x0000000016f2d000 Uncommon trap: trap_request=0xffffffc6 fr.pc=0x0000000002ff69ac
Event: 0.669 Thread 0x0000000016f2d000 DEOPT PACKING pc=0x0000000002ff69ac sp=0x0000000017fae880
Event: 0.669 Thread 0x0000000016f2d000 DEOPT UNPACKING pc=0x0000000002c7582a sp=0x0000000017fae798 mode 2
Event: 0.711 Executing VM operation: ParallelGCFailedAllocation


Dynamic libraries:
0x00007ff7089c0000 - 0x00007ff7089f7000 	C:\Program Files\Java\jdk1.8.0_73\bin\java.exe
0x00007ffd2a170000 - 0x00007ffd2a31a000 	C:\Windows\SYSTEM32\ntdll.dll
0x00007ffd27ac0000 - 0x00007ffd27bfa000 	C:\Windows\system32\KERNEL32.DLL
0x00007ffd27660000 - 0x00007ffd2776f000 	C:\Windows\system32\KERNELBASE.dll
0x00007ffd26110000 - 0x00007ffd26198000 	C:\Windows\system32\apphelp.dll
0x00007ffd1cca0000 - 0x00007ffd1ccef000 	C:\Windows\AppPatch\AppPatch64\AcGenral.DLL
0x00007ffd29e40000 - 0x00007ffd29ee7000 	C:\Windows\system32\msvcrt.dll
0x00007ffd272c0000 - 0x00007ffd272eb000 	C:\Windows\SYSTEM32\SspiCli.dll
0x00007ffd29de0000 - 0x00007ffd29e31000 	C:\Windows\system32\SHLWAPI.dll
0x00007ffd29720000 - 0x00007ffd29891000 	C:\Windows\system32\USER32.dll
0x00007ffd29ab0000 - 0x00007ffd29c28000 	C:\Windows\system32\ole32.dll
0x00007ffd28040000 - 0x00007ffd29457000 	C:\Windows\system32\SHELL32.dll
0x00007ffd26af0000 - 0x00007ffd26b0e000 	C:\Windows\SYSTEM32\USERENV.dll
0x00007ffd27e80000 - 0x00007ffd27f25000 	C:\Windows\system32\ADVAPI32.dll
0x00007ffd206f0000 - 0x00007ffd2070b000 	C:\Windows\SYSTEM32\MPR.dll
0x00007ffd27c00000 - 0x00007ffd27d36000 	C:\Windows\system32\RPCRT4.dll
0x00007ffd29d80000 - 0x00007ffd29dd7000 	C:\Windows\SYSTEM32\sechost.dll
0x00007ffd298d0000 - 0x00007ffd29aa6000 	C:\Windows\SYSTEM32\combase.dll
0x00007ffd29c30000 - 0x00007ffd29d75000 	C:\Windows\system32\GDI32.dll
0x00007ffd27490000 - 0x00007ffd274a4000 	C:\Windows\SYSTEM32\profapi.dll
0x00007ffd25b00000 - 0x00007ffd25b9f000 	C:\Windows\SYSTEM32\SHCORE.dll
0x00007ffd27fa0000 - 0x00007ffd27fd4000 	C:\Windows\system32\IMM32.DLL
0x00007ffd27d40000 - 0x00007ffd27e79000 	C:\Windows\system32\MSCTF.dll
0x00007ffd25190000 - 0x00007ffd253ea000 	C:\Windows\WinSxS\amd64_microsoft.windows.common-controls_6595b64144ccf1df_6.0.9600.17031_none_6242a4b3ecbb55a1\COMCTL32.dll
0x000000005ecc0000 - 0x000000005ed92000 	C:\Program Files\Java\jdk1.8.0_73\jre\bin\msvcr100.dll
0x000000005efa0000 - 0x000000005f830000 	C:\Program Files\Java\jdk1.8.0_73\jre\bin\server\jvm.dll
0x00007ffd1de80000 - 0x00007ffd1de89000 	C:\Windows\SYSTEM32\WSOCK32.dll
0x00007ffd24f80000 - 0x00007ffd24f9f000 	C:\Windows\SYSTEM32\WINMM.dll
0x00007ffd24fa0000 - 0x00007ffd24faa000 	C:\Windows\SYSTEM32\VERSION.dll
0x00007ffd298a0000 - 0x00007ffd298a7000 	C:\Windows\system32\PSAPI.DLL
0x00007ffd27f30000 - 0x00007ffd27f88000 	C:\Windows\system32\WS2_32.dll
0x00007ffd24b30000 - 0x00007ffd24b5a000 	C:\Windows\SYSTEM32\WINMMBASE.dll
0x00007ffd27aa0000 - 0x00007ffd27aa9000 	C:\Windows\system32\NSI.dll
0x00007ffd27770000 - 0x00007ffd277ba000 	C:\Windows\SYSTEM32\cfgmgr32.dll
0x00007ffd26360000 - 0x00007ffd26386000 	C:\Windows\SYSTEM32\DEVOBJ.dll
0x0000000060340000 - 0x000000006034f000 	C:\Program Files\Java\jdk1.8.0_73\jre\bin\verify.dll
0x0000000060310000 - 0x0000000060339000 	C:\Program Files\Java\jdk1.8.0_73\jre\bin\java.dll
0x00000000602f0000 - 0x0000000060306000 	C:\Program Files\Java\jdk1.8.0_73\jre\bin\zip.dll

VM Arguments:
jvm_args: -Djava.awt.headless=true -Xmx1024M -Dfile.encoding=windows-1252 -Duser.country=US -Duser.language=en -Duser.variant 
java_command: com.android.dx.command.Main --dex --force-jumbo --num-threads=4 --output C:\Users\Robertus Pamungkas\Desktop\ProjectPam16v1\app\build\intermediates\pre-dexed\debug\com.android.support-appcompat-v7-24.2.1_83c3a14729f632095be42f40901a536edc4896d5.jar C:\Users\Robertus Pamungkas\Desktop\ProjectPam16v1\app\build\intermediates\exploded-aar\com.android.support\appcompat-v7\24.2.1\jars\classes.jar
java_class_path (initial): H:\Kuliah\Semester 5\PAM 2016\sdk\build-tools\25.0.0\lib\dx.jar
Launcher Type: SUN_STANDARD

Environment Variables:
PATH=C:\ProgramData\Oracle\Java\javapath;C:\Windows\system32;C:\Windows;C:\Windows\System32\Wbem;C:\Windows\System32\WindowsPowerShell\v1.0\;C:\Program Files (x86)\AMD\ATI.ACE\Core-Static;C:\Program Files\Microsoft\Web Platform Installer\;C:\Program Files (x86)\Microsoft ASP.NET\ASP.NET Web Pages\v1.0\;C:\Program Files (x86)\Windows Kits\8.0\Windows Performance Toolkit\;C:\Program Files\Microsoft SQL Server\110\Tools\Binn\;C:\Program Files\Microsoft SQL Server\110\DTS\Binn\;C:\Program Files (x86)\Microsoft SQL Server\110\Tools\Binn\ManagementStudio\;C:\Program Files (x86)\Microsoft SQL Server\110\Tools\Binn\;C:\Program Files (x86)\Microsoft Visual Studio 10.0\Common7\IDE\PrivateAssemblies\;C:\Program Files (x86)\Microsoft SQL Server\110\DTS\Binn\
USERNAME=Robertus Pamungkas
OS=Windows_NT
PROCESSOR_IDENTIFIER=AMD64 Family 16 Model 4 Stepping 3, AuthenticAMD



---------------  S Y S T E M  ---------------

OS: Windows 8.1 , 64 bit Build 9600 (6.3.9600.17056)

CPU:total 4 (4 cores per cpu, 1 threads per core) family 16 model 4 stepping 3, cmov, cx8, fxsr, mmx, sse, sse2, sse3, popcnt, mmxext, 3dnowpref, lzcnt, sse4a, tsc, tscinvbit, tscinv

Memory: 4k page, physical 8387700k(2269864k free), swap 8387700k(5256k free)

vm_info: Java HotSpot(TM) 64-Bit Server VM (25.73-b02) for windows-amd64 JRE (1.8.0_73-b02), built on Jan 29 2016 17:38:49 by "java_re" with MS VC++ 10.0 (VS2010)

time: Wed Nov 30 22:32:38 2016
elapsed time: 0 seconds (0d 0h 0m 0s)

