#
# There is insufficient memory for the Java Runtime Environment to continue.
# Native memory allocation (malloc) failed to allocate 557856 bytes for Chunk::new
# Possible reasons:
#   The system is out of physical RAM or swap space
#   In 32 bit mode, the process size limit was hit
# Possible solutions:
#   Reduce memory load on the system
#   Increase physical memory or swap space
#   Check if swap backing store is full
#   Use 64 bit Java on a 64 bit OS
#   Decrease Java heap size (-Xmx/-Xms)
#   Decrease number of Java threads
#   Decrease Java thread stack sizes (-Xss)
#   Set larger code cache with -XX:ReservedCodeCacheSize=
# This output file may be truncated or incomplete.
#
#  Out of Memory Error (allocation.cpp:390), pid=7904, tid=5432
#
# JRE version: Java(TM) SE Runtime Environment (8.0_73-b02) (build 1.8.0_73-b02)
# Java VM: Java HotSpot(TM) 64-Bit Server VM (25.73-b02 mixed mode windows-amd64 compressed oops)
# Failed to write core dump. Minidumps are not enabled by default on client versions of Windows
#

---------------  T H R E A D  ---------------

Current thread (0x00000000147eb000):  JavaThread "C2 CompilerThread0" daemon [_thread_in_native, id=5432, stack(0x0000000015eb0000,0x0000000015fb0000)]

Stack: [0x0000000015eb0000,0x0000000015fb0000]
[error occurred during error reporting (printing stack bounds), id 0xc0000005]

Native frames: (J=compiled Java code, j=interpreted, Vv=VM code, C=native code)


Current CompileTask:
C2:   3583 1440       4       com.android.dx.ssa.back.LivenessAnalyzer::run (231 bytes)


---------------  P R O C E S S  ---------------

Java Threads: ( => current thread )
  0x000000001633d000 JavaThread "pool-1-thread-4" [_thread_in_Java, id=3520, stack(0x0000000016bb0000,0x0000000016cb0000)]
  0x000000001633c800 JavaThread "pool-1-thread-3" [_thread_blocked, id=1392, stack(0x0000000016ab0000,0x0000000016bb0000)]
  0x0000000016334800 JavaThread "pool-1-thread-2" [_thread_blocked, id=7664, stack(0x00000000169b0000,0x0000000016ab0000)]
  0x0000000016304000 JavaThread "pool-2-thread-1" [_thread_blocked, id=6732, stack(0x00000000168b0000,0x00000000169b0000)]
  0x0000000016307000 JavaThread "pool-1-thread-1" [_thread_in_Java, id=5552, stack(0x00000000167b0000,0x00000000168b0000)]
  0x00000000160c6800 JavaThread "Service Thread" daemon [_thread_blocked, id=7172, stack(0x00000000165b0000,0x00000000166b0000)]
  0x00000000160b8800 JavaThread "C1 CompilerThread2" daemon [_thread_blocked, id=7576, stack(0x00000000164b0000,0x00000000165b0000)]
  0x0000000014846000 JavaThread "C2 CompilerThread1" daemon [_thread_in_native, id=2708, stack(0x0000000015fb0000,0x00000000160b0000)]
=>0x00000000147eb000 JavaThread "C2 CompilerThread0" daemon [_thread_in_native, id=5432, stack(0x0000000015eb0000,0x0000000015fb0000)]
  0x00000000147e9800 JavaThread "Attach Listener" daemon [_thread_blocked, id=8168, stack(0x0000000015db0000,0x0000000015eb0000)]
  0x00000000147e8000 JavaThread "Signal Dispatcher" daemon [_thread_blocked, id=7912, stack(0x0000000015cb0000,0x0000000015db0000)]
  0x0000000001fa6000 JavaThread "Finalizer" daemon [_thread_blocked, id=7648, stack(0x0000000015a60000,0x0000000015b60000)]
  0x0000000001f9d000 JavaThread "Reference Handler" daemon [_thread_blocked, id=7260, stack(0x0000000015960000,0x0000000015a60000)]
  0x0000000001eb1000 JavaThread "main" [_thread_blocked, id=7792, stack(0x0000000000660000,0x0000000000760000)]

Other Threads:
  0x00000000147b7800 VMThread [stack: 0x0000000015860000,0x0000000015960000] [id=7880]
  0x00000000160be000 WatcherThread [stack: 0x00000000166b0000,0x00000000167b0000] [id=5960]

VM state:not at safepoint (normal execution)

VM Mutex/Monitor currently owned by a thread: None

Heap:
 PSYoungGen      total 38400K, used 7278K [0x00000000eab00000, 0x00000000ed580000, 0x0000000100000000)
  eden space 33280K, 6% used [0x00000000eab00000,0x00000000ead210a0,0x00000000ecb80000)
  from space 5120K, 99% used [0x00000000ed080000,0x00000000ed57aab8,0x00000000ed580000)
  to   space 5120K, 0% used [0x00000000ecb80000,0x00000000ecb80000,0x00000000ed080000)
 ParOldGen       total 87552K, used 5333K [0x00000000c0000000, 0x00000000c5580000, 0x00000000eab00000)
  object space 87552K, 6% used [0x00000000c0000000,0x00000000c05357a8,0x00000000c5580000)
 Metaspace       used 6159K, capacity 7024K, committed 7296K, reserved 1056768K
  class space    used 598K, capacity 616K, committed 640K, reserved 1048576K

Card table byte_map: [0x0000000011640000,0x0000000011850000] byte_map_base: 0x0000000011040000

Marking Bits: (ParMarkBitMap*) 0x0000000050910600
 Begin Bits: [0x0000000011c50000, 0x0000000012c50000)
 End Bits:   [0x0000000012c50000, 0x0000000013c50000)

Polling page: 0x0000000000760000

CodeCache: size=245760Kb used=6227Kb max_used=6241Kb free=239532Kb
 bounds [0x0000000002280000, 0x00000000028a0000, 0x0000000011280000]
 total_blobs=1790 nmethods=1523 adapters=181
 compilation: enabled

Compilation events (10 events):
Event: 3.521 Thread 0x00000000160b8800 1542       2       com.android.dx.dex.code.StdCatchBuilder::<init> (62 bytes)
Event: 3.522 Thread 0x00000000160b8800 nmethod 1542 0x000000000288cf50 code [0x000000000288d0e0, 0x000000000288d468]
Event: 3.522 Thread 0x00000000160b8800 1543       2       com.android.dx.dex.code.OutputCollector::getFinisher (26 bytes)
Event: 3.522 Thread 0x00000000160b8800 nmethod 1543 0x000000000288d610 code [0x000000000288d780, 0x000000000288d9b8]
Event: 3.522 Thread 0x00000000160b8800 1544       2       com.android.dx.dex.code.DalvCode::<init> (68 bytes)
Event: 3.522 Thread 0x00000000160b8800 nmethod 1544 0x000000000288dad0 code [0x000000000288dc60, 0x000000000288df78]
Event: 3.528 Thread 0x00000000147eb000 nmethod 1419 0x0000000002892390 code [0x0000000002892920, 0x0000000002895cb8]
Event: 3.529 Thread 0x00000000147eb000 1446       4       com.android.dx.ssa.SsaBasicBlock::forEachInsn (37 bytes)
Event: 3.554 Thread 0x00000000147eb000 nmethod 1446 0x000000000289bd10 code [0x000000000289bf60, 0x000000000289cbd0]
Event: 3.554 Thread 0x00000000147eb000 1440       4       com.android.dx.ssa.back.LivenessAnalyzer::run (231 bytes)

GC Heap History (4 events):
Event: 2.352 GC heap before
{Heap before GC invocations=1 (full 0):
 PSYoungGen      total 38400K, used 33280K [0x00000000eab00000, 0x00000000ed580000, 0x0000000100000000)
  eden space 33280K, 100% used [0x00000000eab00000,0x00000000ecb80000,0x00000000ecb80000)
  from space 5120K, 0% used [0x00000000ed080000,0x00000000ed080000,0x00000000ed580000)
  to   space 5120K, 0% used [0x00000000ecb80000,0x00000000ecb80000,0x00000000ed080000)
 ParOldGen       total 87552K, used 0K [0x00000000c0000000, 0x00000000c5580000, 0x00000000eab00000)
  object space 87552K, 0% used [0x00000000c0000000,0x00000000c0000000,0x00000000c5580000)
 Metaspace       used 5916K, capacity 6832K, committed 7040K, reserved 1056768K
  class space    used 587K, capacity 616K, committed 640K, reserved 1048576K
Event: 2.362 GC heap after
Heap after GC invocations=1 (full 0):
 PSYoungGen      total 38400K, used 5107K [0x00000000eab00000, 0x00000000ed580000, 0x0000000100000000)
  eden space 33280K, 0% used [0x00000000eab00000,0x00000000eab00000,0x00000000ecb80000)
  from space 5120K, 99% used [0x00000000ecb80000,0x00000000ed07cea8,0x00000000ed080000)
  to   space 5120K, 0% used [0x00000000ed080000,0x00000000ed080000,0x00000000ed580000)
 ParOldGen       total 87552K, used 970K [0x00000000c0000000, 0x00000000c5580000, 0x00000000eab00000)
  object space 87552K, 1% used [0x00000000c0000000,0x00000000c00f2840,0x00000000c5580000)
 Metaspace       used 5916K, capacity 6832K, committed 7040K, reserved 1056768K
  class space    used 587K, capacity 616K, committed 640K, reserved 1048576K
}
Event: 3.391 GC heap before
{Heap before GC invocations=2 (full 0):
 PSYoungGen      total 38400K, used 38387K [0x00000000eab00000, 0x00000000ed580000, 0x0000000100000000)
  eden space 33280K, 100% used [0x00000000eab00000,0x00000000ecb80000,0x00000000ecb80000)
  from space 5120K, 99% used [0x00000000ecb80000,0x00000000ed07cea8,0x00000000ed080000)
  to   space 5120K, 0% used [0x00000000ed080000,0x00000000ed080000,0x00000000ed580000)
 ParOldGen       total 87552K, used 970K [0x00000000c0000000, 0x00000000c5580000, 0x00000000eab00000)
  object space 87552K, 1% used [0x00000000c0000000,0x00000000c00f2840,0x00000000c5580000)
 Metaspace       used 6098K, capacity 7024K, committed 7296K, reserved 1056768K
  class space    used 598K, capacity 616K, committed 640K, reserved 1048576K
Event: 3.486 GC heap after
Heap after GC invocations=2 (full 0):
 PSYoungGen      total 38400K, used 5098K [0x00000000eab00000, 0x00000000ed580000, 0x0000000100000000)
  eden space 33280K, 0% used [0x00000000eab00000,0x00000000eab00000,0x00000000ecb80000)
  from space 5120K, 99% used [0x00000000ed080000,0x00000000ed57aab8,0x00000000ed580000)
  to   space 5120K, 0% used [0x00000000ecb80000,0x00000000ecb80000,0x00000000ed080000)
 ParOldGen       total 87552K, used 5333K [0x00000000c0000000, 0x00000000c5580000, 0x00000000eab00000)
  object space 87552K, 6% used [0x00000000c0000000,0x00000000c05357a8,0x00000000c5580000)
 Metaspace       used 6098K, capacity 7024K, committed 7296K, reserved 1056768K
  class space    used 598K, capacity 616K, committed 640K, reserved 1048576K
}

Deoptimization events (10 events):
Event: 2.712 Thread 0x000000001633c800 Uncommon trap: reason=class_check action=maybe_recompile pc=0x00000000024d58b0 method=com.android.dx.ssa.NormalSsaInsn.accept(Lcom/android/dx/ssa/SsaInsn$Visitor;)V @ 9
Event: 2.712 Thread 0x000000001633c800 Uncommon trap: reason=class_check action=maybe_recompile pc=0x00000000024d58b0 method=com.android.dx.ssa.NormalSsaInsn.accept(Lcom/android/dx/ssa/SsaInsn$Visitor;)V @ 9
Event: 3.152 Thread 0x000000001633d000 Uncommon trap: reason=class_check action=maybe_recompile pc=0x00000000027336b4 method=com.android.dx.ssa.NormalSsaInsn.accept(Lcom/android/dx/ssa/SsaInsn$Visitor;)V @ 9
Event: 3.173 Thread 0x000000001633c800 Uncommon trap: reason=unstable_if action=reinterpret pc=0x0000000002586c5c method=com.android.dx.ssa.SsaMethod.updateOneDefinition(Lcom/android/dx/ssa/SsaInsn;Lcom/android/dx/rop/code/RegisterSpec;)V @ 4
Event: 3.209 Thread 0x0000000016334800 Uncommon trap: reason=class_check action=maybe_recompile pc=0x000000000250d5d0 method=com.android.dx.ssa.NormalSsaInsn.accept(Lcom/android/dx/ssa/SsaInsn$Visitor;)V @ 9
Event: 3.209 Thread 0x0000000016334800 Uncommon trap: reason=class_check action=maybe_recompile pc=0x00000000024d58b0 method=com.android.dx.ssa.NormalSsaInsn.accept(Lcom/android/dx/ssa/SsaInsn$Visitor;)V @ 9
Event: 3.231 Thread 0x0000000016334800 Uncommon trap: reason=class_check action=maybe_recompile pc=0x0000000002801970 method=com.android.dx.ssa.SCCP.simulatePhi(Lcom/android/dx/ssa/PhiInsn;)V @ 124
Event: 3.236 Thread 0x0000000016334800 Uncommon trap: reason=class_check action=maybe_recompile pc=0x0000000002801970 method=com.android.dx.ssa.SCCP.simulatePhi(Lcom/android/dx/ssa/PhiInsn;)V @ 124
Event: 3.494 Thread 0x000000001633c800 Uncommon trap: reason=unstable_if action=reinterpret pc=0x000000000266d03c method=com.android.dx.util.IntList.binarysearch(I)I @ 105
Event: 3.497 Thread 0x000000001633c800 Uncommon trap: reason=unstable_if action=reinterpret pc=0x0000000002846ce4 method=com.android.dx.ssa.SsaMethod.blockIndexToRopLabel(I)I @ 1

Internal exceptions (3 events):
Event: 0.090 Thread 0x0000000001eb1000 Exception <a 'java/lang/NoSuchMethodError': Method sun.misc.Unsafe.defineClass(Ljava/lang/String;[BII)Ljava/lang/Class; name or signature does not match> (0x00000000eab0d7c8) thrown at [D:\re\puppet\workspace\8-2-build-windows-amd64-cygwin\jdk8u73\6086\hot°£=1.·?
Event: 0.091 Thread 0x0000000001eb1000 Exception <a 'java/lang/NoSuchMethodError': Method sun.misc.Unsafe.prefetchRead(Ljava/lang/Object;J)V name or signature does not match> (0x00000000eab0dab0) thrown at [D:\re\puppet\workspace\8-2-build-windows-amd64-cygwin\jdk8u73\6086\hotspot\src\share\vm\IÆ¶$¦@
Event: 2.706 Thread 0x000000001633c800 Implicit null exception at 0x00000000025674e2 to 0x0000000002567581

Events (10 events):
Event: 3.236 Thread 0x0000000016334800 DEOPT PACKING pc=0x0000000002801970 sp=0x0000000016aae940
Event: 3.236 Thread 0x0000000016334800 DEOPT UNPACKING pc=0x00000000022c582a sp=0x0000000016aae8c8 mode 2
Event: 3.347 Executing VM operation: ParallelGCFailedAllocation
Event: 3.486 Executing VM operation: ParallelGCFailedAllocation done
Event: 3.494 Thread 0x000000001633c800 Uncommon trap: trap_request=0xffffff65 fr.pc=0x000000000266d03c
Event: 3.494 Thread 0x000000001633c800 DEOPT PACKING pc=0x000000000266d03c sp=0x0000000016baed20
Event: 3.494 Thread 0x000000001633c800 DEOPT UNPACKING pc=0x00000000022c582a sp=0x0000000016baec98 mode 2
Event: 3.497 Thread 0x000000001633c800 Uncommon trap: trap_request=0xffffff65 fr.pc=0x0000000002846ce4
Event: 3.497 Thread 0x000000001633c800 DEOPT PACKING pc=0x0000000002846ce4 sp=0x0000000016baee00
Event: 3.497 Thread 0x000000001633c800 DEOPT UNPACKING pc=0x00000000022c582a sp=0x0000000016baed28 mode 2


Dynamic libraries:
0x00007ff659380000 - 0x00007ff6593b7000 	C:\Program Files\Java\jdk1.8.0_73\bin\java.exe
0x00007fff36470000 - 0x00007fff3661a000 	C:\Windows\SYSTEM32\ntdll.dll
0x00007fff34190000 - 0x00007fff342ca000 	C:\Windows\system32\KERNEL32.DLL
0x00007fff338b0000 - 0x00007fff339bf000 	C:\Windows\system32\KERNELBASE.dll
0x00007fff32410000 - 0x00007fff32498000 	C:\Windows\system32\apphelp.dll
0x00007fff11c30000 - 0x00007fff11c7f000 	C:\Windows\AppPatch\AppPatch64\AcGenral.DLL
0x00007fff34310000 - 0x00007fff343b7000 	C:\Windows\system32\msvcrt.dll
0x00007fff335c0000 - 0x00007fff335eb000 	C:\Windows\SYSTEM32\SspiCli.dll
0x00007fff34420000 - 0x00007fff34471000 	C:\Windows\system32\SHLWAPI.dll
0x00007fff34c30000 - 0x00007fff34da1000 	C:\Windows\system32\USER32.dll
0x00007fff33e00000 - 0x00007fff33f78000 	C:\Windows\system32\ole32.dll
0x00007fff34db0000 - 0x00007fff361c7000 	C:\Windows\system32\SHELL32.dll
0x00007fff32df0000 - 0x00007fff32e0e000 	C:\Windows\SYSTEM32\USERENV.dll
0x00007fff34a50000 - 0x00007fff34af5000 	C:\Windows\system32\ADVAPI32.dll
0x00007fff2cb20000 - 0x00007fff2cb3b000 	C:\Windows\SYSTEM32\MPR.dll
0x00007fff361d0000 - 0x00007fff36306000 	C:\Windows\system32\RPCRT4.dll
0x00007fff34b00000 - 0x00007fff34b57000 	C:\Windows\SYSTEM32\sechost.dll
0x00007fff34690000 - 0x00007fff34866000 	C:\Windows\SYSTEM32\combase.dll
0x00007fff34040000 - 0x00007fff34185000 	C:\Windows\system32\GDI32.dll
0x00007fff337e0000 - 0x00007fff337f4000 	C:\Windows\SYSTEM32\profapi.dll
0x00007fff320b0000 - 0x00007fff3214f000 	C:\Windows\SYSTEM32\SHCORE.dll
0x00007fff342d0000 - 0x00007fff34304000 	C:\Windows\system32\IMM32.DLL
0x00007fff36310000 - 0x00007fff36449000 	C:\Windows\system32\MSCTF.dll
0x00007fff31850000 - 0x00007fff31aaa000 	C:\Windows\WinSxS\amd64_microsoft.windows.common-controls_6595b64144ccf1df_6.0.9600.17031_none_6242a4b3ecbb55a1\COMCTL32.dll
0x0000000077d80000 - 0x0000000077e52000 	C:\Program Files\Java\jdk1.8.0_73\jre\bin\msvcr100.dll
0x0000000050100000 - 0x0000000050990000 	C:\Program Files\Java\jdk1.8.0_73\jre\bin\server\jvm.dll
0x00007fff2cc80000 - 0x00007fff2cc89000 	C:\Windows\SYSTEM32\WSOCK32.dll
0x00007fff30fa0000 - 0x00007fff30fbf000 	C:\Windows\SYSTEM32\WINMM.dll
0x00007fff30fc0000 - 0x00007fff30fca000 	C:\Windows\SYSTEM32\VERSION.dll
0x00007fff34b70000 - 0x00007fff34b77000 	C:\Windows\system32\PSAPI.DLL
0x00007fff343c0000 - 0x00007fff34418000 	C:\Windows\system32\WS2_32.dll
0x00007fff30f00000 - 0x00007fff30f2a000 	C:\Windows\SYSTEM32\WINMMBASE.dll
0x00007fff34b60000 - 0x00007fff34b69000 	C:\Windows\system32\NSI.dll
0x00007fff33ba0000 - 0x00007fff33bea000 	C:\Windows\SYSTEM32\cfgmgr32.dll
0x00007fff32660000 - 0x00007fff32686000 	C:\Windows\SYSTEM32\DEVOBJ.dll
0x00000000514c0000 - 0x00000000514cf000 	C:\Program Files\Java\jdk1.8.0_73\jre\bin\verify.dll
0x0000000051490000 - 0x00000000514b9000 	C:\Program Files\Java\jdk1.8.0_73\jre\bin\java.dll
0x0000000051470000 - 0x0000000051486000 	C:\Program Files\Java\jdk1.8.0_73\jre\bin\zip.dll

VM Arguments:
jvm_args: -Djava.awt.headless=true -Xmx1024M -Dfile.encoding=windows-1252 -Duser.country=US -Duser.language=en -Duser.variant 
java_command: com.android.dx.command.Main --dex --num-threads=4 --output C:\Users\Robertus Pamungkas\Desktop\ProjectPam16v1\app\build\intermediates\pre-dexed\debug\com.google.firebase-firebase-analytics-impl-9.8.0_97e2b6d292a838380ed7732ab66b33c384e3fabe.jar C:\Users\Robertus Pamungkas\Desktop\ProjectPam16v1\app\build\intermediates\exploded-aar\com.google.firebase\firebase-analytics-impl\9.8.0\jars\classes.jar
java_class_path (initial): H:\Kuliah\Semester 5\PAM 2016\sdk\build-tools\25.0.0\lib\dx.jar
Launcher Type: SUN_STANDARD

Environment Variables:
PATH=C:\ProgramData\Oracle\Java\javapath;C:\Windows\system32;C:\Windows;C:\Windows\System32\Wbem;C:\Windows\System32\WindowsPowerShell\v1.0\;C:\Program Files (x86)\AMD\ATI.ACE\Core-Static;C:\Program Files\Microsoft\Web Platform Installer\;C:\Program Files (x86)\Microsoft ASP.NET\ASP.NET Web Pages\v1.0\;C:\Program Files (x86)\Windows Kits\8.0\Windows Performance Toolkit\;C:\Program Files\Microsoft SQL Server\110\Tools\Binn\;C:\Program Files\Microsoft SQL Server\110\DTS\Binn\;C:\Program Files (x86)\Microsoft SQL Server\110\Tools\Binn\ManagementStudio\;C:\Program Files (x86)\Microsoft SQL Server\110\Tools\Binn\;C:\Program Files (x86)\Microsoft Visual Studio 10.0\Common7\IDE\PrivateAssemblies\;C:\Program Files (x86)\Microsoft SQL Server\110\DTS\Binn\
USERNAME=Robertus Pamungkas
OS=Windows_NT
PROCESSOR_IDENTIFIER=AMD64 Family 16 Model 4 Stepping 3, AuthenticAMD



---------------  S Y S T E M  ---------------

OS: Windows 8.1 , 64 bit Build 9600 (6.3.9600.17056)

CPU:total 4 (4 cores per cpu, 1 threads per core) family 16 model 4 stepping 3, cmov, cx8, fxsr, mmx, sse, sse2, sse3, popcnt, mmxext, 3dnowpref, lzcnt, sse4a, tsc, tscinvbit, tscinv

Memory: 4k page, physical 8387700k(1977252k free), swap 8387700k(9224k free)

vm_info: Java HotSpot(TM) 64-Bit Server VM (25.73-b02) for windows-amd64 JRE (1.8.0_73-b02), built on Jan 29 2016 17:38:49 by "java_re" with MS VC++ 10.0 (VS2010)

time: Thu Dec 01 02:33:22 2016
elapsed time: 3 seconds (0d 0h 0m 3s)

