#
# There is insufficient memory for the Java Runtime Environment to continue.
# Native memory allocation (malloc) failed to allocate 702336 bytes for Chunk::new
# Possible reasons:
#   The system is out of physical RAM or swap space
#   In 32 bit mode, the process size limit was hit
# Possible solutions:
#   Reduce memory load on the system
#   Increase physical memory or swap space
#   Check if swap backing store is full
#   Use 64 bit Java on a 64 bit OS
#   Decrease Java heap size (-Xmx/-Xms)
#   Decrease number of Java threads
#   Decrease Java thread stack sizes (-Xss)
#   Set larger code cache with -XX:ReservedCodeCacheSize=
# This output file may be truncated or incomplete.
#
#  Out of Memory Error (allocation.cpp:390), pid=5752, tid=7848
#
# JRE version: Java(TM) SE Runtime Environment (8.0_73-b02) (build 1.8.0_73-b02)
# Java VM: Java HotSpot(TM) 64-Bit Server VM (25.73-b02 mixed mode windows-amd64 compressed oops)
# Failed to write core dump. Minidumps are not enabled by default on client versions of Windows
#

---------------  T H R E A D  ---------------

Current thread (0x000000001552b800):  JavaThread "C2 CompilerThread0" daemon [_thread_in_native, id=7848, stack(0x0000000016bf0000,0x0000000016cf0000)]

Stack: [0x0000000016bf0000,0x0000000016cf0000]
[error occurred during error reporting (printing stack bounds), id 0xc0000005]

Native frames: (J=compiled Java code, j=interpreted, Vv=VM code, C=native code)


Current CompileTask:
C2:   2751 1518       4       com.android.dx.rop.code.LocalVariableExtractor::processBlock (327 bytes)


---------------  P R O C E S S  ---------------

Java Threads: ( => current thread )
  0x0000000017138000 JavaThread "pool-1-thread-4" [_thread_blocked, id=7844, stack(0x00000000178f0000,0x00000000179f0000)]
  0x0000000017137000 JavaThread "pool-1-thread-3" [_thread_blocked, id=7828, stack(0x00000000177f0000,0x00000000178f0000)]
  0x0000000017136800 JavaThread "pool-1-thread-2" [_thread_in_Java, id=7236, stack(0x00000000176f0000,0x00000000177f0000)]
  0x0000000017184000 JavaThread "pool-2-thread-1" [_thread_blocked, id=7276, stack(0x00000000175f0000,0x00000000176f0000)]
  0x0000000017183000 JavaThread "pool-1-thread-1" [_thread_in_Java, id=7308, stack(0x00000000174f0000,0x00000000175f0000)]
  0x0000000016efd800 JavaThread "Service Thread" daemon [_thread_blocked, id=7552, stack(0x00000000172f0000,0x00000000173f0000)]
  0x0000000015589800 JavaThread "C1 CompilerThread2" daemon [_thread_in_native, id=7840, stack(0x0000000016df0000,0x0000000016ef0000)]
  0x0000000015586800 JavaThread "C2 CompilerThread1" daemon [_thread_in_native, id=7244, stack(0x0000000016cf0000,0x0000000016df0000)]
=>0x000000001552b800 JavaThread "C2 CompilerThread0" daemon [_thread_in_native, id=7848, stack(0x0000000016bf0000,0x0000000016cf0000)]
  0x000000001552a800 JavaThread "Attach Listener" daemon [_thread_blocked, id=7300, stack(0x0000000016af0000,0x0000000016bf0000)]
  0x0000000015529000 JavaThread "Signal Dispatcher" daemon [_thread_blocked, id=7312, stack(0x00000000169f0000,0x0000000016af0000)]
  0x0000000002e56000 JavaThread "Finalizer" daemon [_thread_blocked, id=7760, stack(0x00000000167a0000,0x00000000168a0000)]
  0x0000000002e4d000 JavaThread "Reference Handler" daemon [_thread_blocked, id=7720, stack(0x00000000166a0000,0x00000000167a0000)]
  0x0000000002d61000 JavaThread "main" [_thread_blocked, id=7700, stack(0x0000000002c50000,0x0000000002d50000)]

Other Threads:
  0x00000000154f7800 VMThread [stack: 0x00000000165a0000,0x00000000166a0000] [id=7296]
  0x0000000016ef9000 WatcherThread [stack: 0x00000000173f0000,0x00000000174f0000] [id=7624]

VM state:not at safepoint (normal execution)

VM Mutex/Monitor currently owned by a thread: None

Heap:
 PSYoungGen      total 71680K, used 13508K [0x00000000eab00000, 0x00000000ef600000, 0x0000000100000000)
  eden space 66560K, 12% used [0x00000000eab00000,0x00000000eb338620,0x00000000eec00000)
  from space 5120K, 99% used [0x00000000ef100000,0x00000000ef5f8af8,0x00000000ef600000)
  to   space 5120K, 0% used [0x00000000eec00000,0x00000000eec00000,0x00000000ef100000)
 ParOldGen       total 87552K, used 4850K [0x00000000c0000000, 0x00000000c5580000, 0x00000000eab00000)
  object space 87552K, 5% used [0x00000000c0000000,0x00000000c04bca00,0x00000000c5580000)
 Metaspace       used 6051K, capacity 7088K, committed 7296K, reserved 1056768K
  class space    used 589K, capacity 616K, committed 640K, reserved 1048576K

Card table byte_map: [0x0000000012220000,0x0000000012430000] byte_map_base: 0x0000000011c20000

Marking Bits: (ParMarkBitMap*) 0x0000000050910600
 Begin Bits: [0x0000000012990000, 0x0000000013990000)
 End Bits:   [0x0000000013990000, 0x0000000014990000)

Polling page: 0x00000000011e0000

CodeCache: size=245760Kb used=6884Kb max_used=6884Kb free=238875Kb
 bounds [0x0000000002e60000, 0x0000000003520000, 0x0000000011e60000]
 total_blobs=1842 nmethods=1580 adapters=176
 compilation: enabled

Compilation events (10 events):
Event: 2.728 Thread 0x0000000015589800 nmethod 1580 0x00000000034f5850 code [0x00000000034f59c0, 0x00000000034f5d78]
Event: 2.730 Thread 0x0000000015589800 1581       3       com.android.dx.rop.cst.CstString::stringToUtf8Bytes (175 bytes)
Event: 2.730 Thread 0x0000000015589800 nmethod 1581 0x00000000034f5e90 code [0x00000000034f6060, 0x00000000034f68d8]
Event: 2.733 Thread 0x0000000015589800 1582       3       com.android.dx.rop.code.ThrowingInsn::accept (8 bytes)
Event: 2.733 Thread 0x0000000015589800 nmethod 1582 0x00000000034f6cd0 code [0x00000000034f6e40, 0x00000000034f7068]
Event: 2.733 Thread 0x0000000015589800 1583       3       com.android.dx.dex.code.TargetInsn::<init> (29 bytes)
Event: 2.733 Thread 0x0000000015589800 nmethod 1583 0x00000000034f7150 code [0x00000000034f72e0, 0x00000000034f75f8]
Event: 2.733 Thread 0x0000000015589800 1584       3       com.android.dx.dex.code.SimpleInsn::<init> (8 bytes)
Event: 2.733 Thread 0x0000000015589800 nmethod 1584 0x00000000034f7750 code [0x00000000034f78c0, 0x00000000034f7aa8]
Event: 2.734 Thread 0x0000000015589800 1585   !   3       com.android.dx.cf.code.BytecodeArray::parseInstruction (2764 bytes)

GC Heap History (4 events):
Event: 1.310 GC heap before
{Heap before GC invocations=1 (full 0):
 PSYoungGen      total 38400K, used 33280K [0x00000000eab00000, 0x00000000ed580000, 0x0000000100000000)
  eden space 33280K, 100% used [0x00000000eab00000,0x00000000ecb80000,0x00000000ecb80000)
  from space 5120K, 0% used [0x00000000ed080000,0x00000000ed080000,0x00000000ed580000)
  to   space 5120K, 0% used [0x00000000ecb80000,0x00000000ecb80000,0x00000000ed080000)
 ParOldGen       total 87552K, used 0K [0x00000000c0000000, 0x00000000c5580000, 0x00000000eab00000)
  object space 87552K, 0% used [0x00000000c0000000,0x00000000c0000000,0x00000000c5580000)
 Metaspace       used 5883K, capacity 6960K, committed 7040K, reserved 1056768K
  class space    used 588K, capacity 616K, committed 640K, reserved 1048576K
Event: 1.439 GC heap after
Heap after GC invocations=1 (full 0):
 PSYoungGen      total 38400K, used 5114K [0x00000000eab00000, 0x00000000ef600000, 0x0000000100000000)
  eden space 33280K, 0% used [0x00000000eab00000,0x00000000eab00000,0x00000000ecb80000)
  from space 5120K, 99% used [0x00000000ecb80000,0x00000000ed07e9d8,0x00000000ed080000)
  to   space 5120K, 0% used [0x00000000ef100000,0x00000000ef100000,0x00000000ef600000)
 ParOldGen       total 87552K, used 1108K [0x00000000c0000000, 0x00000000c5580000, 0x00000000eab00000)
  object space 87552K, 1% used [0x00000000c0000000,0x00000000c01151c8,0x00000000c5580000)
 Metaspace       used 5883K, capacity 6960K, committed 7040K, reserved 1056768K
  class space    used 588K, capacity 616K, committed 640K, reserved 1048576K
}
Event: 2.580 GC heap before
{Heap before GC invocations=2 (full 0):
 PSYoungGen      total 38400K, used 38394K [0x00000000eab00000, 0x00000000ef600000, 0x0000000100000000)
  eden space 33280K, 100% used [0x00000000eab00000,0x00000000ecb80000,0x00000000ecb80000)
  from space 5120K, 99% used [0x00000000ecb80000,0x00000000ed07e9d8,0x00000000ed080000)
  to   space 5120K, 0% used [0x00000000ef100000,0x00000000ef100000,0x00000000ef600000)
 ParOldGen       total 87552K, used 1108K [0x00000000c0000000, 0x00000000c5580000, 0x00000000eab00000)
  object space 87552K, 1% used [0x00000000c0000000,0x00000000c01151c8,0x00000000c5580000)
 Metaspace       used 6042K, capacity 7088K, committed 7296K, reserved 1056768K
  class space    used 589K, capacity 616K, committed 640K, reserved 1048576K
Event: 2.700 GC heap after
Heap after GC invocations=2 (full 0):
 PSYoungGen      total 71680K, used 5090K [0x00000000eab00000, 0x00000000ef600000, 0x0000000100000000)
  eden space 66560K, 0% used [0x00000000eab00000,0x00000000eab00000,0x00000000eec00000)
  from space 5120K, 99% used [0x00000000ef100000,0x00000000ef5f8af8,0x00000000ef600000)
  to   space 5120K, 0% used [0x00000000eec00000,0x00000000eec00000,0x00000000ef100000)
 ParOldGen       total 87552K, used 4850K [0x00000000c0000000, 0x00000000c5580000, 0x00000000eab00000)
  object space 87552K, 5% used [0x00000000c0000000,0x00000000c04bca00,0x00000000c5580000)
 Metaspace       used 6042K, capacity 7088K, committed 7296K, reserved 1056768K
  class space    used 589K, capacity 616K, committed 640K, reserved 1048576K
}

Deoptimization events (10 events):
Event: 2.195 Thread 0x0000000002d61000 Uncommon trap: reason=bimorphic action=maybe_recompile pc=0x0000000003105978 method=java.util.HashMap.getNode(ILjava/lang/Object;)Ljava/util/HashMap$Node; @ 126
Event: 2.378 Thread 0x0000000002d61000 Uncommon trap: reason=class_check action=maybe_recompile pc=0x0000000003469ddc method=com.android.dx.cf.code.RopperMachine.run(Lcom/android/dx/cf/code/Frame;II)V @ 988
Event: 2.540 Thread 0x0000000017137000 Uncommon trap: reason=null_check action=make_not_entrant pc=0x00000000034184bc method=com.android.dx.ssa.SsaRenamer.getLocalForNewReg(I)Lcom/android/dx/rop/code/LocalItem; @ 19
Event: 2.562 Thread 0x0000000002d61000 Uncommon trap: reason=unstable_if action=reinterpret pc=0x000000000308e344 method=java.lang.String.<init>([CII)V @ 18
Event: 2.568 Thread 0x0000000017136800 Uncommon trap: reason=class_check action=maybe_recompile pc=0x0000000003469ddc method=com.android.dx.cf.code.RopperMachine.run(Lcom/android/dx/cf/code/Frame;II)V @ 988
Event: 2.571 Thread 0x0000000017136800 Uncommon trap: reason=unstable_if action=reinterpret pc=0x00000000033cbbb4 method=com.android.dx.ssa.SCCP.simulateBranch(Lcom/android/dx/ssa/SsaInsn;)V @ 64
Event: 2.705 Thread 0x0000000017138000 Uncommon trap: reason=unstable_if action=reinterpret pc=0x0000000003486a78 method=com.android.dx.util.BitIntSet.has(I)Z @ 8
Event: 2.732 Thread 0x0000000017183000 Uncommon trap: reason=uninitialized action=reinterpret pc=0x0000000003381d30 method=com.android.dx.cf.code.BytecodeArray.parseInstruction(ILcom/android/dx/cf/code/BytecodeArray$Visitor;)I @ 999
Event: 2.736 Thread 0x0000000017183000 Uncommon trap: reason=bimorphic action=maybe_recompile pc=0x00000000030f17b8 method=java.util.HashMap.getNode(ILjava/lang/Object;)Ljava/util/HashMap$Node; @ 126
Event: 2.736 Thread 0x0000000017183000 Uncommon trap: reason=bimorphic action=maybe_recompile pc=0x00000000032a42ec method=java.util.HashMap.putVal(ILjava/lang/Object;Ljava/lang/Object;ZZ)Ljava/lang/Object; @ 203

Internal exceptions (3 events):
Event: 0.099 Thread 0x0000000002d61000 Exception <a 'java/lang/NoSuchMethodError': Method sun.misc.Unsafe.defineClass(Ljava/lang/String;[BII)Ljava/lang/Class; name or signature does not match> (0x00000000eab0d600) thrown at [D:\re\puppet\workspace\8-2-build-windows-amd64-cygwin\jdk8u73\6086\hotqµ:Ôg¹?
Event: 0.099 Thread 0x0000000002d61000 Exception <a 'java/lang/NoSuchMethodError': Method sun.misc.Unsafe.prefetchRead(Ljava/lang/Object;J)V name or signature does not match> (0x00000000eab0d8e8) thrown at [D:\re\puppet\workspace\8-2-build-windows-amd64-cygwin\jdk8u73\6086\hotspot\src\share\vm\„G-å8Q@
Event: 2.540 Thread 0x0000000017137000 Implicit null exception at 0x0000000003416db5 to 0x0000000003418491

Events (10 events):
Event: 2.705 Thread 0x0000000017138000 DEOPT UNPACKING pc=0x0000000002ea582a sp=0x00000000179eebe8 mode 2
Event: 2.732 Thread 0x0000000017183000 Uncommon trap: trap_request=0xffffffb5 fr.pc=0x0000000003381d30
Event: 2.732 Thread 0x0000000017183000 DEOPT PACKING pc=0x0000000003381d30 sp=0x00000000175ee690
Event: 2.732 Thread 0x0000000017183000 DEOPT UNPACKING pc=0x0000000002ea582a sp=0x00000000175ee630 mode 2
Event: 2.736 Thread 0x0000000017183000 Uncommon trap: trap_request=0xffffffc6 fr.pc=0x00000000030f17b8
Event: 2.736 Thread 0x0000000017183000 DEOPT PACKING pc=0x00000000030f17b8 sp=0x00000000175ee460
Event: 2.736 Thread 0x0000000017183000 DEOPT UNPACKING pc=0x0000000002ea582a sp=0x00000000175ee3e0 mode 2
Event: 2.736 Thread 0x0000000017183000 Uncommon trap: trap_request=0xffffffc6 fr.pc=0x00000000032a42ec
Event: 2.736 Thread 0x0000000017183000 DEOPT PACKING pc=0x00000000032a42ec sp=0x00000000175ee440
Event: 2.736 Thread 0x0000000017183000 DEOPT UNPACKING pc=0x0000000002ea582a sp=0x00000000175ee3b8 mode 2


Dynamic libraries:
0x00007ff659380000 - 0x00007ff6593b7000 	C:\Program Files\Java\jdk1.8.0_73\bin\java.exe
0x00007fff36470000 - 0x00007fff3661a000 	C:\Windows\SYSTEM32\ntdll.dll
0x00007fff34190000 - 0x00007fff342ca000 	C:\Windows\system32\KERNEL32.DLL
0x00007fff338b0000 - 0x00007fff339bf000 	C:\Windows\system32\KERNELBASE.dll
0x00007fff32410000 - 0x00007fff32498000 	C:\Windows\system32\apphelp.dll
0x00007fff11c30000 - 0x00007fff11c7f000 	C:\Windows\AppPatch\AppPatch64\AcGenral.DLL
0x00007fff34310000 - 0x00007fff343b7000 	C:\Windows\system32\msvcrt.dll
0x00007fff335c0000 - 0x00007fff335eb000 	C:\Windows\SYSTEM32\SspiCli.dll
0x00007fff34420000 - 0x00007fff34471000 	C:\Windows\system32\SHLWAPI.dll
0x00007fff34c30000 - 0x00007fff34da1000 	C:\Windows\system32\USER32.dll
0x00007fff33e00000 - 0x00007fff33f78000 	C:\Windows\system32\ole32.dll
0x00007fff34db0000 - 0x00007fff361c7000 	C:\Windows\system32\SHELL32.dll
0x00007fff32df0000 - 0x00007fff32e0e000 	C:\Windows\SYSTEM32\USERENV.dll
0x00007fff34a50000 - 0x00007fff34af5000 	C:\Windows\system32\ADVAPI32.dll
0x00007fff2cb20000 - 0x00007fff2cb3b000 	C:\Windows\SYSTEM32\MPR.dll
0x00007fff361d0000 - 0x00007fff36306000 	C:\Windows\system32\RPCRT4.dll
0x00007fff34b00000 - 0x00007fff34b57000 	C:\Windows\SYSTEM32\sechost.dll
0x00007fff34690000 - 0x00007fff34866000 	C:\Windows\SYSTEM32\combase.dll
0x00007fff34040000 - 0x00007fff34185000 	C:\Windows\system32\GDI32.dll
0x00007fff337e0000 - 0x00007fff337f4000 	C:\Windows\SYSTEM32\profapi.dll
0x00007fff320b0000 - 0x00007fff3214f000 	C:\Windows\SYSTEM32\SHCORE.dll
0x00007fff342d0000 - 0x00007fff34304000 	C:\Windows\system32\IMM32.DLL
0x00007fff36310000 - 0x00007fff36449000 	C:\Windows\system32\MSCTF.dll
0x00007fff31850000 - 0x00007fff31aaa000 	C:\Windows\WinSxS\amd64_microsoft.windows.common-controls_6595b64144ccf1df_6.0.9600.17031_none_6242a4b3ecbb55a1\COMCTL32.dll
0x0000000077d80000 - 0x0000000077e52000 	C:\Program Files\Java\jdk1.8.0_73\jre\bin\msvcr100.dll
0x0000000050100000 - 0x0000000050990000 	C:\Program Files\Java\jdk1.8.0_73\jre\bin\server\jvm.dll
0x00007fff2cc80000 - 0x00007fff2cc89000 	C:\Windows\SYSTEM32\WSOCK32.dll
0x00007fff30fa0000 - 0x00007fff30fbf000 	C:\Windows\SYSTEM32\WINMM.dll
0x00007fff30fc0000 - 0x00007fff30fca000 	C:\Windows\SYSTEM32\VERSION.dll
0x00007fff34b70000 - 0x00007fff34b77000 	C:\Windows\system32\PSAPI.DLL
0x00007fff343c0000 - 0x00007fff34418000 	C:\Windows\system32\WS2_32.dll
0x00007fff30f00000 - 0x00007fff30f2a000 	C:\Windows\SYSTEM32\WINMMBASE.dll
0x00007fff34b60000 - 0x00007fff34b69000 	C:\Windows\system32\NSI.dll
0x00007fff33ba0000 - 0x00007fff33bea000 	C:\Windows\SYSTEM32\cfgmgr32.dll
0x00007fff32660000 - 0x00007fff32686000 	C:\Windows\SYSTEM32\DEVOBJ.dll
0x00000000514c0000 - 0x00000000514cf000 	C:\Program Files\Java\jdk1.8.0_73\jre\bin\verify.dll
0x0000000051490000 - 0x00000000514b9000 	C:\Program Files\Java\jdk1.8.0_73\jre\bin\java.dll
0x0000000051470000 - 0x0000000051486000 	C:\Program Files\Java\jdk1.8.0_73\jre\bin\zip.dll

VM Arguments:
jvm_args: -Djava.awt.headless=true -Xmx1024M -Dfile.encoding=windows-1252 -Duser.country=US -Duser.language=en -Duser.variant 
java_command: com.android.dx.command.Main --dex --num-threads=4 --output C:\Users\Robertus Pamungkas\Desktop\ProjectPam16v1\app\build\intermediates\pre-dexed\debug\com.android.support-appcompat-v7-24.2.1_83c3a14729f632095be42f40901a536edc4896d5.jar C:\Users\Robertus Pamungkas\Desktop\ProjectPam16v1\app\build\intermediates\exploded-aar\com.android.support\appcompat-v7\24.2.1\jars\classes.jar
java_class_path (initial): H:\Kuliah\Semester 5\PAM 2016\sdk\build-tools\25.0.0\lib\dx.jar
Launcher Type: SUN_STANDARD

Environment Variables:
PATH=C:\ProgramData\Oracle\Java\javapath;C:\Windows\system32;C:\Windows;C:\Windows\System32\Wbem;C:\Windows\System32\WindowsPowerShell\v1.0\;C:\Program Files (x86)\AMD\ATI.ACE\Core-Static;C:\Program Files\Microsoft\Web Platform Installer\;C:\Program Files (x86)\Microsoft ASP.NET\ASP.NET Web Pages\v1.0\;C:\Program Files (x86)\Windows Kits\8.0\Windows Performance Toolkit\;C:\Program Files\Microsoft SQL Server\110\Tools\Binn\;C:\Program Files\Microsoft SQL Server\110\DTS\Binn\;C:\Program Files (x86)\Microsoft SQL Server\110\Tools\Binn\ManagementStudio\;C:\Program Files (x86)\Microsoft SQL Server\110\Tools\Binn\;C:\Program Files (x86)\Microsoft Visual Studio 10.0\Common7\IDE\PrivateAssemblies\;C:\Program Files (x86)\Microsoft SQL Server\110\DTS\Binn\
USERNAME=Robertus Pamungkas
OS=Windows_NT
PROCESSOR_IDENTIFIER=AMD64 Family 16 Model 4 Stepping 3, AuthenticAMD



---------------  S Y S T E M  ---------------

OS: Windows 8.1 , 64 bit Build 9600 (6.3.9600.17056)

CPU:total 4 (4 cores per cpu, 1 threads per core) family 16 model 4 stepping 3, cmov, cx8, fxsr, mmx, sse, sse2, sse3, popcnt, mmxext, 3dnowpref, lzcnt, sse4a, tsc, tscinvbit, tscinv

Memory: 4k page, physical 8387700k(2015468k free), swap 8387700k(5256k free)

vm_info: Java HotSpot(TM) 64-Bit Server VM (25.73-b02) for windows-amd64 JRE (1.8.0_73-b02), built on Jan 29 2016 17:38:49 by "java_re" with MS VC++ 10.0 (VS2010)

time: Thu Dec 01 02:32:43 2016
elapsed time: 2 seconds (0d 0h 0m 2s)

