#
# There is insufficient memory for the Java Runtime Environment to continue.
# Native memory allocation (malloc) failed to allocate 290416 bytes for Chunk::new
# Possible reasons:
#   The system is out of physical RAM or swap space
#   In 32 bit mode, the process size limit was hit
# Possible solutions:
#   Reduce memory load on the system
#   Increase physical memory or swap space
#   Check if swap backing store is full
#   Use 64 bit Java on a 64 bit OS
#   Decrease Java heap size (-Xmx/-Xms)
#   Decrease number of Java threads
#   Decrease Java thread stack sizes (-Xss)
#   Set larger code cache with -XX:ReservedCodeCacheSize=
# This output file may be truncated or incomplete.
#
#  Out of Memory Error (allocation.cpp:390), pid=2844, tid=6624
#
# JRE version: Java(TM) SE Runtime Environment (8.0_73-b02) (build 1.8.0_73-b02)
# Java VM: Java HotSpot(TM) 64-Bit Server VM (25.73-b02 mixed mode windows-amd64 compressed oops)
# Failed to write core dump. Minidumps are not enabled by default on client versions of Windows
#

---------------  T H R E A D  ---------------

Current thread (0x000000001525a800):  JavaThread "C2 CompilerThread0" daemon [_thread_in_native, id=6624, stack(0x0000000016920000,0x0000000016a20000)]

Stack: [0x0000000016920000,0x0000000016a20000]
[error occurred during error reporting (printing stack bounds), id 0xc0000005]

Native frames: (J=compiled Java code, j=interpreted, Vv=VM code, C=native code)


Current CompileTask:
C2:   1028  968       4       com.android.dx.ssa.NormalSsaInsn::accept (25 bytes)


---------------  P R O C E S S  ---------------

Java Threads: ( => current thread )
  0x0000000016e6d800 JavaThread "pool-1-thread-4" [_thread_in_Java, id=7100, stack(0x0000000017620000,0x0000000017720000)]
  0x0000000016e6d000 JavaThread "pool-1-thread-3" [_thread_in_Java, id=5964, stack(0x0000000017520000,0x0000000017620000)]
  0x0000000016e68000 JavaThread "pool-1-thread-2" [_thread_in_Java, id=4664, stack(0x0000000017420000,0x0000000017520000)]
  0x0000000016db9000 JavaThread "pool-2-thread-1" [_thread_blocked, id=5276, stack(0x0000000017320000,0x0000000017420000)]
  0x0000000016db8800 JavaThread "pool-1-thread-1" [_thread_in_Java, id=2252, stack(0x0000000017220000,0x0000000017320000)]
  0x0000000016c2b800 JavaThread "Service Thread" daemon [_thread_blocked, id=2568, stack(0x0000000017020000,0x0000000017120000)]
  0x00000000152ba000 JavaThread "C1 CompilerThread2" daemon [_thread_blocked, id=6376, stack(0x0000000016b20000,0x0000000016c20000)]
  0x00000000152b7800 JavaThread "C2 CompilerThread1" daemon [_thread_blocked, id=3724, stack(0x0000000016a20000,0x0000000016b20000)]
=>0x000000001525a800 JavaThread "C2 CompilerThread0" daemon [_thread_in_native, id=6624, stack(0x0000000016920000,0x0000000016a20000)]
  0x0000000015259800 JavaThread "Attach Listener" daemon [_thread_blocked, id=2720, stack(0x0000000016820000,0x0000000016920000)]
  0x0000000015258000 JavaThread "Signal Dispatcher" daemon [_thread_blocked, id=4780, stack(0x0000000016720000,0x0000000016820000)]
  0x0000000002b86000 JavaThread "Finalizer" daemon [_thread_blocked, id=5364, stack(0x00000000164d0000,0x00000000165d0000)]
  0x0000000002b7d000 JavaThread "Reference Handler" daemon [_thread_blocked, id=6816, stack(0x00000000163d0000,0x00000000164d0000)]
  0x0000000002a91000 JavaThread "main" [_thread_in_Java, id=4408, stack(0x00000000028e0000,0x00000000029e0000)]

Other Threads:
  0x0000000015227800 VMThread [stack: 0x00000000162d0000,0x00000000163d0000] [id=4936]
  0x0000000016c32800 WatcherThread [stack: 0x0000000017120000,0x0000000017220000] [id=6032]

VM state:not at safepoint (normal execution)

VM Mutex/Monitor currently owned by a thread: None

Heap:
 PSYoungGen      total 38400K, used 20657K [0x00000000eab00000, 0x00000000ed580000, 0x0000000100000000)
  eden space 33280K, 62% used [0x00000000eab00000,0x00000000ebf2c5e0,0x00000000ecb80000)
  from space 5120K, 0% used [0x00000000ed080000,0x00000000ed080000,0x00000000ed580000)
  to   space 5120K, 0% used [0x00000000ecb80000,0x00000000ecb80000,0x00000000ed080000)
 ParOldGen       total 87552K, used 0K [0x00000000c0000000, 0x00000000c5580000, 0x00000000eab00000)
  object space 87552K, 0% used [0x00000000c0000000,0x00000000c0000000,0x00000000c5580000)
 Metaspace       used 5748K, capacity 6832K, committed 7040K, reserved 1056768K
  class space    used 589K, capacity 616K, committed 640K, reserved 1048576K

Card table byte_map: [0x0000000011f50000,0x0000000012160000] byte_map_base: 0x0000000011950000

Marking Bits: (ParMarkBitMap*) 0x000000005f7b0600
 Begin Bits: [0x00000000126c0000, 0x00000000136c0000)
 End Bits:   [0x00000000136c0000, 0x00000000146c0000)

Polling page: 0x00000000029e0000

CodeCache: size=245760Kb used=4028Kb max_used=4052Kb free=241731Kb
 bounds [0x0000000002b90000, 0x0000000002f90000, 0x0000000011b90000]
 total_blobs=1229 nmethods=967 adapters=176
 compilation: enabled

Compilation events (10 events):
Event: 0.934 Thread 0x00000000152ba000 nmethod 931 0x0000000002f78350 code [0x0000000002f78560, 0x0000000002f78fe8]
Event: 0.937 Thread 0x00000000152b7800 nmethod 941 0x0000000002f7d010 code [0x0000000002f7d200, 0x0000000002f7e038]
Event: 0.937 Thread 0x00000000152b7800  942       4       com.android.dx.ssa.RegisterMapper::map (63 bytes)
Event: 0.948 Thread 0x000000001525a800 nmethod 903 0x0000000002f82910 code [0x0000000002f82b80, 0x0000000002f844a8]
Event: 0.948 Thread 0x000000001525a800  947       4       com.android.dx.ssa.NormalSsaInsn::hasSideEffect (76 bytes)
Event: 0.951 Thread 0x000000001525a800 nmethod 947 0x0000000002f7cad0 code [0x0000000002f7cc20, 0x0000000002f7cd98]
Event: 0.951 Thread 0x000000001525a800  943       4       java.util.Collections$UnmodifiableCollection$1::hasNext (10 bytes)
Event: 0.951 Thread 0x00000000152b7800 nmethod 942 0x0000000002f87a10 code [0x0000000002f87bc0, 0x0000000002f885d8]
Event: 0.951 Thread 0x000000001525a800 nmethod 943 0x0000000002f7fbd0 code [0x0000000002f7fd20, 0x0000000002f7fdf8]
Event: 1.021 Thread 0x000000001525a800  968       4       com.android.dx.ssa.NormalSsaInsn::accept (25 bytes)

GC Heap History (0 events):
No events

Deoptimization events (6 events):
Event: 0.714 Thread 0x0000000016e6d800 Uncommon trap: reason=unstable_if action=reinterpret pc=0x0000000002da4560 method=java.util.HashMap.getNode(ILjava/lang/Object;)Ljava/util/HashMap$Node; @ 62
Event: 0.872 Thread 0x0000000002a91000 Uncommon trap: reason=class_check action=maybe_recompile pc=0x0000000002eab63c method=com.android.dx.ssa.NormalSsaInsn.accept(Lcom/android/dx/ssa/SsaInsn$Visitor;)V @ 9
Event: 0.872 Thread 0x0000000002a91000 Uncommon trap: reason=class_check action=maybe_recompile pc=0x0000000002e45c30 method=com.android.dx.ssa.NormalSsaInsn.accept(Lcom/android/dx/ssa/SsaInsn$Visitor;)V @ 9
Event: 0.872 Thread 0x0000000002a91000 Uncommon trap: reason=class_check action=maybe_recompile pc=0x0000000002e45c30 method=com.android.dx.ssa.NormalSsaInsn.accept(Lcom/android/dx/ssa/SsaInsn$Visitor;)V @ 9
Event: 0.872 Thread 0x0000000002a91000 Uncommon trap: reason=class_check action=maybe_recompile pc=0x0000000002e45c30 method=com.android.dx.ssa.NormalSsaInsn.accept(Lcom/android/dx/ssa/SsaInsn$Visitor;)V @ 9
Event: 0.878 Thread 0x0000000002a91000 Uncommon trap: reason=class_check action=maybe_recompile pc=0x0000000002eab63c method=com.android.dx.ssa.NormalSsaInsn.accept(Lcom/android/dx/ssa/SsaInsn$Visitor;)V @ 9

Internal exceptions (2 events):
Event: 0.053 Thread 0x0000000002a91000 Exception <a 'java/lang/NoSuchMethodError': Method sun.misc.Unsafe.defineClass(Ljava/lang/String;[BII)Ljava/lang/Class; name or signature does not match> (0x00000000eab0d950) thrown at [D:\re\puppet\workspace\8-2-build-windows-amd64-cygwin\jdk8u73\6086\hotç;mÙ’«?
Event: 0.053 Thread 0x0000000002a91000 Exception <a 'java/lang/NoSuchMethodError': Method sun.misc.Unsafe.prefetchRead(Ljava/lang/Object;J)V name or signature does not match> (0x00000000eab0dc38) thrown at [D:\re\puppet\workspace\8-2-build-windows-amd64-cygwin\jdk8u73\6086\hotspot\src\share\vm\

Events (10 events):
Event: 0.872 Thread 0x0000000002a91000 DEOPT UNPACKING pc=0x0000000002bd582a sp=0x00000000029de630 mode 2
Event: 0.872 Thread 0x0000000002a91000 Uncommon trap: trap_request=0xffffffde fr.pc=0x0000000002e45c30
Event: 0.872 Thread 0x0000000002a91000 DEOPT PACKING pc=0x0000000002e45c30 sp=0x00000000029de690
Event: 0.872 Thread 0x0000000002a91000 DEOPT UNPACKING pc=0x0000000002bd582a sp=0x00000000029de630 mode 2
Event: 0.872 Thread 0x0000000002a91000 Uncommon trap: trap_request=0xffffffde fr.pc=0x0000000002e45c30
Event: 0.872 Thread 0x0000000002a91000 DEOPT PACKING pc=0x0000000002e45c30 sp=0x00000000029de690
Event: 0.872 Thread 0x0000000002a91000 DEOPT UNPACKING pc=0x0000000002bd582a sp=0x00000000029de630 mode 2
Event: 0.878 Thread 0x0000000002a91000 Uncommon trap: trap_request=0xffffffde fr.pc=0x0000000002eab63c
Event: 0.878 Thread 0x0000000002a91000 DEOPT PACKING pc=0x0000000002eab63c sp=0x00000000029de5f0
Event: 0.878 Thread 0x0000000002a91000 DEOPT UNPACKING pc=0x0000000002bd582a sp=0x00000000029de5b0 mode 2


Dynamic libraries:
0x00007ff7089c0000 - 0x00007ff7089f7000 	C:\Program Files\Java\jdk1.8.0_73\bin\java.exe
0x00007ffd2a170000 - 0x00007ffd2a31a000 	C:\Windows\SYSTEM32\ntdll.dll
0x00007ffd27ac0000 - 0x00007ffd27bfa000 	C:\Windows\system32\KERNEL32.DLL
0x00007ffd27660000 - 0x00007ffd2776f000 	C:\Windows\system32\KERNELBASE.dll
0x00007ffd26110000 - 0x00007ffd26198000 	C:\Windows\system32\apphelp.dll
0x00007ffd10c20000 - 0x00007ffd10c6f000 	C:\Windows\AppPatch\AppPatch64\AcGenral.DLL
0x00007ffd29e40000 - 0x00007ffd29ee7000 	C:\Windows\system32\msvcrt.dll
0x00007ffd272c0000 - 0x00007ffd272eb000 	C:\Windows\SYSTEM32\SspiCli.dll
0x00007ffd29de0000 - 0x00007ffd29e31000 	C:\Windows\system32\SHLWAPI.dll
0x00007ffd29720000 - 0x00007ffd29891000 	C:\Windows\system32\USER32.dll
0x00007ffd29ab0000 - 0x00007ffd29c28000 	C:\Windows\system32\ole32.dll
0x00007ffd28040000 - 0x00007ffd29457000 	C:\Windows\system32\SHELL32.dll
0x00007ffd26af0000 - 0x00007ffd26b0e000 	C:\Windows\SYSTEM32\USERENV.dll
0x00007ffd27e80000 - 0x00007ffd27f25000 	C:\Windows\system32\ADVAPI32.dll
0x00007ffd206f0000 - 0x00007ffd2070b000 	C:\Windows\SYSTEM32\MPR.dll
0x00007ffd27c00000 - 0x00007ffd27d36000 	C:\Windows\system32\RPCRT4.dll
0x00007ffd29d80000 - 0x00007ffd29dd7000 	C:\Windows\SYSTEM32\sechost.dll
0x00007ffd298d0000 - 0x00007ffd29aa6000 	C:\Windows\SYSTEM32\combase.dll
0x00007ffd29c30000 - 0x00007ffd29d75000 	C:\Windows\system32\GDI32.dll
0x00007ffd27490000 - 0x00007ffd274a4000 	C:\Windows\SYSTEM32\profapi.dll
0x00007ffd25b00000 - 0x00007ffd25b9f000 	C:\Windows\SYSTEM32\SHCORE.dll
0x00007ffd27fa0000 - 0x00007ffd27fd4000 	C:\Windows\system32\IMM32.DLL
0x00007ffd27d40000 - 0x00007ffd27e79000 	C:\Windows\system32\MSCTF.dll
0x00007ffd25190000 - 0x00007ffd253ea000 	C:\Windows\WinSxS\amd64_microsoft.windows.common-controls_6595b64144ccf1df_6.0.9600.17031_none_6242a4b3ecbb55a1\COMCTL32.dll
0x0000000060180000 - 0x0000000060252000 	C:\Program Files\Java\jdk1.8.0_73\jre\bin\msvcr100.dll
0x000000005efa0000 - 0x000000005f830000 	C:\Program Files\Java\jdk1.8.0_73\jre\bin\server\jvm.dll
0x00007ffd1de80000 - 0x00007ffd1de89000 	C:\Windows\SYSTEM32\WSOCK32.dll
0x00007ffd24f80000 - 0x00007ffd24f9f000 	C:\Windows\SYSTEM32\WINMM.dll
0x00007ffd24fa0000 - 0x00007ffd24faa000 	C:\Windows\SYSTEM32\VERSION.dll
0x00007ffd298a0000 - 0x00007ffd298a7000 	C:\Windows\system32\PSAPI.DLL
0x00007ffd27f30000 - 0x00007ffd27f88000 	C:\Windows\system32\WS2_32.dll
0x00007ffd24b30000 - 0x00007ffd24b5a000 	C:\Windows\SYSTEM32\WINMMBASE.dll
0x00007ffd27aa0000 - 0x00007ffd27aa9000 	C:\Windows\system32\NSI.dll
0x00007ffd27770000 - 0x00007ffd277ba000 	C:\Windows\SYSTEM32\cfgmgr32.dll
0x00007ffd26360000 - 0x00007ffd26386000 	C:\Windows\SYSTEM32\DEVOBJ.dll
0x00000000617a0000 - 0x00000000617af000 	C:\Program Files\Java\jdk1.8.0_73\jre\bin\verify.dll
0x0000000060ae0000 - 0x0000000060b09000 	C:\Program Files\Java\jdk1.8.0_73\jre\bin\java.dll
0x0000000061780000 - 0x0000000061796000 	C:\Program Files\Java\jdk1.8.0_73\jre\bin\zip.dll

VM Arguments:
jvm_args: -Djava.awt.headless=true -Xmx1024M -Dfile.encoding=windows-1252 -Duser.country=US -Duser.language=en -Duser.variant 
java_command: com.android.dx.command.Main --dex --force-jumbo --num-threads=4 --output C:\Users\Robertus Pamungkas\Desktop\ProjectPam16v1\app\build\intermediates\pre-dexed\debug\com.android.support-support-fragment-24.2.1_4d5d51aa72e313fdcf2ec5259a2c1150dae4bea2.jar C:\Users\Robertus Pamungkas\Desktop\ProjectPam16v1\app\build\intermediates\exploded-aar\com.android.support\support-fragment\24.2.1\jars\classes.jar
java_class_path (initial): H:\Kuliah\Semester 5\PAM 2016\sdk\build-tools\25.0.0\lib\dx.jar
Launcher Type: SUN_STANDARD

Environment Variables:
PATH=C:\ProgramData\Oracle\Java\javapath;C:\Windows\system32;C:\Windows;C:\Windows\System32\Wbem;C:\Windows\System32\WindowsPowerShell\v1.0\;C:\Program Files (x86)\AMD\ATI.ACE\Core-Static;C:\Program Files\Microsoft\Web Platform Installer\;C:\Program Files (x86)\Microsoft ASP.NET\ASP.NET Web Pages\v1.0\;C:\Program Files (x86)\Windows Kits\8.0\Windows Performance Toolkit\;C:\Program Files\Microsoft SQL Server\110\Tools\Binn\;C:\Program Files\Microsoft SQL Server\110\DTS\Binn\;C:\Program Files (x86)\Microsoft SQL Server\110\Tools\Binn\ManagementStudio\;C:\Program Files (x86)\Microsoft SQL Server\110\Tools\Binn\;C:\Program Files (x86)\Microsoft Visual Studio 10.0\Common7\IDE\PrivateAssemblies\;C:\Program Files (x86)\Microsoft SQL Server\110\DTS\Binn\
USERNAME=Robertus Pamungkas
OS=Windows_NT
PROCESSOR_IDENTIFIER=AMD64 Family 16 Model 4 Stepping 3, AuthenticAMD



---------------  S Y S T E M  ---------------

OS: Windows 8.1 , 64 bit Build 9600 (6.3.9600.17056)

CPU:total 4 (4 cores per cpu, 1 threads per core) family 16 model 4 stepping 3, cmov, cx8, fxsr, mmx, sse, sse2, sse3, popcnt, mmxext, 3dnowpref, lzcnt, sse4a, tsc, tscinvbit, tscinv

Memory: 4k page, physical 8387700k(2837508k free), swap 8387700k(5320k free)

vm_info: Java HotSpot(TM) 64-Bit Server VM (25.73-b02) for windows-amd64 JRE (1.8.0_73-b02), built on Jan 29 2016 17:38:49 by "java_re" with MS VC++ 10.0 (VS2010)

time: Wed Nov 30 22:41:52 2016
elapsed time: 1 seconds (0d 0h 0m 1s)

