#
# There is insufficient memory for the Java Runtime Environment to continue.
# Native memory allocation (malloc) failed to allocate 32784 bytes for Chunk::new
# Possible reasons:
#   The system is out of physical RAM or swap space
#   In 32 bit mode, the process size limit was hit
# Possible solutions:
#   Reduce memory load on the system
#   Increase physical memory or swap space
#   Check if swap backing store is full
#   Use 64 bit Java on a 64 bit OS
#   Decrease Java heap size (-Xmx/-Xms)
#   Decrease number of Java threads
#   Decrease Java thread stack sizes (-Xss)
#   Set larger code cache with -XX:ReservedCodeCacheSize=
# This output file may be truncated or incomplete.
#
#  Out of Memory Error (allocation.cpp:390), pid=6832, tid=5176
#
# JRE version: Java(TM) SE Runtime Environment (8.0_73-b02) (build 1.8.0_73-b02)
# Java VM: Java HotSpot(TM) 64-Bit Server VM (25.73-b02 mixed mode windows-amd64 compressed oops)
# Failed to write core dump. Minidumps are not enabled by default on client versions of Windows
#

---------------  T H R E A D  ---------------

Current thread (0x000000001487c000):  JavaThread "C2 CompilerThread0" daemon [_thread_in_native, id=5176, stack(0x0000000015f40000,0x0000000016040000)]

Stack: [0x0000000015f40000,0x0000000016040000]
[error occurred during error reporting (printing stack bounds), id 0xc0000005]

Native frames: (J=compiled Java code, j=interpreted, Vv=VM code, C=native code)


Current CompileTask:
C2:   4220 1118   !   4       com.android.dx.cf.cst.ConstantPoolParser::parse0 (731 bytes)


---------------  P R O C E S S  ---------------

Java Threads: ( => current thread )
  0x00000000165c9800 JavaThread "pool-1-thread-4" [_thread_in_Java, id=3584, stack(0x0000000016c40000,0x0000000016d40000)]
  0x00000000165c8000 JavaThread "pool-1-thread-3" [_thread_in_Java, id=3940, stack(0x0000000016b40000,0x0000000016c40000)]
  0x00000000165c7800 JavaThread "pool-1-thread-2" [_thread_in_vm, id=5028, stack(0x0000000016a40000,0x0000000016b40000)]
  0x00000000165c4800 JavaThread "pool-2-thread-1" [_thread_blocked, id=3700, stack(0x0000000016940000,0x0000000016a40000)]
  0x00000000165c4000 JavaThread "pool-1-thread-1" [_thread_in_Java, id=4040, stack(0x0000000016840000,0x0000000016940000)]
  0x0000000016243800 JavaThread "Service Thread" daemon [_thread_blocked, id=7116, stack(0x0000000016640000,0x0000000016740000)]
  0x00000000148dc000 JavaThread "C1 CompilerThread2" daemon [_thread_in_native, id=6740, stack(0x0000000016140000,0x0000000016240000)]
  0x00000000148d6000 JavaThread "C2 CompilerThread1" daemon [_thread_blocked, id=2932, stack(0x0000000016040000,0x0000000016140000)]
=>0x000000001487c000 JavaThread "C2 CompilerThread0" daemon [_thread_in_native, id=5176, stack(0x0000000015f40000,0x0000000016040000)]
  0x000000001487a800 JavaThread "Attach Listener" daemon [_thread_blocked, id=6384, stack(0x0000000015e40000,0x0000000015f40000)]
  0x0000000014879800 JavaThread "Signal Dispatcher" daemon [_thread_blocked, id=916, stack(0x0000000015d40000,0x0000000015e40000)]
  0x00000000021a6000 JavaThread "Finalizer" daemon [_thread_blocked, id=5108, stack(0x0000000015af0000,0x0000000015bf0000)]
  0x000000000219d000 JavaThread "Reference Handler" daemon [_thread_blocked, id=5864, stack(0x00000000159f0000,0x0000000015af0000)]
  0x00000000020b1000 JavaThread "main" [_thread_in_native, id=6308, stack(0x0000000001ee0000,0x0000000001fe0000)]

Other Threads:
  0x0000000014847800 VMThread [stack: 0x00000000158f0000,0x00000000159f0000] [id=3972]
  0x000000001624a000 WatcherThread [stack: 0x0000000016740000,0x0000000016840000] [id=6204]

VM state:not at safepoint (normal execution)

VM Mutex/Monitor currently owned by a thread: None

Heap:
 PSYoungGen      total 38400K, used 26646K [0x00000000eab00000, 0x00000000ed580000, 0x0000000100000000)
  eden space 33280K, 80% used [0x00000000eab00000,0x00000000ec505af8,0x00000000ecb80000)
  from space 5120K, 0% used [0x00000000ed080000,0x00000000ed080000,0x00000000ed580000)
  to   space 5120K, 0% used [0x00000000ecb80000,0x00000000ecb80000,0x00000000ed080000)
 ParOldGen       total 87552K, used 0K [0x00000000c0000000, 0x00000000c5580000, 0x00000000eab00000)
  object space 87552K, 0% used [0x00000000c0000000,0x00000000c0000000,0x00000000c5580000)
 Metaspace       used 5817K, capacity 6896K, committed 7040K, reserved 1056768K
  class space    used 588K, capacity 616K, committed 640K, reserved 1048576K

Card table byte_map: [0x0000000011570000,0x0000000011780000] byte_map_base: 0x0000000010f70000

Marking Bits: (ParMarkBitMap*) 0x000000005f7b0600
 Begin Bits: [0x0000000011ce0000, 0x0000000012ce0000)
 End Bits:   [0x0000000012ce0000, 0x0000000013ce0000)

Polling page: 0x0000000000650000

CodeCache: size=245760Kb used=4455Kb max_used=4466Kb free=241304Kb
 bounds [0x00000000021b0000, 0x0000000002620000, 0x00000000111b0000]
 total_blobs=1376 nmethods=1114 adapters=176
 compilation: enabled

Compilation events (10 events):
Event: 4.215 Thread 0x00000000148dc000 nmethod 1109 0x00000000025fd050 code [0x00000000025fd1e0, 0x00000000025fd838]
Event: 4.215 Thread 0x00000000148dc000 1110       3       com.android.dx.ssa.SCCP::run (298 bytes)
Event: 4.215 Thread 0x000000001487c000 1111       4       com.android.dx.util.ByteArray$MyInputStream::read (40 bytes)
Event: 4.215 Thread 0x00000000148d6000 1113       4       com.android.dx.ssa.DeadCodeRemover$NoSideEffectVisitor::visitNonMoveInsn (28 bytes)
Event: 4.216 Thread 0x000000001487c000 nmethod 1111 0x0000000002600c10 code [0x0000000002600d60, 0x0000000002600e38]
Event: 4.217 Thread 0x00000000148dc000 nmethod 1110 0x000000000260bdd0 code [0x000000000260c1c0, 0x000000000260e288]
Event: 4.217 Thread 0x00000000148dc000 1114       3       com.android.dx.rop.code.RegisterSpecSet::equals (106 bytes)
Event: 4.217 Thread 0x00000000148dc000 nmethod 1114 0x0000000002602f50 code [0x0000000002603120, 0x0000000002603948]
Event: 4.217 Thread 0x00000000148dc000 1112       3       com.android.dx.cf.direct.StdAttributeFactory::code (613 bytes)
Event: 4.219 Thread 0x000000001487c000 1118   !   4       com.android.dx.cf.cst.ConstantPoolParser::parse0 (731 bytes)

GC Heap History (0 events):
No events

Deoptimization events (10 events):
Event: 3.629 Thread 0x00000000165c9800 Uncommon trap: reason=class_check action=maybe_recompile pc=0x0000000002475870 method=com.android.dx.ssa.NormalSsaInsn.accept(Lcom/android/dx/ssa/SsaInsn$Visitor;)V @ 9
Event: 3.629 Thread 0x00000000165c9800 Uncommon trap: reason=class_check action=maybe_recompile pc=0x0000000002475870 method=com.android.dx.ssa.NormalSsaInsn.accept(Lcom/android/dx/ssa/SsaInsn$Visitor;)V @ 9
Event: 3.629 Thread 0x00000000165c9800 Uncommon trap: reason=class_check action=maybe_recompile pc=0x0000000002475870 method=com.android.dx.ssa.NormalSsaInsn.accept(Lcom/android/dx/ssa/SsaInsn$Visitor;)V @ 9
Event: 3.632 Thread 0x00000000165c7800 Uncommon trap: reason=unstable_if action=reinterpret pc=0x00000000024a7810 method=java.util.HashMap.getNode(ILjava/lang/Object;)Ljava/util/HashMap$Node; @ 129
Event: 3.635 Thread 0x00000000165c7800 Uncommon trap: reason=unstable_if action=reinterpret pc=0x0000000002412e70 method=java.util.BitSet.nextSetBit(I)I @ 87
Event: 3.642 Thread 0x00000000165c9800 Uncommon trap: reason=unstable_if action=reinterpret pc=0x0000000002475cb4 method=java.util.BitSet.ensureCapacity(I)V @ 6
Event: 4.123 Thread 0x00000000165c4000 Uncommon trap: reason=unstable_if action=reinterpret pc=0x000000000258a4e4 method=com.android.dx.rop.code.LocalItem.hashCode()I @ 25
Event: 4.123 Thread 0x00000000165c4000 Uncommon trap: reason=unstable_if action=reinterpret pc=0x000000000251450c method=com.android.dx.rop.code.LocalItem.hashCode()I @ 25
Event: 4.123 Thread 0x00000000165c4000 Uncommon trap: reason=unstable_if action=reinterpret pc=0x0000000002586724 method=com.android.dx.rop.code.RegisterSpecSet.put(Lcom/android/dx/rop/code/RegisterSpec;)V @ 77
Event: 4.124 Thread 0x00000000165c4000 Uncommon trap: reason=unstable_if action=reinterpret pc=0x00000000025f3ea0 method=com.android.dx.rop.code.RegisterSpecSet.put(Lcom/android/dx/rop/code/RegisterSpec;)V @ 77

Internal exceptions (2 events):
Event: 0.381 Thread 0x00000000020b1000 Exception <a 'java/lang/NoSuchMethodError': Method sun.misc.Unsafe.defineClass(Ljava/lang/String;[BII)Ljava/lang/Class; name or signature does not match> (0x00000000eab0d620) thrown at [D:\re\puppet\workspace\8-2-build-windows-amd64-cygwin\jdk8u73\6086\hot‚–1È$\Ø?
Event: 0.381 Thread 0x00000000020b1000 Exception <a 'java/lang/NoSuchMethodError': Method sun.misc.Unsafe.prefetchRead(Ljava/lang/Object;J)V name or signature does not match> (0x00000000eab0d908) thrown at [D:\re\puppet\workspace\8-2-build-windows-amd64-cygwin\jdk8u73\6086\hotspot\src\share\vm\

Events (10 events):
Event: 4.123 Thread 0x00000000165c4000 DEOPT UNPACKING pc=0x00000000021f582a sp=0x000000001693e4d8 mode 2
Event: 4.123 Thread 0x00000000165c4000 Uncommon trap: trap_request=0xffffff65 fr.pc=0x000000000251450c
Event: 4.123 Thread 0x00000000165c4000 DEOPT PACKING pc=0x000000000251450c sp=0x000000001693e600
Event: 4.123 Thread 0x00000000165c4000 DEOPT UNPACKING pc=0x00000000021f582a sp=0x000000001693e550 mode 2
Event: 4.123 Thread 0x00000000165c4000 Uncommon trap: trap_request=0xffffff65 fr.pc=0x0000000002586724
Event: 4.123 Thread 0x00000000165c4000 DEOPT PACKING pc=0x0000000002586724 sp=0x000000001693e600
Event: 4.124 Thread 0x00000000165c4000 DEOPT UNPACKING pc=0x00000000021f582a sp=0x000000001693e588 mode 2
Event: 4.124 Thread 0x00000000165c4000 Uncommon trap: trap_request=0xffffff65 fr.pc=0x00000000025f3ea0
Event: 4.124 Thread 0x00000000165c4000 DEOPT PACKING pc=0x00000000025f3ea0 sp=0x000000001693e5f0
Event: 4.124 Thread 0x00000000165c4000 DEOPT UNPACKING pc=0x00000000021f582a sp=0x000000001693e510 mode 2


Dynamic libraries:
0x00007ff7089c0000 - 0x00007ff7089f7000 	C:\Program Files\Java\jdk1.8.0_73\bin\java.exe
0x00007ffd2a170000 - 0x00007ffd2a31a000 	C:\Windows\SYSTEM32\ntdll.dll
0x00007ffd27ac0000 - 0x00007ffd27bfa000 	C:\Windows\system32\KERNEL32.DLL
0x00007ffd27660000 - 0x00007ffd2776f000 	C:\Windows\system32\KERNELBASE.dll
0x00007ffd26110000 - 0x00007ffd26198000 	C:\Windows\system32\apphelp.dll
0x00007ffd10c20000 - 0x00007ffd10c6f000 	C:\Windows\AppPatch\AppPatch64\AcGenral.DLL
0x00007ffd29e40000 - 0x00007ffd29ee7000 	C:\Windows\system32\msvcrt.dll
0x00007ffd272c0000 - 0x00007ffd272eb000 	C:\Windows\SYSTEM32\SspiCli.dll
0x00007ffd29de0000 - 0x00007ffd29e31000 	C:\Windows\system32\SHLWAPI.dll
0x00007ffd29720000 - 0x00007ffd29891000 	C:\Windows\system32\USER32.dll
0x00007ffd29ab0000 - 0x00007ffd29c28000 	C:\Windows\system32\ole32.dll
0x00007ffd28040000 - 0x00007ffd29457000 	C:\Windows\system32\SHELL32.dll
0x00007ffd26af0000 - 0x00007ffd26b0e000 	C:\Windows\SYSTEM32\USERENV.dll
0x00007ffd27e80000 - 0x00007ffd27f25000 	C:\Windows\system32\ADVAPI32.dll
0x00007ffd206f0000 - 0x00007ffd2070b000 	C:\Windows\SYSTEM32\MPR.dll
0x00007ffd27c00000 - 0x00007ffd27d36000 	C:\Windows\system32\RPCRT4.dll
0x00007ffd29d80000 - 0x00007ffd29dd7000 	C:\Windows\SYSTEM32\sechost.dll
0x00007ffd298d0000 - 0x00007ffd29aa6000 	C:\Windows\SYSTEM32\combase.dll
0x00007ffd29c30000 - 0x00007ffd29d75000 	C:\Windows\system32\GDI32.dll
0x00007ffd27490000 - 0x00007ffd274a4000 	C:\Windows\SYSTEM32\profapi.dll
0x00007ffd25b00000 - 0x00007ffd25b9f000 	C:\Windows\SYSTEM32\SHCORE.dll
0x00007ffd27fa0000 - 0x00007ffd27fd4000 	C:\Windows\system32\IMM32.DLL
0x00007ffd27d40000 - 0x00007ffd27e79000 	C:\Windows\system32\MSCTF.dll
0x00007ffd25190000 - 0x00007ffd253ea000 	C:\Windows\WinSxS\amd64_microsoft.windows.common-controls_6595b64144ccf1df_6.0.9600.17031_none_6242a4b3ecbb55a1\COMCTL32.dll
0x0000000060180000 - 0x0000000060252000 	C:\Program Files\Java\jdk1.8.0_73\jre\bin\msvcr100.dll
0x000000005efa0000 - 0x000000005f830000 	C:\Program Files\Java\jdk1.8.0_73\jre\bin\server\jvm.dll
0x00007ffd1de80000 - 0x00007ffd1de89000 	C:\Windows\SYSTEM32\WSOCK32.dll
0x00007ffd24f80000 - 0x00007ffd24f9f000 	C:\Windows\SYSTEM32\WINMM.dll
0x00007ffd24fa0000 - 0x00007ffd24faa000 	C:\Windows\SYSTEM32\VERSION.dll
0x00007ffd298a0000 - 0x00007ffd298a7000 	C:\Windows\system32\PSAPI.DLL
0x00007ffd27f30000 - 0x00007ffd27f88000 	C:\Windows\system32\WS2_32.dll
0x00007ffd24b30000 - 0x00007ffd24b5a000 	C:\Windows\SYSTEM32\WINMMBASE.dll
0x00007ffd27aa0000 - 0x00007ffd27aa9000 	C:\Windows\system32\NSI.dll
0x00007ffd27770000 - 0x00007ffd277ba000 	C:\Windows\SYSTEM32\cfgmgr32.dll
0x00007ffd26360000 - 0x00007ffd26386000 	C:\Windows\SYSTEM32\DEVOBJ.dll
0x00000000617a0000 - 0x00000000617af000 	C:\Program Files\Java\jdk1.8.0_73\jre\bin\verify.dll
0x0000000060ae0000 - 0x0000000060b09000 	C:\Program Files\Java\jdk1.8.0_73\jre\bin\java.dll
0x0000000061780000 - 0x0000000061796000 	C:\Program Files\Java\jdk1.8.0_73\jre\bin\zip.dll

VM Arguments:
jvm_args: -Djava.awt.headless=true -Xmx1024M -Dfile.encoding=windows-1252 -Duser.country=US -Duser.language=en -Duser.variant 
java_command: com.android.dx.command.Main --dex --force-jumbo --num-threads=4 --output C:\Users\Robertus Pamungkas\Desktop\ProjectPam16v1\app\build\intermediates\pre-dexed\debug\com.android.support-appcompat-v7-24.2.1_83c3a14729f632095be42f40901a536edc4896d5.jar C:\Users\Robertus Pamungkas\Desktop\ProjectPam16v1\app\build\intermediates\exploded-aar\com.android.support\appcompat-v7\24.2.1\jars\classes.jar
java_class_path (initial): H:\Kuliah\Semester 5\PAM 2016\sdk\build-tools\25.0.0\lib\dx.jar
Launcher Type: SUN_STANDARD

Environment Variables:
PATH=C:\ProgramData\Oracle\Java\javapath;C:\Windows\system32;C:\Windows;C:\Windows\System32\Wbem;C:\Windows\System32\WindowsPowerShell\v1.0\;C:\Program Files (x86)\AMD\ATI.ACE\Core-Static;C:\Program Files\Microsoft\Web Platform Installer\;C:\Program Files (x86)\Microsoft ASP.NET\ASP.NET Web Pages\v1.0\;C:\Program Files (x86)\Windows Kits\8.0\Windows Performance Toolkit\;C:\Program Files\Microsoft SQL Server\110\Tools\Binn\;C:\Program Files\Microsoft SQL Server\110\DTS\Binn\;C:\Program Files (x86)\Microsoft SQL Server\110\Tools\Binn\ManagementStudio\;C:\Program Files (x86)\Microsoft SQL Server\110\Tools\Binn\;C:\Program Files (x86)\Microsoft Visual Studio 10.0\Common7\IDE\PrivateAssemblies\;C:\Program Files (x86)\Microsoft SQL Server\110\DTS\Binn\
USERNAME=Robertus Pamungkas
OS=Windows_NT
PROCESSOR_IDENTIFIER=AMD64 Family 16 Model 4 Stepping 3, AuthenticAMD



---------------  S Y S T E M  ---------------

OS: Windows 8.1 , 64 bit Build 9600 (6.3.9600.17056)

CPU:total 4 (4 cores per cpu, 1 threads per core) family 16 model 4 stepping 3, cmov, cx8, fxsr, mmx, sse, sse2, sse3, popcnt, mmxext, 3dnowpref, lzcnt, sse4a, tsc, tscinvbit, tscinv

Memory: 4k page, physical 8387700k(2548420k free), swap 8387700k(4636k free)

vm_info: Java HotSpot(TM) 64-Bit Server VM (25.73-b02) for windows-amd64 JRE (1.8.0_73-b02), built on Jan 29 2016 17:38:49 by "java_re" with MS VC++ 10.0 (VS2010)

time: Wed Nov 30 23:36:14 2016
elapsed time: 4 seconds (0d 0h 0m 4s)

