#
# There is insufficient memory for the Java Runtime Environment to continue.
# Native memory allocation (malloc) failed to allocate 1223248 bytes for Chunk::new
# Possible reasons:
#   The system is out of physical RAM or swap space
#   In 32 bit mode, the process size limit was hit
# Possible solutions:
#   Reduce memory load on the system
#   Increase physical memory or swap space
#   Check if swap backing store is full
#   Use 64 bit Java on a 64 bit OS
#   Decrease Java heap size (-Xmx/-Xms)
#   Decrease number of Java threads
#   Decrease Java thread stack sizes (-Xss)
#   Set larger code cache with -XX:ReservedCodeCacheSize=
# This output file may be truncated or incomplete.
#
#  Out of Memory Error (allocation.cpp:390), pid=3460, tid=3168
#
# JRE version: Java(TM) SE Runtime Environment (8.0_73-b02) (build 1.8.0_73-b02)
# Java VM: Java HotSpot(TM) 64-Bit Server VM (25.73-b02 mixed mode windows-amd64 compressed oops)
# Failed to write core dump. Minidumps are not enabled by default on client versions of Windows
#

---------------  T H R E A D  ---------------

Current thread (0x000000001529a000):  JavaThread "C2 CompilerThread0" daemon [_thread_in_native, id=3168, stack(0x0000000016950000,0x0000000016a50000)]

Stack: [0x0000000016950000,0x0000000016a50000]
[error occurred during error reporting (printing stack bounds), id 0xc0000005]

Native frames: (J=compiled Java code, j=interpreted, Vv=VM code, C=native code)


Current CompileTask:
C2:   7526 1907   !   4       com.android.dx.cf.code.Ropper::processBlock (1101 bytes)


---------------  P R O C E S S  ---------------

Java Threads: ( => current thread )
  0x0000000016e8e000 JavaThread "pool-1-thread-4" [_thread_blocked, id=6400, stack(0x0000000017650000,0x0000000017750000)]
  0x0000000016e8c800 JavaThread "pool-1-thread-3" [_thread_in_Java, id=6092, stack(0x0000000017550000,0x0000000017650000)]
  0x0000000016d88800 JavaThread "pool-1-thread-2" [_thread_blocked, id=6476, stack(0x0000000017450000,0x0000000017550000)]
  0x0000000016d85800 JavaThread "pool-2-thread-1" [_thread_blocked, id=6420, stack(0x0000000017350000,0x0000000017450000)]
  0x0000000016d81000 JavaThread "pool-1-thread-1" [_thread_blocked, id=4660, stack(0x0000000017250000,0x0000000017350000)]
  0x0000000016c53800 JavaThread "Service Thread" daemon [_thread_blocked, id=7024, stack(0x0000000017050000,0x0000000017150000)]
  0x00000000152fc800 JavaThread "C1 CompilerThread2" daemon [_thread_blocked, id=5344, stack(0x0000000016b50000,0x0000000016c50000)]
  0x00000000152f6800 JavaThread "C2 CompilerThread1" daemon [_thread_in_native, id=3568, stack(0x0000000016a50000,0x0000000016b50000)]
=>0x000000001529a000 JavaThread "C2 CompilerThread0" daemon [_thread_in_native, id=3168, stack(0x0000000016950000,0x0000000016a50000)]
  0x0000000015298800 JavaThread "Attach Listener" daemon [_thread_blocked, id=5796, stack(0x0000000016850000,0x0000000016950000)]
  0x0000000015297000 JavaThread "Signal Dispatcher" daemon [_thread_blocked, id=2988, stack(0x0000000016750000,0x0000000016850000)]
  0x0000000002ae6000 JavaThread "Finalizer" daemon [_thread_blocked, id=5504, stack(0x0000000016500000,0x0000000016600000)]
  0x0000000002add000 JavaThread "Reference Handler" daemon [_thread_blocked, id=7036, stack(0x0000000016400000,0x0000000016500000)]
  0x00000000029f1000 JavaThread "main" [_thread_in_Java, id=1748, stack(0x00000000011c0000,0x00000000012c0000)]

Other Threads:
  0x0000000015267800 VMThread [stack: 0x0000000016300000,0x0000000016400000] [id=2124]
  0x0000000016c58800 WatcherThread [stack: 0x0000000017150000,0x0000000017250000] [id=3160]

VM state:not at safepoint (normal execution)

VM Mutex/Monitor currently owned by a thread: None

Heap:
 PSYoungGen      total 138240K, used 57840K [0x00000000eab00000, 0x00000000f3700000, 0x0000000100000000)
  eden space 133120K, 43% used [0x00000000eab00000,0x00000000ee37c190,0x00000000f2d00000)
  from space 5120K, 0% used [0x00000000f2d00000,0x00000000f2d00000,0x00000000f3200000)
  to   space 5120K, 0% used [0x00000000f3200000,0x00000000f3200000,0x00000000f3700000)
 ParOldGen       total 133632K, used 66320K [0x00000000c0000000, 0x00000000c8280000, 0x00000000eab00000)
  object space 133632K, 49% used [0x00000000c0000000,0x00000000c40c4290,0x00000000c8280000)
 Metaspace       used 6036K, capacity 7088K, committed 7296K, reserved 1056768K
  class space    used 587K, capacity 616K, committed 640K, reserved 1048576K

Card table byte_map: [0x0000000011f90000,0x00000000121a0000] byte_map_base: 0x0000000011990000

Marking Bits: (ParMarkBitMap*) 0x000000005f7b0600
 Begin Bits: [0x0000000012700000, 0x0000000013700000)
 End Bits:   [0x0000000013700000, 0x0000000014700000)

Polling page: 0x0000000001090000

CodeCache: size=245760Kb used=8642Kb max_used=8657Kb free=237117Kb
 bounds [0x0000000002bd0000, 0x0000000003460000, 0x0000000011bd0000]
 total_blobs=2050 nmethods=1788 adapters=175
 compilation: enabled

Compilation events (10 events):
Event: 7.314 Thread 0x000000001529a000 nmethod 1885 0x000000000344abd0 code [0x000000000344ade0, 0x000000000344baf0]
Event: 7.315 Thread 0x000000001529a000 1907   !   4       com.android.dx.cf.code.Ropper::processBlock (1101 bytes)
Event: 7.319 Thread 0x00000000152fc800 1915       2       com.android.dx.rop.cst.CstString::stringToUtf8Bytes (175 bytes)
Event: 7.320 Thread 0x00000000152fc800 nmethod 1915 0x0000000003432e50 code [0x0000000003432fe0, 0x0000000003433518]
Event: 7.338 Thread 0x00000000152f6800 nmethod 1896 0x0000000003450110 code [0x00000000034503c0, 0x0000000003451cb8]
Event: 7.338 Thread 0x00000000152f6800 1910       4       com.android.dx.cf.code.ByteBlock::<init> (181 bytes)
Event: 7.341 Thread 0x00000000152f6800 nmethod 1910 0x000000000342afd0 code [0x000000000342b120, 0x000000000342b3b8]
Event: 7.341 Thread 0x00000000152f6800 1905       4       com.android.dx.ssa.SsaConverter::placePhiFunctions (394 bytes)
Event: 7.374 Thread 0x00000000152fc800 1920       1       java.util.concurrent.locks.AbstractOwnableSynchronizer::setExclusiveOwnerThread (6 bytes)
Event: 7.374 Thread 0x00000000152fc800 nmethod 1920 0x0000000003383990 code [0x0000000003383ae0, 0x0000000003383c10]

GC Heap History (10 events):
Event: 3.034 GC heap before
{Heap before GC invocations=3 (full 0):
 PSYoungGen      total 71680K, used 71676K [0x00000000eab00000, 0x00000000ef600000, 0x0000000100000000)
  eden space 66560K, 100% used [0x00000000eab00000,0x00000000eec00000,0x00000000eec00000)
  from space 5120K, 99% used [0x00000000ef100000,0x00000000ef5ff250,0x00000000ef600000)
  to   space 5120K, 0% used [0x00000000eec00000,0x00000000eec00000,0x00000000ef100000)
 ParOldGen       total 87552K, used 7868K [0x00000000c0000000, 0x00000000c5580000, 0x00000000eab00000)
  object space 87552K, 8% used [0x00000000c0000000,0x00000000c07af198,0x00000000c5580000)
 Metaspace       used 5968K, capacity 7024K, committed 7296K, reserved 1056768K
  class space    used 586K, capacity 616K, committed 640K, reserved 1048576K
Event: 3.095 GC heap after
Heap after GC invocations=3 (full 0):
 PSYoungGen      total 71680K, used 5099K [0x00000000eab00000, 0x00000000f3700000, 0x0000000100000000)
  eden space 66560K, 0% used [0x00000000eab00000,0x00000000eab00000,0x00000000eec00000)
  from space 5120K, 99% used [0x00000000eec00000,0x00000000ef0facb8,0x00000000ef100000)
  to   space 5120K, 0% used [0x00000000f3200000,0x00000000f3200000,0x00000000f3700000)
 ParOldGen       total 87552K, used 33765K [0x00000000c0000000, 0x00000000c5580000, 0x00000000eab00000)
  object space 87552K, 38% used [0x00000000c0000000,0x00000000c20f9508,0x00000000c5580000)
 Metaspace       used 5968K, capacity 7024K, committed 7296K, reserved 1056768K
  class space    used 586K, capacity 616K, committed 640K, reserved 1048576K
}
Event: 3.360 GC heap before
{Heap before GC invocations=4 (full 0):
 PSYoungGen      total 71680K, used 71659K [0x00000000eab00000, 0x00000000f3700000, 0x0000000100000000)
  eden space 66560K, 100% used [0x00000000eab00000,0x00000000eec00000,0x00000000eec00000)
  from space 5120K, 99% used [0x00000000eec00000,0x00000000ef0facb8,0x00000000ef100000)
  to   space 5120K, 0% used [0x00000000f3200000,0x00000000f3200000,0x00000000f3700000)
 ParOldGen       total 87552K, used 33765K [0x00000000c0000000, 0x00000000c5580000, 0x00000000eab00000)
  object space 87552K, 38% used [0x00000000c0000000,0x00000000c20f9508,0x00000000c5580000)
 Metaspace       used 5980K, capacity 7024K, committed 7296K, reserved 1056768K
  class space    used 587K, capacity 616K, committed 640K, reserved 1048576K
Event: 3.418 GC heap after
Heap after GC invocations=4 (full 0):
 PSYoungGen      total 138240K, used 5099K [0x00000000eab00000, 0x00000000f3700000, 0x0000000100000000)
  eden space 133120K, 0% used [0x00000000eab00000,0x00000000eab00000,0x00000000f2d00000)
  from space 5120K, 99% used [0x00000000f3200000,0x00000000f36fafb0,0x00000000f3700000)
  to   space 5120K, 0% used [0x00000000f2d00000,0x00000000f2d00000,0x00000000f3200000)
 ParOldGen       total 87552K, used 58787K [0x00000000c0000000, 0x00000000c5580000, 0x00000000eab00000)
  object space 87552K, 67% used [0x00000000c0000000,0x00000000c3968c80,0x00000000c5580000)
 Metaspace       used 5980K, capacity 7024K, committed 7296K, reserved 1056768K
  class space    used 587K, capacity 616K, committed 640K, reserved 1048576K
}
Event: 3.418 GC heap before
{Heap before GC invocations=5 (full 1):
 PSYoungGen      total 138240K, used 5099K [0x00000000eab00000, 0x00000000f3700000, 0x0000000100000000)
  eden space 133120K, 0% used [0x00000000eab00000,0x00000000eab00000,0x00000000f2d00000)
  from space 5120K, 99% used [0x00000000f3200000,0x00000000f36fafb0,0x00000000f3700000)
  to   space 5120K, 0% used [0x00000000f2d00000,0x00000000f2d00000,0x00000000f3200000)
 ParOldGen       total 87552K, used 58787K [0x00000000c0000000, 0x00000000c5580000, 0x00000000eab00000)
  object space 87552K, 67% used [0x00000000c0000000,0x00000000c3968c80,0x00000000c5580000)
 Metaspace       used 5980K, capacity 7024K, committed 7296K, reserved 1056768K
  class space    used 587K, capacity 616K, committed 640K, reserved 1048576K
Event: 3.672 GC heap after
Heap after GC invocations=5 (full 1):
 PSYoungGen      total 138240K, used 0K [0x00000000eab00000, 0x00000000f3700000, 0x0000000100000000)
  eden space 133120K, 0% used [0x00000000eab00000,0x00000000eab00000,0x00000000f2d00000)
  from space 5120K, 0% used [0x00000000f3200000,0x00000000f3200000,0x00000000f3700000)
  to   space 5120K, 0% used [0x00000000f2d00000,0x00000000f2d00000,0x00000000f3200000)
 ParOldGen       total 133632K, used 49524K [0x00000000c0000000, 0x00000000c8280000, 0x00000000eab00000)
  object space 133632K, 37% used [0x00000000c0000000,0x00000000c305d1f0,0x00000000c8280000)
 Metaspace       used 5980K, capacity 7024K, committed 7296K, reserved 1056768K
  class space    used 587K, capacity 616K, committed 640K, reserved 1048576K
}
Event: 4.893 GC heap before
{Heap before GC invocations=6 (full 1):
 PSYoungGen      total 138240K, used 133120K [0x00000000eab00000, 0x00000000f3700000, 0x0000000100000000)
  eden space 133120K, 100% used [0x00000000eab00000,0x00000000f2d00000,0x00000000f2d00000)
  from space 5120K, 0% used [0x00000000f3200000,0x00000000f3200000,0x00000000f3700000)
  to   space 5120K, 0% used [0x00000000f2d00000,0x00000000f2d00000,0x00000000f3200000)
 ParOldGen       total 133632K, used 49524K [0x00000000c0000000, 0x00000000c8280000, 0x00000000eab00000)
  object space 133632K, 37% used [0x00000000c0000000,0x00000000c305d1f0,0x00000000c8280000)
 Metaspace       used 6019K, capacity 7088K, committed 7296K, reserved 1056768K
  class space    used 587K, capacity 616K, committed 640K, reserved 1048576K
Event: 5.280 GC heap after
Heap after GC invocations=6 (full 1):
 PSYoungGen      total 138240K, used 5112K [0x00000000eab00000, 0x00000000f3700000, 0x0000000100000000)
  eden space 133120K, 0% used [0x00000000eab00000,0x00000000eab00000,0x00000000f2d00000)
  from space 5120K, 99% used [0x00000000f2d00000,0x00000000f31fe0b8,0x00000000f3200000)
  to   space 5120K, 0% used [0x00000000f3200000,0x00000000f3200000,0x00000000f3700000)
 ParOldGen       total 133632K, used 97293K [0x00000000c0000000, 0x00000000c8280000, 0x00000000eab00000)
  object space 133632K, 72% used [0x00000000c0000000,0x00000000c5f037c0,0x00000000c8280000)
 Metaspace       used 6019K, capacity 7088K, committed 7296K, reserved 1056768K
  class space    used 587K, capacity 616K, committed 640K, reserved 1048576K
}
Event: 5.280 GC heap before
{Heap before GC invocations=7 (full 2):
 PSYoungGen      total 138240K, used 5112K [0x00000000eab00000, 0x00000000f3700000, 0x0000000100000000)
  eden space 133120K, 0% used [0x00000000eab00000,0x00000000eab00000,0x00000000f2d00000)
  from space 5120K, 99% used [0x00000000f2d00000,0x00000000f31fe0b8,0x00000000f3200000)
  to   space 5120K, 0% used [0x00000000f3200000,0x00000000f3200000,0x00000000f3700000)
 ParOldGen       total 133632K, used 97293K [0x00000000c0000000, 0x00000000c8280000, 0x00000000eab00000)
  object space 133632K, 72% used [0x00000000c0000000,0x00000000c5f037c0,0x00000000c8280000)
 Metaspace       used 6019K, capacity 7088K, committed 7296K, reserved 1056768K
  class space    used 587K, capacity 616K, committed 640K, reserved 1048576K
Event: 6.639 GC heap after
Heap after GC invocations=7 (full 2):
 PSYoungGen      total 138240K, used 0K [0x00000000eab00000, 0x00000000f3700000, 0x0000000100000000)
  eden space 133120K, 0% used [0x00000000eab00000,0x00000000eab00000,0x00000000f2d00000)
  from space 5120K, 0% used [0x00000000f2d00000,0x00000000f2d00000,0x00000000f3200000)
  to   space 5120K, 0% used [0x00000000f3200000,0x00000000f3200000,0x00000000f3700000)
 ParOldGen       total 133632K, used 66320K [0x00000000c0000000, 0x00000000c8280000, 0x00000000eab00000)
  object space 133632K, 49% used [0x00000000c0000000,0x00000000c40c4290,0x00000000c8280000)
 Metaspace       used 6019K, capacity 7088K, committed 7296K, reserved 1056768K
  class space    used 587K, capacity 616K, committed 640K, reserved 1048576K
}

Deoptimization events (10 events):
Event: 3.787 Thread 0x0000000016e8c800 Uncommon trap: reason=class_check action=maybe_recompile pc=0x00000000032bee84 method=com.android.dx.cf.code.RopperMachine.run(Lcom/android/dx/cf/code/Frame;II)V @ 978
Event: 3.836 Thread 0x0000000016d88800 Uncommon trap: reason=unstable_if action=reinterpret pc=0x00000000030e559c method=com.android.dx.cf.code.Merger.isPossiblyAssignableFrom(Lcom/android/dx/rop/type/TypeBearer;Lcom/android/dx/rop/type/TypeBearer;)Z @ 131
Event: 3.838 Thread 0x0000000016d88800 Uncommon trap: reason=class_check action=maybe_recompile pc=0x00000000032bee84 method=com.android.dx.cf.code.RopperMachine.run(Lcom/android/dx/cf/code/Frame;II)V @ 978
Event: 3.838 Thread 0x0000000016d88800 Uncommon trap: reason=class_check action=maybe_recompile pc=0x00000000032bee84 method=com.android.dx.cf.code.RopperMachine.run(Lcom/android/dx/cf/code/Frame;II)V @ 978
Event: 3.839 Thread 0x0000000016d88800 Uncommon trap: reason=unstable_if action=reinterpret pc=0x00000000032291f4 method=com.android.dx.ssa.SsaRenamer$BlockRenamer.process()V @ 90
Event: 3.979 Thread 0x0000000016d88800 Uncommon trap: reason=unstable_if action=reinterpret pc=0x00000000030c4e68 method=com.android.dx.util.BitIntSet.has(I)Z @ 8
Event: 4.055 Thread 0x0000000016d88800 Uncommon trap: reason=unstable_if action=reinterpret pc=0x0000000002e0e1b8 method=java.util.BitSet.ensureCapacity(I)V @ 6
Event: 4.056 Thread 0x0000000016d88800 Uncommon trap: reason=unstable_if action=reinterpret pc=0x0000000003168d7c method=java.util.BitSet.clone()Ljava/lang/Object; @ 4
Event: 7.269 Thread 0x0000000016e8c800 Uncommon trap: reason=unstable_if action=reinterpret pc=0x0000000002f5e98c method=com.android.dx.dex.code.OutputFinisher.hasLocalInfo(Lcom/android/dx/dex/code/DalvInsn;)Z @ 24
Event: 7.269 Thread 0x0000000016e8c800 Uncommon trap: reason=unstable_if action=reinterpret pc=0x00000000033ee524 method=com.android.dx.util.MutabilityControl.isImmutable()Z @ 4

Internal exceptions (3 events):
Event: 0.170 Thread 0x00000000029f1000 Exception <a 'java/lang/NoSuchMethodError': Method sun.misc.Unsafe.defineClass(Ljava/lang/String;[BII)Ljava/lang/Class; name or signature does not match> (0x00000000eab0d5a8) thrown at [D:\re\puppet\workspace\8-2-build-windows-amd64-cygwin\jdk8u73\6086\hot€êŒœÚÃÅ?
Event: 0.170 Thread 0x00000000029f1000 Exception <a 'java/lang/NoSuchMethodError': Method sun.misc.Unsafe.prefetchRead(Ljava/lang/Object;J)V name or signature does not match> (0x00000000eab0d890) thrown at [D:\re\puppet\workspace\8-2-build-windows-amd64-cygwin\jdk8u73\6086\hotspot\src\share\vm\Û/¦ké‡@
Event: 2.316 Thread 0x0000000016e8e000 Implicit null exception at 0x00000000031fe695 to 0x0000000003201d99

Events (10 events):
Event: 7.296 Thread 0x00000000029f1000 DEOPT PACKING pc=0x00000000030a6851 sp=0x00000000012be0e0
Event: 7.296 Thread 0x00000000029f1000 DEOPT UNPACKING pc=0x0000000002c1747f sp=0x00000000012bde40 mode 0
Event: 7.307 Thread 0x0000000016d88800 DEOPT PACKING pc=0x00000000032b1309 sp=0x000000001754eb50
Event: 7.307 Thread 0x0000000016d88800 DEOPT UNPACKING pc=0x0000000002c1747f sp=0x000000001754e998 mode 0
Event: 7.308 Thread 0x0000000016d88800 DEOPT PACKING pc=0x00000000030f901c sp=0x000000001754eb50
Event: 7.308 Thread 0x0000000016d88800 DEOPT UNPACKING pc=0x0000000002c1747f sp=0x000000001754e910 mode 0
Event: 7.338 Thread 0x0000000016d81000 DEOPT PACKING pc=0x00000000030a683a sp=0x000000001734e9e0
Event: 7.338 Thread 0x0000000016d81000 DEOPT UNPACKING pc=0x0000000002c1747f sp=0x000000001734e740 mode 0
Event: 7.369 Thread 0x0000000016e8e000 DEOPT PACKING pc=0x0000000002f2913d sp=0x000000001774e760
Event: 7.369 Thread 0x0000000016e8e000 DEOPT UNPACKING pc=0x0000000002c1747f sp=0x000000001774e500 mode 0


Dynamic libraries:
0x00007ff7089c0000 - 0x00007ff7089f7000 	C:\Program Files\Java\jdk1.8.0_73\bin\java.exe
0x00007ffd2a170000 - 0x00007ffd2a31a000 	C:\Windows\SYSTEM32\ntdll.dll
0x00007ffd27ac0000 - 0x00007ffd27bfa000 	C:\Windows\system32\KERNEL32.DLL
0x00007ffd27660000 - 0x00007ffd2776f000 	C:\Windows\system32\KERNELBASE.dll
0x00007ffd26110000 - 0x00007ffd26198000 	C:\Windows\system32\apphelp.dll
0x00007ffd10c20000 - 0x00007ffd10c6f000 	C:\Windows\AppPatch\AppPatch64\AcGenral.DLL
0x00007ffd29e40000 - 0x00007ffd29ee7000 	C:\Windows\system32\msvcrt.dll
0x00007ffd272c0000 - 0x00007ffd272eb000 	C:\Windows\SYSTEM32\SspiCli.dll
0x00007ffd29de0000 - 0x00007ffd29e31000 	C:\Windows\system32\SHLWAPI.dll
0x00007ffd29720000 - 0x00007ffd29891000 	C:\Windows\system32\USER32.dll
0x00007ffd29ab0000 - 0x00007ffd29c28000 	C:\Windows\system32\ole32.dll
0x00007ffd28040000 - 0x00007ffd29457000 	C:\Windows\system32\SHELL32.dll
0x00007ffd26af0000 - 0x00007ffd26b0e000 	C:\Windows\SYSTEM32\USERENV.dll
0x00007ffd27e80000 - 0x00007ffd27f25000 	C:\Windows\system32\ADVAPI32.dll
0x00007ffd206f0000 - 0x00007ffd2070b000 	C:\Windows\SYSTEM32\MPR.dll
0x00007ffd27c00000 - 0x00007ffd27d36000 	C:\Windows\system32\RPCRT4.dll
0x00007ffd29d80000 - 0x00007ffd29dd7000 	C:\Windows\SYSTEM32\sechost.dll
0x00007ffd298d0000 - 0x00007ffd29aa6000 	C:\Windows\SYSTEM32\combase.dll
0x00007ffd29c30000 - 0x00007ffd29d75000 	C:\Windows\system32\GDI32.dll
0x00007ffd27490000 - 0x00007ffd274a4000 	C:\Windows\SYSTEM32\profapi.dll
0x00007ffd25b00000 - 0x00007ffd25b9f000 	C:\Windows\SYSTEM32\SHCORE.dll
0x00007ffd27fa0000 - 0x00007ffd27fd4000 	C:\Windows\system32\IMM32.DLL
0x00007ffd27d40000 - 0x00007ffd27e79000 	C:\Windows\system32\MSCTF.dll
0x00007ffd25190000 - 0x00007ffd253ea000 	C:\Windows\WinSxS\amd64_microsoft.windows.common-controls_6595b64144ccf1df_6.0.9600.17031_none_6242a4b3ecbb55a1\COMCTL32.dll
0x0000000060180000 - 0x0000000060252000 	C:\Program Files\Java\jdk1.8.0_73\jre\bin\msvcr100.dll
0x000000005efa0000 - 0x000000005f830000 	C:\Program Files\Java\jdk1.8.0_73\jre\bin\server\jvm.dll
0x00007ffd1de80000 - 0x00007ffd1de89000 	C:\Windows\SYSTEM32\WSOCK32.dll
0x00007ffd24f80000 - 0x00007ffd24f9f000 	C:\Windows\SYSTEM32\WINMM.dll
0x00007ffd24fa0000 - 0x00007ffd24faa000 	C:\Windows\SYSTEM32\VERSION.dll
0x00007ffd298a0000 - 0x00007ffd298a7000 	C:\Windows\system32\PSAPI.DLL
0x00007ffd27f30000 - 0x00007ffd27f88000 	C:\Windows\system32\WS2_32.dll
0x00007ffd24b30000 - 0x00007ffd24b5a000 	C:\Windows\SYSTEM32\WINMMBASE.dll
0x00007ffd27aa0000 - 0x00007ffd27aa9000 	C:\Windows\system32\NSI.dll
0x00007ffd27770000 - 0x00007ffd277ba000 	C:\Windows\SYSTEM32\cfgmgr32.dll
0x00007ffd26360000 - 0x00007ffd26386000 	C:\Windows\SYSTEM32\DEVOBJ.dll
0x00000000617a0000 - 0x00000000617af000 	C:\Program Files\Java\jdk1.8.0_73\jre\bin\verify.dll
0x0000000060ae0000 - 0x0000000060b09000 	C:\Program Files\Java\jdk1.8.0_73\jre\bin\java.dll
0x0000000061780000 - 0x0000000061796000 	C:\Program Files\Java\jdk1.8.0_73\jre\bin\zip.dll

VM Arguments:
jvm_args: -Djava.awt.headless=true -Xmx1024M -Dfile.encoding=windows-1252 -Duser.country=US -Duser.language=en -Duser.variant 
java_command: com.android.dx.command.Main --dex --force-jumbo --num-threads=4 --output C:\Users\Robertus Pamungkas\Desktop\ProjectPam16v1\app\build\intermediates\pre-dexed\debug\main_8cdede884f199349a36a9aa39eae313f76b1507c.jar C:\Users\Robertus Pamungkas\Desktop\ProjectPam16v1\app\build\intermediates\transforms\instantRun\debug\folders\1\5\main
java_class_path (initial): H:\Kuliah\Semester 5\PAM 2016\sdk\build-tools\25.0.0\lib\dx.jar
Launcher Type: SUN_STANDARD

Environment Variables:
PATH=C:\ProgramData\Oracle\Java\javapath;C:\Windows\system32;C:\Windows;C:\Windows\System32\Wbem;C:\Windows\System32\WindowsPowerShell\v1.0\;C:\Program Files (x86)\AMD\ATI.ACE\Core-Static;C:\Program Files\Microsoft\Web Platform Installer\;C:\Program Files (x86)\Microsoft ASP.NET\ASP.NET Web Pages\v1.0\;C:\Program Files (x86)\Windows Kits\8.0\Windows Performance Toolkit\;C:\Program Files\Microsoft SQL Server\110\Tools\Binn\;C:\Program Files\Microsoft SQL Server\110\DTS\Binn\;C:\Program Files (x86)\Microsoft SQL Server\110\Tools\Binn\ManagementStudio\;C:\Program Files (x86)\Microsoft SQL Server\110\Tools\Binn\;C:\Program Files (x86)\Microsoft Visual Studio 10.0\Common7\IDE\PrivateAssemblies\;C:\Program Files (x86)\Microsoft SQL Server\110\DTS\Binn\
USERNAME=Robertus Pamungkas
OS=Windows_NT
PROCESSOR_IDENTIFIER=AMD64 Family 16 Model 4 Stepping 3, AuthenticAMD



---------------  S Y S T E M  ---------------

OS: Windows 8.1 , 64 bit Build 9600 (6.3.9600.17056)

CPU:total 4 (4 cores per cpu, 1 threads per core) family 16 model 4 stepping 3, cmov, cx8, fxsr, mmx, sse, sse2, sse3, popcnt, mmxext, 3dnowpref, lzcnt, sse4a, tsc, tscinvbit, tscinv

Memory: 4k page, physical 8387700k(2560244k free), swap 8387700k(6272k free)

vm_info: Java HotSpot(TM) 64-Bit Server VM (25.73-b02) for windows-amd64 JRE (1.8.0_73-b02), built on Jan 29 2016 17:38:49 by "java_re" with MS VC++ 10.0 (VS2010)

time: Wed Nov 30 23:36:14 2016
elapsed time: 7 seconds (0d 0h 0m 7s)

