#
# There is insufficient memory for the Java Runtime Environment to continue.
# Native memory allocation (malloc) failed to allocate 920976 bytes for Chunk::new
# Possible reasons:
#   The system is out of physical RAM or swap space
#   In 32 bit mode, the process size limit was hit
# Possible solutions:
#   Reduce memory load on the system
#   Increase physical memory or swap space
#   Check if swap backing store is full
#   Use 64 bit Java on a 64 bit OS
#   Decrease Java heap size (-Xmx/-Xms)
#   Decrease number of Java threads
#   Decrease Java thread stack sizes (-Xss)
#   Set larger code cache with -XX:ReservedCodeCacheSize=
# This output file may be truncated or incomplete.
#
#  Out of Memory Error (allocation.cpp:390), pid=5508, tid=5292
#
# JRE version: Java(TM) SE Runtime Environment (8.0_73-b02) (build 1.8.0_73-b02)
# Java VM: Java HotSpot(TM) 64-Bit Server VM (25.73-b02 mixed mode windows-amd64 compressed oops)
# Failed to write core dump. Minidumps are not enabled by default on client versions of Windows
#

---------------  T H R E A D  ---------------

Current thread (0x0000000014f66800):  JavaThread "C2 CompilerThread1" daemon [_thread_in_native, id=5292, stack(0x00000000166b0000,0x00000000167b0000)]

Stack: [0x00000000166b0000,0x00000000167b0000]
[error occurred during error reporting (printing stack bounds), id 0xc0000005]

Native frames: (J=compiled Java code, j=interpreted, Vv=VM code, C=native code)


Current CompileTask:
C2:   2227 1325       4       com.android.dx.dex.code.OutputFinisher::addConstants (93 bytes)


---------------  P R O C E S S  ---------------

Java Threads: ( => current thread )
  0x00000000168b3800 JavaThread "Service Thread" daemon [_thread_blocked, id=5492, stack(0x0000000016cb0000,0x0000000016db0000)]
  0x0000000014f6c800 JavaThread "C1 CompilerThread2" daemon [_thread_in_native, id=4672, stack(0x00000000167b0000,0x00000000168b0000)]
=>0x0000000014f66800 JavaThread "C2 CompilerThread1" daemon [_thread_in_native, id=5292, stack(0x00000000166b0000,0x00000000167b0000)]
  0x0000000014f0d000 JavaThread "C2 CompilerThread0" daemon [_thread_blocked, id=5996, stack(0x00000000165b0000,0x00000000166b0000)]
  0x0000000014f0c000 JavaThread "Attach Listener" daemon [_thread_blocked, id=4884, stack(0x00000000164b0000,0x00000000165b0000)]
  0x0000000014f0b000 JavaThread "Signal Dispatcher" daemon [_thread_blocked, id=7484, stack(0x00000000163b0000,0x00000000164b0000)]
  0x0000000002768000 JavaThread "Finalizer" daemon [_thread_blocked, id=7764, stack(0x0000000016160000,0x0000000016260000)]
  0x000000000275f800 JavaThread "Reference Handler" daemon [_thread_blocked, id=7420, stack(0x0000000016060000,0x0000000016160000)]
  0x0000000002671000 JavaThread "main" [_thread_in_Java, id=4560, stack(0x0000000000e20000,0x0000000000f20000)]

Other Threads:
  0x000000000275b000 VMThread [stack: 0x0000000015f60000,0x0000000016060000] [id=8020]
  0x00000000168cf000 WatcherThread [stack: 0x0000000016db0000,0x0000000016eb0000] [id=7348]

VM state:not at safepoint (normal execution)

VM Mutex/Monitor currently owned by a thread: None

Heap:
 PSYoungGen      total 38400K, used 12414K [0x00000000eab00000, 0x00000000ef600000, 0x0000000100000000)
  eden space 33280K, 21% used [0x00000000eab00000,0x00000000eb2240a0,0x00000000ecb80000)
  from space 5120K, 99% used [0x00000000ecb80000,0x00000000ed07b858,0x00000000ed080000)
  to   space 5120K, 0% used [0x00000000ef100000,0x00000000ef100000,0x00000000ef600000)
 ParOldGen       total 87552K, used 938K [0x00000000c0000000, 0x00000000c5580000, 0x00000000eab00000)
  object space 87552K, 1% used [0x00000000c0000000,0x00000000c00ea918,0x00000000c5580000)
 Metaspace       used 6144K, capacity 7152K, committed 7296K, reserved 1056768K
  class space    used 606K, capacity 616K, committed 640K, reserved 1048576K

Card table byte_map: [0x0000000011d60000,0x0000000011f70000] byte_map_base: 0x0000000011760000

Marking Bits: (ParMarkBitMap*) 0x0000000050910600
 Begin Bits: [0x0000000012370000, 0x0000000013370000)
 End Bits:   [0x0000000013370000, 0x0000000014370000)

Polling page: 0x0000000000f20000

CodeCache: size=245760Kb used=5950Kb max_used=5954Kb free=239809Kb
 bounds [0x00000000029a0000, 0x0000000002f80000, 0x00000000119a0000]
 total_blobs=1769 nmethods=1507 adapters=176
 compilation: enabled

Compilation events (10 events):
Event: 2.067 Thread 0x0000000014f6c800 1503       3       com.android.dx.dex.code.OutputFinisher::findExpandedOpcodeForInsn (46 bytes)
Event: 2.068 Thread 0x0000000014f6c800 nmethod 1503 0x0000000002f75d50 code [0x0000000002f75fa0, 0x0000000002f76f18]
Event: 2.068 Thread 0x0000000014f0d000 nmethod 1506 0x0000000002f6b110 code [0x0000000002f6b260, 0x0000000002f6b318]
Event: 2.068 Thread 0x0000000014f6c800 1505       1       com.android.dx.dex.code.form.Form21t::codeSize (2 bytes)
Event: 2.068 Thread 0x0000000014f6c800 nmethod 1505 0x0000000002f6ae50 code [0x0000000002f6afa0, 0x0000000002f6b0b0]
Event: 2.068 Thread 0x0000000014f6c800 1507       3       com.android.dx.dex.code.form.Form11x::isCompatible (40 bytes)
Event: 2.069 Thread 0x0000000014f6c800 nmethod 1507 0x0000000002f75150 code [0x0000000002f75300, 0x0000000002f75b68]
Event: 2.188 Thread 0x0000000014f6c800 1508       3       com.android.dx.dex.file.MethodIdsSection::get (49 bytes)
Event: 2.188 Thread 0x0000000014f6c800 nmethod 1508 0x0000000002f74410 code [0x0000000002f74600, 0x0000000002f74e58]
Event: 2.226 Thread 0x0000000014f6c800 1509       3       com.android.dx.dex.code.StdCatchBuilder::build (262 bytes)

GC Heap History (2 events):
Event: 1.479 GC heap before
{Heap before GC invocations=1 (full 0):
 PSYoungGen      total 38400K, used 33280K [0x00000000eab00000, 0x00000000ed580000, 0x0000000100000000)
  eden space 33280K, 100% used [0x00000000eab00000,0x00000000ecb80000,0x00000000ecb80000)
  from space 5120K, 0% used [0x00000000ed080000,0x00000000ed080000,0x00000000ed580000)
  to   space 5120K, 0% used [0x00000000ecb80000,0x00000000ecb80000,0x00000000ed080000)
 ParOldGen       total 87552K, used 0K [0x00000000c0000000, 0x00000000c5580000, 0x00000000eab00000)
  object space 87552K, 0% used [0x00000000c0000000,0x00000000c0000000,0x00000000c5580000)
 Metaspace       used 5874K, capacity 6960K, committed 7040K, reserved 1056768K
  class space    used 589K, capacity 616K, committed 640K, reserved 1048576K
Event: 1.569 GC heap after
Heap after GC invocations=1 (full 0):
 PSYoungGen      total 38400K, used 5102K [0x00000000eab00000, 0x00000000ef600000, 0x0000000100000000)
  eden space 33280K, 0% used [0x00000000eab00000,0x00000000eab00000,0x00000000ecb80000)
  from space 5120K, 99% used [0x00000000ecb80000,0x00000000ed07b858,0x00000000ed080000)
  to   space 5120K, 0% used [0x00000000ef100000,0x00000000ef100000,0x00000000ef600000)
 ParOldGen       total 87552K, used 938K [0x00000000c0000000, 0x00000000c5580000, 0x00000000eab00000)
  object space 87552K, 1% used [0x00000000c0000000,0x00000000c00ea918,0x00000000c5580000)
 Metaspace       used 5874K, capacity 6960K, committed 7040K, reserved 1056768K
  class space    used 589K, capacity 616K, committed 640K, reserved 1048576K
}

Deoptimization events (10 events):
Event: 1.792 Thread 0x0000000002671000 Uncommon trap: reason=class_check action=maybe_recompile pc=0x0000000002da3704 method=java.util.HashMap.putVal(ILjava/lang/Object;Ljava/lang/Object;ZZ)Ljava/lang/Object; @ 203
Event: 1.794 Thread 0x0000000002671000 Uncommon trap: reason=unstable_if action=reinterpret pc=0x0000000002da36d4 method=java.util.HashMap.putVal(ILjava/lang/Object;Ljava/lang/Object;ZZ)Ljava/lang/Object; @ 94
Event: 1.794 Thread 0x0000000002671000 Uncommon trap: reason=unstable_if action=reinterpret pc=0x0000000002da5cf0 method=java.util.HashMap.putVal(ILjava/lang/Object;Ljava/lang/Object;ZZ)Ljava/lang/Object; @ 94
Event: 1.818 Thread 0x0000000002671000 Uncommon trap: reason=bimorphic action=maybe_recompile pc=0x0000000002b98e78 method=java.util.HashMap.getNode(ILjava/lang/Object;)Ljava/util/HashMap$Node; @ 126
Event: 1.831 Thread 0x0000000002671000 Uncommon trap: reason=bimorphic action=maybe_recompile pc=0x0000000002b98e78 method=java.util.HashMap.getNode(ILjava/lang/Object;)Ljava/util/HashMap$Node; @ 126
Event: 1.832 Thread 0x0000000002671000 Uncommon trap: reason=bimorphic action=maybe_recompile pc=0x0000000002b9811c method=java.util.HashMap.getNode(ILjava/lang/Object;)Ljava/util/HashMap$Node; @ 126
Event: 2.027 Thread 0x0000000002671000 Uncommon trap: reason=speculate_class_check action=maybe_recompile pc=0x0000000002ce71f4 method=com.android.dx.util.FixedSizeList.equals(Ljava/lang/Object;)Z @ 25
Event: 2.039 Thread 0x0000000002671000 Uncommon trap: reason=speculate_class_check action=maybe_recompile pc=0x0000000002ce71f4 method=com.android.dx.util.FixedSizeList.equals(Ljava/lang/Object;)Z @ 25
Event: 2.039 Thread 0x0000000002671000 Uncommon trap: reason=speculate_class_check action=maybe_recompile pc=0x0000000002ce71f4 method=com.android.dx.util.FixedSizeList.equals(Ljava/lang/Object;)Z @ 25
Event: 2.039 Thread 0x0000000002671000 Uncommon trap: reason=speculate_class_check action=maybe_recompile pc=0x0000000002ce71f4 method=com.android.dx.util.FixedSizeList.equals(Ljava/lang/Object;)Z @ 25

Internal exceptions (2 events):
Event: 0.128 Thread 0x0000000002671000 Exception <a 'java/lang/NoSuchMethodError': Method sun.misc.Unsafe.defineClass(Ljava/lang/String;[BII)Ljava/lang/Class; name or signature does not match> (0x00000000eab0d630) thrown at [D:\re\puppet\workspace\8-2-build-windows-amd64-cygwin\jdk8u73\6086\hotΩWÑÌp¿?
Event: 0.128 Thread 0x0000000002671000 Exception <a 'java/lang/NoSuchMethodError': Method sun.misc.Unsafe.prefetchRead(Ljava/lang/Object;J)V name or signature does not match> (0x00000000eab0d918) thrown at [D:\re\puppet\workspace\8-2-build-windows-amd64-cygwin\jdk8u73\6086\hotspot\src\share\vm\

Events (10 events):
Event: 2.028 loading class com/android/dx/util/ByteArrayAnnotatedOutput done
Event: 2.039 Thread 0x0000000002671000 Uncommon trap: trap_request=0xffffff76 fr.pc=0x0000000002ce71f4
Event: 2.039 Thread 0x0000000002671000 DEOPT PACKING pc=0x0000000002ce71f4 sp=0x0000000000f1eb70
Event: 2.039 Thread 0x0000000002671000 DEOPT UNPACKING pc=0x00000000029e582a sp=0x0000000000f1eb30 mode 2
Event: 2.039 Thread 0x0000000002671000 Uncommon trap: trap_request=0xffffff76 fr.pc=0x0000000002ce71f4
Event: 2.039 Thread 0x0000000002671000 DEOPT PACKING pc=0x0000000002ce71f4 sp=0x0000000000f1eb70
Event: 2.039 Thread 0x0000000002671000 DEOPT UNPACKING pc=0x00000000029e582a sp=0x0000000000f1eb30 mode 2
Event: 2.039 Thread 0x0000000002671000 Uncommon trap: trap_request=0xffffff76 fr.pc=0x0000000002ce71f4
Event: 2.039 Thread 0x0000000002671000 DEOPT PACKING pc=0x0000000002ce71f4 sp=0x0000000000f1eb70
Event: 2.039 Thread 0x0000000002671000 DEOPT UNPACKING pc=0x00000000029e582a sp=0x0000000000f1eb30 mode 2


Dynamic libraries:
0x00007ff659380000 - 0x00007ff6593b7000 	C:\Program Files\Java\jdk1.8.0_73\bin\java.exe
0x00007fff36470000 - 0x00007fff3661a000 	C:\Windows\SYSTEM32\ntdll.dll
0x00007fff34190000 - 0x00007fff342ca000 	C:\Windows\system32\KERNEL32.DLL
0x00007fff338b0000 - 0x00007fff339bf000 	C:\Windows\system32\KERNELBASE.dll
0x00007fff32410000 - 0x00007fff32498000 	C:\Windows\system32\apphelp.dll
0x00007fff11c30000 - 0x00007fff11c7f000 	C:\Windows\AppPatch\AppPatch64\AcGenral.DLL
0x00007fff34310000 - 0x00007fff343b7000 	C:\Windows\system32\msvcrt.dll
0x00007fff335c0000 - 0x00007fff335eb000 	C:\Windows\SYSTEM32\SspiCli.dll
0x00007fff34420000 - 0x00007fff34471000 	C:\Windows\system32\SHLWAPI.dll
0x00007fff34c30000 - 0x00007fff34da1000 	C:\Windows\system32\USER32.dll
0x00007fff33e00000 - 0x00007fff33f78000 	C:\Windows\system32\ole32.dll
0x00007fff34db0000 - 0x00007fff361c7000 	C:\Windows\system32\SHELL32.dll
0x00007fff32df0000 - 0x00007fff32e0e000 	C:\Windows\SYSTEM32\USERENV.dll
0x00007fff34a50000 - 0x00007fff34af5000 	C:\Windows\system32\ADVAPI32.dll
0x00007fff2cb20000 - 0x00007fff2cb3b000 	C:\Windows\SYSTEM32\MPR.dll
0x00007fff361d0000 - 0x00007fff36306000 	C:\Windows\system32\RPCRT4.dll
0x00007fff34b00000 - 0x00007fff34b57000 	C:\Windows\SYSTEM32\sechost.dll
0x00007fff34690000 - 0x00007fff34866000 	C:\Windows\SYSTEM32\combase.dll
0x00007fff34040000 - 0x00007fff34185000 	C:\Windows\system32\GDI32.dll
0x00007fff337e0000 - 0x00007fff337f4000 	C:\Windows\SYSTEM32\profapi.dll
0x00007fff320b0000 - 0x00007fff3214f000 	C:\Windows\SYSTEM32\SHCORE.dll
0x00007fff342d0000 - 0x00007fff34304000 	C:\Windows\system32\IMM32.DLL
0x00007fff36310000 - 0x00007fff36449000 	C:\Windows\system32\MSCTF.dll
0x00007fff31850000 - 0x00007fff31aaa000 	C:\Windows\WinSxS\amd64_microsoft.windows.common-controls_6595b64144ccf1df_6.0.9600.17031_none_6242a4b3ecbb55a1\COMCTL32.dll
0x0000000077d80000 - 0x0000000077e52000 	C:\Program Files\Java\jdk1.8.0_73\jre\bin\msvcr100.dll
0x0000000050100000 - 0x0000000050990000 	C:\Program Files\Java\jdk1.8.0_73\jre\bin\server\jvm.dll
0x00007fff2cc80000 - 0x00007fff2cc89000 	C:\Windows\SYSTEM32\WSOCK32.dll
0x00007fff30fa0000 - 0x00007fff30fbf000 	C:\Windows\SYSTEM32\WINMM.dll
0x00007fff30fc0000 - 0x00007fff30fca000 	C:\Windows\SYSTEM32\VERSION.dll
0x00007fff34b70000 - 0x00007fff34b77000 	C:\Windows\system32\PSAPI.DLL
0x00007fff343c0000 - 0x00007fff34418000 	C:\Windows\system32\WS2_32.dll
0x00007fff30f00000 - 0x00007fff30f2a000 	C:\Windows\SYSTEM32\WINMMBASE.dll
0x00007fff34b60000 - 0x00007fff34b69000 	C:\Windows\system32\NSI.dll
0x00007fff33ba0000 - 0x00007fff33bea000 	C:\Windows\SYSTEM32\cfgmgr32.dll
0x00007fff32660000 - 0x00007fff32686000 	C:\Windows\SYSTEM32\DEVOBJ.dll
0x00000000514c0000 - 0x00000000514cf000 	C:\Program Files\Java\jdk1.8.0_73\jre\bin\verify.dll
0x0000000051490000 - 0x00000000514b9000 	C:\Program Files\Java\jdk1.8.0_73\jre\bin\java.dll
0x0000000051470000 - 0x0000000051486000 	C:\Program Files\Java\jdk1.8.0_73\jre\bin\zip.dll

VM Arguments:
jvm_args: -Djava.awt.headless=true -Xmx1024M -Dfile.encoding=windows-1252 -Duser.country=US -Duser.language=en -Duser.variant 
java_command: com.android.dx.command.Main --dex --num-threads=4 --output C:\Users\Robertus Pamungkas\Desktop\ProjectPam16v1\app\build\intermediates\pre-dexed\debug\com.android.support-support-vector-drawable-24.2.1_c442d2962bf46dcf901ada830ff3c99d5d69ceb5.jar C:\Users\Robertus Pamungkas\Desktop\ProjectPam16v1\app\build\intermediates\exploded-aar\com.android.support\support-vector-drawable\24.2.1\jars\classes.jar
java_class_path (initial): H:\Kuliah\Semester 5\PAM 2016\sdk\build-tools\25.0.0\lib\dx.jar
Launcher Type: SUN_STANDARD

Environment Variables:
PATH=C:\ProgramData\Oracle\Java\javapath;C:\Windows\system32;C:\Windows;C:\Windows\System32\Wbem;C:\Windows\System32\WindowsPowerShell\v1.0\;C:\Program Files (x86)\AMD\ATI.ACE\Core-Static;C:\Program Files\Microsoft\Web Platform Installer\;C:\Program Files (x86)\Microsoft ASP.NET\ASP.NET Web Pages\v1.0\;C:\Program Files (x86)\Windows Kits\8.0\Windows Performance Toolkit\;C:\Program Files\Microsoft SQL Server\110\Tools\Binn\;C:\Program Files\Microsoft SQL Server\110\DTS\Binn\;C:\Program Files (x86)\Microsoft SQL Server\110\Tools\Binn\ManagementStudio\;C:\Program Files (x86)\Microsoft SQL Server\110\Tools\Binn\;C:\Program Files (x86)\Microsoft Visual Studio 10.0\Common7\IDE\PrivateAssemblies\;C:\Program Files (x86)\Microsoft SQL Server\110\DTS\Binn\
USERNAME=Robertus Pamungkas
OS=Windows_NT
PROCESSOR_IDENTIFIER=AMD64 Family 16 Model 4 Stepping 3, AuthenticAMD



---------------  S Y S T E M  ---------------

OS: Windows 8.1 , 64 bit Build 9600 (6.3.9600.17056)

CPU:total 4 (4 cores per cpu, 1 threads per core) family 16 model 4 stepping 3, cmov, cx8, fxsr, mmx, sse, sse2, sse3, popcnt, mmxext, 3dnowpref, lzcnt, sse4a, tsc, tscinvbit, tscinv

Memory: 4k page, physical 8387700k(2047588k free), swap 8387700k(5276k free)

vm_info: Java HotSpot(TM) 64-Bit Server VM (25.73-b02) for windows-amd64 JRE (1.8.0_73-b02), built on Jan 29 2016 17:38:49 by "java_re" with MS VC++ 10.0 (VS2010)

time: Thu Dec 01 02:32:49 2016
elapsed time: 2 seconds (0d 0h 0m 2s)

