#
# There is insufficient memory for the Java Runtime Environment to continue.
# Native memory allocation (malloc) failed to allocate 722976 bytes for Chunk::new
# Possible reasons:
#   The system is out of physical RAM or swap space
#   In 32 bit mode, the process size limit was hit
# Possible solutions:
#   Reduce memory load on the system
#   Increase physical memory or swap space
#   Check if swap backing store is full
#   Use 64 bit Java on a 64 bit OS
#   Decrease Java heap size (-Xmx/-Xms)
#   Decrease number of Java threads
#   Decrease Java thread stack sizes (-Xss)
#   Set larger code cache with -XX:ReservedCodeCacheSize=
# This output file may be truncated or incomplete.
#
#  Out of Memory Error (allocation.cpp:390), pid=6988, tid=5272
#
# JRE version: Java(TM) SE Runtime Environment (8.0_73-b02) (build 1.8.0_73-b02)
# Java VM: Java HotSpot(TM) 64-Bit Server VM (25.73-b02 mixed mode windows-amd64 compressed oops)
# Failed to write core dump. Minidumps are not enabled by default on client versions of Windows
#

---------------  T H R E A D  ---------------

Current thread (0x0000000014fbb000):  JavaThread "C2 CompilerThread0" daemon [_thread_in_native, id=5272, stack(0x0000000016670000,0x0000000016770000)]

Stack: [0x0000000016670000,0x0000000016770000]
[error occurred during error reporting (printing stack bounds), id 0xc0000005]

Native frames: (J=compiled Java code, j=interpreted, Vv=VM code, C=native code)


Current CompileTask:
C2:   1828 1212       4       com.android.dx.ssa.SCCP::simulateBranch (666 bytes)


---------------  P R O C E S S  ---------------

Java Threads: ( => current thread )
  0x0000000016c70800 JavaThread "pool-1-thread-4" [_thread_in_Java, id=2624, stack(0x0000000017370000,0x0000000017470000)]
  0x0000000016c6f800 JavaThread "pool-1-thread-3" [_thread_blocked, id=3560, stack(0x0000000017270000,0x0000000017370000)]
  0x0000000016c65000 JavaThread "pool-1-thread-2" [_thread_in_Java, id=6692, stack(0x0000000017170000,0x0000000017270000)]
  0x0000000016c1d000 JavaThread "pool-2-thread-1" [_thread_blocked, id=5724, stack(0x0000000017070000,0x0000000017170000)]
  0x0000000016c13000 JavaThread "pool-1-thread-1" [_thread_in_vm, id=5560, stack(0x0000000016f70000,0x0000000017070000)]
  0x0000000016973800 JavaThread "Service Thread" daemon [_thread_blocked, id=3832, stack(0x0000000016d70000,0x0000000016e70000)]
  0x000000001501c000 JavaThread "C1 CompilerThread2" daemon [_thread_in_native, id=2200, stack(0x0000000016870000,0x0000000016970000)]
  0x0000000015016000 JavaThread "C2 CompilerThread1" daemon [_thread_in_native, id=5280, stack(0x0000000016770000,0x0000000016870000)]
=>0x0000000014fbb000 JavaThread "C2 CompilerThread0" daemon [_thread_in_native, id=5272, stack(0x0000000016670000,0x0000000016770000)]
  0x0000000014fb9800 JavaThread "Attach Listener" daemon [_thread_blocked, id=4888, stack(0x0000000016570000,0x0000000016670000)]
  0x0000000014fb8000 JavaThread "Signal Dispatcher" daemon [_thread_blocked, id=4696, stack(0x0000000016470000,0x0000000016570000)]
  0x0000000002806000 JavaThread "Finalizer" daemon [_thread_blocked, id=2884, stack(0x0000000016220000,0x0000000016320000)]
  0x00000000027fd000 JavaThread "Reference Handler" daemon [_thread_blocked, id=3972, stack(0x0000000016120000,0x0000000016220000)]
  0x0000000002711000 JavaThread "main" [_thread_blocked, id=4776, stack(0x00000000025b0000,0x00000000026b0000)]

Other Threads:
  0x0000000014f88000 VMThread [stack: 0x0000000016020000,0x0000000016120000] [id=2408]
  0x0000000016976800 WatcherThread [stack: 0x0000000016e70000,0x0000000016f70000] [id=5340]

VM state:not at safepoint (normal execution)

VM Mutex/Monitor currently owned by a thread: None

Heap:
 PSYoungGen      total 38400K, used 31330K [0x00000000eab00000, 0x00000000ed580000, 0x0000000100000000)
  eden space 33280K, 94% used [0x00000000eab00000,0x00000000ec998810,0x00000000ecb80000)
  from space 5120K, 0% used [0x00000000ed080000,0x00000000ed080000,0x00000000ed580000)
  to   space 5120K, 0% used [0x00000000ecb80000,0x00000000ecb80000,0x00000000ed080000)
 ParOldGen       total 87552K, used 0K [0x00000000c0000000, 0x00000000c5580000, 0x00000000eab00000)
  object space 87552K, 0% used [0x00000000c0000000,0x00000000c0000000,0x00000000c5580000)
 Metaspace       used 5994K, capacity 6960K, committed 7040K, reserved 1056768K
  class space    used 597K, capacity 616K, committed 640K, reserved 1048576K

Card table byte_map: [0x0000000011cb0000,0x0000000011ec0000] byte_map_base: 0x00000000116b0000

Marking Bits: (ParMarkBitMap*) 0x000000005f7b0600
 Begin Bits: [0x0000000012420000, 0x0000000013420000)
 End Bits:   [0x0000000013420000, 0x0000000014420000)

Polling page: 0x0000000000d60000

CodeCache: size=245760Kb used=5008Kb max_used=5008Kb free=240751Kb
 bounds [0x00000000028f0000, 0x0000000002de0000, 0x00000000118f0000]
 total_blobs=1512 nmethods=1245 adapters=181
 compilation: enabled

Compilation events (10 events):
Event: 1.821 Thread 0x000000001501c000 1247       3       com.android.dx.rop.annotation.Annotation::<init> (54 bytes)
Event: 1.822 Thread 0x000000001501c000 nmethod 1247 0x0000000002dd0b10 code [0x0000000002dd0cc0, 0x0000000002dd1278]
Event: 1.822 Thread 0x000000001501c000 1248       3       java.io.FilterInputStream::available (8 bytes)
Event: 1.822 Thread 0x000000001501c000 nmethod 1248 0x0000000002dd1510 code [0x0000000002dd1680, 0x0000000002dd18a8]
Event: 1.822 Thread 0x000000001501c000 1249       3       com.android.dx.util.ByteArray$MyInputStream::available (13 bytes)
Event: 1.822 Thread 0x000000001501c000 nmethod 1249 0x0000000002dd1950 code [0x0000000002dd1aa0, 0x0000000002dd1c10]
Event: 1.822 Thread 0x000000001501c000 1250       3       com.android.dx.rop.type.Prototype::makeParameterArray (131 bytes)
Event: 1.823 Thread 0x000000001501c000 nmethod 1250 0x0000000002dd1cd0 code [0x0000000002dd1f00, 0x0000000002dd2ad8]
Event: 1.823 Thread 0x000000001501c000 1251   !   3       com.android.dx.cf.direct.AttributeListParser::parse (323 bytes)
Event: 1.825 Thread 0x000000001501c000 nmethod 1251 0x0000000002dd3050 code [0x0000000002dd35a0, 0x0000000002dd6ce8]

GC Heap History (0 events):
No events

Deoptimization events (6 events):
Event: 0.832 Thread 0x0000000002711000 Uncommon trap: reason=unstable_if action=reinterpret pc=0x0000000002b1aaf0 method=java.util.BitSet.nextSetBit(I)I @ 87
Event: 0.834 Thread 0x0000000002711000 Uncommon trap: reason=unstable_if action=reinterpret pc=0x0000000002b22214 method=java.util.HashMap.getNode(ILjava/lang/Object;)Ljava/util/HashMap$Node; @ 62
Event: 1.024 Thread 0x0000000016c13000 Uncommon trap: reason=unstable_if action=reinterpret pc=0x0000000002b6ddbc method=com.android.dx.rop.code.RegisterSpec.equals(ILcom/android/dx/rop/type/TypeBearer;Lcom/android/dx/rop/code/LocalItem;)Z @ 16
Event: 1.024 Thread 0x0000000016c13000 Uncommon trap: reason=unstable_if action=reinterpret pc=0x0000000002b2540c method=java.util.HashMap.getNode(ILjava/lang/Object;)Ljava/util/HashMap$Node; @ 62
Event: 1.147 Thread 0x0000000002711000 Uncommon trap: reason=unstable_if action=reinterpret pc=0x0000000002c2489c method=java.util.BitSet.ensureCapacity(I)V @ 6
Event: 1.194 Thread 0x0000000002711000 Uncommon trap: reason=null_check action=make_not_entrant pc=0x0000000002c245d0 method=com.android.dx.rop.type.Type.equals(Ljava/lang/Object;)Z @ 8

Internal exceptions (3 events):
Event: 0.071 Thread 0x0000000002711000 Exception <a 'java/lang/NoSuchMethodError': Method sun.misc.Unsafe.defineClass(Ljava/lang/String;[BII)Ljava/lang/Class; name or signature does not match> (0x00000000eab0d7c0) thrown at [D:\re\puppet\workspace\8-2-build-windows-amd64-cygwin\jdk8u73\6086\hot¸~ªí¬²?
Event: 0.071 Thread 0x0000000002711000 Exception <a 'java/lang/NoSuchMethodError': Method sun.misc.Unsafe.prefetchRead(Ljava/lang/Object;J)V name or signature does not match> (0x00000000eab0daa8) thrown at [D:\re\puppet\workspace\8-2-build-windows-amd64-cygwin\jdk8u73\6086\hotspot\src\share\vm\ç³ºó?
Event: 1.194 Thread 0x0000000002711000 Implicit null exception at 0x0000000002c24522 to 0x0000000002c245c1

Events (10 events):
Event: 1.191 loading class com/android/dx/cf/code/Ropper$ExceptionHandlerSetup done
Event: 1.194 Thread 0x0000000002711000 Uncommon trap: trap_request=0xfffffff4 fr.pc=0x0000000002c245d0
Event: 1.194 Thread 0x0000000002711000 DEOPT PACKING pc=0x0000000002c245d0 sp=0x00000000026addc0
Event: 1.194 Thread 0x0000000002711000 DEOPT UNPACKING pc=0x000000000293582a sp=0x00000000026add58 mode 2
Event: 1.194 loading class java/util/HashMap$Values
Event: 1.194 loading class java/util/HashMap$Values done
Event: 1.194 loading class java/util/HashMap$ValueIterator
Event: 1.194 loading class java/util/HashMap$ValueIterator done
Event: 1.425 Executing VM operation: ForceSafepoint
Event: 1.540 Executing VM operation: ForceSafepoint done


Dynamic libraries:
0x00007ff7089c0000 - 0x00007ff7089f7000 	C:\Program Files\Java\jdk1.8.0_73\bin\java.exe
0x00007ffd2a170000 - 0x00007ffd2a31a000 	C:\Windows\SYSTEM32\ntdll.dll
0x00007ffd27ac0000 - 0x00007ffd27bfa000 	C:\Windows\system32\KERNEL32.DLL
0x00007ffd27660000 - 0x00007ffd2776f000 	C:\Windows\system32\KERNELBASE.dll
0x00007ffd26110000 - 0x00007ffd26198000 	C:\Windows\system32\apphelp.dll
0x00007ffd10c20000 - 0x00007ffd10c6f000 	C:\Windows\AppPatch\AppPatch64\AcGenral.DLL
0x00007ffd29e40000 - 0x00007ffd29ee7000 	C:\Windows\system32\msvcrt.dll
0x00007ffd272c0000 - 0x00007ffd272eb000 	C:\Windows\SYSTEM32\SspiCli.dll
0x00007ffd29de0000 - 0x00007ffd29e31000 	C:\Windows\system32\SHLWAPI.dll
0x00007ffd29720000 - 0x00007ffd29891000 	C:\Windows\system32\USER32.dll
0x00007ffd29ab0000 - 0x00007ffd29c28000 	C:\Windows\system32\ole32.dll
0x00007ffd28040000 - 0x00007ffd29457000 	C:\Windows\system32\SHELL32.dll
0x00007ffd26af0000 - 0x00007ffd26b0e000 	C:\Windows\SYSTEM32\USERENV.dll
0x00007ffd27e80000 - 0x00007ffd27f25000 	C:\Windows\system32\ADVAPI32.dll
0x00007ffd206f0000 - 0x00007ffd2070b000 	C:\Windows\SYSTEM32\MPR.dll
0x00007ffd27c00000 - 0x00007ffd27d36000 	C:\Windows\system32\RPCRT4.dll
0x00007ffd29d80000 - 0x00007ffd29dd7000 	C:\Windows\SYSTEM32\sechost.dll
0x00007ffd298d0000 - 0x00007ffd29aa6000 	C:\Windows\SYSTEM32\combase.dll
0x00007ffd29c30000 - 0x00007ffd29d75000 	C:\Windows\system32\GDI32.dll
0x00007ffd27490000 - 0x00007ffd274a4000 	C:\Windows\SYSTEM32\profapi.dll
0x00007ffd25b00000 - 0x00007ffd25b9f000 	C:\Windows\SYSTEM32\SHCORE.dll
0x00007ffd27fa0000 - 0x00007ffd27fd4000 	C:\Windows\system32\IMM32.DLL
0x00007ffd27d40000 - 0x00007ffd27e79000 	C:\Windows\system32\MSCTF.dll
0x00007ffd25190000 - 0x00007ffd253ea000 	C:\Windows\WinSxS\amd64_microsoft.windows.common-controls_6595b64144ccf1df_6.0.9600.17031_none_6242a4b3ecbb55a1\COMCTL32.dll
0x0000000060180000 - 0x0000000060252000 	C:\Program Files\Java\jdk1.8.0_73\jre\bin\msvcr100.dll
0x000000005efa0000 - 0x000000005f830000 	C:\Program Files\Java\jdk1.8.0_73\jre\bin\server\jvm.dll
0x00007ffd1de80000 - 0x00007ffd1de89000 	C:\Windows\SYSTEM32\WSOCK32.dll
0x00007ffd24f80000 - 0x00007ffd24f9f000 	C:\Windows\SYSTEM32\WINMM.dll
0x00007ffd24fa0000 - 0x00007ffd24faa000 	C:\Windows\SYSTEM32\VERSION.dll
0x00007ffd298a0000 - 0x00007ffd298a7000 	C:\Windows\system32\PSAPI.DLL
0x00007ffd27f30000 - 0x00007ffd27f88000 	C:\Windows\system32\WS2_32.dll
0x00007ffd24b30000 - 0x00007ffd24b5a000 	C:\Windows\SYSTEM32\WINMMBASE.dll
0x00007ffd27aa0000 - 0x00007ffd27aa9000 	C:\Windows\system32\NSI.dll
0x00007ffd27770000 - 0x00007ffd277ba000 	C:\Windows\SYSTEM32\cfgmgr32.dll
0x00007ffd26360000 - 0x00007ffd26386000 	C:\Windows\SYSTEM32\DEVOBJ.dll
0x00000000617a0000 - 0x00000000617af000 	C:\Program Files\Java\jdk1.8.0_73\jre\bin\verify.dll
0x0000000060ae0000 - 0x0000000060b09000 	C:\Program Files\Java\jdk1.8.0_73\jre\bin\java.dll
0x0000000061780000 - 0x0000000061796000 	C:\Program Files\Java\jdk1.8.0_73\jre\bin\zip.dll

VM Arguments:
jvm_args: -Djava.awt.headless=true -Xmx1024M -Dfile.encoding=windows-1252 -Duser.country=US -Duser.language=en -Duser.variant 
java_command: com.android.dx.command.Main --dex --force-jumbo --num-threads=4 --output C:\Users\Robertus Pamungkas\Desktop\ProjectPam16v1\app\build\intermediates\pre-dexed\debug\com.google.firebase-firebase-auth-9.8.0_80dd0fc7f886be07fb560cf3e4095a35e02cd68d.jar C:\Users\Robertus Pamungkas\Desktop\ProjectPam16v1\app\build\intermediates\exploded-aar\com.google.firebase\firebase-auth\9.8.0\jars\classes.jar
java_class_path (initial): H:\Kuliah\Semester 5\PAM 2016\sdk\build-tools\25.0.0\lib\dx.jar
Launcher Type: SUN_STANDARD

Environment Variables:
PATH=C:\ProgramData\Oracle\Java\javapath;C:\Windows\system32;C:\Windows;C:\Windows\System32\Wbem;C:\Windows\System32\WindowsPowerShell\v1.0\;C:\Program Files (x86)\AMD\ATI.ACE\Core-Static;C:\Program Files\Microsoft\Web Platform Installer\;C:\Program Files (x86)\Microsoft ASP.NET\ASP.NET Web Pages\v1.0\;C:\Program Files (x86)\Windows Kits\8.0\Windows Performance Toolkit\;C:\Program Files\Microsoft SQL Server\110\Tools\Binn\;C:\Program Files\Microsoft SQL Server\110\DTS\Binn\;C:\Program Files (x86)\Microsoft SQL Server\110\Tools\Binn\ManagementStudio\;C:\Program Files (x86)\Microsoft SQL Server\110\Tools\Binn\;C:\Program Files (x86)\Microsoft Visual Studio 10.0\Common7\IDE\PrivateAssemblies\;C:\Program Files (x86)\Microsoft SQL Server\110\DTS\Binn\
USERNAME=Robertus Pamungkas
OS=Windows_NT
PROCESSOR_IDENTIFIER=AMD64 Family 16 Model 4 Stepping 3, AuthenticAMD



---------------  S Y S T E M  ---------------

OS: Windows 8.1 , 64 bit Build 9600 (6.3.9600.17056)

CPU:total 4 (4 cores per cpu, 1 threads per core) family 16 model 4 stepping 3, cmov, cx8, fxsr, mmx, sse, sse2, sse3, popcnt, mmxext, 3dnowpref, lzcnt, sse4a, tsc, tscinvbit, tscinv

Memory: 4k page, physical 8387700k(2814728k free), swap 8387700k(5492k free)

vm_info: Java HotSpot(TM) 64-Bit Server VM (25.73-b02) for windows-amd64 JRE (1.8.0_73-b02), built on Jan 29 2016 17:38:49 by "java_re" with MS VC++ 10.0 (VS2010)

time: Wed Nov 30 22:41:50 2016
elapsed time: 1 seconds (0d 0h 0m 1s)

