#
# There is insufficient memory for the Java Runtime Environment to continue.
# Native memory allocation (malloc) failed to allocate 1863376 bytes for Chunk::new
# Possible reasons:
#   The system is out of physical RAM or swap space
#   In 32 bit mode, the process size limit was hit
# Possible solutions:
#   Reduce memory load on the system
#   Increase physical memory or swap space
#   Check if swap backing store is full
#   Use 64 bit Java on a 64 bit OS
#   Decrease Java heap size (-Xmx/-Xms)
#   Decrease number of Java threads
#   Decrease Java thread stack sizes (-Xss)
#   Set larger code cache with -XX:ReservedCodeCacheSize=
# This output file may be truncated or incomplete.
#
#  Out of Memory Error (allocation.cpp:390), pid=7240, tid=7696
#
# JRE version: Java(TM) SE Runtime Environment (8.0_73-b02) (build 1.8.0_73-b02)
# Java VM: Java HotSpot(TM) 64-Bit Server VM (25.73-b02 mixed mode windows-amd64 compressed oops)
# Failed to write core dump. Minidumps are not enabled by default on client versions of Windows
#

---------------  T H R E A D  ---------------

Current thread (0x0000000015476800):  JavaThread "C2 CompilerThread1" daemon [_thread_in_native, id=7696, stack(0x0000000016bd0000,0x0000000016cd0000)]

Stack: [0x0000000016bd0000,0x0000000016cd0000]
[error occurred during error reporting (printing stack bounds), id 0xc0000005]

Native frames: (J=compiled Java code, j=interpreted, Vv=VM code, C=native code)


Current CompileTask:
C2:   3237 1569   !   4       com.android.dx.cf.code.BytecodeArray::parseInstruction (2764 bytes)


---------------  P R O C E S S  ---------------

Java Threads: ( => current thread )
  0x0000000016f56000 JavaThread "pool-1-thread-4" [_thread_blocked, id=7772, stack(0x00000000177d0000,0x00000000178d0000)]
  0x0000000016f55000 JavaThread "pool-1-thread-3" [_thread_in_Java, id=7768, stack(0x00000000176d0000,0x00000000177d0000)]
  0x0000000016f8e800 JavaThread "pool-1-thread-2" [_thread_blocked, id=7764, stack(0x00000000175d0000,0x00000000176d0000)]
  0x0000000016f8a800 JavaThread "pool-2-thread-1" [_thread_in_vm, id=7760, stack(0x00000000174d0000,0x00000000175d0000)]
  0x0000000016fba000 JavaThread "pool-1-thread-1" [_thread_blocked, id=7756, stack(0x00000000173d0000,0x00000000174d0000)]
  0x0000000016cdb000 JavaThread "Service Thread" daemon [_thread_blocked, id=7716, stack(0x00000000171d0000,0x00000000172d0000)]
  0x0000000016cd8800 JavaThread "C1 CompilerThread2" daemon [_thread_blocked, id=7704, stack(0x00000000170d0000,0x00000000171d0000)]
=>0x0000000015476800 JavaThread "C2 CompilerThread1" daemon [_thread_in_native, id=7696, stack(0x0000000016bd0000,0x0000000016cd0000)]
  0x000000001541a000 JavaThread "C2 CompilerThread0" daemon [_thread_in_native, id=7676, stack(0x0000000016ad0000,0x0000000016bd0000)]
  0x0000000015418800 JavaThread "Attach Listener" daemon [_thread_blocked, id=7672, stack(0x00000000169d0000,0x0000000016ad0000)]
  0x0000000015417000 JavaThread "Signal Dispatcher" daemon [_thread_blocked, id=7668, stack(0x00000000168d0000,0x00000000169d0000)]
  0x0000000002d46000 JavaThread "Finalizer" daemon [_thread_blocked, id=7628, stack(0x0000000016680000,0x0000000016780000)]
  0x0000000002d3d000 JavaThread "Reference Handler" daemon [_thread_blocked, id=7624, stack(0x0000000016580000,0x0000000016680000)]
  0x0000000002c51000 JavaThread "main" [_thread_blocked, id=7552, stack(0x0000000002a90000,0x0000000002b90000)]

Other Threads:
  0x00000000153e7800 VMThread [stack: 0x0000000016480000,0x0000000016580000] [id=7612]
  0x0000000016cdf000 WatcherThread [stack: 0x00000000172d0000,0x00000000173d0000] [id=7744]

VM state:not at safepoint (normal execution)

VM Mutex/Monitor currently owned by a thread: None

Heap:
 PSYoungGen      total 71680K, used 18779K [0x00000000eab00000, 0x00000000ef600000, 0x0000000100000000)
  eden space 66560K, 20% used [0x00000000eab00000,0x00000000eb85d318,0x00000000eec00000)
  from space 5120K, 99% used [0x00000000ef100000,0x00000000ef5f9c98,0x00000000ef600000)
  to   space 5120K, 0% used [0x00000000eec00000,0x00000000eec00000,0x00000000ef100000)
 ParOldGen       total 87552K, used 6079K [0x00000000c0000000, 0x00000000c5580000, 0x00000000eab00000)
  object space 87552K, 6% used [0x00000000c0000000,0x00000000c05efca8,0x00000000c5580000)
 Metaspace       used 6254K, capacity 7088K, committed 7296K, reserved 1056768K
  class space    used 600K, capacity 616K, committed 640K, reserved 1048576K

Card table byte_map: [0x0000000012110000,0x0000000012320000] byte_map_base: 0x0000000011b10000

Marking Bits: (ParMarkBitMap*) 0x0000000050910600
 Begin Bits: [0x0000000012880000, 0x0000000013880000)
 End Bits:   [0x0000000013880000, 0x0000000014880000)

Polling page: 0x00000000012e0000

CodeCache: size=245760Kb used=7279Kb max_used=7279Kb free=238480Kb
 bounds [0x0000000002d50000, 0x0000000003480000, 0x0000000011d50000]
 total_blobs=1957 nmethods=1689 adapters=182
 compilation: enabled

Compilation events (10 events):
Event: 3.210 Thread 0x0000000016cd8800 1698       3       java.util.concurrent.locks.AbstractQueuedSynchronizer$Node::predecessor (19 bytes)
Event: 3.210 Thread 0x0000000016cd8800 nmethod 1698 0x0000000003469b10 code [0x0000000003469c80, 0x0000000003469ec8]
Event: 3.215 Thread 0x0000000016cd8800 1699       3       com.android.dx.rop.cst.CstArray$List::<init> (6 bytes)
Event: 3.215 Thread 0x0000000016cd8800 nmethod 1699 0x0000000003469f90 code [0x000000000346a100, 0x000000000346a288]
Event: 3.215 Thread 0x0000000016cd8800 1700       3       com.android.dx.rop.cst.CstArray::<init> (28 bytes)
Event: 3.216 Thread 0x0000000016cd8800 nmethod 1700 0x000000000346a310 code [0x000000000346a4c0, 0x000000000346a9d8]
Event: 3.220 Thread 0x0000000016cd8800 1701       3       com.android.dx.rop.type.Type::getComponentType (70 bytes)
Event: 3.221 Thread 0x0000000016cd8800 nmethod 1701 0x000000000346ac10 code [0x000000000346ae20, 0x000000000346b948]
Event: 3.229 Thread 0x0000000016cd8800 1702       3       com.android.dx.ssa.SCCP::simulateBranch (666 bytes)
Event: 3.232 Thread 0x0000000016cd8800 nmethod 1702 0x000000000346be10 code [0x000000000346c2c0, 0x000000000346fe78]

GC Heap History (4 events):
Event: 1.764 GC heap before
{Heap before GC invocations=1 (full 0):
 PSYoungGen      total 38400K, used 33280K [0x00000000eab00000, 0x00000000ed580000, 0x0000000100000000)
  eden space 33280K, 100% used [0x00000000eab00000,0x00000000ecb80000,0x00000000ecb80000)
  from space 5120K, 0% used [0x00000000ed080000,0x00000000ed080000,0x00000000ed580000)
  to   space 5120K, 0% used [0x00000000ecb80000,0x00000000ecb80000,0x00000000ed080000)
 ParOldGen       total 87552K, used 0K [0x00000000c0000000, 0x00000000c5580000, 0x00000000eab00000)
  object space 87552K, 0% used [0x00000000c0000000,0x00000000c0000000,0x00000000c5580000)
 Metaspace       used 6036K, capacity 6960K, committed 7040K, reserved 1056768K
  class space    used 598K, capacity 616K, committed 640K, reserved 1048576K
Event: 1.989 GC heap after
Heap after GC invocations=1 (full 0):
 PSYoungGen      total 38400K, used 5088K [0x00000000eab00000, 0x00000000ef600000, 0x0000000100000000)
  eden space 33280K, 0% used [0x00000000eab00000,0x00000000eab00000,0x00000000ecb80000)
  from space 5120K, 99% used [0x00000000ecb80000,0x00000000ed078088,0x00000000ed080000)
  to   space 5120K, 0% used [0x00000000ef100000,0x00000000ef100000,0x00000000ef600000)
 ParOldGen       total 87552K, used 1288K [0x00000000c0000000, 0x00000000c5580000, 0x00000000eab00000)
  object space 87552K, 1% used [0x00000000c0000000,0x00000000c01421f8,0x00000000c5580000)
 Metaspace       used 6036K, capacity 6960K, committed 7040K, reserved 1056768K
  class space    used 598K, capacity 616K, committed 640K, reserved 1048576K
}
Event: 3.004 GC heap before
{Heap before GC invocations=2 (full 0):
 PSYoungGen      total 38400K, used 38368K [0x00000000eab00000, 0x00000000ef600000, 0x0000000100000000)
  eden space 33280K, 100% used [0x00000000eab00000,0x00000000ecb80000,0x00000000ecb80000)
  from space 5120K, 99% used [0x00000000ecb80000,0x00000000ed078088,0x00000000ed080000)
  to   space 5120K, 0% used [0x00000000ef100000,0x00000000ef100000,0x00000000ef600000)
 ParOldGen       total 87552K, used 1288K [0x00000000c0000000, 0x00000000c5580000, 0x00000000eab00000)
  object space 87552K, 1% used [0x00000000c0000000,0x00000000c01421f8,0x00000000c5580000)
 Metaspace       used 6204K, capacity 7088K, committed 7296K, reserved 1056768K
  class space    used 600K, capacity 616K, committed 640K, reserved 1048576K
Event: 3.062 GC heap after
Heap after GC invocations=2 (full 0):
 PSYoungGen      total 71680K, used 5095K [0x00000000eab00000, 0x00000000ef600000, 0x0000000100000000)
  eden space 66560K, 0% used [0x00000000eab00000,0x00000000eab00000,0x00000000eec00000)
  from space 5120K, 99% used [0x00000000ef100000,0x00000000ef5f9c98,0x00000000ef600000)
  to   space 5120K, 0% used [0x00000000eec00000,0x00000000eec00000,0x00000000ef100000)
 ParOldGen       total 87552K, used 6079K [0x00000000c0000000, 0x00000000c5580000, 0x00000000eab00000)
  object space 87552K, 6% used [0x00000000c0000000,0x00000000c05efca8,0x00000000c5580000)
 Metaspace       used 6204K, capacity 7088K, committed 7296K, reserved 1056768K
  class space    used 600K, capacity 616K, committed 640K, reserved 1048576K
}

Deoptimization events (10 events):
Event: 1.485 Thread 0x0000000016f56000 Uncommon trap: reason=null_check action=make_not_entrant pc=0x000000000312075c method=com.android.dx.ssa.SsaRenamer.getLocalForNewReg(I)Lcom/android/dx/rop/code/LocalItem; @ 19
Event: 1.729 Thread 0x0000000016fba000 Uncommon trap: reason=unstable_if action=reinterpret pc=0x0000000003190cdc method=com.android.dx.rop.cst.Constant.compareTo(Lcom/android/dx/rop/cst/Constant;)I @ 12
Event: 1.736 Thread 0x0000000016f55000 Uncommon trap: reason=unstable_if action=reinterpret pc=0x000000000315361c method=com.android.dx.ssa.SsaMethod.updateOneDefinition(Lcom/android/dx/ssa/SsaInsn;Lcom/android/dx/rop/code/RegisterSpec;)V @ 4
Event: 1.761 Thread 0x0000000016f8e800 Uncommon trap: reason=unstable_if action=reinterpret pc=0x00000000032627a4 method=com.android.dx.cf.code.BytecodeArray.parseInstruction(ILcom/android/dx/cf/code/BytecodeArray$Visitor;)I @ 1198
Event: 2.388 Thread 0x0000000016fba000 Uncommon trap: reason=bimorphic action=maybe_recompile pc=0x0000000003325764 method=com.android.dx.ssa.SCCP.setLatticeValueTo(IILcom/android/dx/rop/cst/Constant;)Z @ 43
Event: 2.388 Thread 0x0000000016fba000 Uncommon trap: reason=bimorphic action=maybe_recompile pc=0x0000000003325764 method=com.android.dx.ssa.SCCP.setLatticeValueTo(IILcom/android/dx/rop/cst/Constant;)Z @ 43
Event: 2.389 Thread 0x0000000016fba000 Uncommon trap: reason=bimorphic action=maybe_recompile pc=0x0000000003325764 method=com.android.dx.ssa.SCCP.setLatticeValueTo(IILcom/android/dx/rop/cst/Constant;)Z @ 43
Event: 2.389 Thread 0x0000000016fba000 Uncommon trap: reason=bimorphic action=maybe_recompile pc=0x0000000003325764 method=com.android.dx.ssa.SCCP.setLatticeValueTo(IILcom/android/dx/rop/cst/Constant;)Z @ 43
Event: 3.063 Thread 0x0000000016f8e800 Uncommon trap: reason=unstable_if action=reinterpret pc=0x000000000324c44c method=com.android.dx.ssa.SCCP.simulateStmt(Lcom/android/dx/ssa/SsaInsn;)V @ 53
Event: 3.227 Thread 0x0000000016f55000 Uncommon trap: reason=unstable_if action=reinterpret pc=0x0000000003307e7c method=com.android.dx.ssa.SCCP.simulateBranch(Lcom/android/dx/ssa/SsaInsn;)V @ 64

Internal exceptions (4 events):
Event: 0.060 Thread 0x0000000002c51000 Exception <a 'java/lang/NoSuchMethodError': Method sun.misc.Unsafe.defineClass(Ljava/lang/String;[BII)Ljava/lang/Class; name or signature does not match> (0x00000000eab0d4d0) thrown at [D:\re\puppet\workspace\8-2-build-windows-amd64-cygwin\jdk8u73\6086\hotÕ°è€ﬁ˜Æ?
Event: 0.060 Thread 0x0000000002c51000 Exception <a 'java/lang/NoSuchMethodError': Method sun.misc.Unsafe.prefetchRead(Ljava/lang/Object;J)V name or signature does not match> (0x00000000eab0d7b8) thrown at [D:\re\puppet\workspace\8-2-build-windows-amd64-cygwin\jdk8u73\6086\hotspot\src\share\vm\I‚`ó˜?
Event: 1.443 Thread 0x0000000016f56000 Implicit null exception at 0x00000000031c1062 to 0x00000000031c1101
Event: 1.485 Thread 0x0000000016f56000 Implicit null exception at 0x000000000311f9e9 to 0x0000000003120741

Events (10 events):
Event: 2.402 loading class com/android/dx/cf/code/SwitchList
Event: 2.402 loading class com/android/dx/cf/code/SwitchList done
Event: 2.978 Executing VM operation: ParallelGCFailedAllocation
Event: 3.062 Executing VM operation: ParallelGCFailedAllocation done
Event: 3.063 Thread 0x0000000016f8e800 Uncommon trap: trap_request=0xffffff65 fr.pc=0x000000000324c44c
Event: 3.063 Thread 0x0000000016f8e800 DEOPT PACKING pc=0x000000000324c44c sp=0x00000000176cec30
Event: 3.063 Thread 0x0000000016f8e800 DEOPT UNPACKING pc=0x0000000002d9582a sp=0x00000000176cec08 mode 2
Event: 3.226 Thread 0x0000000016f55000 Uncommon trap: trap_request=0xffffff65 fr.pc=0x0000000003307e7c
Event: 3.227 Thread 0x0000000016f55000 DEOPT PACKING pc=0x0000000003307e7c sp=0x00000000177ce900
Event: 3.227 Thread 0x0000000016f55000 DEOPT UNPACKING pc=0x0000000002d9582a sp=0x00000000177ce8d0 mode 2


Dynamic libraries:
0x00007ff659380000 - 0x00007ff6593b7000 	C:\Program Files\Java\jdk1.8.0_73\bin\java.exe
0x00007fff36470000 - 0x00007fff3661a000 	C:\Windows\SYSTEM32\ntdll.dll
0x00007fff34190000 - 0x00007fff342ca000 	C:\Windows\system32\KERNEL32.DLL
0x00007fff338b0000 - 0x00007fff339bf000 	C:\Windows\system32\KERNELBASE.dll
0x00007fff32410000 - 0x00007fff32498000 	C:\Windows\system32\apphelp.dll
0x00007fff11c30000 - 0x00007fff11c7f000 	C:\Windows\AppPatch\AppPatch64\AcGenral.DLL
0x00007fff34310000 - 0x00007fff343b7000 	C:\Windows\system32\msvcrt.dll
0x00007fff335c0000 - 0x00007fff335eb000 	C:\Windows\SYSTEM32\SspiCli.dll
0x00007fff34420000 - 0x00007fff34471000 	C:\Windows\system32\SHLWAPI.dll
0x00007fff34c30000 - 0x00007fff34da1000 	C:\Windows\system32\USER32.dll
0x00007fff33e00000 - 0x00007fff33f78000 	C:\Windows\system32\ole32.dll
0x00007fff34db0000 - 0x00007fff361c7000 	C:\Windows\system32\SHELL32.dll
0x00007fff32df0000 - 0x00007fff32e0e000 	C:\Windows\SYSTEM32\USERENV.dll
0x00007fff34a50000 - 0x00007fff34af5000 	C:\Windows\system32\ADVAPI32.dll
0x00007fff2cb20000 - 0x00007fff2cb3b000 	C:\Windows\SYSTEM32\MPR.dll
0x00007fff361d0000 - 0x00007fff36306000 	C:\Windows\system32\RPCRT4.dll
0x00007fff34b00000 - 0x00007fff34b57000 	C:\Windows\SYSTEM32\sechost.dll
0x00007fff34690000 - 0x00007fff34866000 	C:\Windows\SYSTEM32\combase.dll
0x00007fff34040000 - 0x00007fff34185000 	C:\Windows\system32\GDI32.dll
0x00007fff337e0000 - 0x00007fff337f4000 	C:\Windows\SYSTEM32\profapi.dll
0x00007fff320b0000 - 0x00007fff3214f000 	C:\Windows\SYSTEM32\SHCORE.dll
0x00007fff342d0000 - 0x00007fff34304000 	C:\Windows\system32\IMM32.DLL
0x00007fff36310000 - 0x00007fff36449000 	C:\Windows\system32\MSCTF.dll
0x00007fff31850000 - 0x00007fff31aaa000 	C:\Windows\WinSxS\amd64_microsoft.windows.common-controls_6595b64144ccf1df_6.0.9600.17031_none_6242a4b3ecbb55a1\COMCTL32.dll
0x0000000077d80000 - 0x0000000077e52000 	C:\Program Files\Java\jdk1.8.0_73\jre\bin\msvcr100.dll
0x0000000050100000 - 0x0000000050990000 	C:\Program Files\Java\jdk1.8.0_73\jre\bin\server\jvm.dll
0x00007fff2cc80000 - 0x00007fff2cc89000 	C:\Windows\SYSTEM32\WSOCK32.dll
0x00007fff30fa0000 - 0x00007fff30fbf000 	C:\Windows\SYSTEM32\WINMM.dll
0x00007fff30fc0000 - 0x00007fff30fca000 	C:\Windows\SYSTEM32\VERSION.dll
0x00007fff34b70000 - 0x00007fff34b77000 	C:\Windows\system32\PSAPI.DLL
0x00007fff343c0000 - 0x00007fff34418000 	C:\Windows\system32\WS2_32.dll
0x00007fff30f00000 - 0x00007fff30f2a000 	C:\Windows\SYSTEM32\WINMMBASE.dll
0x00007fff34b60000 - 0x00007fff34b69000 	C:\Windows\system32\NSI.dll
0x00007fff33ba0000 - 0x00007fff33bea000 	C:\Windows\SYSTEM32\cfgmgr32.dll
0x00007fff32660000 - 0x00007fff32686000 	C:\Windows\SYSTEM32\DEVOBJ.dll
0x00000000514c0000 - 0x00000000514cf000 	C:\Program Files\Java\jdk1.8.0_73\jre\bin\verify.dll
0x0000000051490000 - 0x00000000514b9000 	C:\Program Files\Java\jdk1.8.0_73\jre\bin\java.dll
0x0000000051470000 - 0x0000000051486000 	C:\Program Files\Java\jdk1.8.0_73\jre\bin\zip.dll

VM Arguments:
jvm_args: -Djava.awt.headless=true -Xmx1024M -Dfile.encoding=windows-1252 -Duser.country=US -Duser.language=en -Duser.variant 
java_command: com.android.dx.command.Main --dex --num-threads=4 --output C:\Users\Robertus Pamungkas\Desktop\ProjectPam16v1\app\build\intermediates\pre-dexed\debug\io.fabric.sdk.android-fabric-1.3.13_102c74592b3228840e4d3d4c6cc19c957f331c7e.jar C:\Users\Robertus Pamungkas\Desktop\ProjectPam16v1\app\build\intermediates\exploded-aar\io.fabric.sdk.android\fabric\1.3.13\jars\classes.jar
java_class_path (initial): H:\Kuliah\Semester 5\PAM 2016\sdk\build-tools\25.0.0\lib\dx.jar
Launcher Type: SUN_STANDARD

Environment Variables:
PATH=C:\ProgramData\Oracle\Java\javapath;C:\Windows\system32;C:\Windows;C:\Windows\System32\Wbem;C:\Windows\System32\WindowsPowerShell\v1.0\;C:\Program Files (x86)\AMD\ATI.ACE\Core-Static;C:\Program Files\Microsoft\Web Platform Installer\;C:\Program Files (x86)\Microsoft ASP.NET\ASP.NET Web Pages\v1.0\;C:\Program Files (x86)\Windows Kits\8.0\Windows Performance Toolkit\;C:\Program Files\Microsoft SQL Server\110\Tools\Binn\;C:\Program Files\Microsoft SQL Server\110\DTS\Binn\;C:\Program Files (x86)\Microsoft SQL Server\110\Tools\Binn\ManagementStudio\;C:\Program Files (x86)\Microsoft SQL Server\110\Tools\Binn\;C:\Program Files (x86)\Microsoft Visual Studio 10.0\Common7\IDE\PrivateAssemblies\;C:\Program Files (x86)\Microsoft SQL Server\110\DTS\Binn\
USERNAME=Robertus Pamungkas
OS=Windows_NT
PROCESSOR_IDENTIFIER=AMD64 Family 16 Model 4 Stepping 3, AuthenticAMD



---------------  S Y S T E M  ---------------

OS: Windows 8.1 , 64 bit Build 9600 (6.3.9600.17056)

CPU:total 4 (4 cores per cpu, 1 threads per core) family 16 model 4 stepping 3, cmov, cx8, fxsr, mmx, sse, sse2, sse3, popcnt, mmxext, 3dnowpref, lzcnt, sse4a, tsc, tscinvbit, tscinv

Memory: 4k page, physical 8387700k(1964212k free), swap 8387700k(6140k free)

vm_info: Java HotSpot(TM) 64-Bit Server VM (25.73-b02) for windows-amd64 JRE (1.8.0_73-b02), built on Jan 29 2016 17:38:49 by "java_re" with MS VC++ 10.0 (VS2010)

time: Thu Dec 01 02:32:31 2016
elapsed time: 3 seconds (0d 0h 0m 3s)

