#
# There is insufficient memory for the Java Runtime Environment to continue.
# Native memory allocation (malloc) failed to allocate 65552 bytes for Chunk::new
# Possible reasons:
#   The system is out of physical RAM or swap space
#   In 32 bit mode, the process size limit was hit
# Possible solutions:
#   Reduce memory load on the system
#   Increase physical memory or swap space
#   Check if swap backing store is full
#   Use 64 bit Java on a 64 bit OS
#   Decrease Java heap size (-Xmx/-Xms)
#   Decrease number of Java threads
#   Decrease Java thread stack sizes (-Xss)
#   Set larger code cache with -XX:ReservedCodeCacheSize=
# This output file may be truncated or incomplete.
#
#  Out of Memory Error (allocation.cpp:390), pid=6520, tid=6516
#
# JRE version: Java(TM) SE Runtime Environment (8.0_73-b02) (build 1.8.0_73-b02)
# Java VM: Java HotSpot(TM) 64-Bit Server VM (25.73-b02 mixed mode windows-amd64 compressed oops)
# Failed to write core dump. Minidumps are not enabled by default on client versions of Windows
#

---------------  T H R E A D  ---------------

Current thread (0x00000000153ad000):  JavaThread "C2 CompilerThread0" daemon [_thread_in_native, id=6516, stack(0x0000000016a60000,0x0000000016b60000)]

Stack: [0x0000000016a60000,0x0000000016b60000]
[error occurred during error reporting (printing stack bounds), id 0xc0000005]

Native frames: (J=compiled Java code, j=interpreted, Vv=VM code, C=native code)


Current CompileTask:
C2:    715 1140       4       com.android.dx.dex.code.OutputFinisher::addConstants (93 bytes)


---------------  P R O C E S S  ---------------

Java Threads: ( => current thread )
  0x0000000016d90000 JavaThread "Service Thread" daemon [_thread_blocked, id=7052, stack(0x0000000017160000,0x0000000017260000)]
  0x00000000153b7000 JavaThread "C1 CompilerThread2" daemon [_thread_blocked, id=6756, stack(0x0000000016c60000,0x0000000016d60000)]
  0x00000000153b0800 JavaThread "C2 CompilerThread1" daemon [_thread_blocked, id=5484, stack(0x0000000016b60000,0x0000000016c60000)]
=>0x00000000153ad000 JavaThread "C2 CompilerThread0" daemon [_thread_in_native, id=6516, stack(0x0000000016a60000,0x0000000016b60000)]
  0x00000000153ac000 JavaThread "Attach Listener" daemon [_thread_blocked, id=7008, stack(0x0000000016960000,0x0000000016a60000)]
  0x00000000153aa800 JavaThread "Signal Dispatcher" daemon [_thread_blocked, id=5480, stack(0x0000000016860000,0x0000000016960000)]
  0x0000000015379000 JavaThread "Finalizer" daemon [_thread_blocked, id=6348, stack(0x0000000016610000,0x0000000016710000)]
  0x0000000002cd0800 JavaThread "Reference Handler" daemon [_thread_blocked, id=2152, stack(0x0000000016510000,0x0000000016610000)]
  0x0000000002be1000 JavaThread "main" [_thread_in_vm, id=3316, stack(0x0000000002ad0000,0x0000000002bd0000)]

Other Threads:
  0x0000000015377800 VMThread [stack: 0x0000000016410000,0x0000000016510000] [id=6596]
  0x0000000016d93000 WatcherThread [stack: 0x0000000017260000,0x0000000017360000] [id=6788]

VM state:not at safepoint (normal execution)

VM Mutex/Monitor currently owned by a thread: None

Heap:
 PSYoungGen      total 38400K, used 25569K [0x00000000eab00000, 0x00000000ed580000, 0x0000000100000000)
  eden space 33280K, 76% used [0x00000000eab00000,0x00000000ec3f8410,0x00000000ecb80000)
  from space 5120K, 0% used [0x00000000ed080000,0x00000000ed080000,0x00000000ed580000)
  to   space 5120K, 0% used [0x00000000ecb80000,0x00000000ecb80000,0x00000000ed080000)
 ParOldGen       total 87552K, used 0K [0x00000000c0000000, 0x00000000c5580000, 0x00000000eab00000)
  object space 87552K, 0% used [0x00000000c0000000,0x00000000c0000000,0x00000000c5580000)
 Metaspace       used 6016K, capacity 6904K, committed 7040K, reserved 1056768K
  class space    used 613K, capacity 624K, committed 640K, reserved 1048576K

Card table byte_map: [0x00000000120a0000,0x00000000122b0000] byte_map_base: 0x0000000011aa0000

Marking Bits: (ParMarkBitMap*) 0x000000005f7b0600
 Begin Bits: [0x0000000012810000, 0x0000000013810000)
 End Bits:   [0x0000000013810000, 0x0000000014810000)

Polling page: 0x00000000012f0000

CodeCache: size=245760Kb used=4589Kb max_used=4589Kb free=241170Kb
 bounds [0x0000000002ce0000, 0x0000000003160000, 0x0000000011ce0000]
 total_blobs=1449 nmethods=1181 adapters=182
 compilation: enabled

Compilation events (10 events):
Event: 0.713 Thread 0x00000000153b7000 1178       3       com.android.dx.rop.cst.CstString::getUtf16Size (8 bytes)
Event: 0.713 Thread 0x00000000153b7000 nmethod 1178 0x000000000315a850 code [0x000000000315a9c0, 0x000000000315ac10]
Event: 0.713 Thread 0x00000000153b7000 1179       3       com.android.dex.Leb128::unsignedLeb128Size (26 bytes)
Event: 0.713 Thread 0x00000000153b7000 nmethod 1179 0x000000000315dd10 code [0x000000000315de80, 0x000000000315e070]
Event: 0.713 Thread 0x00000000153b7000 1180       3       com.android.dx.dex.file.StringDataItem::addContents (1 bytes)
Event: 0.713 Thread 0x00000000153b7000 nmethod 1180 0x0000000003157790 code [0x00000000031578e0, 0x0000000003157a30]
Event: 0.714 Thread 0x00000000153b7000 1181       3       com.android.dx.dex.file.CodeItem::itemType (4 bytes)
Event: 0.714 Thread 0x00000000153b7000 nmethod 1181 0x000000000315e110 code [0x000000000315e260, 0x000000000315e3b0]
Event: 0.714 Thread 0x00000000153b7000 1182       3       com.android.dx.dex.file.MixedItemSection$1::compare (13 bytes)
Event: 0.714 Thread 0x00000000153b7000 nmethod 1182 0x000000000315e450 code [0x000000000315e600, 0x000000000315ec48]

GC Heap History (0 events):
No events

Deoptimization events (10 events):
Event: 0.632 Thread 0x0000000016ef7000 Uncommon trap: reason=null_check action=make_not_entrant pc=0x0000000002fdcf44 method=com.android.dx.ssa.SsaRenamer.getLocalForNewReg(I)Lcom/android/dx/rop/code/LocalItem; @ 19
Event: 0.677 Thread 0x0000000002be1000 Uncommon trap: reason=class_check action=maybe_recompile pc=0x00000000030d78b0 method=java.util.Arrays.hashCode([Ljava/lang/Object;)I @ 43
Event: 0.677 Thread 0x0000000002be1000 Uncommon trap: reason=class_check action=maybe_recompile pc=0x00000000030d78b0 method=java.util.Arrays.hashCode([Ljava/lang/Object;)I @ 43
Event: 0.677 Thread 0x0000000002be1000 Uncommon trap: reason=class_check action=maybe_recompile pc=0x00000000030d78b0 method=java.util.Arrays.hashCode([Ljava/lang/Object;)I @ 43
Event: 0.677 Thread 0x0000000002be1000 Uncommon trap: reason=class_check action=maybe_recompile pc=0x00000000030d78b0 method=java.util.Arrays.hashCode([Ljava/lang/Object;)I @ 43
Event: 0.685 Thread 0x0000000002be1000 Uncommon trap: reason=bimorphic action=maybe_recompile pc=0x0000000002fd48c0 method=java.util.HashMap.getNode(ILjava/lang/Object;)Ljava/util/HashMap$Node; @ 126
Event: 0.685 Thread 0x0000000002be1000 Uncommon trap: reason=bimorphic action=maybe_recompile pc=0x0000000002fd48c0 method=java.util.HashMap.getNode(ILjava/lang/Object;)Ljava/util/HashMap$Node; @ 126
Event: 0.696 Thread 0x0000000002be1000 Uncommon trap: reason=bimorphic action=maybe_recompile pc=0x0000000002fd48c0 method=java.util.HashMap.getNode(ILjava/lang/Object;)Ljava/util/HashMap$Node; @ 126
Event: 0.696 Thread 0x0000000002be1000 Uncommon trap: reason=bimorphic action=maybe_recompile pc=0x0000000002fd48c0 method=java.util.HashMap.getNode(ILjava/lang/Object;)Ljava/util/HashMap$Node; @ 126
Event: 0.708 Thread 0x0000000002be1000 Uncommon trap: reason=bimorphic action=maybe_recompile pc=0x0000000002f7432c method=java.util.HashMap.getNode(ILjava/lang/Object;)Ljava/util/HashMap$Node; @ 126

Internal exceptions (4 events):
Event: 0.042 Thread 0x0000000002be1000 Exception <a 'java/lang/NoSuchMethodError': Method sun.misc.Unsafe.defineClass(Ljava/lang/String;[BII)Ljava/lang/Class; name or signature does not match> (0x00000000eab0d7d0) thrown at [D:\re\puppet\workspace\8-2-build-windows-amd64-cygwin\jdk8u73\6086\hot‡¿∫Nùp•?
Event: 0.042 Thread 0x0000000002be1000 Exception <a 'java/lang/NoSuchMethodError': Method sun.misc.Unsafe.prefetchRead(Ljava/lang/Object;J)V name or signature does not match> (0x00000000eab0dab8) thrown at [D:\re\puppet\workspace\8-2-build-windows-amd64-cygwin\jdk8u73\6086\hotspot\src\share\vm\ºZc'D8‰?
Event: 0.632 Thread 0x0000000016ef7000 Implicit null exception at 0x0000000002fb94aa to 0x0000000002fbabfd
Event: 0.632 Thread 0x0000000016ef7000 Implicit null exception at 0x0000000002fdb4b7 to 0x0000000002fdcf29

Events (10 events):
Event: 0.711 loading class com/android/dex/Leb128
Event: 0.711 loading class com/android/dex/Leb128 done
Event: 0.713 loading class java/util/Collections$1
Event: 0.713 loading class java/util/Collections$1 done
Event: 0.713 loading class com/android/dx/dex/file/MixedItemSection$2
Event: 0.713 loading class com/android/dx/dex/file/MixedItemSection$2 done
Event: 0.714 loading class com/android/dx/dex/file/CodeItem$1
Event: 0.714 loading class com/android/dx/dex/file/CodeItem$1 done
Event: 0.714 loading class com/android/dx/dex/code/DalvInsnList
Event: 0.714 loading class com/android/dx/dex/code/DalvInsnList done


Dynamic libraries:
0x00007ff7089c0000 - 0x00007ff7089f7000 	C:\Program Files\Java\jdk1.8.0_73\bin\java.exe
0x00007ffd2a170000 - 0x00007ffd2a31a000 	C:\Windows\SYSTEM32\ntdll.dll
0x00007ffd27ac0000 - 0x00007ffd27bfa000 	C:\Windows\system32\KERNEL32.DLL
0x00007ffd27660000 - 0x00007ffd2776f000 	C:\Windows\system32\KERNELBASE.dll
0x00007ffd26110000 - 0x00007ffd26198000 	C:\Windows\system32\apphelp.dll
0x00007ffd1cca0000 - 0x00007ffd1ccef000 	C:\Windows\AppPatch\AppPatch64\AcGenral.DLL
0x00007ffd29e40000 - 0x00007ffd29ee7000 	C:\Windows\system32\msvcrt.dll
0x00007ffd272c0000 - 0x00007ffd272eb000 	C:\Windows\SYSTEM32\SspiCli.dll
0x00007ffd29de0000 - 0x00007ffd29e31000 	C:\Windows\system32\SHLWAPI.dll
0x00007ffd29720000 - 0x00007ffd29891000 	C:\Windows\system32\USER32.dll
0x00007ffd29ab0000 - 0x00007ffd29c28000 	C:\Windows\system32\ole32.dll
0x00007ffd28040000 - 0x00007ffd29457000 	C:\Windows\system32\SHELL32.dll
0x00007ffd26af0000 - 0x00007ffd26b0e000 	C:\Windows\SYSTEM32\USERENV.dll
0x00007ffd27e80000 - 0x00007ffd27f25000 	C:\Windows\system32\ADVAPI32.dll
0x00007ffd206f0000 - 0x00007ffd2070b000 	C:\Windows\SYSTEM32\MPR.dll
0x00007ffd27c00000 - 0x00007ffd27d36000 	C:\Windows\system32\RPCRT4.dll
0x00007ffd29d80000 - 0x00007ffd29dd7000 	C:\Windows\SYSTEM32\sechost.dll
0x00007ffd298d0000 - 0x00007ffd29aa6000 	C:\Windows\SYSTEM32\combase.dll
0x00007ffd29c30000 - 0x00007ffd29d75000 	C:\Windows\system32\GDI32.dll
0x00007ffd27490000 - 0x00007ffd274a4000 	C:\Windows\SYSTEM32\profapi.dll
0x00007ffd25b00000 - 0x00007ffd25b9f000 	C:\Windows\SYSTEM32\SHCORE.dll
0x00007ffd27fa0000 - 0x00007ffd27fd4000 	C:\Windows\system32\IMM32.DLL
0x00007ffd27d40000 - 0x00007ffd27e79000 	C:\Windows\system32\MSCTF.dll
0x00007ffd25190000 - 0x00007ffd253ea000 	C:\Windows\WinSxS\amd64_microsoft.windows.common-controls_6595b64144ccf1df_6.0.9600.17031_none_6242a4b3ecbb55a1\COMCTL32.dll
0x000000005ecc0000 - 0x000000005ed92000 	C:\Program Files\Java\jdk1.8.0_73\jre\bin\msvcr100.dll
0x000000005efa0000 - 0x000000005f830000 	C:\Program Files\Java\jdk1.8.0_73\jre\bin\server\jvm.dll
0x00007ffd1de80000 - 0x00007ffd1de89000 	C:\Windows\SYSTEM32\WSOCK32.dll
0x00007ffd24f80000 - 0x00007ffd24f9f000 	C:\Windows\SYSTEM32\WINMM.dll
0x00007ffd24fa0000 - 0x00007ffd24faa000 	C:\Windows\SYSTEM32\VERSION.dll
0x00007ffd298a0000 - 0x00007ffd298a7000 	C:\Windows\system32\PSAPI.DLL
0x00007ffd27f30000 - 0x00007ffd27f88000 	C:\Windows\system32\WS2_32.dll
0x00007ffd24b30000 - 0x00007ffd24b5a000 	C:\Windows\SYSTEM32\WINMMBASE.dll
0x00007ffd27aa0000 - 0x00007ffd27aa9000 	C:\Windows\system32\NSI.dll
0x00007ffd27770000 - 0x00007ffd277ba000 	C:\Windows\SYSTEM32\cfgmgr32.dll
0x00007ffd26360000 - 0x00007ffd26386000 	C:\Windows\SYSTEM32\DEVOBJ.dll
0x0000000060340000 - 0x000000006034f000 	C:\Program Files\Java\jdk1.8.0_73\jre\bin\verify.dll
0x0000000060310000 - 0x0000000060339000 	C:\Program Files\Java\jdk1.8.0_73\jre\bin\java.dll
0x00000000602f0000 - 0x0000000060306000 	C:\Program Files\Java\jdk1.8.0_73\jre\bin\zip.dll

VM Arguments:
jvm_args: -Djava.awt.headless=true -Xmx1024M -Dfile.encoding=windows-1252 -Duser.country=US -Duser.language=en -Duser.variant 
java_command: com.android.dx.command.Main --dex --force-jumbo --num-threads=4 --output C:\Users\Robertus Pamungkas\Desktop\ProjectPam16v1\app\build\intermediates\pre-dexed\debug\com.twitter.sdk.android-tweet-composer-2.0.0_0331d61897a8172e20d0e6fe8a88e6ab9bf38d95.jar C:\Users\Robertus Pamungkas\Desktop\ProjectPam16v1\app\build\intermediates\exploded-aar\com.twitter.sdk.android\tweet-composer\2.0.0\jars\classes.jar
java_class_path (initial): H:\Kuliah\Semester 5\PAM 2016\sdk\build-tools\25.0.0\lib\dx.jar
Launcher Type: SUN_STANDARD

Environment Variables:
PATH=C:\ProgramData\Oracle\Java\javapath;C:\Windows\system32;C:\Windows;C:\Windows\System32\Wbem;C:\Windows\System32\WindowsPowerShell\v1.0\;C:\Program Files (x86)\AMD\ATI.ACE\Core-Static;C:\Program Files\Microsoft\Web Platform Installer\;C:\Program Files (x86)\Microsoft ASP.NET\ASP.NET Web Pages\v1.0\;C:\Program Files (x86)\Windows Kits\8.0\Windows Performance Toolkit\;C:\Program Files\Microsoft SQL Server\110\Tools\Binn\;C:\Program Files\Microsoft SQL Server\110\DTS\Binn\;C:\Program Files (x86)\Microsoft SQL Server\110\Tools\Binn\ManagementStudio\;C:\Program Files (x86)\Microsoft SQL Server\110\Tools\Binn\;C:\Program Files (x86)\Microsoft Visual Studio 10.0\Common7\IDE\PrivateAssemblies\;C:\Program Files (x86)\Microsoft SQL Server\110\DTS\Binn\
USERNAME=Robertus Pamungkas
OS=Windows_NT
PROCESSOR_IDENTIFIER=AMD64 Family 16 Model 4 Stepping 3, AuthenticAMD



---------------  S Y S T E M  ---------------

OS: Windows 8.1 , 64 bit Build 9600 (6.3.9600.17056)

CPU:total 4 (4 cores per cpu, 1 threads per core) family 16 model 4 stepping 3, cmov, cx8, fxsr, mmx, sse, sse2, sse3, popcnt, mmxext, 3dnowpref, lzcnt, sse4a, tsc, tscinvbit, tscinv

Memory: 4k page, physical 8387700k(2275512k free), swap 8387700k(7728k free)

vm_info: Java HotSpot(TM) 64-Bit Server VM (25.73-b02) for windows-amd64 JRE (1.8.0_73-b02), built on Jan 29 2016 17:38:49 by "java_re" with MS VC++ 10.0 (VS2010)

time: Wed Nov 30 22:32:39 2016
elapsed time: 0 seconds (0d 0h 0m 0s)

