#
# There is insufficient memory for the Java Runtime Environment to continue.
# Native memory allocation (malloc) failed to allocate 1082496 bytes for Chunk::new
# Possible reasons:
#   The system is out of physical RAM or swap space
#   In 32 bit mode, the process size limit was hit
# Possible solutions:
#   Reduce memory load on the system
#   Increase physical memory or swap space
#   Check if swap backing store is full
#   Use 64 bit Java on a 64 bit OS
#   Decrease Java heap size (-Xmx/-Xms)
#   Decrease number of Java threads
#   Decrease Java thread stack sizes (-Xss)
#   Set larger code cache with -XX:ReservedCodeCacheSize=
# This output file may be truncated or incomplete.
#
#  Out of Memory Error (allocation.cpp:390), pid=7536, tid=7932
#
# JRE version: Java(TM) SE Runtime Environment (8.0_73-b02) (build 1.8.0_73-b02)
# Java VM: Java HotSpot(TM) 64-Bit Server VM (25.73-b02 mixed mode windows-amd64 compressed oops)
# Failed to write core dump. Minidumps are not enabled by default on client versions of Windows
#

---------------  T H R E A D  ---------------

Current thread (0x0000000014f5b800):  JavaThread "C2 CompilerThread0" daemon [_thread_in_native, id=7932, stack(0x0000000016600000,0x0000000016700000)]

Stack: [0x0000000016600000,0x0000000016700000]
[error occurred during error reporting (printing stack bounds), id 0xc0000005]

Native frames: (J=compiled Java code, j=interpreted, Vv=VM code, C=native code)


Current CompileTask:
C2:   1902 1091       4       com.android.dx.dex.code.OutputFinisher::addConstants (93 bytes)


---------------  P R O C E S S  ---------------

Java Threads: ( => current thread )
  0x0000000016904000 JavaThread "Service Thread" daemon [_thread_blocked, id=6720, stack(0x0000000016d00000,0x0000000016e00000)]
  0x0000000014fb9800 JavaThread "C1 CompilerThread2" daemon [_thread_blocked, id=6948, stack(0x0000000016800000,0x0000000016900000)]
  0x0000000014fb6800 JavaThread "C2 CompilerThread1" daemon [_thread_blocked, id=8080, stack(0x0000000016700000,0x0000000016800000)]
=>0x0000000014f5b800 JavaThread "C2 CompilerThread0" daemon [_thread_in_native, id=7932, stack(0x0000000016600000,0x0000000016700000)]
  0x0000000014f5a000 JavaThread "Attach Listener" daemon [_thread_blocked, id=7972, stack(0x0000000016500000,0x0000000016600000)]
  0x0000000014f59000 JavaThread "Signal Dispatcher" daemon [_thread_blocked, id=6460, stack(0x0000000016400000,0x0000000016500000)]
  0x0000000002886000 JavaThread "Finalizer" daemon [_thread_blocked, id=8028, stack(0x00000000161b0000,0x00000000162b0000)]
  0x000000000287d000 JavaThread "Reference Handler" daemon [_thread_blocked, id=7980, stack(0x00000000160b0000,0x00000000161b0000)]
  0x0000000002791000 JavaThread "main" [_thread_in_Java, id=2120, stack(0x0000000002690000,0x0000000002790000)]

Other Threads:
  0x0000000014f27800 VMThread [stack: 0x0000000015fb0000,0x00000000160b0000] [id=7996]
  0x0000000016908000 WatcherThread [stack: 0x0000000016e00000,0x0000000016f00000] [id=1664]

VM state:not at safepoint (normal execution)

VM Mutex/Monitor currently owned by a thread: None

Heap:
 PSYoungGen      total 38400K, used 21568K [0x00000000eab00000, 0x00000000ed580000, 0x0000000100000000)
  eden space 33280K, 64% used [0x00000000eab00000,0x00000000ec0103c0,0x00000000ecb80000)
  from space 5120K, 0% used [0x00000000ed080000,0x00000000ed080000,0x00000000ed580000)
  to   space 5120K, 0% used [0x00000000ecb80000,0x00000000ecb80000,0x00000000ed080000)
 ParOldGen       total 87552K, used 0K [0x00000000c0000000, 0x00000000c5580000, 0x00000000eab00000)
  object space 87552K, 0% used [0x00000000c0000000,0x00000000c0000000,0x00000000c5580000)
 Metaspace       used 5968K, capacity 6964K, committed 7040K, reserved 1056768K
  class space    used 607K, capacity 620K, committed 640K, reserved 1048576K

Card table byte_map: [0x0000000011c50000,0x0000000011e60000] byte_map_base: 0x0000000011650000

Marking Bits: (ParMarkBitMap*) 0x0000000050910600
 Begin Bits: [0x00000000123c0000, 0x00000000133c0000)
 End Bits:   [0x00000000133c0000, 0x00000000143c0000)

Polling page: 0x0000000000cd0000

CodeCache: size=245760Kb used=4587Kb max_used=4587Kb free=241172Kb
 bounds [0x0000000002890000, 0x0000000002d20000, 0x0000000011890000]
 total_blobs=1421 nmethods=1153 adapters=182
 compilation: enabled

Compilation events (10 events):
Event: 1.881 Thread 0x0000000014fb6800 1150       4       com.android.dx.dex.code.DalvInsnList::get (9 bytes)
Event: 1.881 Thread 0x0000000014fb6800 nmethod 1150 0x0000000002d05fd0 code [0x0000000002d06120, 0x0000000002d06218]
Event: 1.882 Thread 0x0000000014fb9800 1151       3       com.android.dx.dex.file.TypeIdsSection::get (71 bytes)
Event: 1.882 Thread 0x0000000014fb9800 nmethod 1151 0x0000000002d0fb90 code [0x0000000002d0fe00, 0x0000000002d10f38]
Event: 1.883 Thread 0x0000000014fb9800 1152       1       com.android.dx.dex.code.form.Form11x::codeSize (2 bytes)
Event: 1.883 Thread 0x0000000014fb9800 nmethod 1152 0x0000000002d07810 code [0x0000000002d07960, 0x0000000002d07a70]
Event: 1.884 Thread 0x0000000014fb9800 1153       3       com.android.dx.dex.code.CstInsn::setIndex (37 bytes)
Event: 1.884 Thread 0x0000000014fb9800 nmethod 1153 0x0000000002d059d0 code [0x0000000002d05b60, 0x0000000002d05e98]
Event: 1.896 Thread 0x0000000014fb9800 1154       3       com.android.dx.dex.code.CstInsn::setClassIndex (37 bytes)
Event: 1.897 Thread 0x0000000014fb9800 nmethod 1154 0x0000000002d053d0 code [0x0000000002d05560, 0x0000000002d05898]

GC Heap History (0 events):
No events

Deoptimization events (8 events):
Event: 1.192 Thread 0x0000000016b66000 Uncommon trap: reason=unstable_if action=reinterpret pc=0x0000000002a7e11c method=java.util.HashMap.getNode(ILjava/lang/Object;)Ljava/util/HashMap$Node; @ 129
Event: 1.196 Thread 0x0000000016b66000 Uncommon trap: reason=unstable_if action=reinterpret pc=0x0000000002aab230 method=java.util.BitSet.nextSetBit(I)I @ 87
Event: 1.218 Thread 0x0000000016b67800 Uncommon trap: reason=unstable_if action=reinterpret pc=0x0000000002b2f434 method=java.util.BitSet.ensureCapacity(I)V @ 6
Event: 1.225 Thread 0x0000000016b66000 Uncommon trap: reason=unstable_if action=reinterpret pc=0x0000000002a80254 method=java.util.HashMap.getNode(ILjava/lang/Object;)Ljava/util/HashMap$Node; @ 62
Event: 1.744 Thread 0x0000000016a68000 Uncommon trap: reason=bimorphic action=maybe_recompile pc=0x0000000002c96560 method=java.util.HashMap.getNode(ILjava/lang/Object;)Ljava/util/HashMap$Node; @ 126
Event: 1.744 Thread 0x0000000016a68000 Uncommon trap: reason=bimorphic action=maybe_recompile pc=0x0000000002c96560 method=java.util.HashMap.getNode(ILjava/lang/Object;)Ljava/util/HashMap$Node; @ 126
Event: 1.744 Thread 0x0000000016a68000 Uncommon trap: reason=bimorphic action=maybe_recompile pc=0x0000000002c96560 method=java.util.HashMap.getNode(ILjava/lang/Object;)Ljava/util/HashMap$Node; @ 126
Event: 1.744 Thread 0x0000000016a68000 Uncommon trap: reason=bimorphic action=maybe_recompile pc=0x0000000002c96560 method=java.util.HashMap.getNode(ILjava/lang/Object;)Ljava/util/HashMap$Node; @ 126

Internal exceptions (2 events):
Event: 0.047 Thread 0x0000000002791000 Exception <a 'java/lang/NoSuchMethodError': Method sun.misc.Unsafe.defineClass(Ljava/lang/String;[BII)Ljava/lang/Class; name or signature does not match> (0x00000000eab0d920) thrown at [D:\re\puppet\workspace\8-2-build-windows-amd64-cygwin\jdk8u73\6086\hot±}J¨?
Event: 0.047 Thread 0x0000000002791000 Exception <a 'java/lang/NoSuchMethodError': Method sun.misc.Unsafe.prefetchRead(Ljava/lang/Object;J)V name or signature does not match> (0x00000000eab0dc08) thrown at [D:\re\puppet\workspace\8-2-build-windows-amd64-cygwin\jdk8u73\6086\hotspot\src\share\vm\

Events (10 events):
Event: 1.860 loading class com/android/dx/dex/code/LocalList$MakeState
Event: 1.860 loading class com/android/dx/dex/code/LocalList$MakeState done
Event: 1.860 loading class com/android/dx/dex/code/LocalList$Disposition
Event: 1.860 loading class com/android/dx/dex/code/LocalList$Disposition done
Event: 1.861 loading class com/android/dx/dex/code/LocalList$Entry
Event: 1.861 loading class com/android/dx/dex/code/LocalList$Entry done
Event: 1.861 loading class com/android/dx/dex/code/CatchHandlerList
Event: 1.861 loading class com/android/dx/dex/code/CatchHandlerList done
Event: 1.863 loading class com/android/dx/dex/code/CatchTable
Event: 1.863 loading class com/android/dx/dex/code/CatchTable done


Dynamic libraries:
0x00007ff659380000 - 0x00007ff6593b7000 	C:\Program Files\Java\jdk1.8.0_73\bin\java.exe
0x00007fff36470000 - 0x00007fff3661a000 	C:\Windows\SYSTEM32\ntdll.dll
0x00007fff34190000 - 0x00007fff342ca000 	C:\Windows\system32\KERNEL32.DLL
0x00007fff338b0000 - 0x00007fff339bf000 	C:\Windows\system32\KERNELBASE.dll
0x00007fff32410000 - 0x00007fff32498000 	C:\Windows\system32\apphelp.dll
0x00007fff11c30000 - 0x00007fff11c7f000 	C:\Windows\AppPatch\AppPatch64\AcGenral.DLL
0x00007fff34310000 - 0x00007fff343b7000 	C:\Windows\system32\msvcrt.dll
0x00007fff335c0000 - 0x00007fff335eb000 	C:\Windows\SYSTEM32\SspiCli.dll
0x00007fff34420000 - 0x00007fff34471000 	C:\Windows\system32\SHLWAPI.dll
0x00007fff34c30000 - 0x00007fff34da1000 	C:\Windows\system32\USER32.dll
0x00007fff33e00000 - 0x00007fff33f78000 	C:\Windows\system32\ole32.dll
0x00007fff34db0000 - 0x00007fff361c7000 	C:\Windows\system32\SHELL32.dll
0x00007fff32df0000 - 0x00007fff32e0e000 	C:\Windows\SYSTEM32\USERENV.dll
0x00007fff34a50000 - 0x00007fff34af5000 	C:\Windows\system32\ADVAPI32.dll
0x00007fff2cb20000 - 0x00007fff2cb3b000 	C:\Windows\SYSTEM32\MPR.dll
0x00007fff361d0000 - 0x00007fff36306000 	C:\Windows\system32\RPCRT4.dll
0x00007fff34b00000 - 0x00007fff34b57000 	C:\Windows\SYSTEM32\sechost.dll
0x00007fff34690000 - 0x00007fff34866000 	C:\Windows\SYSTEM32\combase.dll
0x00007fff34040000 - 0x00007fff34185000 	C:\Windows\system32\GDI32.dll
0x00007fff337e0000 - 0x00007fff337f4000 	C:\Windows\SYSTEM32\profapi.dll
0x00007fff320b0000 - 0x00007fff3214f000 	C:\Windows\SYSTEM32\SHCORE.dll
0x00007fff342d0000 - 0x00007fff34304000 	C:\Windows\system32\IMM32.DLL
0x00007fff36310000 - 0x00007fff36449000 	C:\Windows\system32\MSCTF.dll
0x00007fff31850000 - 0x00007fff31aaa000 	C:\Windows\WinSxS\amd64_microsoft.windows.common-controls_6595b64144ccf1df_6.0.9600.17031_none_6242a4b3ecbb55a1\COMCTL32.dll
0x0000000077d80000 - 0x0000000077e52000 	C:\Program Files\Java\jdk1.8.0_73\jre\bin\msvcr100.dll
0x0000000050100000 - 0x0000000050990000 	C:\Program Files\Java\jdk1.8.0_73\jre\bin\server\jvm.dll
0x00007fff2cc80000 - 0x00007fff2cc89000 	C:\Windows\SYSTEM32\WSOCK32.dll
0x00007fff30fa0000 - 0x00007fff30fbf000 	C:\Windows\SYSTEM32\WINMM.dll
0x00007fff30fc0000 - 0x00007fff30fca000 	C:\Windows\SYSTEM32\VERSION.dll
0x00007fff34b70000 - 0x00007fff34b77000 	C:\Windows\system32\PSAPI.DLL
0x00007fff343c0000 - 0x00007fff34418000 	C:\Windows\system32\WS2_32.dll
0x00007fff30f00000 - 0x00007fff30f2a000 	C:\Windows\SYSTEM32\WINMMBASE.dll
0x00007fff34b60000 - 0x00007fff34b69000 	C:\Windows\system32\NSI.dll
0x00007fff33ba0000 - 0x00007fff33bea000 	C:\Windows\SYSTEM32\cfgmgr32.dll
0x00007fff32660000 - 0x00007fff32686000 	C:\Windows\SYSTEM32\DEVOBJ.dll
0x00000000514c0000 - 0x00000000514cf000 	C:\Program Files\Java\jdk1.8.0_73\jre\bin\verify.dll
0x0000000051490000 - 0x00000000514b9000 	C:\Program Files\Java\jdk1.8.0_73\jre\bin\java.dll
0x0000000051470000 - 0x0000000051486000 	C:\Program Files\Java\jdk1.8.0_73\jre\bin\zip.dll

VM Arguments:
jvm_args: -Djava.awt.headless=true -Xmx1024M -Dfile.encoding=windows-1252 -Duser.country=US -Duser.language=en -Duser.variant 
java_command: com.android.dx.command.Main --dex --num-threads=4 --output C:\Users\Robertus Pamungkas\Desktop\ProjectPam16v1\app\build\intermediates\pre-dexed\debug\com.android.support-cardview-v7-23.4.0_4529926b284ef63c1e6885646eb49261b260c720.jar C:\Users\Robertus Pamungkas\Desktop\ProjectPam16v1\app\build\intermediates\exploded-aar\com.android.support\cardview-v7\23.4.0\jars\classes.jar
java_class_path (initial): H:\Kuliah\Semester 5\PAM 2016\sdk\build-tools\25.0.0\lib\dx.jar
Launcher Type: SUN_STANDARD

Environment Variables:
PATH=C:\ProgramData\Oracle\Java\javapath;C:\Windows\system32;C:\Windows;C:\Windows\System32\Wbem;C:\Windows\System32\WindowsPowerShell\v1.0\;C:\Program Files (x86)\AMD\ATI.ACE\Core-Static;C:\Program Files\Microsoft\Web Platform Installer\;C:\Program Files (x86)\Microsoft ASP.NET\ASP.NET Web Pages\v1.0\;C:\Program Files (x86)\Windows Kits\8.0\Windows Performance Toolkit\;C:\Program Files\Microsoft SQL Server\110\Tools\Binn\;C:\Program Files\Microsoft SQL Server\110\DTS\Binn\;C:\Program Files (x86)\Microsoft SQL Server\110\Tools\Binn\ManagementStudio\;C:\Program Files (x86)\Microsoft SQL Server\110\Tools\Binn\;C:\Program Files (x86)\Microsoft Visual Studio 10.0\Common7\IDE\PrivateAssemblies\;C:\Program Files (x86)\Microsoft SQL Server\110\DTS\Binn\
USERNAME=Robertus Pamungkas
OS=Windows_NT
PROCESSOR_IDENTIFIER=AMD64 Family 16 Model 4 Stepping 3, AuthenticAMD



---------------  S Y S T E M  ---------------

OS: Windows 8.1 , 64 bit Build 9600 (6.3.9600.17056)

CPU:total 4 (4 cores per cpu, 1 threads per core) family 16 model 4 stepping 3, cmov, cx8, fxsr, mmx, sse, sse2, sse3, popcnt, mmxext, 3dnowpref, lzcnt, sse4a, tsc, tscinvbit, tscinv

Memory: 4k page, physical 8387700k(1992580k free), swap 8387700k(5408k free)

vm_info: Java HotSpot(TM) 64-Bit Server VM (25.73-b02) for windows-amd64 JRE (1.8.0_73-b02), built on Jan 29 2016 17:38:49 by "java_re" with MS VC++ 10.0 (VS2010)

time: Thu Dec 01 02:33:25 2016
elapsed time: 1 seconds (0d 0h 0m 1s)

