#
# There is insufficient memory for the Java Runtime Environment to continue.
# Native memory allocation (malloc) failed to allocate 1736256 bytes for Chunk::new
# Possible reasons:
#   The system is out of physical RAM or swap space
#   In 32 bit mode, the process size limit was hit
# Possible solutions:
#   Reduce memory load on the system
#   Increase physical memory or swap space
#   Check if swap backing store is full
#   Use 64 bit Java on a 64 bit OS
#   Decrease Java heap size (-Xmx/-Xms)
#   Decrease number of Java threads
#   Decrease Java thread stack sizes (-Xss)
#   Set larger code cache with -XX:ReservedCodeCacheSize=
# This output file may be truncated or incomplete.
#
#  Out of Memory Error (allocation.cpp:390), pid=7164, tid=1836
#
# JRE version: Java(TM) SE Runtime Environment (8.0_73-b02) (build 1.8.0_73-b02)
# Java VM: Java HotSpot(TM) 64-Bit Server VM (25.73-b02 mixed mode windows-amd64 compressed oops)
# Failed to write core dump. Minidumps are not enabled by default on client versions of Windows
#

---------------  T H R E A D  ---------------

Current thread (0x000000001514a000):  JavaThread "C2 CompilerThread0" daemon [_thread_in_native, id=1836, stack(0x0000000016800000,0x0000000016900000)]

Stack: [0x0000000016800000,0x0000000016900000]
[error occurred during error reporting (printing stack bounds), id 0xc0000005]

Native frames: (J=compiled Java code, j=interpreted, Vv=VM code, C=native code)


Current CompileTask:
C2:   5881 1800       4       com.android.dx.cf.code.Simulator$SimVisitor::visitConstant (332 bytes)


---------------  P R O C E S S  ---------------

Java Threads: ( => current thread )
  0x0000000016d52800 JavaThread "pool-1-thread-4" [_thread_blocked, id=6564, stack(0x0000000017500000,0x0000000017600000)]
  0x0000000016d50800 JavaThread "pool-1-thread-3" [_thread_blocked, id=5908, stack(0x0000000017400000,0x0000000017500000)]
  0x0000000016d49800 JavaThread "pool-1-thread-2" [_thread_in_Java, id=5796, stack(0x0000000017300000,0x0000000017400000)]
  0x0000000016c40800 JavaThread "pool-2-thread-1" [_thread_blocked, id=1852, stack(0x0000000017200000,0x0000000017300000)]
  0x0000000016c3f800 JavaThread "pool-1-thread-1" [_thread_blocked, id=3552, stack(0x0000000017100000,0x0000000017200000)]
  0x0000000016b03800 JavaThread "Service Thread" daemon [_thread_blocked, id=6508, stack(0x0000000016f00000,0x0000000017000000)]
  0x00000000151ac800 JavaThread "C1 CompilerThread2" daemon [_thread_blocked, id=6788, stack(0x0000000016a00000,0x0000000016b00000)]
  0x00000000151a6800 JavaThread "C2 CompilerThread1" daemon [_thread_in_native, id=2152, stack(0x0000000016900000,0x0000000016a00000)]
=>0x000000001514a000 JavaThread "C2 CompilerThread0" daemon [_thread_in_native, id=1836, stack(0x0000000016800000,0x0000000016900000)]
  0x0000000015148800 JavaThread "Attach Listener" daemon [_thread_blocked, id=6236, stack(0x0000000016700000,0x0000000016800000)]
  0x0000000015147000 JavaThread "Signal Dispatcher" daemon [_thread_blocked, id=5268, stack(0x0000000016600000,0x0000000016700000)]
  0x0000000002a06000 JavaThread "Finalizer" daemon [_thread_blocked, id=1928, stack(0x00000000163b0000,0x00000000164b0000)]
  0x00000000029fd000 JavaThread "Reference Handler" daemon [_thread_blocked, id=6208, stack(0x00000000162b0000,0x00000000163b0000)]
  0x0000000002911000 JavaThread "main" [_thread_blocked, id=6440, stack(0x0000000002800000,0x0000000002900000)]

Other Threads:
  0x0000000015117800 VMThread [stack: 0x00000000161b0000,0x00000000162b0000] [id=3284]
  0x0000000016b06800 WatcherThread [stack: 0x0000000017000000,0x0000000017100000] [id=4048]

VM state:not at safepoint (normal execution)

VM Mutex/Monitor currently owned by a thread: None

Heap:
 PSYoungGen      total 138240K, used 75013K [0x00000000eab00000, 0x00000000f3700000, 0x0000000100000000)
  eden space 133120K, 56% used [0x00000000eab00000,0x00000000ef441768,0x00000000f2d00000)
  from space 5120K, 0% used [0x00000000f2d00000,0x00000000f2d00000,0x00000000f3200000)
  to   space 5120K, 0% used [0x00000000f3200000,0x00000000f3200000,0x00000000f3700000)
 ParOldGen       total 139264K, used 66582K [0x00000000c0000000, 0x00000000c8800000, 0x00000000eab00000)
  object space 139264K, 47% used [0x00000000c0000000,0x00000000c4105b20,0x00000000c8800000)
 Metaspace       used 6060K, capacity 7152K, committed 7296K, reserved 1056768K
  class space    used 587K, capacity 616K, committed 640K, reserved 1048576K

Card table byte_map: [0x0000000011e40000,0x0000000012050000] byte_map_base: 0x0000000011840000

Marking Bits: (ParMarkBitMap*) 0x000000005f7b0600
 Begin Bits: [0x00000000125b0000, 0x00000000135b0000)
 End Bits:   [0x00000000135b0000, 0x00000000145b0000)

Polling page: 0x0000000000f60000

CodeCache: size=245760Kb used=8260Kb max_used=8273Kb free=237499Kb
 bounds [0x0000000002a80000, 0x00000000032a0000, 0x0000000011a80000]
 total_blobs=2048 nmethods=1786 adapters=175
 compilation: enabled

Compilation events (10 events):
Event: 5.799 Thread 0x00000000151a6800 nmethod 1790 0x00000000032418d0 code [0x0000000003241a00, 0x0000000003241a78]
Event: 5.799 Thread 0x00000000151a6800 1852       4       java.lang.StringBuilder::append (8 bytes)
Event: 5.804 Thread 0x00000000151a6800 nmethod 1852 0x0000000003297a90 code [0x0000000003297be0, 0x0000000003297f98]
Event: 5.804 Thread 0x00000000151a6800 1775       4       com.android.dx.dex.code.RopTranslator$LocalVariableAwareTranslationVisitor::visitThrowingInsn (11 bytes)
Event: 5.857 Thread 0x00000000151a6800 nmethod 1775 0x000000000329b490 code [0x000000000329b700, 0x000000000329d0c0]
Event: 5.857 Thread 0x00000000151a6800 1854       4       com.android.dx.cf.code.Ropper::addBlock (37 bytes)
Event: 5.865 Thread 0x00000000151a6800 nmethod 1854 0x0000000003296cd0 code [0x0000000003296e40, 0x00000000032974b8]
Event: 5.865 Thread 0x00000000151a6800 1853       4       com.android.dx.rop.type.Type::getComponentType (70 bytes)
Event: 5.867 Thread 0x00000000151a6800 nmethod 1853 0x000000000328f190 code [0x000000000328f2e0, 0x000000000328f418]
Event: 5.867 Thread 0x00000000151a6800 1791       4       com.android.dx.ssa.SsaMethod::isRegALocal (90 bytes)

GC Heap History (10 events):
Event: 2.614 GC heap before
{Heap before GC invocations=3 (full 0):
 PSYoungGen      total 71680K, used 71658K [0x00000000eab00000, 0x00000000ef600000, 0x0000000100000000)
  eden space 66560K, 100% used [0x00000000eab00000,0x00000000eec00000,0x00000000eec00000)
  from space 5120K, 99% used [0x00000000ef100000,0x00000000ef5faa48,0x00000000ef600000)
  to   space 5120K, 0% used [0x00000000eec00000,0x00000000eec00000,0x00000000ef100000)
 ParOldGen       total 87552K, used 7406K [0x00000000c0000000, 0x00000000c5580000, 0x00000000eab00000)
  object space 87552K, 8% used [0x00000000c0000000,0x00000000c073bb58,0x00000000c5580000)
 Metaspace       used 5957K, capacity 7024K, committed 7296K, reserved 1056768K
  class space    used 586K, capacity 616K, committed 640K, reserved 1048576K
Event: 2.676 GC heap after
Heap after GC invocations=3 (full 0):
 PSYoungGen      total 71680K, used 5090K [0x00000000eab00000, 0x00000000f3700000, 0x0000000100000000)
  eden space 66560K, 0% used [0x00000000eab00000,0x00000000eab00000,0x00000000eec00000)
  from space 5120K, 99% used [0x00000000eec00000,0x00000000ef0f8830,0x00000000ef100000)
  to   space 5120K, 0% used [0x00000000f3200000,0x00000000f3200000,0x00000000f3700000)
 ParOldGen       total 87552K, used 32639K [0x00000000c0000000, 0x00000000c5580000, 0x00000000eab00000)
  object space 87552K, 37% used [0x00000000c0000000,0x00000000c1fdfc48,0x00000000c5580000)
 Metaspace       used 5957K, capacity 7024K, committed 7296K, reserved 1056768K
  class space    used 586K, capacity 616K, committed 640K, reserved 1048576K
}
Event: 2.941 GC heap before
{Heap before GC invocations=4 (full 0):
 PSYoungGen      total 71680K, used 71650K [0x00000000eab00000, 0x00000000f3700000, 0x0000000100000000)
  eden space 66560K, 100% used [0x00000000eab00000,0x00000000eec00000,0x00000000eec00000)
  from space 5120K, 99% used [0x00000000eec00000,0x00000000ef0f8830,0x00000000ef100000)
  to   space 5120K, 0% used [0x00000000f3200000,0x00000000f3200000,0x00000000f3700000)
 ParOldGen       total 87552K, used 32639K [0x00000000c0000000, 0x00000000c5580000, 0x00000000eab00000)
  object space 87552K, 37% used [0x00000000c0000000,0x00000000c1fdfc48,0x00000000c5580000)
 Metaspace       used 5966K, capacity 7024K, committed 7296K, reserved 1056768K
  class space    used 587K, capacity 616K, committed 640K, reserved 1048576K
Event: 2.995 GC heap after
Heap after GC invocations=4 (full 0):
 PSYoungGen      total 138240K, used 5088K [0x00000000eab00000, 0x00000000f3700000, 0x0000000100000000)
  eden space 133120K, 0% used [0x00000000eab00000,0x00000000eab00000,0x00000000f2d00000)
  from space 5120K, 99% used [0x00000000f3200000,0x00000000f36f82b0,0x00000000f3700000)
  to   space 5120K, 0% used [0x00000000f2d00000,0x00000000f2d00000,0x00000000f3200000)
 ParOldGen       total 87552K, used 58311K [0x00000000c0000000, 0x00000000c5580000, 0x00000000eab00000)
  object space 87552K, 66% used [0x00000000c0000000,0x00000000c38f1e78,0x00000000c5580000)
 Metaspace       used 5966K, capacity 7024K, committed 7296K, reserved 1056768K
  class space    used 587K, capacity 616K, committed 640K, reserved 1048576K
}
Event: 2.995 GC heap before
{Heap before GC invocations=5 (full 1):
 PSYoungGen      total 138240K, used 5088K [0x00000000eab00000, 0x00000000f3700000, 0x0000000100000000)
  eden space 133120K, 0% used [0x00000000eab00000,0x00000000eab00000,0x00000000f2d00000)
  from space 5120K, 99% used [0x00000000f3200000,0x00000000f36f82b0,0x00000000f3700000)
  to   space 5120K, 0% used [0x00000000f2d00000,0x00000000f2d00000,0x00000000f3200000)
 ParOldGen       total 87552K, used 58311K [0x00000000c0000000, 0x00000000c5580000, 0x00000000eab00000)
  object space 87552K, 66% used [0x00000000c0000000,0x00000000c38f1e78,0x00000000c5580000)
 Metaspace       used 5966K, capacity 7024K, committed 7296K, reserved 1056768K
  class space    used 587K, capacity 616K, committed 640K, reserved 1048576K
Event: 3.182 GC heap after
Heap after GC invocations=5 (full 1):
 PSYoungGen      total 138240K, used 0K [0x00000000eab00000, 0x00000000f3700000, 0x0000000100000000)
  eden space 133120K, 0% used [0x00000000eab00000,0x00000000eab00000,0x00000000f2d00000)
  from space 5120K, 0% used [0x00000000f3200000,0x00000000f3200000,0x00000000f3700000)
  to   space 5120K, 0% used [0x00000000f2d00000,0x00000000f2d00000,0x00000000f3200000)
 ParOldGen       total 139264K, used 57736K [0x00000000c0000000, 0x00000000c8800000, 0x00000000eab00000)
  object space 139264K, 41% used [0x00000000c0000000,0x00000000c38620b0,0x00000000c8800000)
 Metaspace       used 5966K, capacity 7024K, committed 7296K, reserved 1056768K
  class space    used 587K, capacity 616K, committed 640K, reserved 1048576K
}
Event: 3.884 GC heap before
{Heap before GC invocations=6 (full 1):
 PSYoungGen      total 138240K, used 133120K [0x00000000eab00000, 0x00000000f3700000, 0x0000000100000000)
  eden space 133120K, 100% used [0x00000000eab00000,0x00000000f2d00000,0x00000000f2d00000)
  from space 5120K, 0% used [0x00000000f3200000,0x00000000f3200000,0x00000000f3700000)
  to   space 5120K, 0% used [0x00000000f2d00000,0x00000000f2d00000,0x00000000f3200000)
 ParOldGen       total 139264K, used 57736K [0x00000000c0000000, 0x00000000c8800000, 0x00000000eab00000)
  object space 139264K, 41% used [0x00000000c0000000,0x00000000c38620b0,0x00000000c8800000)
 Metaspace       used 6026K, capacity 7088K, committed 7296K, reserved 1056768K
  class space    used 587K, capacity 616K, committed 640K, reserved 1048576K
Event: 3.996 GC heap after
Heap after GC invocations=6 (full 1):
 PSYoungGen      total 138240K, used 5105K [0x00000000eab00000, 0x00000000f3700000, 0x0000000100000000)
  eden space 133120K, 0% used [0x00000000eab00000,0x00000000eab00000,0x00000000f2d00000)
  from space 5120K, 99% used [0x00000000f2d00000,0x00000000f31fc5d8,0x00000000f3200000)
  to   space 5120K, 0% used [0x00000000f3200000,0x00000000f3200000,0x00000000f3700000)
 ParOldGen       total 139264K, used 106736K [0x00000000c0000000, 0x00000000c8800000, 0x00000000eab00000)
  object space 139264K, 76% used [0x00000000c0000000,0x00000000c683c1d8,0x00000000c8800000)
 Metaspace       used 6026K, capacity 7088K, committed 7296K, reserved 1056768K
  class space    used 587K, capacity 616K, committed 640K, reserved 1048576K
}
Event: 3.996 GC heap before
{Heap before GC invocations=7 (full 2):
 PSYoungGen      total 138240K, used 5105K [0x00000000eab00000, 0x00000000f3700000, 0x0000000100000000)
  eden space 133120K, 0% used [0x00000000eab00000,0x00000000eab00000,0x00000000f2d00000)
  from space 5120K, 99% used [0x00000000f2d00000,0x00000000f31fc5d8,0x00000000f3200000)
  to   space 5120K, 0% used [0x00000000f3200000,0x00000000f3200000,0x00000000f3700000)
 ParOldGen       total 139264K, used 106736K [0x00000000c0000000, 0x00000000c8800000, 0x00000000eab00000)
  object space 139264K, 76% used [0x00000000c0000000,0x00000000c683c1d8,0x00000000c8800000)
 Metaspace       used 6026K, capacity 7088K, committed 7296K, reserved 1056768K
  class space    used 587K, capacity 616K, committed 640K, reserved 1048576K
Event: 4.631 GC heap after
Heap after GC invocations=7 (full 2):
 PSYoungGen      total 138240K, used 0K [0x00000000eab00000, 0x00000000f3700000, 0x0000000100000000)
  eden space 133120K, 0% used [0x00000000eab00000,0x00000000eab00000,0x00000000f2d00000)
  from space 5120K, 0% used [0x00000000f2d00000,0x00000000f2d00000,0x00000000f3200000)
  to   space 5120K, 0% used [0x00000000f3200000,0x00000000f3200000,0x00000000f3700000)
 ParOldGen       total 139264K, used 66582K [0x00000000c0000000, 0x00000000c8800000, 0x00000000eab00000)
  object space 139264K, 47% used [0x00000000c0000000,0x00000000c4105b20,0x00000000c8800000)
 Metaspace       used 6026K, capacity 7088K, committed 7296K, reserved 1056768K
  class space    used 587K, capacity 616K, committed 640K, reserved 1048576K
}

Deoptimization events (10 events):
Event: 3.383 Thread 0x0000000016d52800 Uncommon trap: reason=unstable_if action=reinterpret pc=0x00000000031161fc method=com.android.dx.ssa.SsaRenamer$BlockRenamer.visitMoveInsn(Lcom/android/dx/ssa/NormalSsaInsn;)V @ 104
Event: 3.383 Thread 0x0000000016d52800 Uncommon trap: reason=unstable_if action=reinterpret pc=0x000000000309b180 method=com.android.dx.ssa.SsaRenamer$BlockRenamer.process()V @ 90
Event: 3.586 Thread 0x0000000016d52800 Uncommon trap: reason=unstable_if action=reinterpret pc=0x0000000002cf3cf8 method=java.util.BitSet.ensureCapacity(I)V @ 6
Event: 5.542 Thread 0x0000000002911000 Uncommon trap: reason=unloaded action=reinterpret pc=0x0000000002c3b194 method=com.android.dx.cf.cst.ConstantPoolParser.parse0(ILjava/util/BitSet;)Lcom/android/dx/rop/cst/Constant; @ 176
Event: 5.551 Thread 0x0000000016c3f800 Uncommon trap: reason=class_check action=maybe_recompile pc=0x000000000320f414 method=com.android.dx.rop.cst.CstLiteral32.equals(Ljava/lang/Object;)Z @ 20
Event: 5.551 Thread 0x0000000016c3f800 Uncommon trap: reason=class_check action=maybe_recompile pc=0x000000000320f414 method=com.android.dx.rop.cst.CstLiteral32.equals(Ljava/lang/Object;)Z @ 20
Event: 5.552 Thread 0x0000000016c3f800 Uncommon trap: reason=class_check action=maybe_recompile pc=0x000000000320f414 method=com.android.dx.rop.cst.CstLiteral32.equals(Ljava/lang/Object;)Z @ 20
Event: 5.552 Thread 0x0000000016c3f800 Uncommon trap: reason=class_check action=maybe_recompile pc=0x000000000320f414 method=com.android.dx.rop.cst.CstLiteral32.equals(Ljava/lang/Object;)Z @ 20
Event: 5.698 Thread 0x0000000016d50800 Uncommon trap: reason=unstable_if action=reinterpret pc=0x000000000321374c method=com.android.dx.dex.code.OutputFinisher.hasLocalInfo(Lcom/android/dx/dex/code/DalvInsn;)Z @ 24
Event: 5.698 Thread 0x0000000016d50800 Uncommon trap: reason=unstable_if action=reinterpret pc=0x0000000003224c80 method=com.android.dx.util.MutabilityControl.isImmutable()Z @ 4

Internal exceptions (3 events):
Event: 0.054 Thread 0x0000000002911000 Exception <a 'java/lang/NoSuchMethodError': Method sun.misc.Unsafe.defineClass(Ljava/lang/String;[BII)Ljava/lang/Class; name or signature does not match> (0x00000000eab0d748) thrown at [D:\re\puppet\workspace\8-2-build-windows-amd64-cygwin\jdk8u73\6086\hot=0·Ør«?
Event: 0.054 Thread 0x0000000002911000 Exception <a 'java/lang/NoSuchMethodError': Method sun.misc.Unsafe.prefetchRead(Ljava/lang/Object;J)V name or signature does not match> (0x00000000eab0da30) thrown at [D:\re\puppet\workspace\8-2-build-windows-amd64-cygwin\jdk8u73\6086\hotspot\src\share\vm\ Z
Event: 1.935 Thread 0x0000000016d50800 Implicit null exception at 0x0000000002d666df to 0x0000000002d6790d

Events (10 events):
Event: 5.552 Thread 0x0000000016c3f800 DEOPT PACKING pc=0x000000000320f414 sp=0x00000000171fe980
Event: 5.552 Thread 0x0000000016c3f800 DEOPT UNPACKING pc=0x0000000002ac582a sp=0x00000000171fe910 mode 2
Event: 5.612 Thread 0x0000000002911000 DEOPT PACKING pc=0x00000000031592a1 sp=0x00000000028fe380
Event: 5.612 Thread 0x0000000002911000 DEOPT UNPACKING pc=0x0000000002ac747f sp=0x00000000028fe140 mode 0
Event: 5.698 Thread 0x0000000016d50800 Uncommon trap: trap_request=0xffffff65 fr.pc=0x000000000321374c
Event: 5.698 Thread 0x0000000016d50800 DEOPT PACKING pc=0x000000000321374c sp=0x00000000174fec80
Event: 5.698 Thread 0x0000000016d50800 DEOPT UNPACKING pc=0x0000000002ac582a sp=0x00000000174feaa8 mode 2
Event: 5.698 Thread 0x0000000016d50800 Uncommon trap: trap_request=0xffffff65 fr.pc=0x0000000003224c80
Event: 5.698 Thread 0x0000000016d50800 DEOPT PACKING pc=0x0000000003224c80 sp=0x00000000174feb40
Event: 5.698 Thread 0x0000000016d50800 DEOPT UNPACKING pc=0x0000000002ac582a sp=0x00000000174fe8c8 mode 2


Dynamic libraries:
0x00007ff7089c0000 - 0x00007ff7089f7000 	C:\Program Files\Java\jdk1.8.0_73\bin\java.exe
0x00007ffd2a170000 - 0x00007ffd2a31a000 	C:\Windows\SYSTEM32\ntdll.dll
0x00007ffd27ac0000 - 0x00007ffd27bfa000 	C:\Windows\system32\KERNEL32.DLL
0x00007ffd27660000 - 0x00007ffd2776f000 	C:\Windows\system32\KERNELBASE.dll
0x00007ffd26110000 - 0x00007ffd26198000 	C:\Windows\system32\apphelp.dll
0x00007ffd10c20000 - 0x00007ffd10c6f000 	C:\Windows\AppPatch\AppPatch64\AcGenral.DLL
0x00007ffd29e40000 - 0x00007ffd29ee7000 	C:\Windows\system32\msvcrt.dll
0x00007ffd272c0000 - 0x00007ffd272eb000 	C:\Windows\SYSTEM32\SspiCli.dll
0x00007ffd29de0000 - 0x00007ffd29e31000 	C:\Windows\system32\SHLWAPI.dll
0x00007ffd29720000 - 0x00007ffd29891000 	C:\Windows\system32\USER32.dll
0x00007ffd29ab0000 - 0x00007ffd29c28000 	C:\Windows\system32\ole32.dll
0x00007ffd28040000 - 0x00007ffd29457000 	C:\Windows\system32\SHELL32.dll
0x00007ffd26af0000 - 0x00007ffd26b0e000 	C:\Windows\SYSTEM32\USERENV.dll
0x00007ffd27e80000 - 0x00007ffd27f25000 	C:\Windows\system32\ADVAPI32.dll
0x00007ffd206f0000 - 0x00007ffd2070b000 	C:\Windows\SYSTEM32\MPR.dll
0x00007ffd27c00000 - 0x00007ffd27d36000 	C:\Windows\system32\RPCRT4.dll
0x00007ffd29d80000 - 0x00007ffd29dd7000 	C:\Windows\SYSTEM32\sechost.dll
0x00007ffd298d0000 - 0x00007ffd29aa6000 	C:\Windows\SYSTEM32\combase.dll
0x00007ffd29c30000 - 0x00007ffd29d75000 	C:\Windows\system32\GDI32.dll
0x00007ffd27490000 - 0x00007ffd274a4000 	C:\Windows\SYSTEM32\profapi.dll
0x00007ffd25b00000 - 0x00007ffd25b9f000 	C:\Windows\SYSTEM32\SHCORE.dll
0x00007ffd27fa0000 - 0x00007ffd27fd4000 	C:\Windows\system32\IMM32.DLL
0x00007ffd27d40000 - 0x00007ffd27e79000 	C:\Windows\system32\MSCTF.dll
0x00007ffd25190000 - 0x00007ffd253ea000 	C:\Windows\WinSxS\amd64_microsoft.windows.common-controls_6595b64144ccf1df_6.0.9600.17031_none_6242a4b3ecbb55a1\COMCTL32.dll
0x0000000060180000 - 0x0000000060252000 	C:\Program Files\Java\jdk1.8.0_73\jre\bin\msvcr100.dll
0x000000005efa0000 - 0x000000005f830000 	C:\Program Files\Java\jdk1.8.0_73\jre\bin\server\jvm.dll
0x00007ffd1de80000 - 0x00007ffd1de89000 	C:\Windows\SYSTEM32\WSOCK32.dll
0x00007ffd24f80000 - 0x00007ffd24f9f000 	C:\Windows\SYSTEM32\WINMM.dll
0x00007ffd24fa0000 - 0x00007ffd24faa000 	C:\Windows\SYSTEM32\VERSION.dll
0x00007ffd298a0000 - 0x00007ffd298a7000 	C:\Windows\system32\PSAPI.DLL
0x00007ffd27f30000 - 0x00007ffd27f88000 	C:\Windows\system32\WS2_32.dll
0x00007ffd24b30000 - 0x00007ffd24b5a000 	C:\Windows\SYSTEM32\WINMMBASE.dll
0x00007ffd27aa0000 - 0x00007ffd27aa9000 	C:\Windows\system32\NSI.dll
0x00007ffd27770000 - 0x00007ffd277ba000 	C:\Windows\SYSTEM32\cfgmgr32.dll
0x00007ffd26360000 - 0x00007ffd26386000 	C:\Windows\SYSTEM32\DEVOBJ.dll
0x00000000617a0000 - 0x00000000617af000 	C:\Program Files\Java\jdk1.8.0_73\jre\bin\verify.dll
0x0000000060ae0000 - 0x0000000060b09000 	C:\Program Files\Java\jdk1.8.0_73\jre\bin\java.dll
0x0000000061780000 - 0x0000000061796000 	C:\Program Files\Java\jdk1.8.0_73\jre\bin\zip.dll

VM Arguments:
jvm_args: -Djava.awt.headless=true -Xmx1024M -Dfile.encoding=windows-1252 -Duser.country=US -Duser.language=en -Duser.variant 
java_command: com.android.dx.command.Main --dex --force-jumbo --num-threads=4 --output C:\Users\Robertus Pamungkas\Desktop\ProjectPam16v1\app\build\intermediates\pre-dexed\debug\main_8cdede884f199349a36a9aa39eae313f76b1507c.jar C:\Users\Robertus Pamungkas\Desktop\ProjectPam16v1\app\build\intermediates\transforms\instantRun\debug\folders\1\5\main
java_class_path (initial): H:\Kuliah\Semester 5\PAM 2016\sdk\build-tools\25.0.0\lib\dx.jar
Launcher Type: SUN_STANDARD

Environment Variables:
PATH=C:\ProgramData\Oracle\Java\javapath;C:\Windows\system32;C:\Windows;C:\Windows\System32\Wbem;C:\Windows\System32\WindowsPowerShell\v1.0\;C:\Program Files (x86)\AMD\ATI.ACE\Core-Static;C:\Program Files\Microsoft\Web Platform Installer\;C:\Program Files (x86)\Microsoft ASP.NET\ASP.NET Web Pages\v1.0\;C:\Program Files (x86)\Windows Kits\8.0\Windows Performance Toolkit\;C:\Program Files\Microsoft SQL Server\110\Tools\Binn\;C:\Program Files\Microsoft SQL Server\110\DTS\Binn\;C:\Program Files (x86)\Microsoft SQL Server\110\Tools\Binn\ManagementStudio\;C:\Program Files (x86)\Microsoft SQL Server\110\Tools\Binn\;C:\Program Files (x86)\Microsoft Visual Studio 10.0\Common7\IDE\PrivateAssemblies\;C:\Program Files (x86)\Microsoft SQL Server\110\DTS\Binn\
USERNAME=Robertus Pamungkas
OS=Windows_NT
PROCESSOR_IDENTIFIER=AMD64 Family 16 Model 4 Stepping 3, AuthenticAMD



---------------  S Y S T E M  ---------------

OS: Windows 8.1 , 64 bit Build 9600 (6.3.9600.17056)

CPU:total 4 (4 cores per cpu, 1 threads per core) family 16 model 4 stepping 3, cmov, cx8, fxsr, mmx, sse, sse2, sse3, popcnt, mmxext, 3dnowpref, lzcnt, sse4a, tsc, tscinvbit, tscinv

Memory: 4k page, physical 8387700k(2586472k free), swap 8387700k(5764k free)

vm_info: Java HotSpot(TM) 64-Bit Server VM (25.73-b02) for windows-amd64 JRE (1.8.0_73-b02), built on Jan 29 2016 17:38:49 by "java_re" with MS VC++ 10.0 (VS2010)

time: Wed Nov 30 22:41:59 2016
elapsed time: 5 seconds (0d 0h 0m 5s)

