#
# There is insufficient memory for the Java Runtime Environment to continue.
# Native memory allocation (malloc) failed to allocate 32744 bytes for ChunkPool::allocate
# Possible reasons:
#   The system is out of physical RAM or swap space
#   In 32 bit mode, the process size limit was hit
# Possible solutions:
#   Reduce memory load on the system
#   Increase physical memory or swap space
#   Check if swap backing store is full
#   Use 64 bit Java on a 64 bit OS
#   Decrease Java heap size (-Xmx/-Xms)
#   Decrease number of Java threads
#   Decrease Java thread stack sizes (-Xss)
#   Set larger code cache with -XX:ReservedCodeCacheSize=
# This output file may be truncated or incomplete.
#
#  Out of Memory Error (allocation.cpp:273), pid=6088, tid=4876
#
# JRE version: Java(TM) SE Runtime Environment (8.0_73-b02) (build 1.8.0_73-b02)
# Java VM: Java HotSpot(TM) 64-Bit Server VM (25.73-b02 mixed mode windows-amd64 compressed oops)
# Failed to write core dump. Minidumps are not enabled by default on client versions of Windows
#

---------------  T H R E A D  ---------------

Current thread (0x00000000151dd800):  JavaThread "C2 CompilerThread1" daemon [_thread_in_native, id=4876, stack(0x0000000016930000,0x0000000016a30000)]

Stack: [0x0000000016930000,0x0000000016a30000]
[error occurred during error reporting (printing stack bounds), id 0xc0000005]

Native frames: (J=compiled Java code, j=interpreted, Vv=VM code, C=native code)


Current CompileTask:
C2:   3179 1484   !   4       com.android.dx.cf.code.BytecodeArray::parseInstruction (2764 bytes)


---------------  P R O C E S S  ---------------

Java Threads: ( => current thread )
  0x0000000016d9a800 JavaThread "pool-1-thread-4" [_thread_blocked, id=5888, stack(0x0000000017530000,0x0000000017630000)]
  0x0000000016d99800 JavaThread "pool-1-thread-3" [_thread_blocked, id=6956, stack(0x0000000017430000,0x0000000017530000)]
  0x0000000016d99000 JavaThread "pool-1-thread-2" [_thread_in_Java, id=1132, stack(0x0000000017330000,0x0000000017430000)]
  0x0000000016d96800 JavaThread "pool-2-thread-1" [_thread_blocked, id=5244, stack(0x0000000017230000,0x0000000017330000)]
  0x0000000016d8d000 JavaThread "pool-1-thread-1" [_thread_in_vm, id=6928, stack(0x0000000017130000,0x0000000017230000)]
  0x00000000151ee800 JavaThread "Service Thread" daemon [_thread_blocked, id=8132, stack(0x0000000016f30000,0x0000000017030000)]
  0x00000000151e4000 JavaThread "C1 CompilerThread2" daemon [_thread_blocked, id=7428, stack(0x0000000016a30000,0x0000000016b30000)]
=>0x00000000151dd800 JavaThread "C2 CompilerThread1" daemon [_thread_in_native, id=4876, stack(0x0000000016930000,0x0000000016a30000)]
  0x000000001518a800 JavaThread "C2 CompilerThread0" daemon [_thread_in_native, id=6884, stack(0x0000000016830000,0x0000000016930000)]
  0x0000000015189000 JavaThread "Attach Listener" daemon [_thread_blocked, id=3380, stack(0x0000000016730000,0x0000000016830000)]
  0x0000000015188000 JavaThread "Signal Dispatcher" daemon [_thread_blocked, id=5720, stack(0x0000000016630000,0x0000000016730000)]
  0x0000000002ab6000 JavaThread "Finalizer" daemon [_thread_blocked, id=7592, stack(0x00000000163e0000,0x00000000164e0000)]
  0x0000000002aad000 JavaThread "Reference Handler" daemon [_thread_blocked, id=8028, stack(0x00000000162e0000,0x00000000163e0000)]
  0x00000000029c1000 JavaThread "main" [_thread_in_Java, id=4440, stack(0x0000000002830000,0x0000000002930000)]

Other Threads:
  0x0000000015157800 VMThread [stack: 0x00000000161e0000,0x00000000162e0000] [id=7980]
  0x0000000016b4e800 WatcherThread [stack: 0x0000000017030000,0x0000000017130000] [id=7412]

VM state:not at safepoint (normal execution)

VM Mutex/Monitor currently owned by a thread: None

Heap:
 PSYoungGen      total 71680K, used 46211K [0x00000000eab00000, 0x00000000ef600000, 0x0000000100000000)
  eden space 66560K, 61% used [0x00000000eab00000,0x00000000ed3212b0,0x00000000eec00000)
  from space 5120K, 99% used [0x00000000ef100000,0x00000000ef5ffb80,0x00000000ef600000)
  to   space 5120K, 0% used [0x00000000eec00000,0x00000000eec00000,0x00000000ef100000)
 ParOldGen       total 87552K, used 5567K [0x00000000c0000000, 0x00000000c5580000, 0x00000000eab00000)
  object space 87552K, 6% used [0x00000000c0000000,0x00000000c056ffd8,0x00000000c5580000)
 Metaspace       used 6219K, capacity 7088K, committed 7296K, reserved 1056768K
  class space    used 597K, capacity 616K, committed 640K, reserved 1048576K

Card table byte_map: [0x0000000011e80000,0x0000000012090000] byte_map_base: 0x0000000011880000

Marking Bits: (ParMarkBitMap*) 0x0000000050910600
 Begin Bits: [0x00000000125f0000, 0x00000000135f0000)
 End Bits:   [0x00000000135f0000, 0x00000000145f0000)

Polling page: 0x0000000000ec0000

CodeCache: size=245760Kb used=6486Kb max_used=6486Kb free=239273Kb
 bounds [0x0000000002ac0000, 0x0000000003120000, 0x0000000011ac0000]
 total_blobs=1880 nmethods=1613 adapters=181
 compilation: enabled

Compilation events (10 events):
Event: 3.158 Thread 0x00000000151e4000 1631       2       java.util.RegularEnumSet::addAll (23 bytes)
Event: 3.158 Thread 0x00000000151e4000 nmethod 1631 0x00000000031189d0 code [0x0000000003118b20, 0x0000000003118c90]
Event: 3.158 Thread 0x00000000151e4000 1632       2       com.android.dx.ssa.Optimizer::optimize (67 bytes)
Event: 3.159 Thread 0x00000000151e4000 nmethod 1632 0x0000000003118d50 code [0x0000000003118f00, 0x00000000031192f8]
Event: 3.159 Thread 0x00000000151e4000 1633       2       com.android.dx.dex.code.DalvCode::<init> (68 bytes)
Event: 3.159 Thread 0x00000000151e4000 nmethod 1633 0x0000000003119610 code [0x00000000031197a0, 0x0000000003119ab8]
Event: 3.162 Thread 0x00000000151e4000 1634       1       com.android.dx.cf.attrib.AttInnerClasses::getInnerClasses (5 bytes)
Event: 3.162 Thread 0x00000000151e4000 nmethod 1634 0x0000000003119c10 code [0x0000000003119d60, 0x0000000003119e70]
Event: 3.172 Thread 0x00000000151e4000 1636       1       com.android.dx.ssa.PhiInsn::canThrow (2 bytes)
Event: 3.172 Thread 0x00000000151e4000 nmethod 1636 0x0000000003119ed0 code [0x000000000311a020, 0x000000000311a130]

GC Heap History (4 events):
Event: 1.689 GC heap before
{Heap before GC invocations=1 (full 0):
 PSYoungGen      total 38400K, used 33280K [0x00000000eab00000, 0x00000000ed580000, 0x0000000100000000)
  eden space 33280K, 100% used [0x00000000eab00000,0x00000000ecb80000,0x00000000ecb80000)
  from space 5120K, 0% used [0x00000000ed080000,0x00000000ed080000,0x00000000ed580000)
  to   space 5120K, 0% used [0x00000000ecb80000,0x00000000ecb80000,0x00000000ed080000)
 ParOldGen       total 87552K, used 0K [0x00000000c0000000, 0x00000000c5580000, 0x00000000eab00000)
  object space 87552K, 0% used [0x00000000c0000000,0x00000000c0000000,0x00000000c5580000)
 Metaspace       used 5987K, capacity 6896K, committed 7040K, reserved 1056768K
  class space    used 596K, capacity 616K, committed 640K, reserved 1048576K
Event: 1.918 GC heap after
Heap after GC invocations=1 (full 0):
 PSYoungGen      total 38400K, used 5098K [0x00000000eab00000, 0x00000000ef600000, 0x0000000100000000)
  eden space 33280K, 0% used [0x00000000eab00000,0x00000000eab00000,0x00000000ecb80000)
  from space 5120K, 99% used [0x00000000ecb80000,0x00000000ed07aab8,0x00000000ed080000)
  to   space 5120K, 0% used [0x00000000ef100000,0x00000000ef100000,0x00000000ef600000)
 ParOldGen       total 87552K, used 1325K [0x00000000c0000000, 0x00000000c5580000, 0x00000000eab00000)
  object space 87552K, 1% used [0x00000000c0000000,0x00000000c014b690,0x00000000c5580000)
 Metaspace       used 5987K, capacity 6896K, committed 7040K, reserved 1056768K
  class space    used 596K, capacity 616K, committed 640K, reserved 1048576K
}
Event: 2.679 GC heap before
{Heap before GC invocations=2 (full 0):
 PSYoungGen      total 38400K, used 38378K [0x00000000eab00000, 0x00000000ef600000, 0x0000000100000000)
  eden space 33280K, 100% used [0x00000000eab00000,0x00000000ecb80000,0x00000000ecb80000)
  from space 5120K, 99% used [0x00000000ecb80000,0x00000000ed07aab8,0x00000000ed080000)
  to   space 5120K, 0% used [0x00000000ef100000,0x00000000ef100000,0x00000000ef600000)
 ParOldGen       total 87552K, used 1325K [0x00000000c0000000, 0x00000000c5580000, 0x00000000eab00000)
  object space 87552K, 1% used [0x00000000c0000000,0x00000000c014b690,0x00000000c5580000)
 Metaspace       used 6119K, capacity 7024K, committed 7296K, reserved 1056768K
  class space    used 596K, capacity 616K, committed 640K, reserved 1048576K
Event: 2.827 GC heap after
Heap after GC invocations=2 (full 0):
 PSYoungGen      total 71680K, used 5118K [0x00000000eab00000, 0x00000000ef600000, 0x0000000100000000)
  eden space 66560K, 0% used [0x00000000eab00000,0x00000000eab00000,0x00000000eec00000)
  from space 5120K, 99% used [0x00000000ef100000,0x00000000ef5ffb80,0x00000000ef600000)
  to   space 5120K, 0% used [0x00000000eec00000,0x00000000eec00000,0x00000000ef100000)
 ParOldGen       total 87552K, used 5567K [0x00000000c0000000, 0x00000000c5580000, 0x00000000eab00000)
  object space 87552K, 6% used [0x00000000c0000000,0x00000000c056ffd8,0x00000000c5580000)
 Metaspace       used 6119K, capacity 7024K, committed 7296K, reserved 1056768K
  class space    used 596K, capacity 616K, committed 640K, reserved 1048576K
}

Deoptimization events (10 events):
Event: 2.019 Thread 0x00000000029c1000 Uncommon trap: reason=unstable_if action=reinterpret pc=0x0000000002cfea90 method=java.lang.String.<init>([CII)V @ 18
Event: 2.338 Thread 0x0000000016d99800 Uncommon trap: reason=bimorphic action=maybe_recompile pc=0x00000000030537f0 method=com.android.dx.ssa.SCCP.setLatticeValueTo(IILcom/android/dx/rop/cst/Constant;)Z @ 43
Event: 2.344 Thread 0x0000000016d99000 Uncommon trap: reason=bimorphic action=maybe_recompile pc=0x000000000305369c method=com.android.dx.ssa.SCCP.simulatePhi(Lcom/android/dx/ssa/PhiInsn;)V @ 124
Event: 2.344 Thread 0x0000000016d99000 Uncommon trap: reason=bimorphic action=maybe_recompile pc=0x000000000305369c method=com.android.dx.ssa.SCCP.simulatePhi(Lcom/android/dx/ssa/PhiInsn;)V @ 124
Event: 2.350 Thread 0x0000000016d99000 Uncommon trap: reason=bimorphic action=maybe_recompile pc=0x000000000305369c method=com.android.dx.ssa.SCCP.simulatePhi(Lcom/android/dx/ssa/PhiInsn;)V @ 124
Event: 2.350 Thread 0x0000000016d99000 Uncommon trap: reason=bimorphic action=maybe_recompile pc=0x000000000305369c method=com.android.dx.ssa.SCCP.simulatePhi(Lcom/android/dx/ssa/PhiInsn;)V @ 124
Event: 2.368 Thread 0x0000000016d99800 Uncommon trap: reason=bimorphic action=maybe_recompile pc=0x0000000002fa407c method=com.android.dx.cf.code.BytecodeArray.parseInstruction(ILcom/android/dx/cf/code/BytecodeArray$Visitor;)I @ 1357
Event: 2.368 Thread 0x0000000016d99800 Uncommon trap: reason=bimorphic action=maybe_recompile pc=0x0000000002fa407c method=com.android.dx.cf.code.BytecodeArray.parseInstruction(ILcom/android/dx/cf/code/BytecodeArray$Visitor;)I @ 1357
Event: 2.892 Thread 0x0000000016d99000 Uncommon trap: reason=unstable_if action=reinterpret pc=0x0000000002ea82dc method=com.android.dx.ssa.SsaMethod.updateOneDefinition(Lcom/android/dx/ssa/SsaInsn;Lcom/android/dx/rop/code/RegisterSpec;)V @ 4
Event: 2.908 Thread 0x00000000029c1000 Uncommon trap: reason=unstable_if action=reinterpret pc=0x0000000002ca93d4 method=java.lang.String.<init>([CII)V @ 18

Internal exceptions (3 events):
Event: 0.065 Thread 0x00000000029c1000 Exception <a 'java/lang/NoSuchMethodError': Method sun.misc.Unsafe.defineClass(Ljava/lang/String;[BII)Ljava/lang/Class; name or signature does not match> (0x00000000eab0d7b0) thrown at [D:\re\puppet\workspace\8-2-build-windows-amd64-cygwin\jdk8u73\6086\hotcÂ_ŒF‡°?
Event: 0.065 Thread 0x00000000029c1000 Exception <a 'java/lang/NoSuchMethodError': Method sun.misc.Unsafe.prefetchRead(Ljava/lang/Object;J)V name or signature does not match> (0x00000000eab0da98) thrown at [D:\re\puppet\workspace\8-2-build-windows-amd64-cygwin\jdk8u73\6086\hotspot\src\share\vm\¬˜hW±‚ô?
Event: 1.282 Thread 0x00000000029c1000 Implicit null exception at 0x0000000002d94ba2 to 0x0000000002d94c41

Events (10 events):
Event: 2.618 Executing VM operation: ParallelGCFailedAllocation
Event: 2.827 Executing VM operation: ParallelGCFailedAllocation done
Event: 2.892 Thread 0x0000000016d99000 Uncommon trap: trap_request=0xffffff65 fr.pc=0x0000000002ea82dc
Event: 2.892 Thread 0x0000000016d99000 DEOPT PACKING pc=0x0000000002ea82dc sp=0x000000001742e630
Event: 2.892 Thread 0x0000000016d99000 DEOPT UNPACKING pc=0x0000000002b0582a sp=0x000000001742e5d8 mode 2
Event: 2.908 Thread 0x00000000029c1000 Uncommon trap: trap_request=0xffffff65 fr.pc=0x0000000002ca93d4
Event: 2.908 Thread 0x00000000029c1000 DEOPT PACKING pc=0x0000000002ca93d4 sp=0x000000000292e550
Event: 2.908 Thread 0x00000000029c1000 DEOPT UNPACKING pc=0x0000000002b0582a sp=0x000000000292e518 mode 2
Event: 2.911 loading class com/android/dx/cf/attrib/AttExceptions
Event: 2.911 loading class com/android/dx/cf/attrib/AttExceptions done


Dynamic libraries:
0x00007ff659380000 - 0x00007ff6593b7000 	C:\Program Files\Java\jdk1.8.0_73\bin\java.exe
0x00007fff36470000 - 0x00007fff3661a000 	C:\Windows\SYSTEM32\ntdll.dll
0x00007fff34190000 - 0x00007fff342ca000 	C:\Windows\system32\KERNEL32.DLL
0x00007fff338b0000 - 0x00007fff339bf000 	C:\Windows\system32\KERNELBASE.dll
0x00007fff32410000 - 0x00007fff32498000 	C:\Windows\system32\apphelp.dll
0x00007fff11c30000 - 0x00007fff11c7f000 	C:\Windows\AppPatch\AppPatch64\AcGenral.DLL
0x00007fff34310000 - 0x00007fff343b7000 	C:\Windows\system32\msvcrt.dll
0x00007fff335c0000 - 0x00007fff335eb000 	C:\Windows\SYSTEM32\SspiCli.dll
0x00007fff34420000 - 0x00007fff34471000 	C:\Windows\system32\SHLWAPI.dll
0x00007fff34c30000 - 0x00007fff34da1000 	C:\Windows\system32\USER32.dll
0x00007fff33e00000 - 0x00007fff33f78000 	C:\Windows\system32\ole32.dll
0x00007fff34db0000 - 0x00007fff361c7000 	C:\Windows\system32\SHELL32.dll
0x00007fff32df0000 - 0x00007fff32e0e000 	C:\Windows\SYSTEM32\USERENV.dll
0x00007fff34a50000 - 0x00007fff34af5000 	C:\Windows\system32\ADVAPI32.dll
0x00007fff2cb20000 - 0x00007fff2cb3b000 	C:\Windows\SYSTEM32\MPR.dll
0x00007fff361d0000 - 0x00007fff36306000 	C:\Windows\system32\RPCRT4.dll
0x00007fff34b00000 - 0x00007fff34b57000 	C:\Windows\SYSTEM32\sechost.dll
0x00007fff34690000 - 0x00007fff34866000 	C:\Windows\SYSTEM32\combase.dll
0x00007fff34040000 - 0x00007fff34185000 	C:\Windows\system32\GDI32.dll
0x00007fff337e0000 - 0x00007fff337f4000 	C:\Windows\SYSTEM32\profapi.dll
0x00007fff320b0000 - 0x00007fff3214f000 	C:\Windows\SYSTEM32\SHCORE.dll
0x00007fff342d0000 - 0x00007fff34304000 	C:\Windows\system32\IMM32.DLL
0x00007fff36310000 - 0x00007fff36449000 	C:\Windows\system32\MSCTF.dll
0x00007fff31850000 - 0x00007fff31aaa000 	C:\Windows\WinSxS\amd64_microsoft.windows.common-controls_6595b64144ccf1df_6.0.9600.17031_none_6242a4b3ecbb55a1\COMCTL32.dll
0x0000000077d80000 - 0x0000000077e52000 	C:\Program Files\Java\jdk1.8.0_73\jre\bin\msvcr100.dll
0x0000000050100000 - 0x0000000050990000 	C:\Program Files\Java\jdk1.8.0_73\jre\bin\server\jvm.dll
0x00007fff2cc80000 - 0x00007fff2cc89000 	C:\Windows\SYSTEM32\WSOCK32.dll
0x00007fff30fa0000 - 0x00007fff30fbf000 	C:\Windows\SYSTEM32\WINMM.dll
0x00007fff30fc0000 - 0x00007fff30fca000 	C:\Windows\SYSTEM32\VERSION.dll
0x00007fff34b70000 - 0x00007fff34b77000 	C:\Windows\system32\PSAPI.DLL
0x00007fff343c0000 - 0x00007fff34418000 	C:\Windows\system32\WS2_32.dll
0x00007fff30f00000 - 0x00007fff30f2a000 	C:\Windows\SYSTEM32\WINMMBASE.dll
0x00007fff34b60000 - 0x00007fff34b69000 	C:\Windows\system32\NSI.dll
0x00007fff33ba0000 - 0x00007fff33bea000 	C:\Windows\SYSTEM32\cfgmgr32.dll
0x00007fff32660000 - 0x00007fff32686000 	C:\Windows\SYSTEM32\DEVOBJ.dll
0x00000000514c0000 - 0x00000000514cf000 	C:\Program Files\Java\jdk1.8.0_73\jre\bin\verify.dll
0x0000000051490000 - 0x00000000514b9000 	C:\Program Files\Java\jdk1.8.0_73\jre\bin\java.dll
0x0000000051470000 - 0x0000000051486000 	C:\Program Files\Java\jdk1.8.0_73\jre\bin\zip.dll

VM Arguments:
jvm_args: -Djava.awt.headless=true -Xmx1024M -Dfile.encoding=windows-1252 -Duser.country=US -Duser.language=en -Duser.variant 
java_command: com.android.dx.command.Main --dex --num-threads=4 --output C:\Users\Robertus Pamungkas\Desktop\ProjectPam16v1\app\build\intermediates\pre-dexed\debug\com.google.firebase-firebase-database-9.8.0_a23d1333e1139a8ae09ed165a077cc2b5abbbd63.jar C:\Users\Robertus Pamungkas\Desktop\ProjectPam16v1\app\build\intermediates\exploded-aar\com.google.firebase\firebase-database\9.8.0\jars\classes.jar
java_class_path (initial): H:\Kuliah\Semester 5\PAM 2016\sdk\build-tools\25.0.0\lib\dx.jar
Launcher Type: SUN_STANDARD

Environment Variables:
PATH=C:\ProgramData\Oracle\Java\javapath;C:\Windows\system32;C:\Windows;C:\Windows\System32\Wbem;C:\Windows\System32\WindowsPowerShell\v1.0\;C:\Program Files (x86)\AMD\ATI.ACE\Core-Static;C:\Program Files\Microsoft\Web Platform Installer\;C:\Program Files (x86)\Microsoft ASP.NET\ASP.NET Web Pages\v1.0\;C:\Program Files (x86)\Windows Kits\8.0\Windows Performance Toolkit\;C:\Program Files\Microsoft SQL Server\110\Tools\Binn\;C:\Program Files\Microsoft SQL Server\110\DTS\Binn\;C:\Program Files (x86)\Microsoft SQL Server\110\Tools\Binn\ManagementStudio\;C:\Program Files (x86)\Microsoft SQL Server\110\Tools\Binn\;C:\Program Files (x86)\Microsoft Visual Studio 10.0\Common7\IDE\PrivateAssemblies\;C:\Program Files (x86)\Microsoft SQL Server\110\DTS\Binn\
USERNAME=Robertus Pamungkas
OS=Windows_NT
PROCESSOR_IDENTIFIER=AMD64 Family 16 Model 4 Stepping 3, AuthenticAMD



---------------  S Y S T E M  ---------------

OS: Windows 8.1 , 64 bit Build 9600 (6.3.9600.17056)

CPU:total 4 (4 cores per cpu, 1 threads per core) family 16 model 4 stepping 3, cmov, cx8, fxsr, mmx, sse, sse2, sse3, popcnt, mmxext, 3dnowpref, lzcnt, sse4a, tsc, tscinvbit, tscinv

Memory: 4k page, physical 8387700k(1982480k free), swap 8387700k(5124k free)

vm_info: Java HotSpot(TM) 64-Bit Server VM (25.73-b02) for windows-amd64 JRE (1.8.0_73-b02), built on Jan 29 2016 17:38:49 by "java_re" with MS VC++ 10.0 (VS2010)

time: Thu Dec 01 02:33:08 2016
elapsed time: 3 seconds (0d 0h 0m 3s)

